<?xml version="1.0" encoding="UTF-8"?>
<!DOCTYPE coverage SYSTEM "https://raw.githubusercontent.com/cobertura/cobertura/master/cobertura/src/site/htdocs/xml/coverage-04.dtd">
<coverage line-rate="0.906813266041817" branch-rate="0" lines-covered="5031" lines-valid="5548" branches-covered="0" branches-valid="0" complexity="0" version="3.6.4" timestamp="2025-10-27 14:54:28.962216">
  <sources>
    <source>/__w/junco/junco/junco</source>
  </sources>
  <packages>
    <package name="junco" line-rate="0.906813266041817" branch-rate="0" complexity="0">
      <classes>
        <class name="a_eair_j.R" filename="R/a_eair_j.R" line-rate="0.952789699570815" branch-rate="0" complexity="0">
          <methods>
            <method name="s_patyrs_j" signature="" line-rate="0.785714285714286" branch-rate="0" complexity="0">
              <lines>
                <line number="29" hits="5" branch="false"/>
                <line number="31" hits="5" branch="false"/>
                <line number="32" hits="5" branch="false"/>
                <line number="33" hits="0" branch="false"/>
                <line number="34" hits="0" branch="false"/>
                <line number="35" hits="0" branch="false"/>
                <line number="37" hits="5" branch="false"/>
                <line number="39" hits="5" branch="false"/>
                <line number="41" hits="5" branch="false"/>
                <line number="43" hits="5" branch="false"/>
                <line number="44" hits="3" branch="false"/>
                <line number="46" hits="2" branch="false"/>
                <line number="48" hits="5" branch="false"/>
                <line number="50" hits="5" branch="false"/>
              </lines>
            </method>
            <method name="a_patyrs_j" signature="" line-rate="0.951219512195122" branch-rate="0" complexity="0">
              <lines>
                <line number="149" hits="5" branch="false"/>
                <line number="151" hits="5" branch="false"/>
                <line number="152" hits="0" branch="false"/>
                <line number="155" hits="5" branch="false"/>
                <line number="157" hits="5" branch="false"/>
                <line number="159" hits="5" branch="false"/>
                <line number="160" hits="5" branch="false"/>
                <line number="162" hits="5" branch="false"/>
                <line number="166" hits="5" branch="false"/>
                <line number="167" hits="5" branch="false"/>
                <line number="168" hits="5" branch="false"/>
                <line number="169" hits="5" branch="false"/>
                <line number="170" hits="5" branch="false"/>
                <line number="171" hits="5" branch="false"/>
                <line number="172" hits="5" branch="false"/>
                <line number="173" hits="5" branch="false"/>
                <line number="174" hits="5" branch="false"/>
                <line number="176" hits="5" branch="false"/>
                <line number="178" hits="0" branch="false"/>
                <line number="181" hits="5" branch="false"/>
                <line number="182" hits="5" branch="false"/>
                <line number="183" hits="5" branch="false"/>
                <line number="184" hits="5" branch="false"/>
                <line number="185" hits="5" branch="false"/>
                <line number="186" hits="5" branch="false"/>
                <line number="187" hits="5" branch="false"/>
                <line number="188" hits="5" branch="false"/>
                <line number="190" hits="5" branch="false"/>
                <line number="192" hits="5" branch="false"/>
                <line number="194" hits="5" branch="false"/>
                <line number="195" hits="5" branch="false"/>
                <line number="196" hits="5" branch="false"/>
                <line number="198" hits="5" branch="false"/>
                <line number="201" hits="5" branch="false"/>
                <line number="202" hits="5" branch="false"/>
                <line number="205" hits="5" branch="false"/>
                <line number="206" hits="5" branch="false"/>
                <line number="207" hits="5" branch="false"/>
                <line number="208" hits="5" branch="false"/>
                <line number="209" hits="5" branch="false"/>
                <line number="211" hits="5" branch="false"/>
              </lines>
            </method>
            <method name="s_eair100_levii_j" signature="" line-rate="1" branch-rate="0" complexity="0">
              <lines>
                <line number="272" hits="150" branch="false"/>
                <line number="273" hits="60" branch="false"/>
                <line number="274" hits="60" branch="false"/>
                <line number="275" hits="60" branch="false"/>
                <line number="276" hits="60" branch="false"/>
                <line number="277" hits="60" branch="false"/>
                <line number="280" hits="90" branch="false"/>
                <line number="282" hits="150" branch="false"/>
                <line number="283" hits="150" branch="false"/>
                <line number="284" hits="150" branch="false"/>
                <line number="285" hits="150" branch="false"/>
                <line number="286" hits="150" branch="false"/>
                <line number="287" hits="150" branch="false"/>
                <line number="288" hits="150" branch="false"/>
                <line number="289" hits="150" branch="false"/>
                <line number="290" hits="150" branch="false"/>
                <line number="291" hits="150" branch="false"/>
                <line number="292" hits="150" branch="false"/>
                <line number="293" hits="150" branch="false"/>
                <line number="296" hits="150" branch="false"/>
                <line number="297" hits="150" branch="false"/>
                <line number="298" hits="150" branch="false"/>
                <line number="300" hits="150" branch="false"/>
                <line number="301" hits="150" branch="false"/>
                <line number="302" hits="150" branch="false"/>
                <line number="303" hits="150" branch="false"/>
                <line number="305" hits="150" branch="false"/>
                <line number="306" hits="60" branch="false"/>
                <line number="307" hits="60" branch="false"/>
                <line number="308" hits="60" branch="false"/>
                <line number="310" hits="60" branch="false"/>
                <line number="311" hits="60" branch="false"/>
                <line number="312" hits="60" branch="false"/>
                <line number="313" hits="60" branch="false"/>
                <line number="314" hits="60" branch="false"/>
                <line number="316" hits="60" branch="false"/>
                <line number="317" hits="60" branch="false"/>
                <line number="318" hits="60" branch="false"/>
                <line number="319" hits="60" branch="false"/>
                <line number="320" hits="60" branch="false"/>
                <line number="322" hits="60" branch="false"/>
                <line number="323" hits="60" branch="false"/>
                <line number="324" hits="60" branch="false"/>
                <line number="325" hits="60" branch="false"/>
                <line number="326" hits="60" branch="false"/>
                <line number="327" hits="60" branch="false"/>
                <line number="328" hits="60" branch="false"/>
                <line number="329" hits="60" branch="false"/>
                <line number="330" hits="60" branch="false"/>
                <line number="331" hits="60" branch="false"/>
                <line number="333" hits="60" branch="false"/>
                <line number="334" hits="60" branch="false"/>
                <line number="337" hits="60" branch="false"/>
                <line number="338" hits="60" branch="false"/>
                <line number="339" hits="60" branch="false"/>
                <line number="341" hits="60" branch="false"/>
                <line number="343" hits="60" branch="false"/>
                <line number="345" hits="60" branch="false"/>
                <line number="346" hits="60" branch="false"/>
                <line number="347" hits="60" branch="false"/>
                <line number="349" hits="60" branch="false"/>
                <line number="351" hits="60" branch="false"/>
                <line number="352" hits="60" branch="false"/>
                <line number="353" hits="60" branch="false"/>
                <line number="354" hits="60" branch="false"/>
                <line number="356" hits="90" branch="false"/>
                <line number="359" hits="150" branch="false"/>
              </lines>
            </method>
            <method name="a_eair100_j" signature="" line-rate="0.945945945945946" branch-rate="0" complexity="0">
              <lines>
                <line number="494" hits="15" branch="false"/>
                <line number="496" hits="15" branch="false"/>
                <line number="497" hits="15" branch="false"/>
                <line number="500" hits="15" branch="false"/>
                <line number="501" hits="15" branch="false"/>
                <line number="502" hits="15" branch="false"/>
                <line number="503" hits="15" branch="false"/>
                <line number="504" hits="15" branch="false"/>
                <line number="509" hits="15" branch="false"/>
                <line number="510" hits="15" branch="false"/>
                <line number="511" hits="15" branch="false"/>
                <line number="512" hits="15" branch="false"/>
                <line number="513" hits="15" branch="false"/>
                <line number="514" hits="15" branch="false"/>
                <line number="515" hits="15" branch="false"/>
                <line number="516" hits="15" branch="false"/>
                <line number="517" hits="15" branch="false"/>
                <line number="518" hits="15" branch="false"/>
                <line number="519" hits="15" branch="false"/>
                <line number="520" hits="15" branch="false"/>
                <line number="521" hits="15" branch="false"/>
                <line number="522" hits="15" branch="false"/>
                <line number="524" hits="15" branch="false"/>
                <line number="525" hits="15" branch="false"/>
                <line number="527" hits="15" branch="false"/>
                <line number="528" hits="0" branch="false"/>
                <line number="534" hits="15" branch="false"/>
                <line number="535" hits="15" branch="false"/>
                <line number="536" hits="15" branch="false"/>
                <line number="537" hits="15" branch="false"/>
                <line number="538" hits="15" branch="false"/>
                <line number="539" hits="15" branch="false"/>
                <line number="540" hits="15" branch="false"/>
                <line number="541" hits="15" branch="false"/>
                <line number="542" hits="15" branch="false"/>
                <line number="543" hits="15" branch="false"/>
                <line number="545" hits="15" branch="false"/>
                <line number="546" hits="15" branch="false"/>
                <line number="547" hits="15" branch="false"/>
                <line number="548" hits="15" branch="false"/>
                <line number="549" hits="15" branch="false"/>
                <line number="550" hits="15" branch="false"/>
                <line number="551" hits="15" branch="false"/>
                <line number="552" hits="15" branch="false"/>
                <line number="553" hits="15" branch="false"/>
                <line number="554" hits="15" branch="false"/>
                <line number="555" hits="15" branch="false"/>
                <line number="557" hits="15" branch="false"/>
                <line number="558" hits="6" branch="false"/>
                <line number="559" hits="6" branch="false"/>
                <line number="560" hits="6" branch="false"/>
                <line number="561" hits="6" branch="false"/>
                <line number="562" hits="6" branch="false"/>
                <line number="566" hits="6" branch="false"/>
                <line number="567" hits="6" branch="false"/>
                <line number="568" hits="6" branch="false"/>
                <line number="569" hits="6" branch="false"/>
                <line number="571" hits="6" branch="false"/>
                <line number="572" hits="6" branch="false"/>
                <line number="574" hits="6" branch="false"/>
                <line number="575" hits="6" branch="false"/>
                <line number="576" hits="6" branch="false"/>
                <line number="577" hits="6" branch="false"/>
                <line number="578" hits="6" branch="false"/>
                <line number="580" hits="9" branch="false"/>
                <line number="581" hits="9" branch="false"/>
                <line number="584" hits="15" branch="false"/>
                <line number="586" hits="15" branch="false"/>
                <line number="587" hits="15" branch="false"/>
                <line number="588" hits="15" branch="false"/>
                <line number="589" hits="15" branch="false"/>
                <line number="590" hits="15" branch="false"/>
                <line number="591" hits="15" branch="false"/>
                <line number="592" hits="15" branch="false"/>
                <line number="596" hits="15" branch="false"/>
                <line number="597" hits="15" branch="false"/>
                <line number="599" hits="15" branch="false"/>
                <line number="600" hits="9" branch="false"/>
                <line number="602" hits="6" branch="false"/>
                <line number="605" hits="15" branch="false"/>
                <line number="609" hits="15" branch="false"/>
                <line number="610" hits="0" branch="false"/>
                <line number="611" hits="0" branch="false"/>
                <line number="612" hits="0" branch="false"/>
                <line number="613" hits="0" branch="false"/>
                <line number="616" hits="15" branch="false"/>
                <line number="618" hits="15" branch="false"/>
                <line number="620" hits="15" branch="false"/>
                <line number="621" hits="15" branch="false"/>
                <line number="622" hits="15" branch="false"/>
                <line number="624" hits="15" branch="false"/>
                <line number="625" hits="15" branch="false"/>
                <line number="626" hits="15" branch="false"/>
                <line number="627" hits="15" branch="false"/>
                <line number="628" hits="15" branch="false"/>
                <line number="629" hits="15" branch="false"/>
                <line number="636" hits="15" branch="false"/>
                <line number="637" hits="15" branch="false"/>
                <line number="638" hits="15" branch="false"/>
                <line number="639" hits="15" branch="false"/>
                <line number="641" hits="0" branch="false"/>
                <line number="645" hits="15" branch="false"/>
                <line number="646" hits="15" branch="false"/>
                <line number="649" hits="15" branch="false"/>
                <line number="650" hits="15" branch="false"/>
                <line number="651" hits="15" branch="false"/>
                <line number="652" hits="15" branch="false"/>
                <line number="653" hits="15" branch="false"/>
                <line number="654" hits="15" branch="false"/>
                <line number="655" hits="15" branch="false"/>
                <line number="657" hits="15" branch="false"/>
              </lines>
            </method>
          </methods>
          <lines>
            <line number="29" hits="5" branch="false"/>
            <line number="31" hits="5" branch="false"/>
            <line number="32" hits="5" branch="false"/>
            <line number="33" hits="0" branch="false"/>
            <line number="34" hits="0" branch="false"/>
            <line number="35" hits="0" branch="false"/>
            <line number="37" hits="5" branch="false"/>
            <line number="39" hits="5" branch="false"/>
            <line number="41" hits="5" branch="false"/>
            <line number="43" hits="5" branch="false"/>
            <line number="44" hits="3" branch="false"/>
            <line number="46" hits="2" branch="false"/>
            <line number="48" hits="5" branch="false"/>
            <line number="50" hits="5" branch="false"/>
            <line number="149" hits="5" branch="false"/>
            <line number="151" hits="5" branch="false"/>
            <line number="152" hits="0" branch="false"/>
            <line number="155" hits="5" branch="false"/>
            <line number="157" hits="5" branch="false"/>
            <line number="159" hits="5" branch="false"/>
            <line number="160" hits="5" branch="false"/>
            <line number="162" hits="5" branch="false"/>
            <line number="166" hits="5" branch="false"/>
            <line number="167" hits="5" branch="false"/>
            <line number="168" hits="5" branch="false"/>
            <line number="169" hits="5" branch="false"/>
            <line number="170" hits="5" branch="false"/>
            <line number="171" hits="5" branch="false"/>
            <line number="172" hits="5" branch="false"/>
            <line number="173" hits="5" branch="false"/>
            <line number="174" hits="5" branch="false"/>
            <line number="176" hits="5" branch="false"/>
            <line number="178" hits="0" branch="false"/>
            <line number="181" hits="5" branch="false"/>
            <line number="182" hits="5" branch="false"/>
            <line number="183" hits="5" branch="false"/>
            <line number="184" hits="5" branch="false"/>
            <line number="185" hits="5" branch="false"/>
            <line number="186" hits="5" branch="false"/>
            <line number="187" hits="5" branch="false"/>
            <line number="188" hits="5" branch="false"/>
            <line number="190" hits="5" branch="false"/>
            <line number="192" hits="5" branch="false"/>
            <line number="194" hits="5" branch="false"/>
            <line number="195" hits="5" branch="false"/>
            <line number="196" hits="5" branch="false"/>
            <line number="198" hits="5" branch="false"/>
            <line number="201" hits="5" branch="false"/>
            <line number="202" hits="5" branch="false"/>
            <line number="205" hits="5" branch="false"/>
            <line number="206" hits="5" branch="false"/>
            <line number="207" hits="5" branch="false"/>
            <line number="208" hits="5" branch="false"/>
            <line number="209" hits="5" branch="false"/>
            <line number="211" hits="5" branch="false"/>
            <line number="272" hits="150" branch="false"/>
            <line number="273" hits="60" branch="false"/>
            <line number="274" hits="60" branch="false"/>
            <line number="275" hits="60" branch="false"/>
            <line number="276" hits="60" branch="false"/>
            <line number="277" hits="60" branch="false"/>
            <line number="280" hits="90" branch="false"/>
            <line number="282" hits="150" branch="false"/>
            <line number="283" hits="150" branch="false"/>
            <line number="284" hits="150" branch="false"/>
            <line number="285" hits="150" branch="false"/>
            <line number="286" hits="150" branch="false"/>
            <line number="287" hits="150" branch="false"/>
            <line number="288" hits="150" branch="false"/>
            <line number="289" hits="150" branch="false"/>
            <line number="290" hits="150" branch="false"/>
            <line number="291" hits="150" branch="false"/>
            <line number="292" hits="150" branch="false"/>
            <line number="293" hits="150" branch="false"/>
            <line number="296" hits="150" branch="false"/>
            <line number="297" hits="150" branch="false"/>
            <line number="298" hits="150" branch="false"/>
            <line number="300" hits="150" branch="false"/>
            <line number="301" hits="150" branch="false"/>
            <line number="302" hits="150" branch="false"/>
            <line number="303" hits="150" branch="false"/>
            <line number="305" hits="150" branch="false"/>
            <line number="306" hits="60" branch="false"/>
            <line number="307" hits="60" branch="false"/>
            <line number="308" hits="60" branch="false"/>
            <line number="310" hits="60" branch="false"/>
            <line number="311" hits="60" branch="false"/>
            <line number="312" hits="60" branch="false"/>
            <line number="313" hits="60" branch="false"/>
            <line number="314" hits="60" branch="false"/>
            <line number="316" hits="60" branch="false"/>
            <line number="317" hits="60" branch="false"/>
            <line number="318" hits="60" branch="false"/>
            <line number="319" hits="60" branch="false"/>
            <line number="320" hits="60" branch="false"/>
            <line number="322" hits="60" branch="false"/>
            <line number="323" hits="60" branch="false"/>
            <line number="324" hits="60" branch="false"/>
            <line number="325" hits="60" branch="false"/>
            <line number="326" hits="60" branch="false"/>
            <line number="327" hits="60" branch="false"/>
            <line number="328" hits="60" branch="false"/>
            <line number="329" hits="60" branch="false"/>
            <line number="330" hits="60" branch="false"/>
            <line number="331" hits="60" branch="false"/>
            <line number="333" hits="60" branch="false"/>
            <line number="334" hits="60" branch="false"/>
            <line number="337" hits="60" branch="false"/>
            <line number="338" hits="60" branch="false"/>
            <line number="339" hits="60" branch="false"/>
            <line number="341" hits="60" branch="false"/>
            <line number="343" hits="60" branch="false"/>
            <line number="345" hits="60" branch="false"/>
            <line number="346" hits="60" branch="false"/>
            <line number="347" hits="60" branch="false"/>
            <line number="349" hits="60" branch="false"/>
            <line number="351" hits="60" branch="false"/>
            <line number="352" hits="60" branch="false"/>
            <line number="353" hits="60" branch="false"/>
            <line number="354" hits="60" branch="false"/>
            <line number="356" hits="90" branch="false"/>
            <line number="359" hits="150" branch="false"/>
            <line number="494" hits="15" branch="false"/>
            <line number="496" hits="15" branch="false"/>
            <line number="497" hits="15" branch="false"/>
            <line number="500" hits="15" branch="false"/>
            <line number="501" hits="15" branch="false"/>
            <line number="502" hits="15" branch="false"/>
            <line number="503" hits="15" branch="false"/>
            <line number="504" hits="15" branch="false"/>
            <line number="509" hits="15" branch="false"/>
            <line number="510" hits="15" branch="false"/>
            <line number="511" hits="15" branch="false"/>
            <line number="512" hits="15" branch="false"/>
            <line number="513" hits="15" branch="false"/>
            <line number="514" hits="15" branch="false"/>
            <line number="515" hits="15" branch="false"/>
            <line number="516" hits="15" branch="false"/>
            <line number="517" hits="15" branch="false"/>
            <line number="518" hits="15" branch="false"/>
            <line number="519" hits="15" branch="false"/>
            <line number="520" hits="15" branch="false"/>
            <line number="521" hits="15" branch="false"/>
            <line number="522" hits="15" branch="false"/>
            <line number="524" hits="15" branch="false"/>
            <line number="525" hits="15" branch="false"/>
            <line number="527" hits="15" branch="false"/>
            <line number="528" hits="0" branch="false"/>
            <line number="534" hits="15" branch="false"/>
            <line number="535" hits="15" branch="false"/>
            <line number="536" hits="15" branch="false"/>
            <line number="537" hits="15" branch="false"/>
            <line number="538" hits="15" branch="false"/>
            <line number="539" hits="15" branch="false"/>
            <line number="540" hits="15" branch="false"/>
            <line number="541" hits="15" branch="false"/>
            <line number="542" hits="15" branch="false"/>
            <line number="543" hits="15" branch="false"/>
            <line number="545" hits="15" branch="false"/>
            <line number="546" hits="15" branch="false"/>
            <line number="547" hits="15" branch="false"/>
            <line number="548" hits="15" branch="false"/>
            <line number="549" hits="15" branch="false"/>
            <line number="550" hits="15" branch="false"/>
            <line number="551" hits="15" branch="false"/>
            <line number="552" hits="15" branch="false"/>
            <line number="553" hits="15" branch="false"/>
            <line number="554" hits="15" branch="false"/>
            <line number="555" hits="15" branch="false"/>
            <line number="557" hits="15" branch="false"/>
            <line number="558" hits="6" branch="false"/>
            <line number="559" hits="6" branch="false"/>
            <line number="560" hits="6" branch="false"/>
            <line number="561" hits="6" branch="false"/>
            <line number="562" hits="6" branch="false"/>
            <line number="566" hits="6" branch="false"/>
            <line number="567" hits="6" branch="false"/>
            <line number="568" hits="6" branch="false"/>
            <line number="569" hits="6" branch="false"/>
            <line number="571" hits="6" branch="false"/>
            <line number="572" hits="6" branch="false"/>
            <line number="574" hits="6" branch="false"/>
            <line number="575" hits="6" branch="false"/>
            <line number="576" hits="6" branch="false"/>
            <line number="577" hits="6" branch="false"/>
            <line number="578" hits="6" branch="false"/>
            <line number="580" hits="9" branch="false"/>
            <line number="581" hits="9" branch="false"/>
            <line number="584" hits="15" branch="false"/>
            <line number="586" hits="15" branch="false"/>
            <line number="587" hits="15" branch="false"/>
            <line number="588" hits="15" branch="false"/>
            <line number="589" hits="15" branch="false"/>
            <line number="590" hits="15" branch="false"/>
            <line number="591" hits="15" branch="false"/>
            <line number="592" hits="15" branch="false"/>
            <line number="596" hits="15" branch="false"/>
            <line number="597" hits="15" branch="false"/>
            <line number="599" hits="15" branch="false"/>
            <line number="600" hits="9" branch="false"/>
            <line number="602" hits="6" branch="false"/>
            <line number="605" hits="15" branch="false"/>
            <line number="609" hits="15" branch="false"/>
            <line number="610" hits="0" branch="false"/>
            <line number="611" hits="0" branch="false"/>
            <line number="612" hits="0" branch="false"/>
            <line number="613" hits="0" branch="false"/>
            <line number="616" hits="15" branch="false"/>
            <line number="618" hits="15" branch="false"/>
            <line number="620" hits="15" branch="false"/>
            <line number="621" hits="15" branch="false"/>
            <line number="622" hits="15" branch="false"/>
            <line number="624" hits="15" branch="false"/>
            <line number="625" hits="15" branch="false"/>
            <line number="626" hits="15" branch="false"/>
            <line number="627" hits="15" branch="false"/>
            <line number="628" hits="15" branch="false"/>
            <line number="629" hits="15" branch="false"/>
            <line number="636" hits="15" branch="false"/>
            <line number="637" hits="15" branch="false"/>
            <line number="638" hits="15" branch="false"/>
            <line number="639" hits="15" branch="false"/>
            <line number="641" hits="0" branch="false"/>
            <line number="645" hits="15" branch="false"/>
            <line number="646" hits="15" branch="false"/>
            <line number="649" hits="15" branch="false"/>
            <line number="650" hits="15" branch="false"/>
            <line number="651" hits="15" branch="false"/>
            <line number="652" hits="15" branch="false"/>
            <line number="653" hits="15" branch="false"/>
            <line number="654" hits="15" branch="false"/>
            <line number="655" hits="15" branch="false"/>
            <line number="657" hits="15" branch="false"/>
          </lines>
        </class>
        <class name="a_freq_combos_j.R" filename="R/a_freq_combos_j.R" line-rate="0.9875" branch-rate="0" complexity="0">
          <methods>
            <method name="a_freq_combos_j" signature="" line-rate="0.9875" branch-rate="0" complexity="0">
              <lines>
                <line number="126" hits="12" branch="false"/>
                <line number="128" hits="12" branch="false"/>
                <line number="130" hits="12" branch="false"/>
                <line number="131" hits="0" branch="false"/>
                <line number="134" hits="12" branch="false"/>
                <line number="135" hits="12" branch="false"/>
                <line number="136" hits="12" branch="false"/>
                <line number="137" hits="12" branch="false"/>
                <line number="138" hits="12" branch="false"/>
                <line number="139" hits="12" branch="false"/>
                <line number="140" hits="12" branch="false"/>
                <line number="141" hits="12" branch="false"/>
                <line number="142" hits="12" branch="false"/>
                <line number="143" hits="12" branch="false"/>
                <line number="144" hits="12" branch="false"/>
                <line number="145" hits="12" branch="false"/>
                <line number="146" hits="12" branch="false"/>
                <line number="147" hits="12" branch="false"/>
                <line number="148" hits="12" branch="false"/>
                <line number="149" hits="12" branch="false"/>
                <line number="150" hits="12" branch="false"/>
                <line number="151" hits="12" branch="false"/>
                <line number="152" hits="12" branch="false"/>
                <line number="153" hits="12" branch="false"/>
                <line number="154" hits="12" branch="false"/>
                <line number="155" hits="12" branch="false"/>
                <line number="162" hits="12" branch="false"/>
                <line number="163" hits="12" branch="false"/>
                <line number="164" hits="12" branch="false"/>
                <line number="165" hits="12" branch="false"/>
                <line number="166" hits="12" branch="false"/>
                <line number="167" hits="12" branch="false"/>
                <line number="168" hits="12" branch="false"/>
                <line number="169" hits="12" branch="false"/>
                <line number="170" hits="12" branch="false"/>
                <line number="173" hits="12" branch="false"/>
                <line number="176" hits="12" branch="false"/>
                <line number="177" hits="12" branch="false"/>
                <line number="178" hits="12" branch="false"/>
                <line number="179" hits="12" branch="false"/>
                <line number="180" hits="12" branch="false"/>
                <line number="181" hits="12" branch="false"/>
                <line number="182" hits="12" branch="false"/>
                <line number="183" hits="12" branch="false"/>
                <line number="186" hits="12" branch="false"/>
                <line number="187" hits="12" branch="false"/>
                <line number="188" hits="12" branch="false"/>
                <line number="189" hits="12" branch="false"/>
                <line number="190" hits="12" branch="false"/>
                <line number="191" hits="12" branch="false"/>
                <line number="192" hits="12" branch="false"/>
                <line number="193" hits="12" branch="false"/>
                <line number="194" hits="12" branch="false"/>
                <line number="195" hits="12" branch="false"/>
                <line number="196" hits="12" branch="false"/>
                <line number="197" hits="12" branch="false"/>
                <line number="199" hits="12" branch="false"/>
                <line number="201" hits="12" branch="false"/>
                <line number="202" hits="12" branch="false"/>
                <line number="203" hits="12" branch="false"/>
                <line number="204" hits="12" branch="false"/>
                <line number="205" hits="12" branch="false"/>
                <line number="206" hits="12" branch="false"/>
                <line number="207" hits="12" branch="false"/>
                <line number="208" hits="12" branch="false"/>
                <line number="209" hits="12" branch="false"/>
                <line number="210" hits="12" branch="false"/>
                <line number="211" hits="12" branch="false"/>
                <line number="215" hits="12" branch="false"/>
                <line number="216" hits="12" branch="false"/>
                <line number="217" hits="12" branch="false"/>
                <line number="218" hits="12" branch="false"/>
                <line number="219" hits="12" branch="false"/>
                <line number="222" hits="12" branch="false"/>
                <line number="223" hits="12" branch="false"/>
                <line number="224" hits="12" branch="false"/>
                <line number="225" hits="12" branch="false"/>
                <line number="226" hits="12" branch="false"/>
                <line number="227" hits="12" branch="false"/>
                <line number="228" hits="12" branch="false"/>
              </lines>
            </method>
          </methods>
          <lines>
            <line number="126" hits="12" branch="false"/>
            <line number="128" hits="12" branch="false"/>
            <line number="130" hits="12" branch="false"/>
            <line number="131" hits="0" branch="false"/>
            <line number="134" hits="12" branch="false"/>
            <line number="135" hits="12" branch="false"/>
            <line number="136" hits="12" branch="false"/>
            <line number="137" hits="12" branch="false"/>
            <line number="138" hits="12" branch="false"/>
            <line number="139" hits="12" branch="false"/>
            <line number="140" hits="12" branch="false"/>
            <line number="141" hits="12" branch="false"/>
            <line number="142" hits="12" branch="false"/>
            <line number="143" hits="12" branch="false"/>
            <line number="144" hits="12" branch="false"/>
            <line number="145" hits="12" branch="false"/>
            <line number="146" hits="12" branch="false"/>
            <line number="147" hits="12" branch="false"/>
            <line number="148" hits="12" branch="false"/>
            <line number="149" hits="12" branch="false"/>
            <line number="150" hits="12" branch="false"/>
            <line number="151" hits="12" branch="false"/>
            <line number="152" hits="12" branch="false"/>
            <line number="153" hits="12" branch="false"/>
            <line number="154" hits="12" branch="false"/>
            <line number="155" hits="12" branch="false"/>
            <line number="162" hits="12" branch="false"/>
            <line number="163" hits="12" branch="false"/>
            <line number="164" hits="12" branch="false"/>
            <line number="165" hits="12" branch="false"/>
            <line number="166" hits="12" branch="false"/>
            <line number="167" hits="12" branch="false"/>
            <line number="168" hits="12" branch="false"/>
            <line number="169" hits="12" branch="false"/>
            <line number="170" hits="12" branch="false"/>
            <line number="173" hits="12" branch="false"/>
            <line number="176" hits="12" branch="false"/>
            <line number="177" hits="12" branch="false"/>
            <line number="178" hits="12" branch="false"/>
            <line number="179" hits="12" branch="false"/>
            <line number="180" hits="12" branch="false"/>
            <line number="181" hits="12" branch="false"/>
            <line number="182" hits="12" branch="false"/>
            <line number="183" hits="12" branch="false"/>
            <line number="186" hits="12" branch="false"/>
            <line number="187" hits="12" branch="false"/>
            <line number="188" hits="12" branch="false"/>
            <line number="189" hits="12" branch="false"/>
            <line number="190" hits="12" branch="false"/>
            <line number="191" hits="12" branch="false"/>
            <line number="192" hits="12" branch="false"/>
            <line number="193" hits="12" branch="false"/>
            <line number="194" hits="12" branch="false"/>
            <line number="195" hits="12" branch="false"/>
            <line number="196" hits="12" branch="false"/>
            <line number="197" hits="12" branch="false"/>
            <line number="199" hits="12" branch="false"/>
            <line number="201" hits="12" branch="false"/>
            <line number="202" hits="12" branch="false"/>
            <line number="203" hits="12" branch="false"/>
            <line number="204" hits="12" branch="false"/>
            <line number="205" hits="12" branch="false"/>
            <line number="206" hits="12" branch="false"/>
            <line number="207" hits="12" branch="false"/>
            <line number="208" hits="12" branch="false"/>
            <line number="209" hits="12" branch="false"/>
            <line number="210" hits="12" branch="false"/>
            <line number="211" hits="12" branch="false"/>
            <line number="215" hits="12" branch="false"/>
            <line number="216" hits="12" branch="false"/>
            <line number="217" hits="12" branch="false"/>
            <line number="218" hits="12" branch="false"/>
            <line number="219" hits="12" branch="false"/>
            <line number="222" hits="12" branch="false"/>
            <line number="223" hits="12" branch="false"/>
            <line number="224" hits="12" branch="false"/>
            <line number="225" hits="12" branch="false"/>
            <line number="226" hits="12" branch="false"/>
            <line number="227" hits="12" branch="false"/>
            <line number="228" hits="12" branch="false"/>
          </lines>
        </class>
        <class name="a_freq_j.R" filename="R/a_freq_j.R" line-rate="0.834808259587021" branch-rate="0" complexity="0">
          <methods>
            <method name="s_freq_j" signature="" line-rate="0.717948717948718" branch-rate="0" complexity="0">
              <lines>
                <line number="90" hits="480" branch="false"/>
                <line number="91" hits="0" branch="false"/>
                <line number="94" hits="480" branch="false"/>
                <line number="96" hits="480" branch="false"/>
                <line number="97" hits="0" branch="false"/>
                <line number="100" hits="480" branch="false"/>
                <line number="102" hits="480" branch="false"/>
                <line number="103" hits="480" branch="false"/>
                <line number="105" hits="480" branch="false"/>
                <line number="107" hits="480" branch="false"/>
                <line number="108" hits="54" branch="false"/>
                <line number="110" hits="480" branch="false"/>
                <line number="113" hits="480" branch="false"/>
                <line number="114" hits="480" branch="false"/>
                <line number="115" hits="480" branch="false"/>
                <line number="116" hits="480" branch="false"/>
                <line number="117" hits="480" branch="false"/>
                <line number="118" hits="480" branch="false"/>
                <line number="119" hits="480" branch="false"/>
                <line number="121" hits="480" branch="false"/>
                <line number="123" hits="480" branch="false"/>
                <line number="124" hits="480" branch="false"/>
                <line number="125" hits="480" branch="false"/>
                <line number="126" hits="480" branch="false"/>
                <line number="127" hits="480" branch="false"/>
                <line number="129" hits="480" branch="false"/>
                <line number="130" hits="0" branch="false"/>
                <line number="131" hits="0" branch="false"/>
                <line number="133" hits="0" branch="false"/>
                <line number="135" hits="0" branch="false"/>
                <line number="136" hits="0" branch="false"/>
                <line number="138" hits="0" branch="false"/>
                <line number="141" hits="480" branch="false"/>
                <line number="142" hits="124" branch="false"/>
                <line number="143" hits="124" branch="false"/>
                <line number="145" hits="124" branch="false"/>
                <line number="146" hits="124" branch="false"/>
                <line number="149" hits="480" branch="false"/>
                <line number="151" hits="0" branch="false"/>
                <line number="152" hits="0" branch="false"/>
                <line number="154" hits="0" branch="false"/>
                <line number="155" hits="0" branch="false"/>
                <line number="158" hits="480" branch="false"/>
                <line number="159" hits="480" branch="false"/>
                <line number="161" hits="480" branch="false"/>
                <line number="162" hits="0" branch="false"/>
                <line number="163" hits="0" branch="false"/>
                <line number="164" hits="0" branch="false"/>
                <line number="165" hits="0" branch="false"/>
                <line number="166" hits="0" branch="false"/>
                <line number="167" hits="0" branch="false"/>
                <line number="168" hits="0" branch="false"/>
                <line number="169" hits="0" branch="false"/>
                <line number="170" hits="0" branch="false"/>
                <line number="171" hits="0" branch="false"/>
                <line number="173" hits="480" branch="false"/>
                <line number="174" hits="480" branch="false"/>
                <line number="175" hits="480" branch="false"/>
                <line number="176" hits="480" branch="false"/>
                <line number="177" hits="480" branch="false"/>
                <line number="179" hits="480" branch="false"/>
                <line number="180" hits="480" branch="false"/>
                <line number="181" hits="480" branch="false"/>
                <line number="182" hits="480" branch="false"/>
                <line number="183" hits="480" branch="false"/>
                <line number="185" hits="480" branch="false"/>
                <line number="186" hits="480" branch="false"/>
                <line number="187" hits="480" branch="false"/>
                <line number="190" hits="480" branch="false"/>
                <line number="191" hits="480" branch="false"/>
                <line number="192" hits="480" branch="false"/>
                <line number="194" hits="480" branch="false"/>
                <line number="195" hits="480" branch="false"/>
                <line number="196" hits="480" branch="false"/>
                <line number="199" hits="480" branch="false"/>
                <line number="200" hits="480" branch="false"/>
                <line number="201" hits="480" branch="false"/>
                <line number="204" hits="480" branch="false"/>
              </lines>
            </method>
            <method name="s_rel_risk_levii_j" signature="" line-rate="1" branch-rate="0" complexity="0">
              <lines>
                <line number="220" hits="335" branch="false"/>
                <line number="221" hits="335" branch="false"/>
                <line number="224" hits="335" branch="false"/>
                <line number="225" hits="335" branch="false"/>
                <line number="227" hits="335" branch="false"/>
                <line number="230" hits="335" branch="false"/>
                <line number="231" hits="335" branch="false"/>
                <line number="233" hits="335" branch="false"/>
                <line number="237" hits="335" branch="false"/>
                <line number="238" hits="335" branch="false"/>
                <line number="239" hits="335" branch="false"/>
                <line number="240" hits="335" branch="false"/>
                <line number="241" hits="335" branch="false"/>
                <line number="242" hits="335" branch="false"/>
                <line number="243" hits="335" branch="false"/>
                <line number="244" hits="335" branch="false"/>
                <line number="245" hits="335" branch="false"/>
                <line number="246" hits="335" branch="false"/>
              </lines>
            </method>
            <method name="s_rel_risk_val_j" signature="" line-rate="0.733333333333333" branch-rate="0" complexity="0">
              <lines>
                <line number="276" hits="49" branch="false"/>
                <line number="277" hits="0" branch="false"/>
                <line number="278" hits="0" branch="false"/>
                <line number="280" hits="0" branch="false"/>
                <line number="282" hits="0" branch="false"/>
                <line number="283" hits="0" branch="false"/>
                <line number="285" hits="0" branch="false"/>
                <line number="288" hits="49" branch="false"/>
                <line number="290" hits="1" branch="false"/>
                <line number="291" hits="1" branch="false"/>
                <line number="293" hits="1" branch="false"/>
                <line number="294" hits="1" branch="false"/>
                <line number="297" hits="49" branch="false"/>
                <line number="299" hits="0" branch="false"/>
                <line number="300" hits="0" branch="false"/>
                <line number="302" hits="0" branch="false"/>
                <line number="303" hits="0" branch="false"/>
                <line number="306" hits="49" branch="false"/>
                <line number="308" hits="49" branch="false"/>
                <line number="309" hits="0" branch="false"/>
                <line number="311" hits="49" branch="false"/>
                <line number="312" hits="8" branch="false"/>
                <line number="315" hits="41" branch="false"/>
                <line number="316" hits="0" branch="false"/>
                <line number="317" hits="0" branch="false"/>
                <line number="318" hits="0" branch="false"/>
                <line number="319" hits="0" branch="false"/>
                <line number="320" hits="0" branch="false"/>
                <line number="324" hits="41" branch="false"/>
                <line number="327" hits="41" branch="false"/>
                <line number="330" hits="41" branch="false"/>
                <line number="331" hits="41" branch="false"/>
                <line number="332" hits="41" branch="false"/>
                <line number="333" hits="41" branch="false"/>
                <line number="334" hits="41" branch="false"/>
                <line number="337" hits="41" branch="false"/>
                <line number="340" hits="41" branch="false"/>
                <line number="341" hits="41" branch="false"/>
                <line number="342" hits="41" branch="false"/>
                <line number="343" hits="41" branch="false"/>
                <line number="344" hits="41" branch="false"/>
                <line number="347" hits="41" branch="false"/>
                <line number="350" hits="41" branch="false"/>
                <line number="351" hits="41" branch="false"/>
                <line number="352" hits="41" branch="false"/>
                <line number="353" hits="41" branch="false"/>
                <line number="354" hits="41" branch="false"/>
                <line number="355" hits="41" branch="false"/>
                <line number="356" hits="41" branch="false"/>
                <line number="357" hits="41" branch="false"/>
                <line number="358" hits="41" branch="false"/>
                <line number="359" hits="41" branch="false"/>
                <line number="360" hits="41" branch="false"/>
                <line number="361" hits="41" branch="false"/>
                <line number="362" hits="41" branch="false"/>
                <line number="363" hits="41" branch="false"/>
                <line number="364" hits="41" branch="false"/>
                <line number="365" hits="41" branch="false"/>
                <line number="366" hits="41" branch="false"/>
                <line number="367" hits="41" branch="false"/>
              </lines>
            </method>
            <method name="a_freq_j" signature="" line-rate="0.901639344262295" branch-rate="0" complexity="0">
              <lines>
                <line number="631" hits="457" branch="false"/>
                <line number="632" hits="457" branch="false"/>
                <line number="634" hits="457" branch="false"/>
                <line number="635" hits="0" branch="false"/>
                <line number="636" hits="0" branch="false"/>
                <line number="637" hits="0" branch="false"/>
                <line number="638" hits="0" branch="false"/>
                <line number="641" hits="457" branch="false"/>
                <line number="642" hits="84" branch="false"/>
                <line number="643" hits="0" branch="false"/>
                <line number="646" hits="84" branch="false"/>
                <line number="648" hits="84" branch="false"/>
                <line number="649" hits="0" branch="false"/>
                <line number="650" hits="0" branch="false"/>
                <line number="651" hits="0" branch="false"/>
                <line number="655" hits="457" branch="false"/>
                <line number="657" hits="457" branch="false"/>
                <line number="658" hits="457" branch="false"/>
                <line number="659" hits="457" branch="false"/>
                <line number="660" hits="457" branch="false"/>
                <line number="661" hits="457" branch="false"/>
                <line number="662" hits="457" branch="false"/>
                <line number="663" hits="457" branch="false"/>
                <line number="664" hits="457" branch="false"/>
                <line number="665" hits="457" branch="false"/>
                <line number="666" hits="457" branch="false"/>
                <line number="667" hits="457" branch="false"/>
                <line number="668" hits="457" branch="false"/>
                <line number="669" hits="457" branch="false"/>
                <line number="670" hits="457" branch="false"/>
                <line number="671" hits="457" branch="false"/>
                <line number="672" hits="457" branch="false"/>
                <line number="673" hits="457" branch="false"/>
                <line number="674" hits="457" branch="false"/>
                <line number="675" hits="457" branch="false"/>
                <line number="676" hits="457" branch="false"/>
                <line number="677" hits="457" branch="false"/>
                <line number="678" hits="457" branch="false"/>
                <line number="679" hits="457" branch="false"/>
                <line number="686" hits="457" branch="false"/>
                <line number="687" hits="457" branch="false"/>
                <line number="688" hits="457" branch="false"/>
                <line number="689" hits="457" branch="false"/>
                <line number="690" hits="457" branch="false"/>
                <line number="691" hits="457" branch="false"/>
                <line number="692" hits="457" branch="false"/>
                <line number="693" hits="457" branch="false"/>
                <line number="694" hits="457" branch="false"/>
                <line number="697" hits="457" branch="false"/>
                <line number="699" hits="457" branch="false"/>
                <line number="700" hits="457" branch="false"/>
                <line number="702" hits="457" branch="false"/>
                <line number="703" hits="84" branch="false"/>
                <line number="705" hits="84" branch="false"/>
                <line number="706" hits="0" branch="false"/>
                <line number="709" hits="84" branch="false"/>
                <line number="710" hits="84" branch="false"/>
                <line number="713" hits="457" branch="false"/>
                <line number="714" hits="408" branch="false"/>
                <line number="716" hits="324" branch="false"/>
                <line number="718" hits="408" branch="false"/>
                <line number="719" hits="84" branch="false"/>
                <line number="722" hits="408" branch="false"/>
                <line number="723" hits="408" branch="false"/>
                <line number="724" hits="408" branch="false"/>
                <line number="725" hits="408" branch="false"/>
                <line number="726" hits="408" branch="false"/>
                <line number="727" hits="408" branch="false"/>
                <line number="728" hits="408" branch="false"/>
                <line number="729" hits="408" branch="false"/>
                <line number="730" hits="408" branch="false"/>
                <line number="731" hits="408" branch="false"/>
                <line number="732" hits="408" branch="false"/>
                <line number="733" hits="408" branch="false"/>
                <line number="734" hits="408" branch="false"/>
                <line number="735" hits="408" branch="false"/>
                <line number="737" hits="408" branch="false"/>
                <line number="739" hits="49" branch="false"/>
                <line number="740" hits="0" branch="false"/>
                <line number="743" hits="49" branch="false"/>
                <line number="744" hits="0" branch="false"/>
                <line number="745" hits="0" branch="false"/>
                <line number="746" hits="0" branch="false"/>
                <line number="748" hits="49" branch="false"/>
                <line number="749" hits="8" branch="false"/>
                <line number="750" hits="8" branch="false"/>
                <line number="751" hits="8" branch="false"/>
                <line number="754" hits="49" branch="false"/>
                <line number="755" hits="41" branch="false"/>
                <line number="756" hits="41" branch="false"/>
                <line number="757" hits="41" branch="false"/>
                <line number="758" hits="41" branch="false"/>
                <line number="759" hits="41" branch="false"/>
                <line number="763" hits="41" branch="false"/>
                <line number="764" hits="41" branch="false"/>
                <line number="765" hits="41" branch="false"/>
                <line number="766" hits="41" branch="false"/>
                <line number="768" hits="41" branch="false"/>
                <line number="769" hits="0" branch="false"/>
                <line number="770" hits="0" branch="false"/>
                <line number="771" hits="0" branch="false"/>
                <line number="772" hits="0" branch="false"/>
                <line number="773" hits="0" branch="false"/>
                <line number="777" hits="49" branch="false"/>
                <line number="778" hits="49" branch="false"/>
                <line number="779" hits="49" branch="false"/>
                <line number="780" hits="49" branch="false"/>
                <line number="781" hits="49" branch="false"/>
                <line number="782" hits="49" branch="false"/>
                <line number="783" hits="49" branch="false"/>
                <line number="784" hits="49" branch="false"/>
                <line number="785" hits="49" branch="false"/>
                <line number="786" hits="49" branch="false"/>
                <line number="788" hits="49" branch="false"/>
                <line number="789" hits="49" branch="false"/>
                <line number="790" hits="49" branch="false"/>
                <line number="792" hits="49" branch="false"/>
                <line number="793" hits="49" branch="false"/>
                <line number="794" hits="49" branch="false"/>
                <line number="795" hits="49" branch="false"/>
                <line number="796" hits="49" branch="false"/>
                <line number="799" hits="49" branch="false"/>
                <line number="800" hits="49" branch="false"/>
                <line number="801" hits="49" branch="false"/>
                <line number="802" hits="49" branch="false"/>
                <line number="803" hits="49" branch="false"/>
                <line number="804" hits="49" branch="false"/>
                <line number="805" hits="49" branch="false"/>
                <line number="806" hits="49" branch="false"/>
                <line number="807" hits="49" branch="false"/>
                <line number="808" hits="49" branch="false"/>
                <line number="809" hits="49" branch="false"/>
                <line number="810" hits="49" branch="false"/>
                <line number="811" hits="49" branch="false"/>
                <line number="812" hits="49" branch="false"/>
                <line number="813" hits="49" branch="false"/>
                <line number="814" hits="49" branch="false"/>
                <line number="815" hits="49" branch="false"/>
                <line number="821" hits="49" branch="false"/>
                <line number="822" hits="49" branch="false"/>
                <line number="823" hits="49" branch="false"/>
                <line number="824" hits="49" branch="false"/>
                <line number="825" hits="49" branch="false"/>
                <line number="826" hits="49" branch="false"/>
                <line number="827" hits="49" branch="false"/>
                <line number="828" hits="49" branch="false"/>
                <line number="829" hits="49" branch="false"/>
                <line number="830" hits="49" branch="false"/>
                <line number="833" hits="457" branch="false"/>
                <line number="834" hits="457" branch="false"/>
                <line number="835" hits="457" branch="false"/>
                <line number="836" hits="457" branch="false"/>
                <line number="837" hits="457" branch="false"/>
                <line number="838" hits="457" branch="false"/>
                <line number="839" hits="457" branch="false"/>
                <line number="840" hits="457" branch="false"/>
                <line number="841" hits="457" branch="false"/>
                <line number="842" hits="457" branch="false"/>
                <line number="843" hits="457" branch="false"/>
                <line number="847" hits="457" branch="false"/>
                <line number="848" hits="457" branch="false"/>
                <line number="849" hits="457" branch="false"/>
                <line number="850" hits="457" branch="false"/>
                <line number="851" hits="457" branch="false"/>
                <line number="855" hits="457" branch="false"/>
                <line number="856" hits="457" branch="false"/>
                <line number="857" hits="457" branch="false"/>
                <line number="858" hits="457" branch="false"/>
                <line number="859" hits="457" branch="false"/>
                <line number="860" hits="33" branch="false"/>
                <line number="861" hits="33" branch="false"/>
                <line number="862" hits="33" branch="false"/>
                <line number="866" hits="457" branch="false"/>
                <line number="867" hits="457" branch="false"/>
                <line number="868" hits="457" branch="false"/>
                <line number="869" hits="457" branch="false"/>
                <line number="870" hits="457" branch="false"/>
                <line number="871" hits="457" branch="false"/>
                <line number="872" hits="457" branch="false"/>
                <line number="876" hits="457" branch="false"/>
                <line number="877" hits="457" branch="false"/>
                <line number="878" hits="5" branch="false"/>
                <line number="881" hits="457" branch="false"/>
              </lines>
            </method>
          </methods>
          <lines>
            <line number="90" hits="480" branch="false"/>
            <line number="91" hits="0" branch="false"/>
            <line number="94" hits="480" branch="false"/>
            <line number="96" hits="480" branch="false"/>
            <line number="97" hits="0" branch="false"/>
            <line number="100" hits="480" branch="false"/>
            <line number="102" hits="480" branch="false"/>
            <line number="103" hits="480" branch="false"/>
            <line number="105" hits="480" branch="false"/>
            <line number="107" hits="480" branch="false"/>
            <line number="108" hits="54" branch="false"/>
            <line number="110" hits="480" branch="false"/>
            <line number="113" hits="480" branch="false"/>
            <line number="114" hits="480" branch="false"/>
            <line number="115" hits="480" branch="false"/>
            <line number="116" hits="480" branch="false"/>
            <line number="117" hits="480" branch="false"/>
            <line number="118" hits="480" branch="false"/>
            <line number="119" hits="480" branch="false"/>
            <line number="121" hits="480" branch="false"/>
            <line number="123" hits="480" branch="false"/>
            <line number="124" hits="480" branch="false"/>
            <line number="125" hits="480" branch="false"/>
            <line number="126" hits="480" branch="false"/>
            <line number="127" hits="480" branch="false"/>
            <line number="129" hits="480" branch="false"/>
            <line number="130" hits="0" branch="false"/>
            <line number="131" hits="0" branch="false"/>
            <line number="133" hits="0" branch="false"/>
            <line number="135" hits="0" branch="false"/>
            <line number="136" hits="0" branch="false"/>
            <line number="138" hits="0" branch="false"/>
            <line number="141" hits="480" branch="false"/>
            <line number="142" hits="124" branch="false"/>
            <line number="143" hits="124" branch="false"/>
            <line number="145" hits="124" branch="false"/>
            <line number="146" hits="124" branch="false"/>
            <line number="149" hits="480" branch="false"/>
            <line number="151" hits="0" branch="false"/>
            <line number="152" hits="0" branch="false"/>
            <line number="154" hits="0" branch="false"/>
            <line number="155" hits="0" branch="false"/>
            <line number="158" hits="480" branch="false"/>
            <line number="159" hits="480" branch="false"/>
            <line number="161" hits="480" branch="false"/>
            <line number="162" hits="0" branch="false"/>
            <line number="163" hits="0" branch="false"/>
            <line number="164" hits="0" branch="false"/>
            <line number="165" hits="0" branch="false"/>
            <line number="166" hits="0" branch="false"/>
            <line number="167" hits="0" branch="false"/>
            <line number="168" hits="0" branch="false"/>
            <line number="169" hits="0" branch="false"/>
            <line number="170" hits="0" branch="false"/>
            <line number="171" hits="0" branch="false"/>
            <line number="173" hits="480" branch="false"/>
            <line number="174" hits="480" branch="false"/>
            <line number="175" hits="480" branch="false"/>
            <line number="176" hits="480" branch="false"/>
            <line number="177" hits="480" branch="false"/>
            <line number="179" hits="480" branch="false"/>
            <line number="180" hits="480" branch="false"/>
            <line number="181" hits="480" branch="false"/>
            <line number="182" hits="480" branch="false"/>
            <line number="183" hits="480" branch="false"/>
            <line number="185" hits="480" branch="false"/>
            <line number="186" hits="480" branch="false"/>
            <line number="187" hits="480" branch="false"/>
            <line number="190" hits="480" branch="false"/>
            <line number="191" hits="480" branch="false"/>
            <line number="192" hits="480" branch="false"/>
            <line number="194" hits="480" branch="false"/>
            <line number="195" hits="480" branch="false"/>
            <line number="196" hits="480" branch="false"/>
            <line number="199" hits="480" branch="false"/>
            <line number="200" hits="480" branch="false"/>
            <line number="201" hits="480" branch="false"/>
            <line number="204" hits="480" branch="false"/>
            <line number="220" hits="335" branch="false"/>
            <line number="221" hits="335" branch="false"/>
            <line number="224" hits="335" branch="false"/>
            <line number="225" hits="335" branch="false"/>
            <line number="227" hits="335" branch="false"/>
            <line number="230" hits="335" branch="false"/>
            <line number="231" hits="335" branch="false"/>
            <line number="233" hits="335" branch="false"/>
            <line number="237" hits="335" branch="false"/>
            <line number="238" hits="335" branch="false"/>
            <line number="239" hits="335" branch="false"/>
            <line number="240" hits="335" branch="false"/>
            <line number="241" hits="335" branch="false"/>
            <line number="242" hits="335" branch="false"/>
            <line number="243" hits="335" branch="false"/>
            <line number="244" hits="335" branch="false"/>
            <line number="245" hits="335" branch="false"/>
            <line number="246" hits="335" branch="false"/>
            <line number="276" hits="49" branch="false"/>
            <line number="277" hits="0" branch="false"/>
            <line number="278" hits="0" branch="false"/>
            <line number="280" hits="0" branch="false"/>
            <line number="282" hits="0" branch="false"/>
            <line number="283" hits="0" branch="false"/>
            <line number="285" hits="0" branch="false"/>
            <line number="288" hits="49" branch="false"/>
            <line number="290" hits="1" branch="false"/>
            <line number="291" hits="1" branch="false"/>
            <line number="293" hits="1" branch="false"/>
            <line number="294" hits="1" branch="false"/>
            <line number="297" hits="49" branch="false"/>
            <line number="299" hits="0" branch="false"/>
            <line number="300" hits="0" branch="false"/>
            <line number="302" hits="0" branch="false"/>
            <line number="303" hits="0" branch="false"/>
            <line number="306" hits="49" branch="false"/>
            <line number="308" hits="49" branch="false"/>
            <line number="309" hits="0" branch="false"/>
            <line number="311" hits="49" branch="false"/>
            <line number="312" hits="8" branch="false"/>
            <line number="315" hits="41" branch="false"/>
            <line number="316" hits="0" branch="false"/>
            <line number="317" hits="0" branch="false"/>
            <line number="318" hits="0" branch="false"/>
            <line number="319" hits="0" branch="false"/>
            <line number="320" hits="0" branch="false"/>
            <line number="324" hits="41" branch="false"/>
            <line number="327" hits="41" branch="false"/>
            <line number="330" hits="41" branch="false"/>
            <line number="331" hits="41" branch="false"/>
            <line number="332" hits="41" branch="false"/>
            <line number="333" hits="41" branch="false"/>
            <line number="334" hits="41" branch="false"/>
            <line number="337" hits="41" branch="false"/>
            <line number="340" hits="41" branch="false"/>
            <line number="341" hits="41" branch="false"/>
            <line number="342" hits="41" branch="false"/>
            <line number="343" hits="41" branch="false"/>
            <line number="344" hits="41" branch="false"/>
            <line number="347" hits="41" branch="false"/>
            <line number="350" hits="41" branch="false"/>
            <line number="351" hits="41" branch="false"/>
            <line number="352" hits="41" branch="false"/>
            <line number="353" hits="41" branch="false"/>
            <line number="354" hits="41" branch="false"/>
            <line number="355" hits="41" branch="false"/>
            <line number="356" hits="41" branch="false"/>
            <line number="357" hits="41" branch="false"/>
            <line number="358" hits="41" branch="false"/>
            <line number="359" hits="41" branch="false"/>
            <line number="360" hits="41" branch="false"/>
            <line number="361" hits="41" branch="false"/>
            <line number="362" hits="41" branch="false"/>
            <line number="363" hits="41" branch="false"/>
            <line number="364" hits="41" branch="false"/>
            <line number="365" hits="41" branch="false"/>
            <line number="366" hits="41" branch="false"/>
            <line number="367" hits="41" branch="false"/>
            <line number="631" hits="457" branch="false"/>
            <line number="632" hits="457" branch="false"/>
            <line number="634" hits="457" branch="false"/>
            <line number="635" hits="0" branch="false"/>
            <line number="636" hits="0" branch="false"/>
            <line number="637" hits="0" branch="false"/>
            <line number="638" hits="0" branch="false"/>
            <line number="641" hits="457" branch="false"/>
            <line number="642" hits="84" branch="false"/>
            <line number="643" hits="0" branch="false"/>
            <line number="646" hits="84" branch="false"/>
            <line number="648" hits="84" branch="false"/>
            <line number="649" hits="0" branch="false"/>
            <line number="650" hits="0" branch="false"/>
            <line number="651" hits="0" branch="false"/>
            <line number="655" hits="457" branch="false"/>
            <line number="657" hits="457" branch="false"/>
            <line number="658" hits="457" branch="false"/>
            <line number="659" hits="457" branch="false"/>
            <line number="660" hits="457" branch="false"/>
            <line number="661" hits="457" branch="false"/>
            <line number="662" hits="457" branch="false"/>
            <line number="663" hits="457" branch="false"/>
            <line number="664" hits="457" branch="false"/>
            <line number="665" hits="457" branch="false"/>
            <line number="666" hits="457" branch="false"/>
            <line number="667" hits="457" branch="false"/>
            <line number="668" hits="457" branch="false"/>
            <line number="669" hits="457" branch="false"/>
            <line number="670" hits="457" branch="false"/>
            <line number="671" hits="457" branch="false"/>
            <line number="672" hits="457" branch="false"/>
            <line number="673" hits="457" branch="false"/>
            <line number="674" hits="457" branch="false"/>
            <line number="675" hits="457" branch="false"/>
            <line number="676" hits="457" branch="false"/>
            <line number="677" hits="457" branch="false"/>
            <line number="678" hits="457" branch="false"/>
            <line number="679" hits="457" branch="false"/>
            <line number="686" hits="457" branch="false"/>
            <line number="687" hits="457" branch="false"/>
            <line number="688" hits="457" branch="false"/>
            <line number="689" hits="457" branch="false"/>
            <line number="690" hits="457" branch="false"/>
            <line number="691" hits="457" branch="false"/>
            <line number="692" hits="457" branch="false"/>
            <line number="693" hits="457" branch="false"/>
            <line number="694" hits="457" branch="false"/>
            <line number="697" hits="457" branch="false"/>
            <line number="699" hits="457" branch="false"/>
            <line number="700" hits="457" branch="false"/>
            <line number="702" hits="457" branch="false"/>
            <line number="703" hits="84" branch="false"/>
            <line number="705" hits="84" branch="false"/>
            <line number="706" hits="0" branch="false"/>
            <line number="709" hits="84" branch="false"/>
            <line number="710" hits="84" branch="false"/>
            <line number="713" hits="457" branch="false"/>
            <line number="714" hits="408" branch="false"/>
            <line number="716" hits="324" branch="false"/>
            <line number="718" hits="408" branch="false"/>
            <line number="719" hits="84" branch="false"/>
            <line number="722" hits="408" branch="false"/>
            <line number="723" hits="408" branch="false"/>
            <line number="724" hits="408" branch="false"/>
            <line number="725" hits="408" branch="false"/>
            <line number="726" hits="408" branch="false"/>
            <line number="727" hits="408" branch="false"/>
            <line number="728" hits="408" branch="false"/>
            <line number="729" hits="408" branch="false"/>
            <line number="730" hits="408" branch="false"/>
            <line number="731" hits="408" branch="false"/>
            <line number="732" hits="408" branch="false"/>
            <line number="733" hits="408" branch="false"/>
            <line number="734" hits="408" branch="false"/>
            <line number="735" hits="408" branch="false"/>
            <line number="737" hits="408" branch="false"/>
            <line number="739" hits="49" branch="false"/>
            <line number="740" hits="0" branch="false"/>
            <line number="743" hits="49" branch="false"/>
            <line number="744" hits="0" branch="false"/>
            <line number="745" hits="0" branch="false"/>
            <line number="746" hits="0" branch="false"/>
            <line number="748" hits="49" branch="false"/>
            <line number="749" hits="8" branch="false"/>
            <line number="750" hits="8" branch="false"/>
            <line number="751" hits="8" branch="false"/>
            <line number="754" hits="49" branch="false"/>
            <line number="755" hits="41" branch="false"/>
            <line number="756" hits="41" branch="false"/>
            <line number="757" hits="41" branch="false"/>
            <line number="758" hits="41" branch="false"/>
            <line number="759" hits="41" branch="false"/>
            <line number="763" hits="41" branch="false"/>
            <line number="764" hits="41" branch="false"/>
            <line number="765" hits="41" branch="false"/>
            <line number="766" hits="41" branch="false"/>
            <line number="768" hits="41" branch="false"/>
            <line number="769" hits="0" branch="false"/>
            <line number="770" hits="0" branch="false"/>
            <line number="771" hits="0" branch="false"/>
            <line number="772" hits="0" branch="false"/>
            <line number="773" hits="0" branch="false"/>
            <line number="777" hits="49" branch="false"/>
            <line number="778" hits="49" branch="false"/>
            <line number="779" hits="49" branch="false"/>
            <line number="780" hits="49" branch="false"/>
            <line number="781" hits="49" branch="false"/>
            <line number="782" hits="49" branch="false"/>
            <line number="783" hits="49" branch="false"/>
            <line number="784" hits="49" branch="false"/>
            <line number="785" hits="49" branch="false"/>
            <line number="786" hits="49" branch="false"/>
            <line number="788" hits="49" branch="false"/>
            <line number="789" hits="49" branch="false"/>
            <line number="790" hits="49" branch="false"/>
            <line number="792" hits="49" branch="false"/>
            <line number="793" hits="49" branch="false"/>
            <line number="794" hits="49" branch="false"/>
            <line number="795" hits="49" branch="false"/>
            <line number="796" hits="49" branch="false"/>
            <line number="799" hits="49" branch="false"/>
            <line number="800" hits="49" branch="false"/>
            <line number="801" hits="49" branch="false"/>
            <line number="802" hits="49" branch="false"/>
            <line number="803" hits="49" branch="false"/>
            <line number="804" hits="49" branch="false"/>
            <line number="805" hits="49" branch="false"/>
            <line number="806" hits="49" branch="false"/>
            <line number="807" hits="49" branch="false"/>
            <line number="808" hits="49" branch="false"/>
            <line number="809" hits="49" branch="false"/>
            <line number="810" hits="49" branch="false"/>
            <line number="811" hits="49" branch="false"/>
            <line number="812" hits="49" branch="false"/>
            <line number="813" hits="49" branch="false"/>
            <line number="814" hits="49" branch="false"/>
            <line number="815" hits="49" branch="false"/>
            <line number="821" hits="49" branch="false"/>
            <line number="822" hits="49" branch="false"/>
            <line number="823" hits="49" branch="false"/>
            <line number="824" hits="49" branch="false"/>
            <line number="825" hits="49" branch="false"/>
            <line number="826" hits="49" branch="false"/>
            <line number="827" hits="49" branch="false"/>
            <line number="828" hits="49" branch="false"/>
            <line number="829" hits="49" branch="false"/>
            <line number="830" hits="49" branch="false"/>
            <line number="833" hits="457" branch="false"/>
            <line number="834" hits="457" branch="false"/>
            <line number="835" hits="457" branch="false"/>
            <line number="836" hits="457" branch="false"/>
            <line number="837" hits="457" branch="false"/>
            <line number="838" hits="457" branch="false"/>
            <line number="839" hits="457" branch="false"/>
            <line number="840" hits="457" branch="false"/>
            <line number="841" hits="457" branch="false"/>
            <line number="842" hits="457" branch="false"/>
            <line number="843" hits="457" branch="false"/>
            <line number="847" hits="457" branch="false"/>
            <line number="848" hits="457" branch="false"/>
            <line number="849" hits="457" branch="false"/>
            <line number="850" hits="457" branch="false"/>
            <line number="851" hits="457" branch="false"/>
            <line number="855" hits="457" branch="false"/>
[...]
            <line number="406" hits="14" branch="false"/>
            <line number="407" hits="14" branch="false"/>
            <line number="408" hits="14" branch="false"/>
            <line number="409" hits="14" branch="false"/>
            <line number="410" hits="6" branch="false"/>
            <line number="411" hits="14" branch="false"/>
            <line number="412" hits="14" branch="false"/>
            <line number="413" hits="14" branch="false"/>
            <line number="414" hits="14" branch="false"/>
            <line number="415" hits="14" branch="false"/>
            <line number="416" hits="14" branch="false"/>
            <line number="417" hits="14" branch="false"/>
            <line number="418" hits="14" branch="false"/>
            <line number="419" hits="14" branch="false"/>
            <line number="420" hits="14" branch="false"/>
            <line number="421" hits="14" branch="false"/>
            <line number="422" hits="14" branch="false"/>
            <line number="423" hits="14" branch="false"/>
            <line number="424" hits="14" branch="false"/>
            <line number="425" hits="14" branch="false"/>
            <line number="426" hits="14" branch="false"/>
            <line number="427" hits="14" branch="false"/>
            <line number="428" hits="14" branch="false"/>
            <line number="429" hits="6" branch="false"/>
            <line number="430" hits="14" branch="false"/>
            <line number="431" hits="14" branch="false"/>
            <line number="432" hits="14" branch="false"/>
            <line number="433" hits="14" branch="false"/>
            <line number="434" hits="14" branch="false"/>
            <line number="435" hits="14" branch="false"/>
            <line number="436" hits="14" branch="false"/>
            <line number="437" hits="14" branch="false"/>
            <line number="438" hits="14" branch="false"/>
            <line number="439" hits="14" branch="false"/>
            <line number="440" hits="14" branch="false"/>
            <line number="441" hits="14" branch="false"/>
            <line number="442" hits="14" branch="false"/>
            <line number="443" hits="14" branch="false"/>
            <line number="444" hits="14" branch="false"/>
            <line number="445" hits="14" branch="false"/>
            <line number="446" hits="14" branch="false"/>
            <line number="447" hits="14" branch="false"/>
            <line number="448" hits="14" branch="false"/>
            <line number="449" hits="14" branch="false"/>
            <line number="450" hits="14" branch="false"/>
            <line number="451" hits="1" branch="false"/>
            <line number="452" hits="1" branch="false"/>
            <line number="453" hits="1" branch="false"/>
            <line number="454" hits="1" branch="false"/>
            <line number="455" hits="1" branch="false"/>
            <line number="456" hits="1" branch="false"/>
            <line number="457" hits="1" branch="false"/>
            <line number="458" hits="1" branch="false"/>
            <line number="459" hits="1" branch="false"/>
            <line number="460" hits="1" branch="false"/>
            <line number="461" hits="1" branch="false"/>
            <line number="462" hits="1" branch="false"/>
            <line number="463" hits="1" branch="false"/>
            <line number="465" hits="1" branch="false"/>
            <line number="467" hits="1" branch="false"/>
            <line number="468" hits="1" branch="false"/>
            <line number="469" hits="1" branch="false"/>
            <line number="470" hits="0" branch="false"/>
            <line number="471" hits="0" branch="false"/>
            <line number="472" hits="0" branch="false"/>
            <line number="473" hits="0" branch="false"/>
            <line number="474" hits="0" branch="false"/>
            <line number="475" hits="0" branch="false"/>
            <line number="478" hits="14" branch="false"/>
            <line number="479" hits="1" branch="false"/>
            <line number="481" hits="14" branch="false"/>
            <line number="484" hits="45" branch="false"/>
            <line number="485" hits="43" branch="false"/>
            <line number="486" hits="7" branch="false"/>
            <line number="487" hits="7" branch="false"/>
            <line number="488" hits="7" branch="false"/>
            <line number="489" hits="7" branch="false"/>
            <line number="490" hits="7" branch="false"/>
            <line number="491" hits="7" branch="false"/>
            <line number="492" hits="7" branch="false"/>
            <line number="493" hits="7" branch="false"/>
            <line number="494" hits="6" branch="false"/>
            <line number="495" hits="6" branch="false"/>
            <line number="496" hits="6" branch="false"/>
            <line number="497" hits="6" branch="false"/>
            <line number="498" hits="6" branch="false"/>
            <line number="499" hits="6" branch="false"/>
            <line number="500" hits="6" branch="false"/>
            <line number="501" hits="6" branch="false"/>
            <line number="502" hits="6" branch="false"/>
            <line number="503" hits="6" branch="false"/>
            <line number="504" hits="6" branch="false"/>
            <line number="505" hits="6" branch="false"/>
            <line number="506" hits="6" branch="false"/>
            <line number="507" hits="6" branch="false"/>
            <line number="508" hits="6" branch="false"/>
            <line number="511" hits="36" branch="false"/>
            <line number="512" hits="36" branch="false"/>
            <line number="513" hits="36" branch="false"/>
            <line number="514" hits="36" branch="false"/>
            <line number="515" hits="36" branch="false"/>
            <line number="516" hits="36" branch="false"/>
            <line number="519" hits="2" branch="false"/>
            <line number="523" hits="45" branch="false"/>
            <line number="524" hits="7" branch="false"/>
            <line number="525" hits="7" branch="false"/>
            <line number="526" hits="1" branch="false"/>
            <line number="527" hits="1" branch="false"/>
            <line number="528" hits="1" branch="false"/>
            <line number="529" hits="1" branch="false"/>
            <line number="530" hits="1" branch="false"/>
            <line number="531" hits="1" branch="false"/>
            <line number="532" hits="1" branch="false"/>
            <line number="533" hits="1" branch="false"/>
            <line number="535" hits="6" branch="false"/>
            <line number="536" hits="6" branch="false"/>
            <line number="537" hits="6" branch="false"/>
            <line number="538" hits="6" branch="false"/>
            <line number="539" hits="6" branch="false"/>
            <line number="540" hits="6" branch="false"/>
            <line number="541" hits="6" branch="false"/>
            <line number="543" hits="38" branch="false"/>
            <line number="544" hits="36" branch="false"/>
            <line number="545" hits="36" branch="false"/>
            <line number="546" hits="36" branch="false"/>
            <line number="547" hits="36" branch="false"/>
            <line number="548" hits="36" branch="false"/>
            <line number="549" hits="36" branch="false"/>
            <line number="550" hits="36" branch="false"/>
            <line number="551" hits="36" branch="false"/>
            <line number="553" hits="2" branch="false"/>
            <line number="554" hits="2" branch="false"/>
            <line number="555" hits="2" branch="false"/>
            <line number="556" hits="2" branch="false"/>
            <line number="557" hits="2" branch="false"/>
            <line number="558" hits="2" branch="false"/>
            <line number="559" hits="2" branch="false"/>
            <line number="560" hits="2" branch="false"/>
            <line number="561" hits="2" branch="false"/>
            <line number="562" hits="2" branch="false"/>
            <line number="563" hits="2" branch="false"/>
            <line number="564" hits="2" branch="false"/>
            <line number="565" hits="2" branch="false"/>
            <line number="568" hits="45" branch="false"/>
            <line number="569" hits="12" branch="false"/>
            <line number="570" hits="12" branch="false"/>
            <line number="572" hits="33" branch="false"/>
            <line number="575" hits="33" branch="false"/>
            <line number="578" hits="45" branch="false"/>
            <line number="579" hits="43" branch="false"/>
            <line number="580" hits="43" branch="false"/>
            <line number="581" hits="43" branch="false"/>
            <line number="582" hits="43" branch="false"/>
            <line number="583" hits="43" branch="false"/>
            <line number="585" hits="45" branch="false"/>
            <line number="588" hits="45" branch="false"/>
            <line number="589" hits="0" branch="false"/>
            <line number="592" hits="45" branch="false"/>
            <line number="593" hits="45" branch="false"/>
            <line number="598" hits="1" branch="false"/>
            <line number="601" hits="45" branch="false"/>
            <line number="602" hits="45" branch="false"/>
            <line number="603" hits="45" branch="false"/>
            <line number="604" hits="45" branch="false"/>
            <line number="605" hits="45" branch="false"/>
            <line number="606" hits="45" branch="false"/>
            <line number="607" hits="45" branch="false"/>
            <line number="608" hits="45" branch="false"/>
            <line number="609" hits="45" branch="false"/>
            <line number="610" hits="45" branch="false"/>
            <line number="613" hits="45" branch="false"/>
            <line number="614" hits="30" branch="false"/>
            <line number="615" hits="30" branch="false"/>
            <line number="616" hits="30" branch="false"/>
            <line number="617" hits="30" branch="false"/>
            <line number="618" hits="30" branch="false"/>
            <line number="621" hits="45" branch="false"/>
            <line number="622" hits="45" branch="false"/>
            <line number="623" hits="45" branch="false"/>
            <line number="624" hits="45" branch="false"/>
            <line number="625" hits="45" branch="false"/>
            <line number="626" hits="45" branch="false"/>
            <line number="627" hits="45" branch="false"/>
            <line number="628" hits="45" branch="false"/>
            <line number="629" hits="45" branch="false"/>
            <line number="630" hits="45" branch="false"/>
            <line number="631" hits="45" branch="false"/>
            <line number="632" hits="45" branch="false"/>
            <line number="633" hits="45" branch="false"/>
            <line number="634" hits="45" branch="false"/>
            <line number="635" hits="45" branch="false"/>
            <line number="636" hits="45" branch="false"/>
            <line number="637" hits="45" branch="false"/>
            <line number="638" hits="45" branch="false"/>
            <line number="639" hits="45" branch="false"/>
            <line number="640" hits="45" branch="false"/>
            <line number="641" hits="45" branch="false"/>
            <line number="642" hits="45" branch="false"/>
            <line number="643" hits="45" branch="false"/>
            <line number="648" hits="44" branch="false"/>
            <line number="649" hits="44" branch="false"/>
            <line number="650" hits="44" branch="false"/>
            <line number="654" hits="27" branch="false"/>
            <line number="655" hits="27" branch="false"/>
            <line number="656" hits="16" branch="false"/>
            <line number="659" hits="11" branch="false"/>
            <line number="660" hits="11" branch="false"/>
            <line number="661" hits="11" branch="false"/>
            <line number="662" hits="11" branch="false"/>
            <line number="663" hits="11" branch="false"/>
            <line number="664" hits="11" branch="false"/>
            <line number="665" hits="11" branch="false"/>
            <line number="666" hits="11" branch="false"/>
            <line number="667" hits="11" branch="false"/>
            <line number="668" hits="10" branch="false"/>
            <line number="669" hits="10" branch="false"/>
            <line number="670" hits="11" branch="false"/>
            <line number="671" hits="11" branch="false"/>
            <line number="672" hits="11" branch="false"/>
            <line number="673" hits="11" branch="false"/>
            <line number="674" hits="11" branch="false"/>
            <line number="675" hits="11" branch="false"/>
            <line number="680" hits="14" branch="false"/>
            <line number="681" hits="14" branch="false"/>
            <line number="682" hits="14" branch="false"/>
            <line number="683" hits="14" branch="false"/>
            <line number="684" hits="14" branch="false"/>
            <line number="686" hits="14" branch="false"/>
            <line number="687" hits="14" branch="false"/>
            <line number="688" hits="0" branch="false"/>
            <line number="691" hits="14" branch="false"/>
            <line number="692" hits="14" branch="false"/>
            <line number="693" hits="14" branch="false"/>
            <line number="694" hits="14" branch="false"/>
            <line number="700" hits="14" branch="false"/>
            <line number="701" hits="14" branch="false"/>
            <line number="702" hits="14" branch="false"/>
            <line number="703" hits="14" branch="false"/>
            <line number="705" hits="14" branch="false"/>
            <line number="706" hits="14" branch="false"/>
            <line number="708" hits="14" branch="false"/>
            <line number="709" hits="14" branch="false"/>
            <line number="710" hits="14" branch="false"/>
            <line number="711" hits="14" branch="false"/>
            <line number="712" hits="14" branch="false"/>
            <line number="713" hits="14" branch="false"/>
            <line number="714" hits="14" branch="false"/>
            <line number="716" hits="14" branch="false"/>
            <line number="717" hits="14" branch="false"/>
            <line number="724" hits="30" branch="false"/>
            <line number="744" hits="14" branch="false"/>
            <line number="745" hits="14" branch="false"/>
            <line number="746" hits="14" branch="false"/>
            <line number="747" hits="14" branch="false"/>
            <line number="748" hits="14" branch="false"/>
            <line number="749" hits="14" branch="false"/>
          </lines>
        </class>
        <class name="utils.R" filename="R/utils.R" line-rate="0.64" branch-rate="0" complexity="0">
          <methods>
            <method name="leftside" signature="" line-rate="0" branch-rate="0" complexity="0">
              <lines>
                <line number="5" hits="0" branch="false"/>
                <line number="6" hits="0" branch="false"/>
                <line number="7" hits="0" branch="false"/>
                <line number="8" hits="0" branch="false"/>
              </lines>
            </method>
            <method name=".unlist_keep_nulls" signature="" line-rate="1" branch-rate="0" complexity="0">
              <lines>
                <line number="17" hits="1777" branch="false"/>
                <line number="18" hits="1777" branch="false"/>
              </lines>
            </method>
            <method name="string_to_title" signature="" line-rate="1" branch-rate="0" complexity="0">
              <lines>
                <line number="38" hits="5" branch="false"/>
                <line number="39" hits="5" branch="false"/>
                <line number="40" hits="5" branch="false"/>
                <line number="41" hits="5" branch="false"/>
                <line number="43" hits="5" branch="false"/>
                <line number="44" hits="5" branch="false"/>
                <line number="46" hits="5" branch="false"/>
                <line number="47" hits="3" branch="false"/>
                <line number="48" hits="3" branch="false"/>
                <line number="49" hits="3" branch="false"/>
                <line number="50" hits="3" branch="false"/>
                <line number="52" hits="2" branch="false"/>
              </lines>
            </method>
            <method name="check_alt_df_full" signature="" line-rate="0.285714285714286" branch-rate="0" complexity="0">
              <lines>
                <line number="63" hits="480" branch="false"/>
                <line number="64" hits="480" branch="false"/>
                <line number="67" hits="0" branch="false"/>
                <line number="69" hits="0" branch="false"/>
                <line number="70" hits="0" branch="false"/>
                <line number="71" hits="0" branch="false"/>
                <line number="72" hits="0" branch="false"/>
              </lines>
            </method>
          </methods>
          <lines>
            <line number="5" hits="0" branch="false"/>
            <line number="6" hits="0" branch="false"/>
            <line number="7" hits="0" branch="false"/>
            <line number="8" hits="0" branch="false"/>
            <line number="17" hits="1777" branch="false"/>
            <line number="18" hits="1777" branch="false"/>
            <line number="38" hits="5" branch="false"/>
            <line number="39" hits="5" branch="false"/>
            <line number="40" hits="5" branch="false"/>
            <line number="41" hits="5" branch="false"/>
            <line number="43" hits="5" branch="false"/>
            <line number="44" hits="5" branch="false"/>
            <line number="46" hits="5" branch="false"/>
            <line number="47" hits="3" branch="false"/>
            <line number="48" hits="3" branch="false"/>
            <line number="49" hits="3" branch="false"/>
            <line number="50" hits="3" branch="false"/>
            <line number="52" hits="2" branch="false"/>
            <line number="63" hits="480" branch="false"/>
            <line number="64" hits="480" branch="false"/>
            <line number="67" hits="0" branch="false"/>
            <line number="69" hits="0" branch="false"/>
            <line number="70" hits="0" branch="false"/>
            <line number="71" hits="0" branch="false"/>
            <line number="72" hits="0" branch="false"/>
          </lines>
        </class>
        <class name="visit_levels.R" filename="R/visit_levels.R" line-rate="1" branch-rate="0" complexity="0">
          <methods>
            <method name="get_visit_levels" signature="" line-rate="1" branch-rate="0" complexity="0">
              <lines>
                <line number="15" hits="8" branch="false"/>
                <line number="16" hits="7" branch="false"/>
                <line number="18" hits="6" branch="false"/>
                <line number="19" hits="6" branch="false"/>
                <line number="20" hits="6" branch="false"/>
                <line number="21" hits="6" branch="false"/>
                <line number="23" hits="6" branch="false"/>
                <line number="25" hits="5" branch="false"/>
              </lines>
            </method>
          </methods>
          <lines>
            <line number="15" hits="8" branch="false"/>
            <line number="16" hits="7" branch="false"/>
            <line number="18" hits="6" branch="false"/>
            <line number="19" hits="6" branch="false"/>
            <line number="20" hits="6" branch="false"/>
            <line number="21" hits="6" branch="false"/>
            <line number="23" hits="6" branch="false"/>
            <line number="25" hits="5" branch="false"/>
          </lines>
        </class>
      </classes>
    </package>
  </packages>
</coverage>
