<?xml version="1.0" encoding="UTF-8"?>
<testsuites>
  <testsuite name="a_freq_resp_var_j" timestamp="2025-11-19T11:07:19Z" hostname="93e401418414" tests="9" skipped="0" failures="0" errors="0" time="0.651">
    <testcase time="0.185" classname="a_freq_resp_var_j" name="a_freq_resp_var_j_works_as_expected_with_basic_usage"/>
    <testcase time="0.105" classname="a_freq_resp_var_j" name="a_freq_resp_var_j_works_as_expected_with_basic_usage"/>
    <testcase time="0.0089999999999999" classname="a_freq_resp_var_j" name="a_freq_resp_var_j_works_as_expected_with_basic_usage"/>
    <testcase time="0.069" classname="a_freq_resp_var_j" name="a_freq_resp_var_j_works_with_factor_responses"/>
    <testcase time="0.0730000000000004" classname="a_freq_resp_var_j" name="a_freq_resp_var_j_handles_missing_values_correctly"/>
    <testcase time="0.044" classname="a_freq_resp_var_j" name="a_freq_resp_var_j_errors_on_invalid_responses"/>
    <testcase time="0.0449999999999999" classname="a_freq_resp_var_j" name="a_freq_resp_var_j_errors_when_resp_var_is_null"/>
    <testcase time="0.0609999999999999" classname="a_freq_resp_var_j" name="a_freq_resp_var_j_works_with_drop_levels_parameter"/>
    <testcase time="0.0600000000000001" classname="a_freq_resp_var_j" name="a_freq_resp_var_j_works_with_riskdiff_parameter"/>
  </testsuite>
  <testsuite name="a_maxlev" timestamp="2025-11-19T11:07:20Z" hostname="93e401418414" tests="9" skipped="0" failures="0" errors="0" time="0.705">
    <testcase time="0.188" classname="a_maxlev" name="a_maxlev_produces_correct_numbers_for_single_treatment_per_subject"/>
    <testcase time="0.056" classname="a_maxlev" name="a_maxlev_produces_correct_numbers_for_single_treatment_per_subject"/>
    <testcase time="0.135" classname="a_maxlev" name="a_maxlev_produces_correct_numbers_for_sequence_of_treatments_missing_values_"/>
    <testcase time="0.0499999999999998" classname="a_maxlev" name="a_maxlev_produces_correct_numbers_for_sequence_of_treatments_missing_values_"/>
    <testcase time="0.0830000000000002" classname="a_maxlev" name="a_maxlev_produces_correct_numbers_for_sequence_of_treatments_all_values_are_missing_for_one_treatement_"/>
    <testcase time="0.0489999999999999" classname="a_maxlev" name="a_maxlev_produces_correct_numbers_for_sequence_of_treatments_all_values_are_missing_for_one_treatement_"/>
    <testcase time="0.0609999999999999" classname="a_maxlev" name="a_maxlev_produces_correct_numbers_when_any_level_is_active_for_custom_level_excl._"/>
    <testcase time="0.0329999999999999" classname="a_maxlev" name="a_maxlev_produces_correct_numbers_when_any_level_is_active_for_custom_level_excl._"/>
    <testcase time="0.0500000000000003" classname="a_maxlev" name="a_maxlev_throws_an_error_for_not_ordered_variable"/>
  </testsuite>
  <testsuite name="a_summarize_aval_chg_diff" timestamp="2025-11-19T11:07:21Z" hostname="93e401418414" tests="7" skipped="0" failures="0" errors="0" time="0.392">
    <testcase time="0.0249999999999999" classname="a_summarize_aval_chg_diff" name="a_summarize_aval_chg_diff_j_works_as_expected"/>
    <testcase time="0.136" classname="a_summarize_aval_chg_diff" name="a_summarize_aval_chg_diff_j_works_as_expected"/>
    <testcase time="0.00099999999999989" classname="a_summarize_aval_chg_diff" name="a_summarize_aval_chg_diff_j_works_as_expected"/>
    <testcase time="0.004" classname="a_summarize_aval_chg_diff" name="a_summarize_aval_chg_diff_j_works_as_expected"/>
    <testcase time="0.221" classname="a_summarize_aval_chg_diff" name="a_summarize_aval_chg_diff_j_works_with_ancova_TRUE"/>
    <testcase time="0.00099999999999989" classname="a_summarize_aval_chg_diff" name="a_summarize_aval_chg_diff_j_works_with_ancova_TRUE"/>
    <testcase time="0.004" classname="a_summarize_aval_chg_diff" name="a_summarize_aval_chg_diff_j_works_with_ancova_TRUE"/>
  </testsuite>
  <testsuite name="analyze_values" timestamp="2025-11-19T11:07:21Z" hostname="93e401418414" tests="7" skipped="0" failures="0" errors="0" time="0.113">
    <testcase time="0.0179999999999998" classname="analyze_values" name="analyze_values_correctly_modifies_layout_with_proper_formats"/>
    <testcase time="0.081" classname="analyze_values" name="analyze_values_correctly_modifies_layout_with_proper_formats"/>
    <testcase time="0.00300000000000011" classname="analyze_values" name="analyze_values_correctly_modifies_layout_with_proper_formats"/>
    <testcase time="0.00300000000000011" classname="analyze_values" name="analyze_values_correctly_modifies_layout_with_proper_formats"/>
    <testcase time="0.00199999999999978" classname="analyze_values" name="analyze_values_correctly_modifies_layout_with_proper_formats"/>
    <testcase time="0.00300000000000011" classname="analyze_values" name="analyze_values_correctly_modifies_layout_with_proper_formats"/>
    <testcase time="0.00300000000000011" classname="analyze_values" name="analyze_values_correctly_modifies_layout_with_proper_formats"/>
  </testsuite>
  <testsuite name="ancova" timestamp="2025-11-19T11:07:21Z" hostname="93e401418414" tests="3" skipped="1" failures="0" errors="0" time="0.362">
    <testcase time="0.196" classname="ancova" name="fit_ancova_works_as_expected"/>
    <testcase time="0.00100000000000033" classname="ancova" name="fit_ancova_works_as_expected"/>
    <testcase time="0.165" classname="ancova" name="fit_ancova_works_as_expected">
      <skipped message="Reason: On CRAN ('test-ancova.R:4:1')"/>
    </testcase>
  </testsuite>
  <testsuite name="ancova_rbmi" timestamp="2025-11-19T11:07:22Z" hostname="93e401418414" tests="7" skipped="0" failures="0" errors="0" time="0.113">
    <testcase time="0.0549999999999997" classname="ancova_rbmi" name="rbmi_ancova_single_works_also_with_multiple_treatment_arms"/>
    <testcase time="0.00300000000000011" classname="ancova_rbmi" name="rbmi_ancova_single_works_also_with_multiple_treatment_arms"/>
    <testcase time="0.0170000000000003" classname="ancova_rbmi" name="ancova_now_works_also_with_multiple_treatment_arms"/>
    <testcase time="0.00999999999999979" classname="ancova_rbmi" name="ancova_now_works_also_with_multiple_treatment_arms"/>
    <testcase time="0.00899999999999945" classname="ancova_rbmi" name="ancova_now_works_also_with_multiple_treatment_arms"/>
    <testcase time="0.016" classname="ancova_rbmi" name="ancova_now_works_also_with_multiple_treatment_arms"/>
    <testcase time="0.00300000000000011" classname="ancova_rbmi" name="ancova_now_works_also_with_multiple_treatment_arms"/>
  </testsuite>
  <testsuite name="blank_line" timestamp="2025-11-19T11:07:22Z" hostname="93e401418414" tests="15" skipped="1" failures="0" errors="0" time="0.787">
    <testcase time="0.258" classname="blank_line" name="insert_blank_line_works_as_expected"/>
    <testcase time="0.134" classname="blank_line" name="insert_blank_line_works_as_expected">
      <skipped message="Reason: On CRAN ('test-blank_line.R:1:1')"/>
    </testcase>
    <testcase time="0.247" classname="blank_line" name="insert_blank_line_optionally_uses_custom_table_names"/>
    <testcase time="0.127" classname="blank_line" name="insert_blank_line_optionally_uses_custom_table_names"/>
    <testcase time="0.00300000000000011" classname="blank_line" name="insert_blank_line_optionally_uses_custom_table_names"/>
    <testcase time="0.00300000000000011" classname="blank_line" name="insert_blank_line_optionally_uses_custom_table_names"/>
    <testcase time="0.00300000000000011" classname="blank_line" name="insert_blank_line_optionally_uses_custom_table_names"/>
    <testcase time="0.00300000000000011" classname="blank_line" name="insert_blank_line_optionally_uses_custom_table_names"/>
    <testcase time="0.00300000000000011" classname="blank_line" name="insert_blank_line_optionally_uses_custom_table_names"/>
    <testcase time="0.000999999999999446" classname="blank_line" name="insert_blank_line_optionally_uses_custom_table_names"/>
    <testcase time="0.00100000000000033" classname="blank_line" name="insert_blank_line_optionally_uses_custom_table_names"/>
    <testcase time="0.00100000000000033" classname="blank_line" name="insert_blank_line_optionally_uses_custom_table_names"/>
    <testcase time="0.000999999999999446" classname="blank_line" name="insert_blank_line_optionally_uses_custom_table_names"/>
    <testcase time="0.00100000000000033" classname="blank_line" name="insert_blank_line_optionally_uses_custom_table_names"/>
    <testcase time="0.000999999999999446" classname="blank_line" name="insert_blank_line_optionally_uses_custom_table_names"/>
  </testsuite>
  <testsuite name="cmp_functions" timestamp="2025-11-19T11:07:23Z" hostname="93e401418414" tests="4" skipped="4" failures="0" errors="0" time="0.277">
    <testcase time="0.21" classname="cmp_functions" name="cmp_split_fun_works_as_expected">
      <skipped message="Reason: On CRAN ('test-cmp_functions.R:1:1')"/>
    </testcase>
    <testcase time="0.0200000000000005" classname="cmp_functions" name="cmp_cfun_works_correctly_for_expected_column">
      <skipped message="Reason: On CRAN ('test-cmp_functions.R:8:1')"/>
    </testcase>
    <testcase time="0.0269999999999992" classname="cmp_functions" name="cmp_cfun_works_correctly_for_received_column">
      <skipped message="Reason: On CRAN ('test-cmp_functions.R:23:1')"/>
    </testcase>
    <testcase time="0.0200000000000005" classname="cmp_functions" name="cmp_cfun_works_correctly_for_missing_column">
      <skipped message="Reason: On CRAN ('test-cmp_functions.R:41:1')"/>
    </testcase>
  </testsuite>
  <testsuite name="column_stats" timestamp="2025-11-19T11:07:23Z" hostname="93e401418414" tests="29" skipped="0" failures="0" errors="0" time="0.134">
    <testcase time="0.0199999999999996" classname="column_stats" name="column_stats_returns_correct_row_values_for_AVAL_mean"/>
    <testcase time="0.00300000000000011" classname="column_stats" name="column_stats_returns_correct_row_values_for_AVAL_mean"/>
    <testcase time="0.00300000000000011" classname="column_stats" name="column_stats_returns_correct_row_values_for_AVAL_mean"/>
    <testcase time="0.00100000000000033" classname="column_stats" name="column_stats_returns_correct_row_values_for_AVAL_mean"/>
    <testcase time="0.00199999999999978" classname="column_stats" name="column_stats_returns_correct_row_values_for_AVAL_mean"/>
    <testcase time="0.00100000000000033" classname="column_stats" name="column_stats_returns_correct_row_values_for_AVAL_mean"/>
    <testcase time="0.00599999999999934" classname="column_stats" name="column_stats_excludes_Baseline_for_CHG_stat_N"/>
    <testcase time="0.00300000000000011" classname="column_stats" name="column_stats_excludes_Baseline_for_CHG_stat_N"/>
    <testcase time="0.00300000000000011" classname="column_stats" name="column_stats_excludes_Baseline_for_CHG_stat_N"/>
    <testcase time="0.00100000000000033" classname="column_stats" name="column_stats_excludes_Baseline_for_CHG_stat_N"/>
    <testcase time="0.00300000000000011" classname="column_stats" name="column_stats_excludes_Baseline_for_CHG_stat_N"/>
    <testcase time="0.00699999999999967" classname="column_stats" name="column_stats_calculates_SD_statistic_correctly"/>
    <testcase time="0.00699999999999967" classname="column_stats" name="column_stats_calculates_mean_sd_statistic_correctly"/>
    <testcase time="0.00700000000000056" classname="column_stats" name="column_stats_calculates_SE_statistic_correctly"/>
    <testcase time="0.0129999999999999" classname="column_stats" name="column_stats_calculates_Med_Min_Max_correctly"/>
    <testcase time="0.00399999999999956" classname="column_stats" name="column_stats_calculates_Med_Min_Max_correctly"/>
    <testcase time="0.00400000000000045" classname="column_stats" name="column_stats_calculates_Med_Min_Max_correctly"/>
    <testcase time="0.00699999999999967" classname="column_stats" name="column_stats_handles_BASE_variable_correctly"/>
    <testcase time="0.00300000000000011" classname="column_stats" name="column_stats_handles_BASE_variable_correctly"/>
    <testcase time="0.00600000000000023" classname="column_stats" name="column_stats_handles_iec_roundmethod_correctly"/>
    <testcase time="0.00399999999999956" classname="column_stats" name="column_stats_handles_iec_roundmethod_correctly"/>
    <testcase time="0.00200000000000067" classname="column_stats" name="column_stats_handles_iec_roundmethod_correctly"/>
    <testcase time="0.00299999999999923" classname="column_stats" name="column_stats_handles_iec_roundmethod_correctly"/>
    <testcase time="0.00300000000000011" classname="column_stats" name="column_stats_handles_iec_roundmethod_correctly"/>
    <testcase time="0.00300000000000011" classname="column_stats" name="column_stats_handles_iec_roundmethod_correctly"/>
    <testcase time="0.00300000000000011" classname="column_stats" name="column_stats_handles_iec_roundmethod_correctly"/>
    <testcase time="0.00300000000000011" classname="column_stats" name="column_stats_handles_iec_roundmethod_correctly"/>
    <testcase time="0.00300000000000011" classname="column_stats" name="column_stats_handles_iec_roundmethod_correctly"/>
    <testcase time="0.00600000000000023" classname="column_stats" name="calc_N_returns_NULL_for_non_AVAL_variables"/>
  </testsuite>
  <testsuite name="colwidths" timestamp="2025-11-19T11:07:23Z" hostname="93e401418414" tests="11" skipped="1" failures="0" errors="0" time="0.52">
    <testcase time="0.145" classname="colwidths" name="ttype_wrap_vec_works_as_expected"/>
    <testcase time="0.0599999999999996" classname="colwidths" name="check_wrap_nobreak_works_as_expected"/>
    <testcase time="0.0490000000000004" classname="colwidths" name="check_wrap_nobreak_works_as_expected"/>
    <testcase time="0.0679999999999996" classname="colwidths" name="def_colwidths_works_as_expected"/>
    <testcase time="0.109" classname="colwidths" name="listing_column_widths_works_as_expected"/>
    <testcase time="0.00300000000000011" classname="colwidths" name="listing_column_widths_works_as_expected"/>
    <testcase time="0.0499999999999998" classname="colwidths" name="find_free_colspc_works_as_expected">
      <skipped message="Reason: On CRAN ('test-colwidths.R:101:1')"/>
    </testcase>
    <testcase time="0.0179999999999998" classname="colwidths" name="smart_colwidths_1page_works_as_expected"/>
    <testcase time="0.00300000000000011" classname="colwidths" name="smart_colwidths_1page_works_as_expected"/>
    <testcase time="0.00800000000000001" classname="colwidths" name="smart_colwidths_1page_works_as_expected"/>
    <testcase time="0.00699999999999967" classname="colwidths" name="spaces_to_inches_works_as_expected"/>
  </testsuite>
  <testsuite name="count_pct" timestamp="2025-11-19T11:07:24Z" hostname="93e401418414" tests="12" skipped="10" failures="0" errors="0" time="7.4">
    <testcase time="0.594" classname="count_pct" name="a_freq_j_with_val_NA_and_denom_option">
      <skipped message="Reason: On CRAN ('test-count_pct.R:10:1')"/>
    </testcase>
    <testcase time="0.37" classname="count_pct" name="a_freq_j_with_specific_val_CHN_and_denom_option">
      <skipped message="Reason: On CRAN ('test-count_pct.R:48:1')"/>
    </testcase>
    <testcase time="0.303" classname="count_pct" name="a_freq_j_with_N_only">
      <skipped message="Reason: On CRAN ('test-count_pct.R:89:1')"/>
    </testcase>
    <testcase time="0.361" classname="count_pct" name="a_freq_j_with_TotCol_only">
      <skipped message="Reason: On CRAN ('test-count_pct.R:112:1')"/>
    </testcase>
    <testcase time="2.06" classname="count_pct" name="a_freq_j_as_cfun">
      <skipped message="Reason: On CRAN ('test-count_pct.R:133:1')"/>
    </testcase>
    <testcase time="0.23" classname="count_pct" name="a_freq_j_with_label_map">
      <skipped message="Reason: On CRAN ('test-count_pct.R:185:1')"/>
    </testcase>
    <testcase time="0.526" classname="count_pct" name="a_freq_j_old_count_pats_case_">
      <skipped message="Reason: On CRAN ('test-count_pct.R:228:1')"/>
    </testcase>
    <testcase time="1.554" classname="count_pct" name="a_freq_j_with_N_subgroup_as_denom">
      <skipped message="Reason: On CRAN ('test-count_pct.R:267:1')"/>
    </testcase>
    <testcase time="1.273" classname="count_pct" name="a_freq_j_with_N_trt_as_denom_special_situation"/>
    <testcase time="0.000999999999999446" classname="count_pct" name="a_freq_j_with_N_trt_as_denom_special_situation">
      <skipped message="Reason: On CRAN ('test-count_pct.R:311:1')"/>
    </testcase>
    <testcase time="0.127000000000001" classname="count_pct" name="a_freq_j_with_keep_levels_CHN_NGA_"/>
    <testcase time="0.000999999999999446" classname="count_pct" name="a_freq_j_with_keep_levels_CHN_NGA_">
      <skipped message="Reason: On CRAN ('test-count_pct.R:453:1')"/>
    </testcase>
  </testsuite>
  <testsuite name="count_pct_relrisk" timestamp="2025-11-19T11:07:31Z" hostname="93e401418414" tests="14" skipped="0" failures="0" errors="0" time="3.307">
    <testcase time="0.254" classname="count_pct_relrisk" name="a_freq_j_with_val_NA_and_denom_option"/>
    <testcase time="0.00300000000000011" classname="count_pct_relrisk" name="a_freq_j_with_val_NA_and_denom_option"/>
    <testcase time="0.220000000000001" classname="count_pct_relrisk" name="a_freq_j_with_val_NA_and_denom_option"/>
    <testcase time="0.0150000000000006" classname="count_pct_relrisk" name="a_freq_j_with_val_NA_and_denom_option"/>
    <testcase time="0.209999999999999" classname="count_pct_relrisk" name="a_freq_j_with_val_NA_and_denom_option"/>
    <testcase time="0.00300000000000011" classname="count_pct_relrisk" name="a_freq_j_with_val_NA_and_denom_option"/>
    <testcase time="0.218999999999999" classname="count_pct_relrisk" name="a_freq_j_with_risk_difference_method_cmh"/>
    <testcase time="0.00700000000000145" classname="count_pct_relrisk" name="a_freq_j_with_risk_difference_method_cmh"/>
    <testcase time="0.739999999999998" classname="count_pct_relrisk" name="a_freq_j_with_N_subgroup_as_denom"/>
    <testcase time="0.00300000000000011" classname="count_pct_relrisk" name="a_freq_j_with_N_subgroup_as_denom"/>
    <testcase time="0.942000000000002" classname="count_pct_relrisk" name="a_freq_j_with_N_subgroup_as_denom"/>
    <testcase time="0.00300000000000011" classname="count_pct_relrisk" name="a_freq_j_with_N_subgroup_as_denom"/>
    <testcase time="0.684999999999999" classname="count_pct_relrisk" name="a_freq_j_with_N_subgroup_as_denom"/>
    <testcase time="0.00300000000000011" classname="count_pct_relrisk" name="a_freq_j_with_N_subgroup_as_denom"/>
  </testsuite>
  <testsuite name="coxph_hr" timestamp="2025-11-19T11:07:34Z" hostname="93e401418414" tests="8" skipped="3" failures="0" errors="0" time="0.288">
    <testcase time="0.0289999999999999" classname="coxph_hr" name="s_coxph_hr_works_with_default_arguments_and_no_stratification_factors"/>
    <testcase time="0.0169999999999995" classname="coxph_hr" name="s_coxph_hr_works_with_default_arguments_and_no_stratification_factors"/>
    <testcase time="0.00700000000000145" classname="coxph_hr" name="s_coxph_hr_works_with_default_arguments_and_no_stratification_factors"/>
    <testcase time="0.00199999999999889" classname="coxph_hr" name="s_coxph_hr_works_with_default_arguments_and_no_stratification_factors">
      <skipped message="Reason: On CRAN ('test-coxph_hr.R:5:1')"/>
    </testcase>
    <testcase time="0.0730000000000004" classname="coxph_hr" name="a_coxph_hr_works_with_custom_arguments_and_stratification_factors"/>
    <testcase time="0.041999999999998" classname="coxph_hr" name="a_coxph_hr_works_with_custom_arguments_and_stratification_factors">
      <skipped message="Reason: On CRAN ('test-coxph_hr.R:48:1')"/>
    </testcase>
    <testcase time="0.0770000000000017" classname="coxph_hr" name="a_coxph_hr_works_with_stratification_factors_for_Log_Rank_test"/>
    <testcase time="0.0410000000000004" classname="coxph_hr" name="a_coxph_hr_works_with_stratification_factors_for_Log_Rank_test">
      <skipped message="Reason: On CRAN ('test-coxph_hr.R:79:1')"/>
    </testcase>
  </testsuite>
  <testsuite name="coxreg_multivar" timestamp="2025-11-19T11:07:35Z" hostname="93e401418414" tests="13" skipped="6" failures="0" errors="0" time="1.578">
    <testcase time="0.0779999999999994" classname="coxreg_multivar" name="h_extract_coxreg_multivar_works_as_expected"/>
    <testcase time="0.195" classname="coxreg_multivar" name="tefos03_first_split_fun_works_as_expected"/>
    <testcase time="0.0309999999999988" classname="coxreg_multivar" name="tefos03_first_split_fun_works_as_expected">
      <skipped message="Reason: On CRAN ('test-coxreg_multivar.R:29:1')"/>
    </testcase>
    <testcase time="0.459" classname="coxreg_multivar" name="tefos03_second_split_fun_fct_works_as_expected"/>
    <testcase time="0.0470000000000006" classname="coxreg_multivar" name="tefos03_second_split_fun_fct_works_as_expected">
      <skipped message="Reason: On CRAN ('test-coxreg_multivar.R:37:1')"/>
    </testcase>
    <testcase time="0.0330000000000013" classname="coxreg_multivar" name="tefos03_afun_works_as_expected"/>
    <testcase time="0.0069999999999979" classname="coxreg_multivar" name="tefos03_afun_works_as_expected">
      <skipped message="Reason: On CRAN ('test-coxreg_multivar.R:47:1')"/>
    </testcase>
    <testcase time="0.149000000000001" classname="coxreg_multivar" name="summarize_coxreg_multivar_works_as_expected_with_defaults"/>
    <testcase time="0.0650000000000013" classname="coxreg_multivar" name="summarize_coxreg_multivar_works_as_expected_with_defaults">
      <skipped message="Reason: On CRAN ('test-coxreg_multivar.R:76:1')"/>
    </testcase>
    <testcase time="0.102999999999998" classname="coxreg_multivar" name="summarize_coxreg_multivar_works_as_expected_with_custom_options"/>
    <testcase time="0.0640000000000001" classname="coxreg_multivar" name="summarize_coxreg_multivar_works_as_expected_with_custom_options">
      <skipped message="Reason: On CRAN ('test-coxreg_multivar.R:94:1')"/>
    </testcase>
    <testcase time="0.222000000000001" classname="coxreg_multivar" name="summarize_coxreg_multivar_works_with_row_splits"/>
    <testcase time="0.125" classname="coxreg_multivar" name="summarize_coxreg_multivar_works_with_row_splits">
      <skipped message="Reason: On CRAN ('test-coxreg_multivar.R:123:1')"/>
    </testcase>
  </testsuite>
  <testsuite name="estimate_proportion_diff" timestamp="2025-11-19T11:07:36Z" hostname="93e401418414" tests="5" skipped="2" failures="0" errors="0" time="0.118">
    <testcase time="0.0209999999999972" classname="estimate_proportion_diff" name="s_proportion_diff_j_works_as_expected"/>
    <testcase time="0.0120000000000005" classname="estimate_proportion_diff" name="s_proportion_diff_j_works_as_expected"/>
    <testcase time="0.0110000000000028" classname="estimate_proportion_diff" name="s_proportion_diff_j_works_as_expected">
      <skipped message="Reason: On CRAN ('test-estimate_proportion_diff.R:1:1')"/>
    </testcase>
    <testcase time="0.0439999999999969" classname="estimate_proportion_diff" name="a_proportion_diff_j_works_as_expected_in_a_table_layout"/>
    <testcase time="0.0300000000000011" classname="estimate_proportion_diff" name="a_proportion_diff_j_works_as_expected_in_a_table_layout">
      <skipped message="Reason: On CRAN ('test-estimate_proportion_diff.R:36:1')"/>
    </testcase>
  </testsuite>
  <testsuite name="event_free" timestamp="2025-11-19T11:07:36Z" hostname="93e401418414" tests="8" skipped="4" failures="0" errors="0" time="0.366">
    <testcase time="0.027000000000001" classname="event_free" name="s_event_free_works_with_default_arguments"/>
    <testcase time="0.00499999999999901" classname="event_free" name="s_event_free_works_with_default_arguments">
      <skipped message="Reason: On CRAN ('test-event_free.R:1:1')"/>
    </testcase>
    <testcase time="0.0190000000000019" classname="event_free" name="s_event_free_works_with_percent_format"/>
    <testcase time="0.00999999999999801" classname="event_free" name="s_event_free_works_with_percent_format">
      <skipped message="Reason: On CRAN ('test-event_free.R:21:1')"/>
    </testcase>
    <testcase time="0.103000000000002" classname="event_free" name="a_event_free_works_with_default_arguments_in_a_table_layout"/>
    <testcase time="0.0470000000000006" classname="event_free" name="a_event_free_works_with_default_arguments_in_a_table_layout">
      <skipped message="Reason: On CRAN ('test-event_free.R:42:1')"/>
    </testcase>
    <testcase time="0.106999999999999" classname="event_free" name="a_event_free_works_with_customized_arguments_in_a_table_layout"/>
    <testcase time="0.0479999999999983" classname="event_free" name="a_event_free_works_with_customized_arguments_in_a_table_layout">
      <skipped message="Reason: On CRAN ('test-event_free.R:74:1')"/>
    </testcase>
  </testsuite>
  <testsuite name="get_ref_info" timestamp="2025-11-19T11:07:37Z" hostname="93e401418414" tests="3" skipped="2" failures="0" errors="0" time="0.459">
    <testcase time="0.177" classname="get_ref_info" name="get_ref_info_works_with_a_df_analysis_function">
      <skipped message="Reason: On CRAN ('test-get_ref_info.R:6:1')"/>
    </testcase>
    <testcase time="0.280000000000001" classname="get_ref_info" name="get_ref_info_works_with_a_vector_analysis_function"/>
    <testcase time="0.00199999999999889" classname="get_ref_info" name="get_ref_info_works_with_a_vector_analysis_function">
      <skipped message="Reason: On CRAN ('test-get_ref_info.R:77:1')"/>
    </testcase>
  </testsuite>
  <testsuite name="h_freq_funs" timestamp="2025-11-19T11:07:37Z" hostname="93e401418414" tests="18" skipped="0" failures="0" errors="0" time="0.087">
    <testcase time="0.0199999999999996" classname="h_freq_funs" name="h_update_factor_works_correctly"/>
    <testcase time="0.00200000000000244" classname="h_freq_funs" name="h_update_factor_works_correctly"/>
    <testcase time="0.00399999999999778" classname="h_freq_funs" name="h_update_factor_works_correctly"/>
    <testcase time="0.00600000000000023" classname="h_freq_funs" name="h_df_add_newlevels_works_correctly"/>
    <testcase time="0.00400000000000134" classname="h_freq_funs" name="h_df_add_newlevels_works_correctly"/>
    <testcase time="0.00300000000000011" classname="h_freq_funs" name="h_df_add_newlevels_works_correctly"/>
    <testcase time="0.00300000000000011" classname="h_freq_funs" name="h_df_add_newlevels_works_correctly"/>
    <testcase time="0.00399999999999778" classname="h_freq_funs" name="h_df_add_newlevels_works_correctly"/>
    <testcase time="0.00500000000000256" classname="h_freq_funs" name="h_colexpr_substr_works_correctly"/>
    <testcase time="0.00300000000000011" classname="h_freq_funs" name="h_colexpr_substr_works_correctly"/>
    <testcase time="0.00300000000000011" classname="h_freq_funs" name="h_colexpr_substr_works_correctly"/>
    <testcase time="0.00600000000000023" classname="h_freq_funs" name="h_get_label_map_works_correctly"/>
    <testcase time="0.00300000000000011" classname="h_freq_funs" name="h_get_label_map_works_correctly"/>
    <testcase time="0.0069999999999979" classname="h_freq_funs" name="h_subset_combo_works_correctly"/>
    <testcase time="0.00400000000000134" classname="h_freq_funs" name="h_subset_combo_works_correctly"/>
    <testcase time="0.00300000000000011" classname="h_freq_funs" name="h_subset_combo_works_correctly"/>
    <testcase time="0.00399999999999778" classname="h_freq_funs" name="h_subset_combo_works_correctly"/>
    <testcase time="0.00300000000000011" classname="h_freq_funs" name="h_subset_combo_works_correctly"/>
  </testsuite>
  <testsuite name="jjcs_num_formats" timestamp="2025-11-19T11:07:37Z" hostname="93e401418414" tests="9" skipped="3" failures="0" errors="0" time="0.704">
    <testcase time="0.0380000000000003" classname="jjcs_num_formats" name="jjcs_num_formats_works"/>
    <testcase time="0.00500000000000256" classname="jjcs_num_formats" name="jjcs_num_formats_works"/>
    <testcase time="0.311" classname="jjcs_num_formats" name="jjcs_num_formats_works"/>
    <testcase time="0.00600000000000023" classname="jjcs_num_formats" name="jjcs_num_formats_works"/>
    <testcase time="0.00599999999999667" classname="jjcs_num_formats" name="jjcs_num_formats_works"/>
    <testcase time="0.0289999999999999" classname="jjcs_num_formats" name="jjcs_num_formats_works">
      <skipped message="Reason: On CRAN ('test-jjcs_num_formats.R:10:1')"/>
    </testcase>
    <testcase time="0.0340000000000025" classname="jjcs_num_formats" name="jjcsformats_NA_works"/>
    <testcase time="0.143000000000001" classname="jjcs_num_formats" name="jjcsformats_NA_works">
      <skipped message="Reason: On CRAN ('test-jjcs_num_formats.R:120:1')"/>
    </testcase>
    <testcase time="0.131999999999998" classname="jjcs_num_formats" name="jjcsformats_count_fraction_works">
      <skipped message="Reason: On CRAN ('test-jjcs_num_formats.R:204:1')"/>
    </testcase>
  </testsuite>
  <testsuite name="jjcsformats" timestamp="2025-11-19T11:07:38Z" hostname="93e401418414" tests="14" skipped="3" failures="0" errors="0" time="0.453">
    <testcase time="0.297000000000001" classname="jjcsformats" name="jjjcs_formats_work">
      <skipped message="Reason: On CRAN ('test-jjcsformats.R:12:1')"/>
    </testcase>
    <testcase time="0.0169999999999995" classname="jjcsformats" name="roundmethod_support_works"/>
    <testcase time="0.00300000000000011" classname="jjcsformats" name="roundmethod_support_works"/>
    <testcase time="0.00300000000000011" classname="jjcsformats" name="roundmethod_support_works"/>
    <testcase time="0.00300000000000011" classname="jjcsformats" name="roundmethod_support_works"/>
    <testcase time="0.00300000000000011" classname="jjcsformats" name="roundmethod_support_works"/>
    <testcase time="0.00300000000000011" classname="jjcsformats" name="roundmethod_support_works"/>
    <testcase time="0.00300000000000011" classname="jjcsformats" name="roundmethod_support_works"/>
    <testcase time="0.00300000000000011" classname="jjcsformats" name="roundmethod_support_works"/>
    <testcase time="0.00400000000000134" classname="jjcsformats" name="roundmethod_support_works"/>
    <testcase time="0.0309999999999988" classname="jjcsformats" name="jjcsformat_range_fct_is_formatting_ranges_as_expected">
      <skipped message="Reason: On CRAN ('test-jjcsformats.R:155:1')"/>
    </testcase>
    <testcase time="0.0629999999999988" classname="jjcsformats" name="jjcsformat_pval_fct_works">
      <skipped message="Reason: On CRAN ('test-jjcsformats.R:165:1')"/>
    </testcase>
    <testcase time="0.0150000000000006" classname="jjcsformats" name="jjcsformat_xx_works_also_for_empty_cells"/>
    <testcase time="0.00499999999999901" classname="jjcsformats" name="jjcsformat_xx_works_also_for_cells_with_0_length_vectors"/>
  </testsuite>
  <testsuite name="junco_utils_default_stats_formats_labels" timestamp="2025-11-19T11:07:38Z" hostname="93e401418414" tests="6" skipped="5" failures="0" errors="0" time="0.095">
    <testcase time="0.0140000000000029" classname="junco_utils_default_stats_formats_labels" name="get_stats_works_as_expected">
      <skipped message="Reason: On CRAN ('test-junco_utils_default_stats_formats_labels.R:6:1')"/>
    </testcase>
    <testcase time="0.0179999999999971" classname="junco_utils_default_stats_formats_labels" name="get_formats_from_stats_works_as_expected">
      <skipped message="Reason: On CRAN ('test-junco_utils_default_stats_formats_labels.R:11:1')"/>
    </testcase>
    <testcase time="0.0259999999999998" classname="junco_utils_default_stats_formats_labels" name="get_labels_from_stats_works_as_expected">
      <skipped message="Reason: On CRAN ('test-junco_utils_default_stats_formats_labels.R:21:1')"/>
    </testcase>
    <testcase time="0.0150000000000006" classname="junco_utils_default_stats_formats_labels" name="get_label_attr_from_stats_works_as_expected"/>
    <testcase time="0.00500000000000256" classname="junco_utils_default_stats_formats_labels" name="get_label_attr_from_stats_works_as_expected">
      <skipped message="Reason: On CRAN ('test-junco_utils_default_stats_formats_labels.R:27:1')"/>
    </testcase>
    <testcase time="0.0169999999999995" classname="junco_utils_default_stats_formats_labels" name="get_indents_from_stats_works_as_expected">
      <skipped message="Reason: On CRAN ('test-junco_utils_default_stats_formats_labels.R:36:1')"/>
    </testcase>
  </testsuite>
  <testsuite name="kaplan_meier" timestamp="2025-11-19T11:07:38Z" hostname="93e401418414" tests="14" skipped="6" failures="0" errors="0" time="0.358">
    <testcase time="0.0249999999999986" classname="kaplan_meier" name="s_kaplan_meier_works_with_default_arguments"/>
    <testcase time="0.00499999999999901" classname="kaplan_meier" name="s_kaplan_meier_works_with_default_arguments">
      <skipped message="Reason: On CRAN ('test-kaplan_meier.R:3:1')"/>
    </testcase>
    <testcase time="0.0180000000000007" classname="kaplan_meier" name="s_kaplan_meier_works_with_customized_arguments"/>
    <testcase time="0.00499999999999901" classname="kaplan_meier" name="s_kaplan_meier_works_with_customized_arguments">
      <skipped message="Reason: On CRAN ('test-kaplan_meier.R:20:1')"/>
    </testcase>
    <testcase time="0.0200000000000031" classname="kaplan_meier" name="a_kaplan_meier_works_with_default_arguments"/>
    <testcase time="0.000999999999997669" classname="kaplan_meier" name="a_kaplan_meier_works_with_default_arguments"/>
    <testcase time="0.0169999999999995" classname="kaplan_meier" name="a_kaplan_meier_works_with_default_arguments">
      <skipped message="Reason: On CRAN ('test-kaplan_meier.R:44:1')"/>
    </testcase>
    <testcase time="0.0200000000000031" classname="kaplan_meier" name="a_kaplan_meier_works_with_customized_arguments"/>
    <testcase time="0.000999999999997669" classname="kaplan_meier" name="a_kaplan_meier_works_with_customized_arguments"/>
    <testcase time="0.00700000000000145" classname="kaplan_meier" name="a_kaplan_meier_works_with_customized_arguments">
      <skipped message="Reason: On CRAN ('test-kaplan_meier.R:63:1')"/>
    </testcase>
    <testcase time="0.078000000000003" classname="kaplan_meier" name="a_kaplan_meier_works_inside_analyze_in_table"/>
    <testcase time="0.0529999999999973" classname="kaplan_meier" name="a_kaplan_meier_works_inside_analyze_in_table">
      <skipped message="Reason: On CRAN ('test-kaplan_meier.R:87:1')"/>
    </testcase>
    <testcase time="0.0640000000000001" classname="kaplan_meier" name="a_kaplan_meier_works_inside_analyze_in_table_with_custom_arguments"/>
    <testcase time="0.0440000000000005" classname="kaplan_meier" name="a_kaplan_meier_works_inside_analyze_in_table_with_custom_arguments">
      <skipped message="Reason: On CRAN ('test-kaplan_meier.R:117:1')"/>
    </testcase>
  </testsuite>
  <testsuite name="markup_unicodify" timestamp="2025-11-19T11:07:39Z" hostname="93e401418414" tests="1" skipped="1" failures="0" errors="0" time="0.032">
    <testcase time="0.032" classname="markup_unicodify" name="dps_markup_works_with_and_">
      <skipped message="Reason: On CRAN ('test-markup_unicodify.R:1:1')"/>
    </testcase>
  </testsuite>
  <testsuite name="mmrm" timestamp="2025-11-19T11:07:39Z" hostname="93e401418414" tests="5" skipped="2" failures="0" errors="0" time="0.243">
    <testcase time="0.119" classname="mmrm" name="get_mmrm_lsmeans_can_calculate_the_LS_mean_results_including_one_and_two_sided_p_values"/>
    <testcase time="0.00300000000000011" classname="mmrm" name="get_mmrm_lsmeans_can_calculate_the_LS_mean_results_including_one_and_two_sided_p_values"/>
    <testcase time="0.00300000000000011" classname="mmrm" name="get_mmrm_lsmeans_can_calculate_the_LS_mean_results_including_one_and_two_sided_p_values"/>
    <testcase time="0.00100000000000122" classname="mmrm" name="get_mmrm_lsmeans_can_calculate_the_LS_mean_results_including_one_and_two_sided_p_values">
      <skipped message="Reason: On CRAN ('test-mmrm.R:3:1')"/>
    </testcase>
    <testcase time="0.117000000000001" classname="mmrm" name="fit_mmrm_j_works_as_expected">
      <skipped message="Reason: On CRAN ('test-mmrm.R:42:1')"/>
    </testcase>
  </testsuite>
  <testsuite name="mmrm_rbmi" timestamp="2025-11-19T11:07:39Z" hostname="93e401418414" tests="4" skipped="1" failures="0" errors="0" time="0.175">
    <testcase time="0.151" classname="mmrm_rbmi" name="mmrm_rbmi_works_as_expected"/>
    <testcase time="0.000999999999997669" classname="mmrm_rbmi" name="mmrm_rbmi_works_as_expected"/>
    <testcase time="0.00300000000000011" classname="mmrm_rbmi" name="mmrm_rbmi_works_as_expected"/>
    <testcase time="0.0199999999999996" classname="mmrm_rbmi" name="mmrm_rbmi_works_as_expected">
      <skipped message="Reason: On CRAN ('test-mmrm_rbmi.R:5:1')"/>
    </testcase>
  </testsuite>
  <testsuite name="odds_ratio" timestamp="2025-11-19T11:07:39Z" hostname="93e401418414" tests="18" skipped="2" failures="0" errors="0" time="0.304">
    <testcase time="0.0250000000000021" classname="odds_ratio" name="s_odds_ratio_j_returns_NA_when_one_group_has_no_responders_and_option_set"/>
    <testcase time="0.00499999999999901" classname="odds_ratio" name="s_odds_ratio_j_returns_NA_when_one_group_has_no_responders_and_option_set"/>
    <testcase time="0.0139999999999993" classname="odds_ratio" name="s_odds_ratio_j_returns_NA_when_one_group_has_no_responders_and_option_set_with_strata"/>
    <testcase time="0.00500000000000256" classname="odds_ratio" name="s_odds_ratio_j_returns_NA_when_one_group_has_no_responders_and_option_set_with_strata"/>
    <testcase time="0.00899999999999679" classname="odds_ratio" name="s_odds_ratio_j_does_not_fail_with_only_non_responders"/>
    <testcase time="0.00300000000000011" classname="odds_ratio" name="s_odds_ratio_j_does_not_fail_with_only_non_responders"/>
    <testcase time="0.00600000000000023" classname="odds_ratio" name="s_odds_ratio_j_does_not_fail_with_only_one_grp"/>
    <testcase time="0.00200000000000244" classname="odds_ratio" name="s_odds_ratio_j_does_not_fail_with_only_one_grp"/>
    <testcase time="0.00799999999999912" classname="odds_ratio" name="or_glm_j_does_not_fail_with_only_non_responders"/>
    <testcase time="0.00499999999999901" classname="odds_ratio" name="or_glm_j_does_not_fail_with_only_non_responders"/>
    <testcase time="0.0500000000000007" classname="odds_ratio" name="a_odds_ratio_j_works_in_a_table_layout_as_expected_for_unstratified_analysis"/>
    <testcase time="0.0579999999999998" classname="odds_ratio" name="a_odds_ratio_j_works_in_a_table_layout_as_expected_for_unstratified_analysis"/>
    <testcase time="0.00199999999999889" classname="odds_ratio" name="a_odds_ratio_j_works_in_a_table_layout_as_expected_for_unstratified_analysis"/>
    <testcase time="0.000999999999997669" classname="odds_ratio" name="a_odds_ratio_j_works_in_a_table_layout_as_expected_for_unstratified_analysis">
      <skipped message="Reason: On CRAN ('test-odds_ratio.R:115:1')"/>
    </testcase>
    <testcase time="0.0480000000000018" classname="odds_ratio" name="a_odds_ratio_j_works_in_a_table_layout_as_expected_for_CMH_analysis"/>
    <testcase time="0.0590000000000011" classname="odds_ratio" name="a_odds_ratio_j_works_in_a_table_layout_as_expected_for_CMH_analysis"/>
    <testcase time="0.00299999999999656" classname="odds_ratio" name="a_odds_ratio_j_works_in_a_table_layout_as_expected_for_CMH_analysis"/>
    <testcase time="0.00100000000000122" classname="odds_ratio" name="a_odds_ratio_j_works_in_a_table_layout_as_expected_for_CMH_analysis">
      <skipped message="Reason: On CRAN ('test-odds_ratio.R:154:1')"/>
    </testcase>
  </testsuite>
  <testsuite name="patyrs-eair100" timestamp="2025-11-19T11:07:40Z" hostname="93e401418414" tests="4" skipped="0" failures="0" errors="0" time="1.403">
    <testcase time="0.251999999999999" classname="patyrs_eair100" name="Check_patient_years_numbers_are_giving_expected_result"/>
    <testcase time="0.383000000000003" classname="patyrs_eair100" name="Check_aeir100_numbers_are_giving_expected_result"/>
    <testcase time="0.384" classname="patyrs_eair100" name="Check_aeir100_numbers_are_giving_expected_result_when_fup_var_argument_is_changed"/>
    <testcase time="0.384" classname="patyrs_eair100" name="Check_aeir100_numbers_are_giving_expected_result_when_occ_dy_argument_is_changed"/>
  </testsuite>
  <testsuite name="pool_rbmi" timestamp="2025-11-19T11:07:41Z" hostname="93e401418414" tests="30" skipped="0" failures="0" errors="0" time="2.423">
    <testcase time="0.0169999999999995" classname="pool_rbmi" name="mod_pool_internal_rubin_combines_results_correctly"/>
    <testcase time="0.00300000000000011" classname="pool_rbmi" name="mod_pool_internal_rubin_combines_results_correctly"/>
    <testcase time="0.00300000000000011" classname="pool_rbmi" name="mod_pool_internal_rubin_combines_results_correctly"/>
    <testcase time="0.00300000000000011" classname="pool_rbmi" name="mod_pool_internal_rubin_combines_results_correctly"/>
    <testcase time="0.00300000000000011" classname="pool_rbmi" name="mod_pool_internal_rubin_combines_results_correctly"/>
    <testcase time="0.00300000000000011" classname="pool_rbmi" name="mod_pool_internal_rubin_combines_results_correctly"/>
    <testcase time="0.00199999999999889" classname="pool_rbmi" name="mod_pool_internal_rubin_combines_results_correctly"/>
    <testcase time="0.00499999999999901" classname="pool_rbmi" name="pool_function_processes_and_returns_combined_results"/>
    <testcase time="0.00300000000000011" classname="pool_rbmi" name="pool_function_processes_and_returns_combined_results"/>
    <testcase time="0.00300000000000011" classname="pool_rbmi" name="pool_function_processes_and_returns_combined_results"/>
    <testcase time="0.00300000000000011" classname="pool_rbmi" name="pool_function_processes_and_returns_combined_results"/>
    <testcase time="0.00300000000000011" classname="pool_rbmi" name="pool_function_processes_and_returns_combined_results"/>
    <testcase time="0.00300000000000011" classname="pool_rbmi" name="pool_function_processes_and_returns_combined_results"/>
    <testcase time="0.00300000000000011" classname="pool_rbmi" name="pool_function_processes_and_returns_combined_results"/>
    <testcase time="0.00199999999999889" classname="pool_rbmi" name="pool_function_processes_and_returns_combined_results"/>
    <testcase time="0.00300000000000011" classname="pool_rbmi" name="pool_function_processes_and_returns_combined_results"/>
    <testcase time="0.00300000000000011" classname="pool_rbmi" name="pool_function_processes_and_returns_combined_results"/>
    <testcase time="0.00300000000000011" classname="pool_rbmi" name="pool_function_processes_and_returns_combined_results"/>
    <testcase time="0.00300000000000011" classname="pool_rbmi" name="pool_function_processes_and_returns_combined_results"/>
    <testcase time="0.00300000000000011" classname="pool_rbmi" name="pool_function_processes_and_returns_combined_results"/>
    <testcase time="0.00300000000000011" classname="pool_rbmi" name="pool_function_processes_and_returns_combined_results"/>
    <testcase time="0.00199999999999889" classname="pool_rbmi" name="pool_function_processes_and_returns_combined_results"/>
    <testcase time="0.00300000000000011" classname="pool_rbmi" name="pool_function_processes_and_returns_combined_results"/>
    <testcase time="0.526" classname="pool_rbmi" name="rbmi_pool_works_fine"/>
    <testcase time="0.648" classname="pool_rbmi" name="rbmi_pool_works_fine"/>
    <testcase time="0.00600000000000023" classname="pool_rbmi" name="rbmi_pool_works_fine"/>
    <testcase time="0.00500000000000256" classname="pool_rbmi" name="rbmi_pool_works_fine"/>
    <testcase time="1.144" classname="pool_rbmi" name="rbmi_pool_works_fine"/>
    <testcase time="0.00600000000000023" classname="pool_rbmi" name="rbmi_pool_works_fine"/>
    <testcase time="0.00600000000000023" classname="pool_rbmi" name="rbmi_pool_works_fine"/>
  </testsuite>
  <testsuite name="proportions" timestamp="2025-11-19T11:07:43Z" hostname="93e401418414" tests="17" skipped="11" failures="0" errors="0" time="0.53">
    <testcase time="0.0169999999999995" classname="proportions" name="s_proportion_factor_works_as_expected">
      <skipped message="Reason: On CRAN ('test-proportions.R:1:1')"/>
    </testcase>
    <testcase time="0.0199999999999996" classname="proportions" name="s_proportion_factor_shows_optional_total_row_on_top">
      <skipped message="Reason: On CRAN ('test-proportions.R:9:1')"/>
    </testcase>
    <testcase time="0.0199999999999996" classname="proportions" name="s_proportion_factor_shows_optional_total_row_in_bottom">
      <skipped message="Reason: On CRAN ('test-proportions.R:18:1')"/>
    </testcase>
    <testcase time="0.0190000000000019" classname="proportions" name="s_proportion_factor_optionally_uses_number_of_non_missing_levels_as_total">
      <skipped message="Reason: On CRAN ('test-proportions.R:28:1')"/>
    </testcase>
    <testcase time="0.0180000000000007" classname="proportions" name="s_proportion_logical_works_as_expected">
      <skipped message="Reason: On CRAN ('test-proportions.R:39:1')"/>
    </testcase>
    <testcase time="0.0179999999999971" classname="proportions" name="c_proportion_logical_works_as_expected">
      <skipped message="Reason: On CRAN ('test-proportions.R:47:1')"/>
    </testcase>
    <testcase time="0.0860000000000021" classname="proportions" name="h_get_design_mat_works_as_expected"/>
    <testcase time="0.00300000000000011" classname="proportions" name="h_get_design_mat_works_as_expected"/>
    <testcase time="0.00600000000000023" classname="proportions" name="a_proportion_ci_logical_works_as_expected"/>
    <testcase time="0.00600000000000023" classname="proportions" name="a_proportion_ci_logical_works_as_expected">
      <skipped message="Reason: On CRAN ('test-proportions.R:80:1')"/>
    </testcase>
    <testcase time="0.0169999999999995" classname="proportions" name="a_proportion_ci_factor_works_as_expected"/>
    <testcase time="0.0069999999999979" classname="proportions" name="a_proportion_ci_factor_works_as_expected">
      <skipped message="Reason: On CRAN ('test-proportions.R:92:1')"/>
    </testcase>
    <testcase time="0.213000000000001" classname="proportions" name="prop_split_fun_works_as_expected">
      <skipped message="Reason: On CRAN ('test-proportions.R:105:1')"/>
    </testcase>
    <testcase time="0.0410000000000004" classname="proportions" name="prop_table_afun_works_as_expected_with_total_row"/>
    <testcase time="0.00100000000000122" classname="proportions" name="prop_table_afun_works_as_expected_with_total_row">
      <skipped message="Reason: On CRAN ('test-proportions.R:112:1')"/>
    </testcase>
    <testcase time="0.036999999999999" classname="proportions" name="prop_table_afun_works_as_expected_by_default_without_total_row"/>
    <testcase time="0.000999999999997669" classname="proportions" name="prop_table_afun_works_as_expected_by_default_without_total_row">
      <skipped message="Reason: On CRAN ('test-proportions.R:170:1')"/>
    </testcase>
  </testsuite>
  <testsuite name="pruning_functions" timestamp="2025-11-19T11:07:45Z" hostname="93e401418414" tests="30" skipped="0" failures="0" errors="0" time="9.578">
    <testcase time="1.457" classname="pruning_functions" name="count_pruner_is_identical_to_standard_pruning_in_cases_where_we_have_all_0_s"/>
    <testcase time="2.553" classname="pruning_functions" name="count_pruner_is_identical_to_standard_pruning_in_cases_where_we_have_all_0_s"/>
    <testcase time="1.089" classname="pruning_functions" name="count_pruner_keeps_everything_if_0_condition_is_not_met"/>
    <testcase time="0.0350000000000001" classname="pruning_functions" name="count_pruner_with_cat_include_removes_text_correctly"/>
    <testcase time="0.0280000000000022" classname="pruning_functions" name="count_pruner_with_cat_include_does_nothing_if_text_is_supplied_and_it_is_not_text_that_is_in_the_table"/>
    <testcase time="0.0619999999999976" classname="pruning_functions" name="count_pruner_does_remove_if_text_is_supplied_and_all_columns_are_0"/>
    <testcase time="0.0549999999999997" classname="pruning_functions" name="remove_rows_does_remove_if_text_is_supplied_as_fixed_and_text_is_matched"/>
    <testcase time="0.0410000000000004" classname="pruning_functions" name="remove_rows_does_remove_if_text_is_supplied_as_fixed_and_text_is_matched"/>
    <testcase time="0.0690000000000026" classname="pruning_functions" name="remove_rows_does_remove_if_text_is_supplied_as_fixed_and_text_is_matched"/>
    <testcase time="0.00300000000000011" classname="pruning_functions" name="remove_rows_does_remove_if_text_is_supplied_as_fixed_and_text_is_matched"/>
    <testcase time="0.00300000000000011" classname="pruning_functions" name="remove_rows_does_remove_if_text_is_supplied_as_fixed_and_text_is_matched"/>
    <testcase time="0.0109999999999992" classname="pruning_functions" name="keep_non_null_rows_pruning_function_or_via_keep_rows"/>
    <testcase time="0.00300000000000011" classname="pruning_functions" name="keep_non_null_rows_pruning_function_or_via_keep_rows"/>
    <testcase time="0.227000000000004" classname="pruning_functions" name="test_keep_non_null_rows"/>
    <testcase time="0.00900000000000034" classname="pruning_functions" name="bspt_pruner_both_fraction_and_diff_from_control_are_NULL"/>
    <testcase time="0.00799999999999557" classname="pruning_functions" name="bspt_pruner_both_fraction_and_diff_from_control_are_NULL"/>
    <testcase time="0.245000000000005" classname="pruning_functions" name="bspt_pruner_with_fraction"/>
    <testcase time="0.364999999999995" classname="pruning_functions" name="bspt_pruner_with_fraction_and_diff_from_control"/>
    <testcase time="0.82" classname="pruning_functions" name="bspt_pruner_with_fraction_and_diff_from_control_and_keeprowtext"/>
    <testcase time="0.00300000000000011" classname="pruning_functions" name="bspt_pruner_with_fraction_and_diff_from_control_and_keeprowtext"/>
    <testcase time="0.172000000000004" classname="pruning_functions" name="count_pruner_in_small_groups"/>
    <testcase time="1.139" classname="pruning_functions" name="bspt_pruner_in_AE_like_tables"/>
    <testcase time="0.00300000000000011" classname="pruning_functions" name="bspt_pruner_in_AE_like_tables"/>
    <testcase time="0.00300000000000011" classname="pruning_functions" name="bspt_pruner_in_AE_like_tables"/>
    <testcase time="0.192" classname="pruning_functions" name="bspt_pruner_with_less_obvious_control_specifications"/>
    <testcase time="0.911000000000001" classname="pruning_functions" name="bspt_pruner_with_less_obvious_control_specifications"/>
    <testcase time="0.00300000000000011" classname="pruning_functions" name="bspt_pruner_with_less_obvious_control_specifications"/>
    <testcase time="0.0450000000000017" classname="pruning_functions" name="check_that_if_all_data_is_pruned_leaving_no_rows_the_outcome_is_the_message"/>
    <testcase time="0.00999999999999801" classname="pruning_functions" name="check_that_if_message_is_changed_this_is_reflected_in_the_final_table_tree"/>
    <testcase time="0.0140000000000029" classname="pruning_functions" name="check_that_when_spancols_TRUE_is_used_then_we_have_expected_behaviour"/>
  </testsuite>
  <testsuite name="rbmi" timestamp="2025-11-19T11:07:53Z" hostname="93e401418414" tests="16" skipped="5" failures="0" errors="0" time="6.22">
    <testcase time="0.0169999999999959" classname="rbmi" name="find_missing_chg_after_avisit_works_as_expected"/>
    <testcase time="0.00300000000000011" classname="rbmi" name="find_missing_chg_after_avisit_works_as_expected"/>
    <testcase time="0.00300000000000011" classname="rbmi" name="find_missing_chg_after_avisit_works_as_expected"/>
    <testcase time="0.0069999999999979" classname="rbmi" name="find_missing_chg_after_avisit_handles_unsorted_input_correctly"/>
    <testcase time="0.00300000000000011" classname="rbmi" name="find_missing_chg_after_avisit_handles_unsorted_input_correctly"/>
    <testcase time="0.00800000000000267" classname="rbmi" name="find_missing_chg_after_avisit_validates_input_correctly"/>
    <testcase time="0.00500000000000256" classname="rbmi" name="find_missing_chg_after_avisit_validates_input_correctly"/>
    <testcase time="0.00499999999999545" classname="rbmi" name="find_missing_chg_after_avisit_validates_input_correctly"/>
    <testcase time="0.00600000000000023" classname="rbmi" name="make_rbmi_cluster_returns_NULL_when_cluster_or_cores_is_1"/>
    <testcase time="0.00400000000000489" classname="rbmi" name="make_rbmi_cluster_exports_objects_and_loads_packages">
      <skipped message="Reason: On CRAN ('test-rbmi.R:76:3')"/>
    </testcase>
    <testcase time="0.0129999999999981" classname="rbmi" name="make_rbmi_cluster_handles_existing_cluster">
      <skipped message="Reason: On CRAN ('test-rbmi.R:117:3')"/>
    </testcase>
    <testcase time="0.0169999999999959" classname="rbmi" name="make_rbmi_cluster_rejects_invalid_cluster_or_cores_parameter"/>
    <testcase time="0.00600000000000023" classname="rbmi" name="par_lapply_works_with_and_without_cluster"/>
    <testcase time="0.00100000000000477" classname="rbmi" name="par_lapply_works_with_and_without_cluster">
      <skipped message="Reason: On CRAN ('test-rbmi.R:148:3')"/>
    </testcase>
    <testcase time="0.0139999999999958" classname="rbmi" name="make_rbmi_cluster_loads_rbmi_namespaces_correctly">
      <skipped message="Reason: On CRAN ('test-rbmi.R:167:3')"/>
    </testcase>
    <testcase time="6.108" classname="rbmi" name="Parallisation_works_with_rbmi_analyse_and_produces_identical_results">
      <skipped message="Reason: On CRAN ('test-rbmi.R:280:3')"/>
    </testcase>
  </testsuite>
  <testsuite name="relative_risk" timestamp="2025-11-19T11:08:00Z" hostname="93e401418414" tests="8" skipped="0" failures="0" errors="0" time="0.129">
    <testcase time="0.0229999999999961" classname="relative_risk" name="s_relative_risk_returns_NA_when_one_group_has_no_responders"/>
    <testcase time="0.00600000000000023" classname="relative_risk" name="s_relative_risk_returns_NA_when_one_group_has_no_responders"/>
    <testcase time="0.00600000000000023" classname="relative_risk" name="prop_ratio_cmh_works_as_expected"/>
    <testcase time="0.00600000000000023" classname="relative_risk" name="prop_ratio_cmh_works_as_expected"/>
    <testcase time="0.00600000000000023" classname="relative_risk" name="prop_ratio_cmh_works_also_with_a_single_stratum"/>
    <testcase time="0.00600000000000023" classname="relative_risk" name="prop_ratio_cmh_works_also_with_a_single_stratum"/>
    <testcase time="0.070999999999998" classname="relative_risk" name="a_relative_risk_in_table_layout_gives_same_results_as_with_SAS"/>
    <testcase time="0.00500000000000256" classname="relative_risk" name="a_relative_risk_in_table_layout_gives_same_results_as_with_SAS"/>
  </testsuite>
  <testsuite name="remove_col_count" timestamp="2025-11-19T11:08:00Z" hostname="93e401418414" tests="1" skipped="0" failures="0" errors="0" time="0.091">
    <testcase time="0.0910000000000011" classname="remove_col_count" name="remove_col_count_works"/>
  </testsuite>
  <testsuite name="resp01_functions" timestamp="2025-11-19T11:08:00Z" hostname="93e401418414" tests="13" skipped="11" failures="0" errors="0" time="0.988">
    <testcase time="0.405999999999999" classname="resp01_functions" name="resp01_split_fun_fct_1_works_as_expected">
      <skipped message="Reason: On CRAN ('test-resp01_functions.R:3:1')"/>
    </testcase>
    <testcase time="0.344000000000001" classname="resp01_functions" name="resp01_split_fun_fct_2_works_as_expected">
      <skipped message="Reason: On CRAN ('test-resp01_functions.R:15:1')"/>
    </testcase>
    <testcase time="0.0200000000000031" classname="resp01_functions" name="resp01_counts_cfun_1_works_as_expected">
      <skipped message="Reason: On CRAN ('test-resp01_functions.R:27:1')"/>
    </testcase>
    <testcase time="0.0149999999999935" classname="resp01_functions" name="resp01_counts_cfun_2_works_as_expected"/>
    <testcase time="0.00600000000000023" classname="resp01_functions" name="resp01_counts_cfun_3_works_as_expected"/>
    <testcase time="0.0130000000000052" classname="resp01_functions" name="resp01_a_comp_stat_logical_or_cmh_works_as_expected">
      <skipped message="Reason: On CRAN ('test-resp01_functions.R:70:1')"/>
    </testcase>
    <testcase time="0.0249999999999986" classname="resp01_functions" name="resp01_a_comp_stat_logical_or_logistic_works_as_expected">
      <skipped message="Reason: On CRAN ('test-resp01_functions.R:98:1')"/>
    </testcase>
    <testcase time="0.019999999999996" classname="resp01_functions" name="resp01_a_comp_stat_logical_rr_works_as_expected">
      <skipped message="Reason: On CRAN ('test-resp01_functions.R:126:1')"/>
    </testcase>
    <testcase time="0.0290000000000035" classname="resp01_functions" name="resp01_a_comp_stat_factor_or_cmh_works_as_expected">
      <skipped message="Reason: On CRAN ('test-resp01_functions.R:155:1')"/>
    </testcase>
    <testcase time="0.0300000000000011" classname="resp01_functions" name="resp01_a_comp_stat_factor_or_logistic_works_as_expected">
      <skipped message="Reason: On CRAN ('test-resp01_functions.R:177:1')"/>
    </testcase>
    <testcase time="0.0219999999999985" classname="resp01_functions" name="resp01_acfun_works_as_expected">
      <skipped message="Reason: On CRAN ('test-resp01_functions.R:200:1')"/>
    </testcase>
    <testcase time="0.0349999999999966" classname="resp01_functions" name="resp01_acfun_works_2_as_expected">
      <skipped message="Reason: On CRAN ('test-resp01_functions.R:224:1')"/>
    </testcase>
    <testcase time="0.0230000000000032" classname="resp01_functions" name="resp01_acfun_3_works_as_expected">
      <skipped message="Reason: On CRAN ('test-resp01_functions.R:256:1')"/>
    </testcase>
  </testsuite>
  <testsuite name="response_by_var" timestamp="2025-11-19T11:08:01Z" hostname="93e401418414" tests="5" skipped="1" failures="0" errors="0" time="0.636">
    <testcase time="0.103000000000002" classname="response_by_var" name="response_by_var_various_scenarios"/>
    <testcase time="0.228999999999999" classname="response_by_var" name="response_by_var_various_scenarios"/>
    <testcase time="0.119" classname="response_by_var" name="response_by_var_various_scenarios"/>
    <testcase time="0.125" classname="response_by_var" name="response_by_var_various_scenarios"/>
    <testcase time="0.0600000000000023" classname="response_by_var" name="response_by_var_various_scenarios">
      <skipped message="Reason: On CRAN ('test-response_by_var.R:18:1')"/>
    </testcase>
  </testsuite>
  <testsuite name="sorting_functions" timestamp="2025-11-19T11:08:02Z" hostname="93e401418414" tests="7" skipped="0" failures="0" errors="0" time="7.689">
    <testcase time="0.543999999999997" classname="sorting_functions" name="jj_complex_scorefun_is_identical_to_standard_sorting_spanningheadercolvar_NA"/>
    <testcase time="0.222999999999999" classname="sorting_functions" name="jj_complex_scorefun_is_identical_to_standard_sorting_spanningheadercolvar_spanhead"/>
    <testcase time="0.228999999999999" classname="sorting_functions" name="jj_complex_scorefun_sorts_correctly_with_colpath"/>
    <testcase time="0.291000000000004" classname="sorting_functions" name="jj_complex_scorefun_places_specified_category_at_the_start_firstcat"/>
    <testcase time="0.296999999999997" classname="sorting_functions" name="jj_complex_scorefun_places_specified_category_at_the_end_lastcat"/>
    <testcase time="3.461" classname="sorting_functions" name="jj_complex_scorefun_uses_first_column_to_sort_usefirstcol"/>
    <testcase time="2.64400000000001" classname="sorting_functions" name="jj_complex_scorefun_uses_first_column_when_no_spanning_header_usefirstcol"/>
  </testsuite>
  <testsuite name="split_functions" timestamp="2025-11-19T11:08:09Z" hostname="93e401418414" tests="11" skipped="0" failures="0" errors="0" time="0.733">
    <testcase time="0.0670000000000002" classname="split_functions" name="cond_rm_facets_works"/>
    <testcase time="0.00499999999999545" classname="split_functions" name="cond_rm_facets_works"/>
    <testcase time="0.00400000000000489" classname="split_functions" name="cond_rm_facets_works"/>
    <testcase time="0.00399999999999778" classname="split_functions" name="cond_rm_facets_works"/>
    <testcase time="0.0899999999999963" classname="split_functions" name="rm_levels_works"/>
    <testcase time="0.132000000000005" classname="split_functions" name="real_add_overall_facet_works"/>
    <testcase time="0.0419999999999945" classname="split_functions" name="make_combo_splitfun_works"/>
    <testcase time="0.00300000000000011" classname="split_functions" name="make_combo_splitfun_works"/>
    <testcase time="0.125" classname="split_functions" name="combine_nonblank_works"/>
    <testcase time="0.0460000000000065" classname="split_functions" name="combine_nonblank_works"/>
    <testcase time="0.214999999999996" classname="split_functions" name="rm_blank_levels_works"/>
  </testsuite>
  <testsuite name="string_to_title" timestamp="2025-11-19T11:08:10Z" hostname="93e401418414" tests="4" skipped="0" failures="0" errors="0" time="0.028">
    <testcase time="0.00999999999999801" classname="string_to_title" name="string_to_title_works_as_expected_for_string"/>
    <testcase time="0.00600000000000023" classname="string_to_title" name="string_to_title_works_as_expected_for_character_vector"/>
    <testcase time="0.00600000000000023" classname="string_to_title" name="string_to_title_works_as_expected_for_factors"/>
    <testcase time="0.00600000000000023" classname="string_to_title" name="string_to_title_works_as_expected_for_factors_missing_levels_"/>
  </testsuite>
  <testsuite name="summarize_ancova" timestamp="2025-11-19T11:08:10Z" hostname="93e401418414" tests="9" skipped="2" failures="0" errors="0" time="0.367">
    <testcase time="0.0219999999999985" classname="summarize_ancova" name="h_ancova_works_as_expected"/>
    <testcase time="0.00200000000000244" classname="summarize_ancova" name="h_ancova_works_as_expected"/>
    <testcase time="0.0279999999999987" classname="summarize_ancova" name="s_ancova_j_works_as_expected"/>
    <testcase time="0.00100000000000477" classname="summarize_ancova" name="s_ancova_j_works_as_expected"/>
    <testcase time="0.0150000000000006" classname="summarize_ancova" name="s_ancova_j_works_as_expected"/>
    <testcase time="0.00499999999999545" classname="summarize_ancova" name="s_ancova_j_works_as_expected"/>
    <testcase time="0.00100000000000477" classname="summarize_ancova" name="s_ancova_j_works_as_expected"/>
    <testcase time="0.0509999999999948" classname="summarize_ancova" name="s_summarize_ancova_works_as_expected">
      <skipped message="Reason: On CRAN ('test-summarize_ancova.R:126:1')"/>
    </testcase>
    <testcase time="0.242000000000004" classname="summarize_ancova" name="a_summarize_ancova_j_works_as_expected_in_table_layout">
      <skipped message="Reason: On CRAN ('test-summarize_ancova.R:145:1')"/>
    </testcase>
  </testsuite>
  <testsuite name="summarize_mmrm" timestamp="2025-11-19T11:08:10Z" hostname="93e401418414" tests="12" skipped="6" failures="0" errors="0" time="2.359">
    <testcase time="0.204999999999998" classname="summarize_mmrm" name="h_summarize_mmrm_works_with_healthy_input"/>
    <testcase time="0.019999999999996" classname="summarize_mmrm" name="h_summarize_mmrm_works_with_healthy_input">
      <skipped message="Reason: On CRAN ('test-summarize_mmrm.R:15:1')"/>
    </testcase>
    <testcase time="0.124000000000002" classname="summarize_mmrm" name="s_summarize_mmrm_works_with_healthy_input_in_non_ref_cell"/>
    <testcase time="0.0120000000000005" classname="summarize_mmrm" name="s_summarize_mmrm_works_with_healthy_input_in_non_ref_cell">
      <skipped message="Reason: On CRAN ('test-summarize_mmrm.R:33:1')"/>
    </testcase>
    <testcase time="0.0200000000000031" classname="summarize_mmrm" name="s_summarize_mmrm_works_with_healthy_input_in_ref_col_cell"/>
    <testcase time="0.00300000000000011" classname="summarize_mmrm" name="s_summarize_mmrm_works_with_healthy_input_in_ref_col_cell">
      <skipped message="Reason: On CRAN ('test-summarize_mmrm.R:70:1')"/>
    </testcase>
    <testcase time="0.0159999999999982" classname="summarize_mmrm" name="s_summarize_mmrm_works_with_healthy_input_in_ref_row_cell"/>
    <testcase time="0.00600000000000023" classname="summarize_mmrm" name="s_summarize_mmrm_works_with_healthy_input_in_ref_row_cell">
      <skipped message="Reason: On CRAN ('test-summarize_mmrm.R:107:1')"/>
    </testcase>
    <testcase time="0.365000000000002" classname="summarize_mmrm" name="a_summarize_mmrm_works_as_expected_in_table_layout"/>
    <testcase time="0.233999999999995" classname="summarize_mmrm" name="a_summarize_mmrm_works_as_expected_in_table_layout">
      <skipped message="Reason: On CRAN ('test-summarize_mmrm.R:144:1')"/>
    </testcase>
    <testcase time="0.823" classname="summarize_mmrm" name="a_summarize_mmrm_works_as_expected_below_row_splits"/>
    <testcase time="0.530999999999999" classname="summarize_mmrm" name="a_summarize_mmrm_works_as_expected_below_row_splits">
      <skipped message="Reason: On CRAN ('test-summarize_mmrm.R:177:1')"/>
    </testcase>
  </testsuite>
  <testsuite name="summarize_row_counts" timestamp="2025-11-19T11:08:13Z" hostname="93e401418414" tests="4" skipped="0" failures="0" errors="0" time="0.501">
    <testcase time="0.178000000000004" classname="summarize_row_counts" name="summarize_row_counts_works_as_expected_without_alt_counts"/>
    <testcase time="0.0769999999999982" classname="summarize_row_counts" name="summarize_row_counts_works_as_expected_without_alt_counts"/>
    <testcase time="0.170000000000002" classname="summarize_row_counts" name="summarize_row_counts_works_as_expected_with_alt_counts"/>
    <testcase time="0.0760000000000005" classname="summarize_row_counts" name="summarize_row_counts_works_as_expected_with_alt_counts"/>
  </testsuite>
  <testsuite name="tabulate_lsmeans" timestamp="2025-11-19T11:08:13Z" hostname="93e401418414" tests="7" skipped="2" failures="0" errors="0" time="1.556">
    <testcase time="0.107999999999997" classname="tabulate_lsmeans" name="s_lsmeans_works_as_expected_with_MMRM_fit_when_not_in_reference_column"/>
    <testcase time="0.000999999999997669" classname="tabulate_lsmeans" name="s_lsmeans_works_as_expected_with_MMRM_fit_when_not_in_reference_column"/>
    <testcase time="0.0130000000000052" classname="tabulate_lsmeans" name="s_lsmeans_works_as_expected_with_MMRM_fit_when_not_in_reference_column">
      <skipped message="Reason: On CRAN ('test-tabulate_lsmeans.R:1:1')"/>
    </testcase>
    <testcase time="0.109999999999999" classname="tabulate_lsmeans" name="summarize_lsmeans_can_show_two_and_one_sided_p_values_correctly"/>
    <testcase time="1.243" classname="tabulate_lsmeans" name="summarize_lsmeans_can_show_two_and_one_sided_p_values_correctly">
      <skipped message="Reason: On CRAN ('test-tabulate_lsmeans.R:49:1')"/>
    </testcase>
    <testcase time="0.0799999999999983" classname="tabulate_lsmeans" name="s_lsmeans_works_as_expected_with_ANCOVA_fit_when_not_in_reference_column"/>
    <testcase time="0.000999999999997669" classname="tabulate_lsmeans" name="s_lsmeans_works_as_expected_with_ANCOVA_fit_when_not_in_reference_column"/>
  </testsuite>
  <testsuite name="tabulate_lsmeans_wide" timestamp="2025-11-19T11:08:15Z" hostname="93e401418414" tests="10" skipped="6" failures="0" errors="0" time="1.569">
    <testcase time="0.0450000000000017" classname="tabulate_lsmeans_wide" name="lsmeans_wide_cfun_works_as_expected">
      <skipped message="Reason: On CRAN ('test-tabulate_lsmeans_wide.R:3:1')"/>
    </testcase>
    <testcase time="0.0309999999999988" classname="tabulate_lsmeans_wide" name="lsmeans_wide_cfun_works_as_expected_with_more_than_one_treatment_group">
      <skipped message="Reason: On CRAN ('test-tabulate_lsmeans_wide.R:121:1')"/>
    </testcase>
    <testcase time="0.0360000000000014" classname="tabulate_lsmeans_wide" name="lsmeans_wide_cfun_works_as_expected_with_more_than_one_treatment_group_for_MMRM_case">
      <skipped message="Reason: On CRAN ('test-tabulate_lsmeans_wide.R:194:1')"/>
    </testcase>
    <testcase time="0.326999999999998" classname="tabulate_lsmeans_wide" name="summarize_lsmeans_wide_works_as_expected"/>
    <testcase time="0.149000000000001" classname="tabulate_lsmeans_wide" name="summarize_lsmeans_wide_works_as_expected">
      <skipped message="Reason: On CRAN ('test-tabulate_lsmeans_wide.R:281:1')"/>
    </testcase>
    <testcase time="0.113" classname="tabulate_lsmeans_wide" name="summarize_lsmeans_wide_works_as_expected_with_more_than_1_treatment_group"/>
    <testcase time="0.280999999999999" classname="tabulate_lsmeans_wide" name="summarize_lsmeans_wide_works_as_expected_with_more_than_1_treatment_group"/>
    <testcase time="0.185000000000002" classname="tabulate_lsmeans_wide" name="summarize_lsmeans_wide_works_as_expected_with_more_than_1_treatment_group">
      <skipped message="Reason: On CRAN ('test-tabulate_lsmeans_wide.R:310:1')"/>
    </testcase>
    <testcase time="0.286000000000001" classname="tabulate_lsmeans_wide" name="summarize_lsmeans_wide_can_omit_variance_and_p_value_columns"/>
    <testcase time="0.116" classname="tabulate_lsmeans_wide" name="summarize_lsmeans_wide_can_omit_variance_and_p_value_columns">
      <skipped message="Reason: On CRAN ('test-tabulate_lsmeans_wide.R:355:1')"/>
    </testcase>
  </testsuite>
  <testsuite name="tabulate_rbmi" timestamp="2025-11-19T11:08:16Z" hostname="93e401418414" tests="13" skipped="1" failures="0" errors="0" time="0.306">
    <testcase time="0.0300000000000011" classname="tabulate_rbmi" name="h_tidy_pool_is_produced_correctly_for_ANCOVA_case"/>
    <testcase time="0.0139999999999958" classname="tabulate_rbmi" name="h_tidy_pool_is_produced_correctly_for_MMRM_case"/>
    <testcase time="0.00399999999999778" classname="tabulate_rbmi" name="h_tidy_pool_is_produced_correctly_for_MMRM_case"/>
    <testcase time="0.00400000000000489" classname="tabulate_rbmi" name="h_tidy_pool_is_produced_correctly_for_MMRM_case"/>
    <testcase time="0.0189999999999984" classname="tabulate_rbmi" name="tidy.pool_is_produced_correctly_for_ANCOVA_case"/>
    <testcase time="0.00900000000000034" classname="tabulate_rbmi" name="tidy.pool_is_produced_correctly_for_MMRM_case"/>
    <testcase time="0.00300000000000011" classname="tabulate_rbmi" name="tidy.pool_is_produced_correctly_for_MMRM_case"/>
    <testcase time="0.00300000000000011" classname="tabulate_rbmi" name="tidy.pool_is_produced_correctly_for_MMRM_case"/>
    <testcase time="0.0159999999999982" classname="tabulate_rbmi" name="s_rbmi_lsmeans_works_with_as_expected_with_.in_ref_col_TRUE"/>
    <testcase time="0.0189999999999984" classname="tabulate_rbmi" name="s_rbmi_lsmeans_works_with_as_expected_with_.in_ref_col_FALSE"/>
    <testcase time="0.0200000000000031" classname="tabulate_rbmi" name="s_rbmi_lsmeans_also_works_with_show_relative_increase"/>
    <testcase time="0.0910000000000011" classname="tabulate_rbmi" name="a_rbmi_lsmeans_works_as_expected_in_table_layout"/>
    <testcase time="0.0739999999999981" classname="tabulate_rbmi" name="a_rbmi_lsmeans_works_as_expected_in_table_layout">
      <skipped message="Reason: On CRAN ('test-tabulate_rbmi.R:284:1')"/>
    </testcase>
  </testsuite>
  <testsuite name="tern_utils_default_stats_formats_labels" timestamp="2025-11-19T11:08:17Z" hostname="93e401418414" tests="49" skipped="4" failures="0" errors="0" time="0.277">
    <testcase time="0.0210000000000008" classname="tern_utils_default_stats_formats_labels" name="tern_get_stats_works_as_expected_for_defaults"/>
    <testcase time="0.00600000000000023" classname="tern_utils_default_stats_formats_labels" name="tern_get_stats_works_as_expected_for_defaults"/>
    <testcase time="0.00500000000000256" classname="tern_utils_default_stats_formats_labels" name="tern_get_stats_works_as_expected_for_defaults"/>
    <testcase time="0.0120000000000005" classname="tern_utils_default_stats_formats_labels" name="tern_get_stats_works_as_expected_for_defaults"/>
    <testcase time="0.00999999999999801" classname="tern_utils_default_stats_formats_labels" name="tern_get_stats_works_as_expected_for_defaults"/>
    <testcase time="0.00399999999999778" classname="tern_utils_default_stats_formats_labels" name="tern_get_stats_works_as_expected_for_defaults"/>
    <testcase time="0.00300000000000011" classname="tern_utils_default_stats_formats_labels" name="tern_get_stats_works_as_expected_for_defaults"/>
    <testcase time="0.000999999999997669" classname="tern_utils_default_stats_formats_labels" name="tern_get_stats_works_as_expected_for_defaults">
      <skipped message="Reason: On CRAN ('test-tern_utils_default_stats_formats_labels.R:15:1')"/>
    </testcase>
    <testcase time="0.0150000000000006" classname="tern_utils_default_stats_formats_labels" name="tern_get_stats_works_well_with_pval"/>
    <testcase time="0.00300000000000011" classname="tern_utils_default_stats_formats_labels" name="tern_get_stats_works_well_with_pval"/>
    <testcase time="0.00300000000000011" classname="tern_utils_default_stats_formats_labels" name="tern_get_stats_works_well_with_pval"/>
    <testcase time="0.00500000000000256" classname="tern_utils_default_stats_formats_labels" name="tern_get_stats_works_well_with_pval"/>
    <testcase time="0.00399999999999778" classname="tern_utils_default_stats_formats_labels" name="tern_get_stats_works_well_with_pval"/>
    <testcase time="0.00500000000000256" classname="tern_utils_default_stats_formats_labels" name="tern_get_stats_works_well_with_pval"/>
    <testcase time="0.00500000000000256" classname="tern_utils_default_stats_formats_labels" name="tern_get_stats_works_as_expected_for_selection_of_stats"/>
    <testcase time="0.00300000000000011" classname="tern_utils_default_stats_formats_labels" name="tern_get_stats_works_as_expected_for_selection_of_stats"/>
    <testcase time="0.00399999999999778" classname="tern_utils_default_stats_formats_labels" name="tern_get_stats_works_as_expected_for_selection_of_stats"/>
    <testcase time="0.00499999999999545" classname="tern_utils_default_stats_formats_labels" name="tern_get_stats_works_as_expected_for_selection_of_stats"/>
    <testcase time="0.00500000000000256" classname="tern_utils_default_stats_formats_labels" name="tern_get_formats_from_stats_works_as_expected"/>
    <testcase time="0.00300000000000011" classname="tern_utils_default_stats_formats_labels" name="tern_get_formats_from_stats_works_as_expected"/>
    <testcase time="0.00300000000000011" classname="tern_utils_default_stats_formats_labels" name="tern_get_formats_from_stats_works_as_expected"/>
    <testcase time="0.00300000000000011" classname="tern_utils_default_stats_formats_labels" name="tern_get_formats_from_stats_works_as_expected"/>
    <testcase time="0.00300000000000011" classname="tern_utils_default_stats_formats_labels" name="tern_get_formats_from_stats_works_as_expected"/>
    <testcase time="0.00300000000000011" classname="tern_utils_default_stats_formats_labels" name="tern_get_formats_from_stats_works_as_expected"/>
    <testcase time="0.00300000000000011" classname="tern_utils_default_stats_formats_labels" name="tern_get_formats_from_stats_works_as_expected"/>
    <testcase time="0.00300000000000011" classname="tern_utils_default_stats_formats_labels" name="tern_get_formats_from_stats_works_as_expected"/>
    <testcase time="0.00500000000000256" classname="tern_utils_default_stats_formats_labels" name="tern_get_labels_from_stats_works_as_expected"/>
    <testcase time="0.00799999999999557" classname="tern_utils_default_stats_formats_labels" name="tern_get_labels_from_stats_works_as_expected"/>
    <testcase time="0.00300000000000011" classname="tern_utils_default_stats_formats_labels" name="tern_get_labels_from_stats_works_as_expected"/>
    <testcase time="0.00300000000000011" classname="tern_utils_default_stats_formats_labels" name="tern_get_labels_from_stats_works_as_expected"/>
    <testcase time="0.00200000000000244" classname="tern_utils_default_stats_formats_labels" name="tern_get_labels_from_stats_works_as_expected"/>
    <testcase time="0.00399999999999778" classname="tern_utils_default_stats_formats_labels" name="tern_get_labels_from_stats_works_as_expected"/>
    <testcase time="0.00100000000000477" classname="tern_utils_default_stats_formats_labels" name="tern_get_labels_from_stats_works_as_expected">
      <skipped message="Reason: On CRAN ('test-tern_utils_default_stats_formats_labels.R:142:1')"/>
    </testcase>
    <testcase time="0.0149999999999935" classname="tern_utils_default_stats_formats_labels" name="tern_get_labels_from_stats_with_labels_in_works_when_adding_levels_to_stats"/>
    <testcase time="0.007000000000005" classname="tern_utils_default_stats_formats_labels" name="tern_get_labels_from_stats_works_fine_for_cases_with_levels"/>
    <testcase time="0.00499999999999545" classname="tern_utils_default_stats_formats_labels" name="tern_get_indents_from_stats_works_as_expected"/>
    <testcase time="0.00800000000000267" classname="tern_utils_default_stats_formats_labels" name="tern_get_indents_from_stats_works_as_expected"/>
    <testcase time="0.00300000000000011" classname="tern_utils_default_stats_formats_labels" name="tern_get_indents_from_stats_works_as_expected"/>
    <testcase time="0.00300000000000011" classname="tern_utils_default_stats_formats_labels" name="tern_get_indents_from_stats_works_as_expected"/>
    <testcase time="0.000999999999997669" classname="tern_utils_default_stats_formats_labels" name="tern_get_indents_from_stats_works_as_expected">
      <skipped message="Reason: On CRAN ('test-tern_utils_default_stats_formats_labels.R:253:1')"/>
    </testcase>
    <testcase time="0.0150000000000006" classname="tern_utils_default_stats_formats_labels" name="tern_get_labels_from_stats_correctly_combines_labels_in_and_label_attr_from_stats"/>
    <testcase time="0.00600000000000023" classname="tern_utils_default_stats_formats_labels" name=".unlist_keep_nulls_works_as_expected_non_recursively"/>
    <testcase time="0.007000000000005" classname="tern_utils_default_stats_formats_labels" name=".unlist_keep_nulls_works_as_expected_non_recursively_with_NA"/>
    <testcase time="0.00599999999999312" classname="tern_utils_default_stats_formats_labels" name=".split_std_from_custom_stats_works_as_expected_with_a_list"/>
    <testcase time="0.00100000000000477" classname="tern_utils_default_stats_formats_labels" name=".split_std_from_custom_stats_works_as_expected_with_a_list"/>
    <testcase time="0.00300000000000011" classname="tern_utils_default_stats_formats_labels" name=".split_std_from_custom_stats_works_as_expected_with_a_list"/>
    <testcase time="0.00900000000000034" classname="tern_utils_default_stats_formats_labels" name=".split_std_from_custom_stats_works_as_expected_with_a_single_input">
      <skipped message="Reason: On CRAN ('test-tern_utils_default_stats_formats_labels.R:315:1')"/>
    </testcase>
    <testcase time="0.0150000000000006" classname="tern_utils_default_stats_formats_labels" name=".apply_stat_functions_works_as_expected_without_custom_stat_functions"/>
    <testcase time="0.0069999999999979" classname="tern_utils_default_stats_formats_labels" name=".apply_stat_functions_works_as_expected_with_custom_stat_functions"/>
  </testsuite>
  <testsuite name="test_proportion_diff" timestamp="2025-11-19T11:08:17Z" hostname="93e401418414" tests="22" skipped="6" failures="0" errors="0" time="0.251">
    <testcase time="0.0259999999999962" classname="test_proportion_diff" name="s_test_proportion_diff_works_as_expected">
      <skipped message="Reason: On CRAN ('test-test_proportion_diff.R:1:1')"/>
    </testcase>
    <testcase time="0.0450000000000017" classname="test_proportion_diff" name="a_test_proportion_diff_works_as_expected_in_table_layout"/>
    <testcase time="0.0300000000000011" classname="test_proportion_diff" name="a_test_proportion_diff_works_as_expected_in_table_layout">
      <skipped message="Reason: On CRAN ('test-test_proportion_diff.R:40:1')"/>
    </testcase>
    <testcase time="0.0240000000000009" classname="test_proportion_diff" name="prop_chisq_returns_right_result"/>
    <testcase time="0.00600000000000023" classname="test_proportion_diff" name="prop_chisq_returns_right_result"/>
    <testcase time="0.00600000000000023" classname="test_proportion_diff" name="prop_chisq_returns_right_result"/>
    <testcase time="0.00500000000000256" classname="test_proportion_diff" name="prop_chisq_returns_right_result">
      <skipped message="Reason: On CRAN ('test-test_proportion_diff.R:68:1')"/>
    </testcase>
    <testcase time="0.0149999999999935" classname="test_proportion_diff" name="prop_cmh_returns_right_result"/>
    <testcase time="0.00600000000000023" classname="test_proportion_diff" name="prop_cmh_returns_right_result"/>
    <testcase time="0.00600000000000023" classname="test_proportion_diff" name="prop_cmh_returns_right_result"/>
    <testcase time="0.00500000000000256" classname="test_proportion_diff" name="prop_cmh_returns_right_result">
      <skipped message="Reason: On CRAN ('test-test_proportion_diff.R:91:1')"/>
    </testcase>
    <testcase time="0.0180000000000007" classname="test_proportion_diff" name="prop_cmh_also_works_when_there_are_strata_with_just_one_observation"/>
    <testcase time="0.000999999999997669" classname="test_proportion_diff" name="prop_cmh_also_works_when_there_are_strata_with_just_one_observation"/>
    <testcase time="0.0100000000000051" classname="test_proportion_diff" name="prop_cmh_also_works_when_there_are_strata_with_just_one_observation"/>
    <testcase time="0.000999999999997669" classname="test_proportion_diff" name="prop_cmh_also_works_when_there_are_strata_with_just_one_observation"/>
    <testcase time="0.00900000000000034" classname="test_proportion_diff" name="prop_cmh_also_works_when_there_are_strata_with_just_one_observation"/>
    <testcase time="0.00199999999999534" classname="test_proportion_diff" name="prop_cmh_also_works_when_there_are_strata_with_just_one_observation"/>
    <testcase time="0.00500000000000256" classname="test_proportion_diff" name="prop_cmh_also_works_when_there_are_strata_with_just_one_observation">
      <skipped message="Reason: On CRAN ('test-test_proportion_diff.R:112:1')"/>
    </testcase>
    <testcase time="0.0150000000000006" classname="test_proportion_diff" name="prop_fisher_returns_right_result"/>
    <testcase time="0.00500000000000256" classname="test_proportion_diff" name="prop_fisher_returns_right_result"/>
    <testcase time="0.00600000000000023" classname="test_proportion_diff" name="prop_fisher_returns_right_result"/>
    <testcase time="0.00499999999999545" classname="test_proportion_diff" name="prop_fisher_returns_right_result">
      <skipped message="Reason: On CRAN ('test-test_proportion_diff.R:171:1')"/>
    </testcase>
  </testsuite>
  <testsuite name="titles_file" timestamp="2025-11-19T11:08:17Z" hostname="93e401418414" tests="6" skipped="0" failures="0" errors="0" time="0.061">
    <testcase time="0.0220000000000056" classname="titles_file" name="title_files_work"/>
    <testcase time="0.00499999999999545" classname="titles_file" name="title_files_work"/>
    <testcase time="0.0240000000000009" classname="titles_file" name="title_files_work"/>
    <testcase time="0.00300000000000011" classname="titles_file" name="title_files_work"/>
    <testcase time="0.00200000000000244" classname="titles_file" name="title_files_work"/>
    <testcase time="0.00499999999999545" classname="titles_file" name="title_files_work"/>
  </testsuite>
  <testsuite name="tt_to_tblfile" timestamp="2025-11-19T11:08:17Z" hostname="93e401418414" tests="28" skipped="0" failures="4" errors="4" time="24.843">
    <testcase time="6.08000000000001" classname="tt_to_tblfile" name="tt_to_tlgrtf_works_with_input_Table_and_fontspec_size_8"/>
    <testcase time="0.182999999999993" classname="tt_to_tblfile" name="tt_to_tlgrtf_works_with_an_empty_listing">
      <failure type="failure" message="Adding new file snapshot: 'tests/testthat/_snaps/tt_to_tblfile/testemptylisting.rtf' ('test-tt_to_tblfile.R:52:3')">Adding new file snapshot: 'tests/testthat/_snaps/tt_to_tblfile/testemptylisting.rtf'</failure>
    </testcase>
    <testcase time="0.0170000000000101" classname="tt_to_tblfile" name="tt_to_tlgrtf_works_with_an_empty_listing">
      <error type="error" message="Error in `!equal`: invalid argument type ('test-tt_to_tblfile.R:52:3')">Error in `!equal`: invalid argument type
Backtrace:
    x
 1. \-testthat::expect_snapshot_file(...) at test-tt_to_tblfile.R:52:3</error>
    </testcase>
    <testcase time="0.0389999999999873" classname="tt_to_tblfile" name="get_ncol_works_as_expected"/>
    <testcase time="1.80300000000001" classname="tt_to_tblfile" name="get_ncol_works_as_expected"/>
    <testcase time="0.402999999999992" classname="tt_to_tblfile" name="get_ncol_works_as_expected"/>
    <testcase time="0.00300000000000011" classname="tt_to_tblfile" name="get_ncol_works_as_expected"/>
    <testcase time="0.00300000000000011" classname="tt_to_tblfile" name="get_ncol_works_as_expected"/>
    <testcase time="6.366" classname="tt_to_tblfile" name="tt_to_tlgrtf_works_with_wide_table"/>
    <testcase time="0.007000000000005" classname="tt_to_tblfile" name="tt_to_tlgrtf_works_with_wide_table">
      <failure type="failure" message="Adding new file snapshot: 'tests/testthat/_snaps/tt_to_tblfile/test2part1of7.rtf' ('test-tt_to_tblfile.R:98:5')">Adding new file snapshot: 'tests/testthat/_snaps/tt_to_tblfile/test2part1of7.rtf'</failure>
    </testcase>
    <testcase time="0.0139999999999958" classname="tt_to_tblfile" name="tt_to_tlgrtf_works_with_wide_table">
      <error type="error" message="Error in `!equal`: invalid argument type ('test-tt_to_tblfile.R:98:5')">Error in `!equal`: invalid argument type
Backtrace:
    x
 1. \-testthat::expect_snapshot_file(fl, cran = TRUE) at test-tt_to_tblfile.R:98:5</error>
    </testcase>
    <testcase time="8.044" classname="tt_to_tblfile" name="tt_to_tlgrtf_works_with_argument_combined_rtf_TRUE"/>
    <testcase time="0.007000000000005" classname="tt_to_tblfile" name="tt_to_tlgrtf_works_with_argument_combined_rtf_TRUE">
      <failure type="failure" message="Adding new file snapshot: 'tests/testthat/_snaps/tt_to_tblfile/test3allparts.rtf' ('test-tt_to_tblfile.R:116:3')">Adding new file snapshot: 'tests/testthat/_snaps/tt_to_tblfile/test3allparts.rtf'</failure>
    </testcase>
    <testcase time="0.0150000000000006" classname="tt_to_tblfile" name="tt_to_tlgrtf_works_with_argument_combined_rtf_TRUE">
      <error type="error" message="Error in `!equal`: invalid argument type ('test-tt_to_tblfile.R:116:3')">Error in `!equal`: invalid argument type
Backtrace:
    x
 1. \-testthat::expect_snapshot_file(cmb_fl, cran = TRUE) at test-tt_to_tblfile.R:116:3</error>
    </testcase>
    <testcase time="0.283000000000001" classname="tt_to_tblfile" name="tt_to_tlgrtf_converts_table_tree_to_tlg_without_error">
      <failure type="failure" message="Adding new file snapshot: 'tests/testthat/_snaps/tt_to_tblfile/test1.rtf' ('test-tt_to_tblfile.R:131:3')">Adding new file snapshot: 'tests/testthat/_snaps/tt_to_tblfile/test1.rtf'</failure>
    </testcase>
    <testcase time="0.0150000000000006" classname="tt_to_tblfile" name="tt_to_tlgrtf_converts_table_tree_to_tlg_without_error">
      <error type="error" message="Error in `!equal`: invalid argument type ('test-tt_to_tblfile.R:131:3')">Error in `!equal`: invalid argument type
Backtrace:
    x
 1. \-testthat::expect_snapshot_file(...) at test-tt_to_tblfile.R:131:3</error>
    </testcase>
    <testcase time="0.0190000000000055" classname="tt_to_tblfile" name="cwidths_final_adj_calculates_adjusted_column_widths_correctly"/>
    <testcase time="0.00399999999999068" classname="tt_to_tblfile" name="cwidths_final_adj_calculates_adjusted_column_widths_correctly"/>
    <testcase time="0.00600000000000023" classname="tt_to_tblfile" name="make_bordmat_row_creates_border_matrix_row_correctly"/>
    <testcase time="0.00100000000000477" classname="tt_to_tblfile" name="make_bordmat_row_creates_border_matrix_row_correctly"/>
    <testcase time="0.00300000000000011" classname="tt_to_tblfile" name="make_bordmat_row_creates_border_matrix_row_correctly"/>
    <testcase time="0.259999999999991" classname="tt_to_tblfile" name="tt_to_tlgrtf_validates_table_structure_correctly"/>
    <testcase time="0.203000000000003" classname="tt_to_tblfile" name="tt_to_tlgrtf_validates_table_structure_correctly"/>
    <testcase time="0.207000000000008" classname="tt_to_tblfile" name="tt_to_tlgrtf_validates_table_structure_correctly"/>
    <testcase time="0.257999999999996" classname="tt_to_tblfile" name="tt_to_tlgrtf_does_not_warn_for_valid_table_structures"/>
    <testcase time="0.247" classname="tt_to_tblfile" name="tt_to_tlgrtf_respects_JUNCO_DISABLE_VALIDATION_environment_variable"/>
    <testcase time="0.349999999999994" classname="tt_to_tblfile" name="more_top_left_than_col_headers_works"/>
    <testcase time="0.00300000000000011" classname="tt_to_tblfile" name="more_top_left_than_col_headers_works"/>
  </testsuite>
  <testsuite name="varia" timestamp="2025-11-19T11:08:42Z" hostname="93e401418414" tests="16" skipped="0" failures="0" errors="0" time="2.507">
    <testcase time="0.0480000000000018" classname="varia" name="a_freq_j_works_old_count_unq_case_"/>
    <testcase time="0.0350000000000108" classname="varia" name="a_freq_j_works_old_count_unq_case_"/>
    <testcase time="0.143999999999991" classname="varia" name="a_freq_subcol_j_works_old_case_of_cpct_subcol_"/>
    <testcase time="0.525000000000006" classname="varia" name="a_freq_combos_j_old_cpct_filter_combos_case_works"/>
    <testcase time="0.60199999999999" classname="varia" name="_a_freq_j_works"/>
    <testcase time="0.224000000000004" classname="varia" name="a_freq_j_works_old_count_subject_case_"/>
    <testcase time="0.488" classname="varia" name="a_freq_j_works_old_count_subject_case_"/>
    <testcase time="0.00900000000000034" classname="varia" name="a_freq_j_works_old_count_subject_case_"/>
    <testcase time="0.00800000000000978" classname="varia" name="a_freq_j_works_old_count_subject_case_"/>
    <testcase time="0.0699999999999932" classname="varia" name="_a_freq_j_works"/>
    <testcase time="0.0829999999999984" classname="varia" name="a_freq_j_works_old_a_countpat_newlevels_case_"/>
    <testcase time="0.0130000000000052" classname="varia" name="a_freq_j_works_old_a_countpat_newlevels_case_"/>
    <testcase time="0.00199999999999534" classname="varia" name="a_freq_j_works_old_a_countpat_newlevels_case_"/>
    <testcase time="0.198000000000008" classname="varia" name="a_summarize_ex_j_works"/>
    <testcase time="0.0249999999999915" classname="varia" name="a_summarize_ex_j_works"/>
    <testcase time="0.0330000000000013" classname="varia" name="a_summarize_ex_j_works"/>
  </testsuite>
  <testsuite name="visit_levels" timestamp="2025-11-19T11:08:45Z" hostname="93e401418414" tests="8" skipped="0" failures="0" errors="0" time="0.042">
    <testcase time="0.0109999999999957" classname="visit_levels" name="get_visit_levels_returns_visit_levels_in_correct_order"/>
    <testcase time="0.00300000000000011" classname="visit_levels" name="get_visit_levels_returns_visit_levels_in_correct_order"/>
    <testcase time="0.00400000000000489" classname="visit_levels" name="get_visit_levels_returns_visit_levels_in_correct_order"/>
    <testcase time="0.00300000000000011" classname="visit_levels" name="get_visit_levels_returns_visit_levels_in_correct_order"/>
    <testcase time="0.00799999999999557" classname="visit_levels" name="get_visit_levels_validates_input_correctly"/>
    <testcase time="0.00500000000000966" classname="visit_levels" name="get_visit_levels_validates_input_correctly"/>
    <testcase time="0.00300000000000011" classname="visit_levels" name="get_visit_levels_validates_input_correctly"/>
    <testcase time="0.00499999999999545" classname="visit_levels" name="get_visit_levels_validates_input_correctly"/>
  </testsuite>
</testsuites>
