<?xml version="1.0" encoding="UTF-8"?>
<testsuites>
  <testsuite name="a_freq_resp_var_j" timestamp="2025-11-14T15:52:10Z" hostname="d69da1ca75aa" tests="9" skipped="0" failures="0" errors="0" time="0.675">
    <testcase time="0.195" classname="a_freq_resp_var_j" name="a_freq_resp_var_j_works_as_expected_with_basic_usage"/>
    <testcase time="0.108" classname="a_freq_resp_var_j" name="a_freq_resp_var_j_works_as_expected_with_basic_usage"/>
    <testcase time="0.0089999999999999" classname="a_freq_resp_var_j" name="a_freq_resp_var_j_works_as_expected_with_basic_usage"/>
    <testcase time="0.0720000000000001" classname="a_freq_resp_var_j" name="a_freq_resp_var_j_works_with_factor_responses"/>
    <testcase time="0.0740000000000003" classname="a_freq_resp_var_j" name="a_freq_resp_var_j_handles_missing_values_correctly"/>
    <testcase time="0.0449999999999999" classname="a_freq_resp_var_j" name="a_freq_resp_var_j_errors_on_invalid_responses"/>
    <testcase time="0.0470000000000002" classname="a_freq_resp_var_j" name="a_freq_resp_var_j_errors_when_resp_var_is_null"/>
    <testcase time="0.0629999999999997" classname="a_freq_resp_var_j" name="a_freq_resp_var_j_works_with_drop_levels_parameter"/>
    <testcase time="0.0620000000000003" classname="a_freq_resp_var_j" name="a_freq_resp_var_j_works_with_riskdiff_parameter"/>
  </testsuite>
  <testsuite name="a_maxlev" timestamp="2025-11-14T15:52:10Z" hostname="d69da1ca75aa" tests="9" skipped="0" failures="0" errors="0" time="0.732">
    <testcase time="0.194" classname="a_maxlev" name="a_maxlev_produces_correct_numbers_for_single_treatment_per_subject"/>
    <testcase time="0.0579999999999998" classname="a_maxlev" name="a_maxlev_produces_correct_numbers_for_single_treatment_per_subject"/>
    <testcase time="0.139" classname="a_maxlev" name="a_maxlev_produces_correct_numbers_for_sequence_of_treatments_missing_values_"/>
    <testcase time="0.052" classname="a_maxlev" name="a_maxlev_produces_correct_numbers_for_sequence_of_treatments_missing_values_"/>
    <testcase time="0.0869999999999997" classname="a_maxlev" name="a_maxlev_produces_correct_numbers_for_sequence_of_treatments_all_values_are_missing_for_one_treatement_"/>
    <testcase time="0.0499999999999998" classname="a_maxlev" name="a_maxlev_produces_correct_numbers_for_sequence_of_treatments_all_values_are_missing_for_one_treatement_"/>
    <testcase time="0.0660000000000003" classname="a_maxlev" name="a_maxlev_produces_correct_numbers_when_any_level_is_active_for_custom_level_excl._"/>
    <testcase time="0.0350000000000001" classname="a_maxlev" name="a_maxlev_produces_correct_numbers_when_any_level_is_active_for_custom_level_excl._"/>
    <testcase time="0.0509999999999997" classname="a_maxlev" name="a_maxlev_throws_an_error_for_not_ordered_variable"/>
  </testsuite>
  <testsuite name="a_summarize_aval_chg_diff" timestamp="2025-11-14T15:52:11Z" hostname="d69da1ca75aa" tests="7" skipped="0" failures="0" errors="0" time="0.453">
    <testcase time="0.028" classname="a_summarize_aval_chg_diff" name="a_summarize_aval_chg_diff_j_works_as_expected"/>
    <testcase time="0.141" classname="a_summarize_aval_chg_diff" name="a_summarize_aval_chg_diff_j_works_as_expected"/>
    <testcase time="0.00200000000000022" classname="a_summarize_aval_chg_diff" name="a_summarize_aval_chg_diff_j_works_as_expected"/>
    <testcase time="0.004" classname="a_summarize_aval_chg_diff" name="a_summarize_aval_chg_diff_j_works_as_expected"/>
    <testcase time="0.273" classname="a_summarize_aval_chg_diff" name="a_summarize_aval_chg_diff_j_works_with_ancova_TRUE"/>
    <testcase time="0.000999999999999446" classname="a_summarize_aval_chg_diff" name="a_summarize_aval_chg_diff_j_works_with_ancova_TRUE"/>
    <testcase time="0.00399999999999956" classname="a_summarize_aval_chg_diff" name="a_summarize_aval_chg_diff_j_works_with_ancova_TRUE"/>
  </testsuite>
  <testsuite name="analyze_values" timestamp="2025-11-14T15:52:12Z" hostname="d69da1ca75aa" tests="7" skipped="0" failures="0" errors="0" time="0.118">
    <testcase time="0.0180000000000007" classname="analyze_values" name="analyze_values_correctly_modifies_layout_with_proper_formats"/>
    <testcase time="0.085" classname="analyze_values" name="analyze_values_correctly_modifies_layout_with_proper_formats"/>
    <testcase time="0.00300000000000011" classname="analyze_values" name="analyze_values_correctly_modifies_layout_with_proper_formats"/>
    <testcase time="0.00299999999999923" classname="analyze_values" name="analyze_values_correctly_modifies_layout_with_proper_formats"/>
    <testcase time="0.00300000000000011" classname="analyze_values" name="analyze_values_correctly_modifies_layout_with_proper_formats"/>
    <testcase time="0.00300000000000011" classname="analyze_values" name="analyze_values_correctly_modifies_layout_with_proper_formats"/>
    <testcase time="0.00300000000000011" classname="analyze_values" name="analyze_values_correctly_modifies_layout_with_proper_formats"/>
  </testsuite>
  <testsuite name="ancova" timestamp="2025-11-14T15:52:12Z" hostname="d69da1ca75aa" tests="3" skipped="0" failures="0" errors="0" time="0.728">
    <testcase time="0.204" classname="ancova" name="fit_ancova_works_as_expected"/>
    <testcase time="0.00100000000000033" classname="ancova" name="fit_ancova_works_as_expected"/>
    <testcase time="0.523" classname="ancova" name="fit_ancova_works_as_expected"/>
  </testsuite>
  <testsuite name="ancova_rbmi" timestamp="2025-11-14T15:52:13Z" hostname="d69da1ca75aa" tests="7" skipped="0" failures="0" errors="0" time="0.101">
    <testcase time="0.0380000000000003" classname="ancova_rbmi" name="rbmi_ancova_single_works_also_with_multiple_treatment_arms"/>
    <testcase time="0.00300000000000011" classname="ancova_rbmi" name="rbmi_ancova_single_works_also_with_multiple_treatment_arms"/>
    <testcase time="0.0190000000000001" classname="ancova_rbmi" name="ancova_now_works_also_with_multiple_treatment_arms"/>
    <testcase time="0.0110000000000001" classname="ancova_rbmi" name="ancova_now_works_also_with_multiple_treatment_arms"/>
    <testcase time="0.00999999999999979" classname="ancova_rbmi" name="ancova_now_works_also_with_multiple_treatment_arms"/>
    <testcase time="0.0169999999999995" classname="ancova_rbmi" name="ancova_now_works_also_with_multiple_treatment_arms"/>
    <testcase time="0.00300000000000011" classname="ancova_rbmi" name="ancova_now_works_also_with_multiple_treatment_arms"/>
  </testsuite>
  <testsuite name="blank_line" timestamp="2025-11-14T15:52:13Z" hostname="d69da1ca75aa" tests="15" skipped="0" failures="0" errors="0" time="0.797">
    <testcase time="0.260000000000001" classname="blank_line" name="insert_blank_line_works_as_expected"/>
    <testcase time="0.151" classname="blank_line" name="insert_blank_line_works_as_expected"/>
    <testcase time="0.234999999999999" classname="blank_line" name="insert_blank_line_optionally_uses_custom_table_names"/>
    <testcase time="0.130000000000001" classname="blank_line" name="insert_blank_line_optionally_uses_custom_table_names"/>
    <testcase time="0.00299999999999923" classname="blank_line" name="insert_blank_line_optionally_uses_custom_table_names"/>
    <testcase time="0.00300000000000011" classname="blank_line" name="insert_blank_line_optionally_uses_custom_table_names"/>
    <testcase time="0.00300000000000011" classname="blank_line" name="insert_blank_line_optionally_uses_custom_table_names"/>
    <testcase time="0.00300000000000011" classname="blank_line" name="insert_blank_line_optionally_uses_custom_table_names"/>
    <testcase time="0.00199999999999978" classname="blank_line" name="insert_blank_line_optionally_uses_custom_table_names"/>
    <testcase time="0.00200000000000067" classname="blank_line" name="insert_blank_line_optionally_uses_custom_table_names"/>
    <testcase time="0.000999999999999446" classname="blank_line" name="insert_blank_line_optionally_uses_custom_table_names"/>
    <testcase time="0.00100000000000033" classname="blank_line" name="insert_blank_line_optionally_uses_custom_table_names"/>
    <testcase time="0.000999999999999446" classname="blank_line" name="insert_blank_line_optionally_uses_custom_table_names"/>
    <testcase time="0.00100000000000033" classname="blank_line" name="insert_blank_line_optionally_uses_custom_table_names"/>
    <testcase time="0.00100000000000033" classname="blank_line" name="insert_blank_line_optionally_uses_custom_table_names"/>
  </testsuite>
  <testsuite name="cmp_functions" timestamp="2025-11-14T15:52:13Z" hostname="d69da1ca75aa" tests="4" skipped="0" failures="0" errors="0" time="0.252">
    <testcase time="0.214" classname="cmp_functions" name="cmp_split_fun_works_as_expected"/>
    <testcase time="0.0129999999999999" classname="cmp_functions" name="cmp_cfun_works_correctly_for_expected_column"/>
    <testcase time="0.0129999999999999" classname="cmp_functions" name="cmp_cfun_works_correctly_for_received_column"/>
    <testcase time="0.0120000000000005" classname="cmp_functions" name="cmp_cfun_works_correctly_for_missing_column"/>
  </testsuite>
  <testsuite name="column_stats" timestamp="2025-11-14T15:52:14Z" hostname="d69da1ca75aa" tests="29" skipped="0" failures="0" errors="0" time="0.129">
    <testcase time="0.0119999999999996" classname="column_stats" name="column_stats_returns_correct_row_values_for_AVAL_mean"/>
    <testcase time="0.00400000000000045" classname="column_stats" name="column_stats_returns_correct_row_values_for_AVAL_mean"/>
    <testcase time="0.00300000000000011" classname="column_stats" name="column_stats_returns_correct_row_values_for_AVAL_mean"/>
    <testcase time="0.000999999999999446" classname="column_stats" name="column_stats_returns_correct_row_values_for_AVAL_mean"/>
    <testcase time="0.00100000000000033" classname="column_stats" name="column_stats_returns_correct_row_values_for_AVAL_mean"/>
    <testcase time="0.00100000000000033" classname="column_stats" name="column_stats_returns_correct_row_values_for_AVAL_mean"/>
    <testcase time="0.00699999999999967" classname="column_stats" name="column_stats_excludes_Baseline_for_CHG_stat_N"/>
    <testcase time="0.00300000000000011" classname="column_stats" name="column_stats_excludes_Baseline_for_CHG_stat_N"/>
    <testcase time="0.00199999999999978" classname="column_stats" name="column_stats_excludes_Baseline_for_CHG_stat_N"/>
    <testcase time="0.00199999999999978" classname="column_stats" name="column_stats_excludes_Baseline_for_CHG_stat_N"/>
    <testcase time="0.00300000000000011" classname="column_stats" name="column_stats_excludes_Baseline_for_CHG_stat_N"/>
    <testcase time="0.00700000000000056" classname="column_stats" name="column_stats_calculates_SD_statistic_correctly"/>
    <testcase time="0.00800000000000001" classname="column_stats" name="column_stats_calculates_mean_sd_statistic_correctly"/>
    <testcase time="0.00699999999999967" classname="column_stats" name="column_stats_calculates_SE_statistic_correctly"/>
    <testcase time="0.00699999999999967" classname="column_stats" name="column_stats_calculates_Med_Min_Max_correctly"/>
    <testcase time="0.00400000000000045" classname="column_stats" name="column_stats_calculates_Med_Min_Max_correctly"/>
    <testcase time="0.00399999999999956" classname="column_stats" name="column_stats_calculates_Med_Min_Max_correctly"/>
    <testcase time="0.00700000000000056" classname="column_stats" name="column_stats_handles_BASE_variable_correctly"/>
    <testcase time="0.00300000000000011" classname="column_stats" name="column_stats_handles_BASE_variable_correctly"/>
    <testcase time="0.00599999999999934" classname="column_stats" name="column_stats_handles_iec_roundmethod_correctly"/>
    <testcase time="0.00400000000000045" classname="column_stats" name="column_stats_handles_iec_roundmethod_correctly"/>
    <testcase time="0.00300000000000011" classname="column_stats" name="column_stats_handles_iec_roundmethod_correctly"/>
    <testcase time="0.00300000000000011" classname="column_stats" name="column_stats_handles_iec_roundmethod_correctly"/>
    <testcase time="0.00199999999999978" classname="column_stats" name="column_stats_handles_iec_roundmethod_correctly"/>
    <testcase time="0.00300000000000011" classname="column_stats" name="column_stats_handles_iec_roundmethod_correctly"/>
    <testcase time="0.00399999999999956" classname="column_stats" name="column_stats_handles_iec_roundmethod_correctly"/>
    <testcase time="0.00199999999999978" classname="column_stats" name="column_stats_handles_iec_roundmethod_correctly"/>
    <testcase time="0.00300000000000011" classname="column_stats" name="column_stats_handles_iec_roundmethod_correctly"/>
    <testcase time="0.0129999999999999" classname="column_stats" name="calc_N_returns_NULL_for_non_AVAL_variables"/>
  </testsuite>
  <testsuite name="colwidths" timestamp="2025-11-14T15:52:14Z" hostname="d69da1ca75aa" tests="11" skipped="0" failures="0" errors="0" time="0.522">
    <testcase time="0.147" classname="colwidths" name="ttype_wrap_vec_works_as_expected"/>
    <testcase time="0.0550000000000006" classname="colwidths" name="check_wrap_nobreak_works_as_expected"/>
    <testcase time="0.0559999999999992" classname="colwidths" name="check_wrap_nobreak_works_as_expected"/>
    <testcase time="0.0690000000000008" classname="colwidths" name="def_colwidths_works_as_expected"/>
    <testcase time="0.109999999999999" classname="colwidths" name="listing_column_widths_works_as_expected"/>
    <testcase time="0.00300000000000011" classname="colwidths" name="listing_column_widths_works_as_expected"/>
    <testcase time="0.0540000000000003" classname="colwidths" name="find_free_colspc_works_as_expected"/>
    <testcase time="0.00899999999999945" classname="colwidths" name="smart_colwidths_1page_works_as_expected"/>
    <testcase time="0.00400000000000045" classname="colwidths" name="smart_colwidths_1page_works_as_expected"/>
    <testcase time="0.00699999999999967" classname="colwidths" name="smart_colwidths_1page_works_as_expected"/>
    <testcase time="0.00800000000000001" classname="colwidths" name="spaces_to_inches_works_as_expected"/>
  </testsuite>
  <testsuite name="count_pct" timestamp="2025-11-14T15:52:14Z" hostname="d69da1ca75aa" tests="24" skipped="0" failures="0" errors="0" time="7.577">
    <testcase time="0.252" classname="count_pct" name="a_freq_j_with_val_NA_and_denom_option"/>
    <testcase time="0.232" classname="count_pct" name="a_freq_j_with_val_NA_and_denom_option"/>
    <testcase time="0.183" classname="count_pct" name="a_freq_j_with_val_NA_and_denom_option"/>
    <testcase time="0.107" classname="count_pct" name="a_freq_j_with_specific_val_CHN_and_denom_option"/>
    <testcase time="0.117" classname="count_pct" name="a_freq_j_with_specific_val_CHN_and_denom_option"/>
    <testcase time="0.115" classname="count_pct" name="a_freq_j_with_specific_val_CHN_and_denom_option"/>
    <testcase time="0.166" classname="count_pct" name="a_freq_j_with_N_only"/>
    <testcase time="0.161999999999999" classname="count_pct" name="a_freq_j_with_N_only"/>
    <testcase time="0.187000000000001" classname="count_pct" name="a_freq_j_with_TotCol_only"/>
    <testcase time="0.187999999999999" classname="count_pct" name="a_freq_j_with_TotCol_only"/>
    <testcase time="1.072" classname="count_pct" name="a_freq_j_as_cfun"/>
    <testcase time="1.047" classname="count_pct" name="a_freq_j_as_cfun"/>
    <testcase time="0.116000000000001" classname="count_pct" name="a_freq_j_with_label_map"/>
    <testcase time="0.119" classname="count_pct" name="a_freq_j_with_label_map"/>
    <testcase time="0.177999999999999" classname="count_pct" name="a_freq_j_old_count_pats_case_"/>
    <testcase time="0.167" classname="count_pct" name="a_freq_j_old_count_pats_case_"/>
    <testcase time="0.182" classname="count_pct" name="a_freq_j_old_count_pats_case_"/>
    <testcase time="0.532" classname="count_pct" name="a_freq_j_with_N_subgroup_as_denom"/>
    <testcase time="0.514999999999999" classname="count_pct" name="a_freq_j_with_N_subgroup_as_denom"/>
    <testcase time="0.527000000000001" classname="count_pct" name="a_freq_j_with_N_subgroup_as_denom"/>
    <testcase time="1.188" classname="count_pct" name="a_freq_j_with_N_trt_as_denom_special_situation"/>
    <testcase time="0.111000000000001" classname="count_pct" name="a_freq_j_with_N_trt_as_denom_special_situation"/>
    <testcase time="0.111000000000001" classname="count_pct" name="a_freq_j_with_keep_levels_CHN_NGA_"/>
    <testcase time="0.00300000000000011" classname="count_pct" name="a_freq_j_with_keep_levels_CHN_NGA_"/>
  </testsuite>
  <testsuite name="count_pct_relrisk" timestamp="2025-11-14T15:52:22Z" hostname="d69da1ca75aa" tests="14" skipped="0" failures="0" errors="0" time="3.358">
    <testcase time="0.261999999999999" classname="count_pct_relrisk" name="a_freq_j_with_val_NA_and_denom_option"/>
    <testcase time="0.00300000000000011" classname="count_pct_relrisk" name="a_freq_j_with_val_NA_and_denom_option"/>
    <testcase time="0.227" classname="count_pct_relrisk" name="a_freq_j_with_val_NA_and_denom_option"/>
    <testcase time="0.0150000000000006" classname="count_pct_relrisk" name="a_freq_j_with_val_NA_and_denom_option"/>
    <testcase time="0.216999999999999" classname="count_pct_relrisk" name="a_freq_j_with_val_NA_and_denom_option"/>
    <testcase time="0.00400000000000134" classname="count_pct_relrisk" name="a_freq_j_with_val_NA_and_denom_option"/>
    <testcase time="0.225999999999999" classname="count_pct_relrisk" name="a_freq_j_with_risk_difference_method_cmh"/>
    <testcase time="0.0080000000000009" classname="count_pct_relrisk" name="a_freq_j_with_risk_difference_method_cmh"/>
    <testcase time="0.943" classname="count_pct_relrisk" name="a_freq_j_with_N_subgroup_as_denom"/>
    <testcase time="0.00300000000000011" classname="count_pct_relrisk" name="a_freq_j_with_N_subgroup_as_denom"/>
    <testcase time="0.730999999999998" classname="count_pct_relrisk" name="a_freq_j_with_N_subgroup_as_denom"/>
    <testcase time="0.00300000000000011" classname="count_pct_relrisk" name="a_freq_j_with_N_subgroup_as_denom"/>
    <testcase time="0.713000000000001" classname="count_pct_relrisk" name="a_freq_j_with_N_subgroup_as_denom"/>
    <testcase time="0.00300000000000011" classname="count_pct_relrisk" name="a_freq_j_with_N_subgroup_as_denom"/>
  </testsuite>
  <testsuite name="coxph_hr" timestamp="2025-11-14T15:52:25Z" hostname="d69da1ca75aa" tests="8" skipped="0" failures="0" errors="0" time="0.313">
    <testcase time="0.0330000000000013" classname="coxph_hr" name="s_coxph_hr_works_with_default_arguments_and_no_stratification_factors"/>
    <testcase time="0.00799999999999912" classname="coxph_hr" name="s_coxph_hr_works_with_default_arguments_and_no_stratification_factors"/>
    <testcase time="0.00799999999999912" classname="coxph_hr" name="s_coxph_hr_works_with_default_arguments_and_no_stratification_factors"/>
    <testcase time="0.00900000000000034" classname="coxph_hr" name="s_coxph_hr_works_with_default_arguments_and_no_stratification_factors"/>
    <testcase time="0.0850000000000009" classname="coxph_hr" name="a_coxph_hr_works_with_custom_arguments_and_stratification_factors"/>
    <testcase time="0.0549999999999997" classname="coxph_hr" name="a_coxph_hr_works_with_custom_arguments_and_stratification_factors"/>
    <testcase time="0.0700000000000003" classname="coxph_hr" name="a_coxph_hr_works_with_stratification_factors_for_Log_Rank_test"/>
    <testcase time="0.0449999999999982" classname="coxph_hr" name="a_coxph_hr_works_with_stratification_factors_for_Log_Rank_test"/>
  </testsuite>
  <testsuite name="coxreg_multivar" timestamp="2025-11-14T15:52:26Z" hostname="d69da1ca75aa" tests="15" skipped="0" failures="0" errors="0" time="1.58">
    <testcase time="0.0740000000000016" classname="coxreg_multivar" name="h_extract_coxreg_multivar_works_as_expected"/>
    <testcase time="0.198" classname="coxreg_multivar" name="tefos03_first_split_fun_works_as_expected"/>
    <testcase time="0.00900000000000034" classname="coxreg_multivar" name="tefos03_first_split_fun_works_as_expected"/>
    <testcase time="0.0279999999999987" classname="coxreg_multivar" name="tefos03_first_split_fun_works_as_expected"/>
    <testcase time="0.457000000000001" classname="coxreg_multivar" name="tefos03_second_split_fun_fct_works_as_expected"/>
    <testcase time="0.0100000000000016" classname="coxreg_multivar" name="tefos03_second_split_fun_fct_works_as_expected"/>
    <testcase time="0.0429999999999993" classname="coxreg_multivar" name="tefos03_second_split_fun_fct_works_as_expected"/>
    <testcase time="0.0309999999999988" classname="coxreg_multivar" name="tefos03_afun_works_as_expected"/>
    <testcase time="0.00900000000000034" classname="coxreg_multivar" name="tefos03_afun_works_as_expected"/>
    <testcase time="0.140999999999998" classname="coxreg_multivar" name="summarize_coxreg_multivar_works_as_expected_with_defaults"/>
    <testcase time="0.0670000000000002" classname="coxreg_multivar" name="summarize_coxreg_multivar_works_as_expected_with_defaults"/>
    <testcase time="0.0960000000000001" classname="coxreg_multivar" name="summarize_coxreg_multivar_works_as_expected_with_custom_options"/>
    <testcase time="0.0680000000000014" classname="coxreg_multivar" name="summarize_coxreg_multivar_works_as_expected_with_custom_options"/>
    <testcase time="0.219999999999999" classname="coxreg_multivar" name="summarize_coxreg_multivar_works_with_row_splits"/>
    <testcase time="0.129000000000001" classname="coxreg_multivar" name="summarize_coxreg_multivar_works_with_row_splits"/>
  </testsuite>
  <testsuite name="estimate_proportion_diff" timestamp="2025-11-14T15:52:27Z" hostname="d69da1ca75aa" tests="6" skipped="0" failures="0" errors="0" time="0.122">
    <testcase time="0.0120000000000005" classname="estimate_proportion_diff" name="s_proportion_diff_j_works_as_expected"/>
    <testcase time="0.0189999999999984" classname="estimate_proportion_diff" name="s_proportion_diff_j_works_as_expected"/>
    <testcase time="0.00300000000000011" classname="estimate_proportion_diff" name="s_proportion_diff_j_works_as_expected"/>
    <testcase time="0.0189999999999984" classname="estimate_proportion_diff" name="s_proportion_diff_j_works_as_expected"/>
    <testcase time="0.0370000000000026" classname="estimate_proportion_diff" name="a_proportion_diff_j_works_as_expected_in_a_table_layout"/>
    <testcase time="0.032" classname="estimate_proportion_diff" name="a_proportion_diff_j_works_as_expected_in_a_table_layout"/>
  </testsuite>
  <testsuite name="event_free" timestamp="2025-11-14T15:52:27Z" hostname="d69da1ca75aa" tests="8" skipped="0" failures="0" errors="0" time="0.368">
    <testcase time="0.0239999999999974" classname="event_free" name="s_event_free_works_with_default_arguments"/>
    <testcase time="0.00700000000000145" classname="event_free" name="s_event_free_works_with_default_arguments"/>
    <testcase time="0.0100000000000016" classname="event_free" name="s_event_free_works_with_percent_format"/>
    <testcase time="0.0069999999999979" classname="event_free" name="s_event_free_works_with_percent_format"/>
    <testcase time="0.0990000000000002" classname="event_free" name="a_event_free_works_with_default_arguments_in_a_table_layout"/>
    <testcase time="0.0579999999999998" classname="event_free" name="a_event_free_works_with_default_arguments_in_a_table_layout"/>
    <testcase time="0.109999999999999" classname="event_free" name="a_event_free_works_with_customized_arguments_in_a_table_layout"/>
    <testcase time="0.0530000000000008" classname="event_free" name="a_event_free_works_with_customized_arguments_in_a_table_layout"/>
  </testsuite>
  <testsuite name="get_ref_info" timestamp="2025-11-14T15:52:28Z" hostname="d69da1ca75aa" tests="5" skipped="0" failures="0" errors="0" time="0.455">
    <testcase time="0.100999999999999" classname="get_ref_info" name="get_ref_info_works_with_a_df_analysis_function"/>
    <testcase time="0.0730000000000004" classname="get_ref_info" name="get_ref_info_works_with_a_df_analysis_function"/>
    <testcase time="0.121000000000002" classname="get_ref_info" name="get_ref_info_works_with_a_vector_analysis_function"/>
    <testcase time="0.0919999999999987" classname="get_ref_info" name="get_ref_info_works_with_a_vector_analysis_function"/>
    <testcase time="0.0680000000000014" classname="get_ref_info" name="get_ref_info_works_with_a_vector_analysis_function"/>
  </testsuite>
  <testsuite name="h_freq_funs" timestamp="2025-11-14T15:52:28Z" hostname="d69da1ca75aa" tests="18" skipped="0" failures="0" errors="0" time="0.08">
    <testcase time="0.0119999999999969" classname="h_freq_funs" name="h_update_factor_works_correctly"/>
    <testcase time="0.00300000000000011" classname="h_freq_funs" name="h_update_factor_works_correctly"/>
    <testcase time="0.00300000000000011" classname="h_freq_funs" name="h_update_factor_works_correctly"/>
    <testcase time="0.00700000000000145" classname="h_freq_funs" name="h_df_add_newlevels_works_correctly"/>
    <testcase time="0.00300000000000011" classname="h_freq_funs" name="h_df_add_newlevels_works_correctly"/>
    <testcase time="0.00300000000000011" classname="h_freq_funs" name="h_df_add_newlevels_works_correctly"/>
    <testcase time="0.00399999999999778" classname="h_freq_funs" name="h_df_add_newlevels_works_correctly"/>
    <testcase time="0.00300000000000011" classname="h_freq_funs" name="h_df_add_newlevels_works_correctly"/>
    <testcase time="0.00600000000000023" classname="h_freq_funs" name="h_colexpr_substr_works_correctly"/>
    <testcase time="0.00300000000000011" classname="h_freq_funs" name="h_colexpr_substr_works_correctly"/>
    <testcase time="0.00200000000000244" classname="h_freq_funs" name="h_colexpr_substr_works_correctly"/>
    <testcase time="0.00600000000000023" classname="h_freq_funs" name="h_get_label_map_works_correctly"/>
    <testcase time="0.00399999999999778" classname="h_freq_funs" name="h_get_label_map_works_correctly"/>
    <testcase time="0.00700000000000145" classname="h_freq_funs" name="h_subset_combo_works_correctly"/>
    <testcase time="0.00300000000000011" classname="h_freq_funs" name="h_subset_combo_works_correctly"/>
    <testcase time="0.00399999999999778" classname="h_freq_funs" name="h_subset_combo_works_correctly"/>
    <testcase time="0.00300000000000011" classname="h_freq_funs" name="h_subset_combo_works_correctly"/>
    <testcase time="0.00400000000000134" classname="h_freq_funs" name="h_subset_combo_works_correctly"/>
  </testsuite>
  <testsuite name="jjcs_num_formats" timestamp="2025-11-14T15:52:28Z" hostname="d69da1ca75aa" tests="16" skipped="0" failures="0" errors="0" time="0.739">
    <testcase time="0.0360000000000014" classname="jjcs_num_formats" name="jjcs_num_formats_works"/>
    <testcase time="0.00499999999999901" classname="jjcs_num_formats" name="jjcs_num_formats_works"/>
    <testcase time="0.00499999999999901" classname="jjcs_num_formats" name="jjcs_num_formats_works"/>
    <testcase time="0.135999999999999" classname="jjcs_num_formats" name="jjcs_num_formats_works"/>
    <testcase time="0.195" classname="jjcs_num_formats" name="jjcs_num_formats_works"/>
    <testcase time="0.00500000000000256" classname="jjcs_num_formats" name="jjcs_num_formats_works"/>
    <testcase time="0.00499999999999901" classname="jjcs_num_formats" name="jjcs_num_formats_works"/>
    <testcase time="0.00799999999999912" classname="jjcs_num_formats" name="jjcs_num_formats_works"/>
    <testcase time="0.0300000000000011" classname="jjcs_num_formats" name="jjcs_num_formats_works"/>
    <testcase time="0.0210000000000008" classname="jjcs_num_formats" name="jjcsformats_NA_works"/>
    <testcase time="0.0069999999999979" classname="jjcs_num_formats" name="jjcsformats_NA_works"/>
    <testcase time="0.032" classname="jjcs_num_formats" name="jjcsformats_NA_works"/>
    <testcase time="0.0539999999999985" classname="jjcs_num_formats" name="jjcsformats_NA_works"/>
    <testcase time="0.0199999999999996" classname="jjcs_num_formats" name="jjcsformats_NA_works"/>
    <testcase time="0.049000000000003" classname="jjcs_num_formats" name="jjcsformats_NA_works"/>
    <testcase time="0.130999999999997" classname="jjcs_num_formats" name="jjcsformats_count_fraction_works"/>
  </testsuite>
  <testsuite name="jjcsformats" timestamp="2025-11-14T15:52:29Z" hostname="d69da1ca75aa" tests="17" skipped="0" failures="0" errors="0" time="0.439">
    <testcase time="0.198" classname="jjcsformats" name="jjjcs_formats_work"/>
    <testcase time="0.0210000000000008" classname="jjcsformats" name="jjjcs_formats_work"/>
    <testcase time="0.0210000000000008" classname="jjcsformats" name="jjjcs_formats_work"/>
    <testcase time="0.0590000000000011" classname="jjcsformats" name="jjjcs_formats_work"/>
    <testcase time="0.0069999999999979" classname="jjcsformats" name="roundmethod_support_works"/>
    <testcase time="0.00300000000000011" classname="jjcsformats" name="roundmethod_support_works"/>
    <testcase time="0.00400000000000134" classname="jjcsformats" name="roundmethod_support_works"/>
    <testcase time="0.00300000000000011" classname="jjcsformats" name="roundmethod_support_works"/>
    <testcase time="0.00300000000000011" classname="jjcsformats" name="roundmethod_support_works"/>
    <testcase time="0.00300000000000011" classname="jjcsformats" name="roundmethod_support_works"/>
    <testcase time="0.00799999999999912" classname="jjcsformats" name="roundmethod_support_works"/>
    <testcase time="0.00400000000000134" classname="jjcsformats" name="roundmethod_support_works"/>
    <testcase time="0.00499999999999901" classname="jjcsformats" name="roundmethod_support_works"/>
    <testcase time="0.0350000000000001" classname="jjcsformats" name="jjcsformat_range_fct_is_formatting_ranges_as_expected"/>
    <testcase time="0.0539999999999985" classname="jjcsformats" name="jjcsformat_pval_fct_works"/>
    <testcase time="0.00600000000000023" classname="jjcsformats" name="jjcsformat_xx_works_also_for_empty_cells"/>
    <testcase time="0.00499999999999901" classname="jjcsformats" name="jjcsformat_xx_works_also_for_cells_with_0_length_vectors"/>
  </testsuite>
  <testsuite name="junco_utils_default_stats_formats_labels" timestamp="2025-11-14T15:52:29Z" hostname="d69da1ca75aa" tests="11" skipped="0" failures="5" errors="0" time="0.144">
    <testcase time="0.0180000000000007" classname="junco_utils_default_stats_formats_labels" name="get_stats_works_as_expected">
      <failure type="failure" message="Adding new snapshot: ('test-junco_utils_default_stats_formats_labels.R:8:3')">Adding new snapshot:
Code
  res
Output
  [1] "quantiles_lower"      "median_ci_3d"         "quantiles_upper"     
  [4] "range_with_cens_info"</failure>
    </testcase>
    <testcase time="0.0199999999999996" classname="junco_utils_default_stats_formats_labels" name="get_stats_works_as_expected"/>
    <testcase time="0.0130000000000017" classname="junco_utils_default_stats_formats_labels" name="get_formats_from_stats_works_as_expected">
      <failure type="failure" message="Adding new snapshot: ('test-junco_utils_default_stats_formats_labels.R:18:3')">Adding new snapshot:
Code
  res
Output
  $quantiles_upper
  function (x, output, na_str = na_str_dflt) 
  {
      if (anyNA(na_str) || (replace_na_dflt &amp;&amp; any(na_str == "NA"))) {
          na_inds &lt;- which(is.na(na_str) | (replace_na_dflt &amp; na_str == 
              "NA"))
          na_str[na_inds] &lt;- rep(na_str_dflt, length.out = length(na_str))[na_inds]
      }
      if (length(x) == 0 || isTRUE(all(x == ""))) {
          return(NULL)
      }
      else if (!length(positions[[1]]) == length(x)) {
          stop("Error: input str in call to jjcs_format_xx must contain same number of xx as the number of stats.")
      }
      values &lt;- Map(y = x, fun = roundings, na_str = na_str, function(y, 
          fun, na_str) fun(y, na_str = na_str))
      regmatches(x = str, m = positions)[[1]] &lt;- values
      return(str)
  }
  &lt;environment: base&gt;
  
  $range_with_cens_info
  function (x, ...) 
  {
      checkmate::assert_numeric(x, len = 4L, finite = TRUE, any.missing = FALSE)
      checkmate::assert_true(all(x[c(3, 4)] %in% c(0, 1)))
      res &lt;- vapply(x[c(1, 2)], format_xx, character(1))
      if (x[3] == 1) 
          res[1] &lt;- paste0(res[1], "+")
      if (x[4] == 1) 
          res[2] &lt;- paste0(res[2], "+")
      paste0("(", res[1], ", ", res[2], ")")
  }
  &lt;environment: base&gt;
  </failure>
    </testcase>
    <testcase time="0.0159999999999982" classname="junco_utils_default_stats_formats_labels" name="get_formats_from_stats_works_as_expected"/>
    <testcase time="0.0120000000000005" classname="junco_utils_default_stats_formats_labels" name="get_labels_from_stats_works_as_expected">
      <failure type="failure" message="Adding new snapshot: ('test-junco_utils_default_stats_formats_labels.R:24:3')">Adding new snapshot:
Code
  res
Output
  $quantiles_upper
  [1] "75%-ile (95% CI)"
  
  $range_with_cens_info
  [1] "Min, max"
  </failure>
    </testcase>
    <testcase time="0.0100000000000016" classname="junco_utils_default_stats_formats_labels" name="get_labels_from_stats_works_as_expected"/>
    <testcase time="0.0109999999999992" classname="junco_utils_default_stats_formats_labels" name="get_label_attr_from_stats_works_as_expected"/>
    <testcase time="0.0120000000000005" classname="junco_utils_default_stats_formats_labels" name="get_label_attr_from_stats_works_as_expected">
      <failure type="failure" message="Adding new snapshot: ('test-junco_utils_default_stats_formats_labels.R:33:3')">Adding new snapshot:
Code
  res
Output
  stats1 stats2 
   "bla"  "boo" </failure>
    </testcase>
    <testcase time="0.00999999999999801" classname="junco_utils_default_stats_formats_labels" name="get_label_attr_from_stats_works_as_expected"/>
    <testcase time="0.0120000000000005" classname="junco_utils_default_stats_formats_labels" name="get_indents_from_stats_works_as_expected">
      <failure type="failure" message="Adding new snapshot: ('test-junco_utils_default_stats_formats_labels.R:39:3')">Adding new snapshot:
Code
  res
Output
  $quantiles_upper
  [1] 0
  
  $range_with_cens_info
  [1] 0
  </failure>
    </testcase>
    <testcase time="0.0100000000000016" classname="junco_utils_default_stats_formats_labels" name="get_indents_from_stats_works_as_expected"/>
  </testsuite>
  <testsuite name="kaplan_meier" timestamp="2025-11-14T15:52:29Z" hostname="d69da1ca75aa" tests="14" skipped="0" failures="0" errors="0" time="0.321">
    <testcase time="0.0169999999999995" classname="kaplan_meier" name="s_kaplan_meier_works_with_default_arguments"/>
    <testcase time="0.00700000000000145" classname="kaplan_meier" name="s_kaplan_meier_works_with_default_arguments"/>
    <testcase time="0.00900000000000034" classname="kaplan_meier" name="s_kaplan_meier_works_with_customized_arguments"/>
    <testcase time="0.0069999999999979" classname="kaplan_meier" name="s_kaplan_meier_works_with_customized_arguments"/>
    <testcase time="0.0100000000000016" classname="kaplan_meier" name="a_kaplan_meier_works_with_default_arguments"/>
    <testcase time="0.00199999999999889" classname="kaplan_meier" name="a_kaplan_meier_works_with_default_arguments"/>
    <testcase time="0.0180000000000007" classname="kaplan_meier" name="a_kaplan_meier_works_with_default_arguments"/>
    <testcase time="0.0109999999999992" classname="kaplan_meier" name="a_kaplan_meier_works_with_customized_arguments"/>
    <testcase time="0.00199999999999889" classname="kaplan_meier" name="a_kaplan_meier_works_with_customized_arguments"/>
    <testcase time="0.00800000000000267" classname="kaplan_meier" name="a_kaplan_meier_works_with_customized_arguments"/>
    <testcase time="0.0629999999999988" classname="kaplan_meier" name="a_kaplan_meier_works_inside_analyze_in_table"/>
    <testcase time="0.0659999999999989" classname="kaplan_meier" name="a_kaplan_meier_works_inside_analyze_in_table"/>
    <testcase time="0.0549999999999997" classname="kaplan_meier" name="a_kaplan_meier_works_inside_analyze_in_table_with_custom_arguments"/>
    <testcase time="0.0459999999999994" classname="kaplan_meier" name="a_kaplan_meier_works_inside_analyze_in_table_with_custom_arguments"/>
  </testsuite>
  <testsuite name="markup_unicodify" timestamp="2025-11-14T15:52:30Z" hostname="d69da1ca75aa" tests="1" skipped="0" failures="0" errors="0" time="0.015">
    <testcase time="0.0150000000000006" classname="markup_unicodify" name="dps_markup_works_with_and_"/>
  </testsuite>
  <testsuite name="mmrm" timestamp="2025-11-14T15:52:30Z" hostname="d69da1ca75aa" tests="5" skipped="0" failures="0" errors="0" time="0.242">
    <testcase time="0.121000000000002" classname="mmrm" name="get_mmrm_lsmeans_can_calculate_the_LS_mean_results_including_one_and_two_sided_p_values"/>
    <testcase time="0.00300000000000011" classname="mmrm" name="get_mmrm_lsmeans_can_calculate_the_LS_mean_results_including_one_and_two_sided_p_values"/>
    <testcase time="0.00300000000000011" classname="mmrm" name="get_mmrm_lsmeans_can_calculate_the_LS_mean_results_including_one_and_two_sided_p_values"/>
    <testcase time="0.00300000000000011" classname="mmrm" name="get_mmrm_lsmeans_can_calculate_the_LS_mean_results_including_one_and_two_sided_p_values"/>
    <testcase time="0.111999999999998" classname="mmrm" name="fit_mmrm_j_works_as_expected"/>
  </testsuite>
  <testsuite name="mmrm_rbmi" timestamp="2025-11-14T15:52:30Z" hostname="d69da1ca75aa" tests="6" skipped="0" failures="0" errors="0" time="0.185">
    <testcase time="0.135000000000002" classname="mmrm_rbmi" name="mmrm_rbmi_works_as_expected"/>
    <testcase time="0.000999999999997669" classname="mmrm_rbmi" name="mmrm_rbmi_works_as_expected"/>
    <testcase time="0.00800000000000267" classname="mmrm_rbmi" name="mmrm_rbmi_works_as_expected"/>
    <testcase time="0.0169999999999995" classname="mmrm_rbmi" name="mmrm_rbmi_works_as_expected"/>
    <testcase time="0.0120000000000005" classname="mmrm_rbmi" name="mmrm_rbmi_works_as_expected"/>
    <testcase time="0.0119999999999969" classname="mmrm_rbmi" name="mmrm_rbmi_works_as_expected"/>
  </testsuite>
  <testsuite name="odds_ratio" timestamp="2025-11-14T15:52:30Z" hostname="d69da1ca75aa" tests="18" skipped="0" failures="0" errors="0" time="0.292">
    <testcase time="0.017000000000003" classname="odds_ratio" name="s_odds_ratio_j_returns_NA_when_one_group_has_no_responders_and_option_set"/>
    <testcase time="0.00399999999999778" classname="odds_ratio" name="s_odds_ratio_j_returns_NA_when_one_group_has_no_responders_and_option_set"/>
    <testcase time="0.0150000000000006" classname="odds_ratio" name="s_odds_ratio_j_returns_NA_when_one_group_has_no_responders_and_option_set_with_strata"/>
    <testcase time="0.00499999999999901" classname="odds_ratio" name="s_odds_ratio_j_returns_NA_when_one_group_has_no_responders_and_option_set_with_strata"/>
    <testcase time="0.00900000000000034" classname="odds_ratio" name="s_odds_ratio_j_does_not_fail_with_only_non_responders"/>
    <testcase time="0.00200000000000244" classname="odds_ratio" name="s_odds_ratio_j_does_not_fail_with_only_non_responders"/>
    <testcase time="0.00599999999999667" classname="odds_ratio" name="s_odds_ratio_j_does_not_fail_with_only_one_grp"/>
    <testcase time="0.00300000000000011" classname="odds_ratio" name="s_odds_ratio_j_does_not_fail_with_only_one_grp"/>
    <testcase time="0.00700000000000145" classname="odds_ratio" name="or_glm_j_does_not_fail_with_only_non_responders"/>
    <testcase time="0.00600000000000023" classname="odds_ratio" name="or_glm_j_does_not_fail_with_only_non_responders"/>
    <testcase time="0.0399999999999991" classname="odds_ratio" name="a_odds_ratio_j_works_in_a_table_layout_as_expected_for_unstratified_analysis"/>
    <testcase time="0.0350000000000001" classname="odds_ratio" name="a_odds_ratio_j_works_in_a_table_layout_as_expected_for_unstratified_analysis"/>
    <testcase time="0.0360000000000014" classname="odds_ratio" name="a_odds_ratio_j_works_in_a_table_layout_as_expected_for_unstratified_analysis"/>
    <testcase time="0.00300000000000011" classname="odds_ratio" name="a_odds_ratio_j_works_in_a_table_layout_as_expected_for_unstratified_analysis"/>
    <testcase time="0.0389999999999979" classname="odds_ratio" name="a_odds_ratio_j_works_in_a_table_layout_as_expected_for_CMH_analysis"/>
    <testcase time="0.0350000000000001" classname="odds_ratio" name="a_odds_ratio_j_works_in_a_table_layout_as_expected_for_CMH_analysis"/>
    <testcase time="0.027000000000001" classname="odds_ratio" name="a_odds_ratio_j_works_in_a_table_layout_as_expected_for_CMH_analysis"/>
    <testcase time="0.00300000000000011" classname="odds_ratio" name="a_odds_ratio_j_works_in_a_table_layout_as_expected_for_CMH_analysis"/>
  </testsuite>
  <testsuite name="patyrs-eair100" timestamp="2025-11-14T15:52:31Z" hostname="d69da1ca75aa" tests="4" skipped="0" failures="0" errors="0" time="1.395">
    <testcase time="0.233999999999998" classname="patyrs_eair100" name="Check_patient_years_numbers_are_giving_expected_result"/>
    <testcase time="0.390000000000001" classname="patyrs_eair100" name="Check_aeir100_numbers_are_giving_expected_result"/>
    <testcase time="0.387" classname="patyrs_eair100" name="Check_aeir100_numbers_are_giving_expected_result_when_fup_var_argument_is_changed"/>
    <testcase time="0.384" classname="patyrs_eair100" name="Check_aeir100_numbers_are_giving_expected_result_when_occ_dy_argument_is_changed"/>
  </testsuite>
  <testsuite name="pool_rbmi" timestamp="2025-11-14T15:52:32Z" hostname="d69da1ca75aa" tests="30" skipped="0" failures="0" errors="0" time="2.394">
    <testcase time="0.0169999999999995" classname="pool_rbmi" name="mod_pool_internal_rubin_combines_results_correctly"/>
    <testcase time="0.00300000000000011" classname="pool_rbmi" name="mod_pool_internal_rubin_combines_results_correctly"/>
    <testcase time="0.00300000000000011" classname="pool_rbmi" name="mod_pool_internal_rubin_combines_results_correctly"/>
    <testcase time="0.00300000000000011" classname="pool_rbmi" name="mod_pool_internal_rubin_combines_results_correctly"/>
    <testcase time="0.00300000000000011" classname="pool_rbmi" name="mod_pool_internal_rubin_combines_results_correctly"/>
    <testcase time="0.00300000000000011" classname="pool_rbmi" name="mod_pool_internal_rubin_combines_results_correctly"/>
    <testcase time="0.00199999999999889" classname="pool_rbmi" name="mod_pool_internal_rubin_combines_results_correctly"/>
    <testcase time="0.00500000000000256" classname="pool_rbmi" name="pool_function_processes_and_returns_combined_results"/>
    <testcase time="0.00300000000000011" classname="pool_rbmi" name="pool_function_processes_and_returns_combined_results"/>
    <testcase time="0.00199999999999889" classname="pool_rbmi" name="pool_function_processes_and_returns_combined_results"/>
    <testcase time="0.00400000000000134" classname="pool_rbmi" name="pool_function_processes_and_returns_combined_results"/>
    <testcase time="0.00199999999999889" classname="pool_rbmi" name="pool_function_processes_and_returns_combined_results"/>
    <testcase time="0.00300000000000011" classname="pool_rbmi" name="pool_function_processes_and_returns_combined_results"/>
    <testcase time="0.00300000000000011" classname="pool_rbmi" name="pool_function_processes_and_returns_combined_results"/>
    <testcase time="0.00300000000000011" classname="pool_rbmi" name="pool_function_processes_and_returns_combined_results"/>
    <testcase time="0.00300000000000011" classname="pool_rbmi" name="pool_function_processes_and_returns_combined_results"/>
    <testcase time="0.00199999999999889" classname="pool_rbmi" name="pool_function_processes_and_returns_combined_results"/>
    <testcase time="0.00300000000000011" classname="pool_rbmi" name="pool_function_processes_and_returns_combined_results"/>
    <testcase time="0.00300000000000011" classname="pool_rbmi" name="pool_function_processes_and_returns_combined_results"/>
    <testcase time="0.00300000000000011" classname="pool_rbmi" name="pool_function_processes_and_returns_combined_results"/>
    <testcase time="0.00300000000000011" classname="pool_rbmi" name="pool_function_processes_and_returns_combined_results"/>
    <testcase time="0.00199999999999889" classname="pool_rbmi" name="pool_function_processes_and_returns_combined_results"/>
    <testcase time="0.00300000000000011" classname="pool_rbmi" name="pool_function_processes_and_returns_combined_results"/>
    <testcase time="0.525000000000002" classname="pool_rbmi" name="rbmi_pool_works_fine"/>
    <testcase time="0.640000000000001" classname="pool_rbmi" name="rbmi_pool_works_fine"/>
    <testcase time="0.0069999999999979" classname="pool_rbmi" name="rbmi_pool_works_fine"/>
    <testcase time="0.00499999999999901" classname="pool_rbmi" name="rbmi_pool_works_fine"/>
    <testcase time="1.124" classname="pool_rbmi" name="rbmi_pool_works_fine"/>
    <testcase time="0.00600000000000023" classname="pool_rbmi" name="rbmi_pool_works_fine"/>
    <testcase time="0.00600000000000023" classname="pool_rbmi" name="rbmi_pool_works_fine"/>
  </testsuite>
  <testsuite name="proportions" timestamp="2025-11-14T15:52:34Z" hostname="d69da1ca75aa" tests="21" skipped="0" failures="0" errors="0" time="0.51">
    <testcase time="0.0189999999999984" classname="proportions" name="s_proportion_factor_works_as_expected"/>
    <testcase time="0.0120000000000005" classname="proportions" name="s_proportion_factor_shows_optional_total_row_on_top"/>
    <testcase time="0.0129999999999981" classname="proportions" name="s_proportion_factor_shows_optional_total_row_in_bottom"/>
    <testcase time="0.0120000000000005" classname="proportions" name="s_proportion_factor_optionally_uses_number_of_non_missing_levels_as_total"/>
    <testcase time="0.0110000000000028" classname="proportions" name="s_proportion_logical_works_as_expected"/>
    <testcase time="0.0109999999999992" classname="proportions" name="c_proportion_logical_works_as_expected"/>
    <testcase time="0.0679999999999978" classname="proportions" name="h_get_design_mat_works_as_expected"/>
    <testcase time="0.00400000000000134" classname="proportions" name="h_get_design_mat_works_as_expected"/>
    <testcase time="0.00600000000000023" classname="proportions" name="a_proportion_ci_logical_works_as_expected"/>
    <testcase time="0.00799999999999912" classname="proportions" name="a_proportion_ci_logical_works_as_expected"/>
    <testcase time="0.00900000000000034" classname="proportions" name="a_proportion_ci_factor_works_as_expected"/>
    <testcase time="0.0100000000000016" classname="proportions" name="a_proportion_ci_factor_works_as_expected"/>
    <testcase time="0.251999999999999" classname="proportions" name="prop_split_fun_works_as_expected"/>
    <testcase time="0.0129999999999981" classname="proportions" name="prop_table_afun_works_as_expected_with_total_row"/>
    <testcase time="0.00900000000000034" classname="proportions" name="prop_table_afun_works_as_expected_with_total_row"/>
    <testcase time="0.00900000000000034" classname="proportions" name="prop_table_afun_works_as_expected_with_total_row"/>
    <testcase time="0.00600000000000023" classname="proportions" name="prop_table_afun_works_as_expected_with_total_row"/>
    <testcase time="0.0130000000000017" classname="proportions" name="prop_table_afun_works_as_expected_by_default_without_total_row"/>
    <testcase time="0.00999999999999801" classname="proportions" name="prop_table_afun_works_as_expected_by_default_without_total_row"/>
    <testcase time="0.00900000000000034" classname="proportions" name="prop_table_afun_works_as_expected_by_default_without_total_row"/>
    <testcase time="0.00600000000000023" classname="proportions" name="prop_table_afun_works_as_expected_by_default_without_total_row"/>
  </testsuite>
  <testsuite name="pruning_functions" timestamp="2025-11-14T15:52:36Z" hostname="d69da1ca75aa" tests="30" skipped="0" failures="0" errors="0" time="9.678">
    <testcase time="1.462" classname="pruning_functions" name="count_pruner_is_identical_to_standard_pruning_in_cases_where_we_have_all_0_s"/>
    <testcase time="2.54" classname="pruning_functions" name="count_pruner_is_identical_to_standard_pruning_in_cases_where_we_have_all_0_s"/>
    <testcase time="1.084" classname="pruning_functions" name="count_pruner_keeps_everything_if_0_condition_is_not_met"/>
    <testcase time="0.0350000000000037" classname="pruning_functions" name="count_pruner_with_cat_include_removes_text_correctly"/>
    <testcase time="0.0300000000000011" classname="pruning_functions" name="count_pruner_with_cat_include_does_nothing_if_text_is_supplied_and_it_is_not_text_that_is_in_the_table"/>
    <testcase time="0.0749999999999957" classname="pruning_functions" name="count_pruner_does_remove_if_text_is_supplied_and_all_columns_are_0"/>
    <testcase time="0.044000000000004" classname="pruning_functions" name="remove_rows_does_remove_if_text_is_supplied_as_fixed_and_text_is_matched"/>
    <testcase time="0.0419999999999945" classname="pruning_functions" name="remove_rows_does_remove_if_text_is_supplied_as_fixed_and_text_is_matched"/>
    <testcase time="0.0810000000000031" classname="pruning_functions" name="remove_rows_does_remove_if_text_is_supplied_as_fixed_and_text_is_matched"/>
    <testcase time="0.00300000000000011" classname="pruning_functions" name="remove_rows_does_remove_if_text_is_supplied_as_fixed_and_text_is_matched"/>
    <testcase time="0.00300000000000011" classname="pruning_functions" name="remove_rows_does_remove_if_text_is_supplied_as_fixed_and_text_is_matched"/>
    <testcase time="0.00800000000000267" classname="pruning_functions" name="keep_non_null_rows_pruning_function_or_via_keep_rows"/>
    <testcase time="0.00199999999999534" classname="pruning_functions" name="keep_non_null_rows_pruning_function_or_via_keep_rows"/>
    <testcase time="0.25" classname="pruning_functions" name="test_keep_non_null_rows"/>
    <testcase time="0.0120000000000005" classname="pruning_functions" name="bspt_pruner_both_fraction_and_diff_from_control_are_NULL"/>
    <testcase time="0.00899999999999324" classname="pruning_functions" name="bspt_pruner_both_fraction_and_diff_from_control_are_NULL"/>
    <testcase time="0.245000000000005" classname="pruning_functions" name="bspt_pruner_with_fraction"/>
    <testcase time="0.600999999999999" classname="pruning_functions" name="bspt_pruner_with_fraction_and_diff_from_control"/>
    <testcase time="0.592999999999996" classname="pruning_functions" name="bspt_pruner_with_fraction_and_diff_from_control_and_keeprowtext"/>
    <testcase time="0.00400000000000489" classname="pruning_functions" name="bspt_pruner_with_fraction_and_diff_from_control_and_keeprowtext"/>
    <testcase time="0.180999999999997" classname="pruning_functions" name="count_pruner_in_small_groups"/>
    <testcase time="1.172" classname="pruning_functions" name="bspt_pruner_in_AE_like_tables"/>
    <testcase time="0.00399999999999778" classname="pruning_functions" name="bspt_pruner_in_AE_like_tables"/>
    <testcase time="0.00300000000000011" classname="pruning_functions" name="bspt_pruner_in_AE_like_tables"/>
    <testcase time="0.193999999999996" classname="pruning_functions" name="bspt_pruner_with_less_obvious_control_specifications"/>
    <testcase time="0.924000000000007" classname="pruning_functions" name="bspt_pruner_with_less_obvious_control_specifications"/>
    <testcase time="0.00399999999999778" classname="pruning_functions" name="bspt_pruner_with_less_obvious_control_specifications"/>
    <testcase time="0.0480000000000018" classname="pruning_functions" name="check_that_if_all_data_is_pruned_leaving_no_rows_the_outcome_is_the_message"/>
    <testcase time="0.0109999999999957" classname="pruning_functions" name="check_that_if_message_is_changed_this_is_reflected_in_the_final_table_tree"/>
    <testcase time="0.0140000000000029" classname="pruning_functions" name="check_that_when_spancols_TRUE_is_used_then_we_have_expected_behaviour"/>
  </testsuite>
  <testsuite name="rbmi" timestamp="2025-11-14T15:52:45Z" hostname="d69da1ca75aa" tests="26" skipped="0" failures="0" errors="0" time="19.67">
    <testcase time="0.017000000000003" classname="rbmi" name="find_missing_chg_after_avisit_works_as_expected"/>
    <testcase time="0.00399999999999778" classname="rbmi" name="find_missing_chg_after_avisit_works_as_expected"/>
    <testcase time="0.00300000000000011" classname="rbmi" name="find_missing_chg_after_avisit_works_as_expected"/>
    <testcase time="0.0069999999999979" classname="rbmi" name="find_missing_chg_after_avisit_handles_unsorted_input_correctly"/>
    <testcase time="0.00300000000000011" classname="rbmi" name="find_missing_chg_after_avisit_handles_unsorted_input_correctly"/>
    <testcase time="0.00800000000000267" classname="rbmi" name="find_missing_chg_after_avisit_validates_input_correctly"/>
    <testcase time="0.00500000000000256" classname="rbmi" name="find_missing_chg_after_avisit_validates_input_correctly"/>
    <testcase time="0.00499999999999545" classname="rbmi" name="find_missing_chg_after_avisit_validates_input_correctly"/>
    <testcase time="0.007000000000005" classname="rbmi" name="make_rbmi_cluster_returns_NULL_when_cluster_or_cores_is_1"/>
    <testcase time="2.477" classname="rbmi" name="make_rbmi_cluster_exports_objects_and_loads_packages"/>
    <testcase time="2.44900000000001" classname="rbmi" name="make_rbmi_cluster_handles_existing_cluster"/>
    <testcase time="0.0329999999999941" classname="rbmi" name="make_rbmi_cluster_rejects_invalid_cluster_or_cores_parameter"/>
    <testcase time="0.007000000000005" classname="rbmi" name="par_lapply_works_with_and_without_cluster"/>
    <testcase time="2.573" classname="rbmi" name="par_lapply_works_with_and_without_cluster"/>
    <testcase time="2.172" classname="rbmi" name="make_rbmi_cluster_loads_rbmi_namespaces_correctly"/>
    <testcase time="9.873" classname="rbmi" name="Parallisation_works_with_rbmi_analyse_and_produces_identical_results"/>
    <testcase time="0.00300000000000011" classname="rbmi" name="Parallisation_works_with_rbmi_analyse_and_produces_identical_results"/>
    <testcase time="0.00300000000000011" classname="rbmi" name="Parallisation_works_with_rbmi_analyse_and_produces_identical_results"/>
    <testcase time="0.00300000000000011" classname="rbmi" name="Parallisation_works_with_rbmi_analyse_and_produces_identical_results"/>
    <testcase time="0.00300000000000011" classname="rbmi" name="Parallisation_works_with_rbmi_analyse_and_produces_identical_results"/>
    <testcase time="0.00200000000000244" classname="rbmi" name="Parallisation_works_with_rbmi_analyse_and_produces_identical_results"/>
    <testcase time="0.00300000000000011" classname="rbmi" name="Parallisation_works_with_rbmi_analyse_and_produces_identical_results"/>
    <testcase time="0.00300000000000011" classname="rbmi" name="Parallisation_works_with_rbmi_analyse_and_produces_identical_results"/>
    <testcase time="0.00300000000000011" classname="rbmi" name="Parallisation_works_with_rbmi_analyse_and_produces_identical_results"/>
    <testcase time="0.00200000000000244" classname="rbmi" name="Parallisation_works_with_rbmi_analyse_and_produces_identical_results"/>
    <testcase time="0.00200000000000244" classname="rbmi" name="Parallisation_works_with_rbmi_analyse_and_produces_identical_results"/>
  </testsuite>
  <testsuite name="relative_risk" timestamp="2025-11-14T15:53:04Z" hostname="d69da1ca75aa" tests="8" skipped="0" failures="0" errors="0" time="0.16">
    <testcase time="0.0449999999999946" classname="relative_risk" name="s_relative_risk_returns_NA_when_one_group_has_no_responders"/>
    <testcase time="0.00500000000000256" classname="relative_risk" name="s_relative_risk_returns_NA_when_one_group_has_no_responders"/>
    <testcase time="0.00600000000000023" classname="relative_risk" name="prop_ratio_cmh_works_as_expected"/>
    <testcase time="0.00600000000000023" classname="relative_risk" name="prop_ratio_cmh_works_as_expected"/>
    <testcase time="0.00600000000000023" classname="relative_risk" name="prop_ratio_cmh_works_also_with_a_single_stratum"/>
    <testcase time="0.00499999999999545" classname="relative_risk" name="prop_ratio_cmh_works_also_with_a_single_stratum"/>
    <testcase time="0.0750000000000028" classname="relative_risk" name="a_relative_risk_in_table_layout_gives_same_results_as_with_SAS"/>
    <testcase time="0.0120000000000005" classname="relative_risk" name="a_relative_risk_in_table_layout_gives_same_results_as_with_SAS"/>
  </testsuite>
  <testsuite name="remove_col_count" timestamp="2025-11-14T15:53:04Z" hostname="d69da1ca75aa" tests="1" skipped="0" failures="0" errors="0" time="0.093">
    <testcase time="0.0930000000000035" classname="remove_col_count" name="remove_col_count_works"/>
  </testsuite>
  <testsuite name="resp01_functions" timestamp="2025-11-14T15:53:04Z" hostname="d69da1ca75aa" tests="13" skipped="0" failures="0" errors="0" time="0.939">
    <testcase time="0.410999999999994" classname="resp01_functions" name="resp01_split_fun_fct_1_works_as_expected"/>
    <testcase time="0.348000000000006" classname="resp01_functions" name="resp01_split_fun_fct_2_works_as_expected"/>
    <testcase time="0.0129999999999981" classname="resp01_functions" name="resp01_counts_cfun_1_works_as_expected"/>
    <testcase time="0.00600000000000023" classname="resp01_functions" name="resp01_counts_cfun_2_works_as_expected"/>
    <testcase time="0.0069999999999979" classname="resp01_functions" name="resp01_counts_cfun_3_works_as_expected"/>
    <testcase time="0.0159999999999982" classname="resp01_functions" name="resp01_a_comp_stat_logical_or_cmh_works_as_expected"/>
    <testcase time="0.0190000000000055" classname="resp01_functions" name="resp01_a_comp_stat_logical_or_logistic_works_as_expected"/>
    <testcase time="0.0139999999999958" classname="resp01_functions" name="resp01_a_comp_stat_logical_rr_works_as_expected"/>
    <testcase time="0.0230000000000032" classname="resp01_functions" name="resp01_a_comp_stat_factor_or_cmh_works_as_expected"/>
    <testcase time="0.0249999999999986" classname="resp01_functions" name="resp01_a_comp_stat_factor_or_logistic_works_as_expected"/>
    <testcase time="0.0169999999999959" classname="resp01_functions" name="resp01_acfun_works_as_expected"/>
    <testcase time="0.0230000000000032" classname="resp01_functions" name="resp01_acfun_works_2_as_expected"/>
    <testcase time="0.017000000000003" classname="resp01_functions" name="resp01_acfun_3_works_as_expected"/>
  </testsuite>
  <testsuite name="response_by_var" timestamp="2025-11-14T15:53:05Z" hostname="d69da1ca75aa" tests="9" skipped="0" failures="0" errors="0" time="0.675">
    <testcase time="0.097999999999999" classname="response_by_var" name="response_by_var_various_scenarios"/>
    <testcase time="0.0739999999999981" classname="response_by_var" name="response_by_var_various_scenarios"/>
    <testcase time="0.109999999999999" classname="response_by_var" name="response_by_var_various_scenarios"/>
    <testcase time="0.0690000000000026" classname="response_by_var" name="response_by_var_various_scenarios"/>
    <testcase time="0.0559999999999974" classname="response_by_var" name="response_by_var_various_scenarios"/>
    <testcase time="0.0790000000000006" classname="response_by_var" name="response_by_var_various_scenarios"/>
    <testcase time="0.0559999999999974" classname="response_by_var" name="response_by_var_various_scenarios"/>
    <testcase time="0.0730000000000004" classname="response_by_var" name="response_by_var_various_scenarios"/>
    <testcase time="0.0600000000000023" classname="response_by_var" name="response_by_var_various_scenarios"/>
  </testsuite>
  <testsuite name="sorting_functions" timestamp="2025-11-14T15:53:06Z" hostname="d69da1ca75aa" tests="7" skipped="0" failures="0" errors="0" time="7.823">
    <testcase time="0.555" classname="sorting_functions" name="jj_complex_scorefun_is_identical_to_standard_sorting_spanningheadercolvar_NA"/>
    <testcase time="0.238999999999997" classname="sorting_functions" name="jj_complex_scorefun_is_identical_to_standard_sorting_spanningheadercolvar_spanhead"/>
    <testcase time="0.236000000000004" classname="sorting_functions" name="jj_complex_scorefun_sorts_correctly_with_colpath"/>
    <testcase time="0.299999999999997" classname="sorting_functions" name="jj_complex_scorefun_places_specified_category_at_the_start_firstcat"/>
    <testcase time="0.304000000000002" classname="sorting_functions" name="jj_complex_scorefun_places_specified_category_at_the_end_lastcat"/>
    <testcase time="3.511" classname="sorting_functions" name="jj_complex_scorefun_uses_first_column_to_sort_usefirstcol"/>
    <testcase time="2.678" classname="sorting_functions" name="jj_complex_scorefun_uses_first_column_when_no_spanning_header_usefirstcol"/>
  </testsuite>
  <testsuite name="split_functions" timestamp="2025-11-14T15:53:14Z" hostname="d69da1ca75aa" tests="11" skipped="0" failures="0" errors="0" time="0.743">
    <testcase time="0.0690000000000026" classname="split_functions" name="cond_rm_facets_works"/>
    <testcase time="0.00399999999999068" classname="split_functions" name="cond_rm_facets_works"/>
    <testcase time="0.00500000000000966" classname="split_functions" name="cond_rm_facets_works"/>
    <testcase time="0.00499999999999545" classname="split_functions" name="cond_rm_facets_works"/>
    <testcase time="0.0900000000000034" classname="split_functions" name="rm_levels_works"/>
    <testcase time="0.131999999999991" classname="split_functions" name="real_add_overall_facet_works"/>
    <testcase time="0.0440000000000111" classname="split_functions" name="make_combo_splitfun_works"/>
    <testcase time="0.00300000000000011" classname="split_functions" name="make_combo_splitfun_works"/>
    <testcase time="0.126999999999995" classname="split_functions" name="combine_nonblank_works"/>
    <testcase time="0.0460000000000065" classname="split_functions" name="combine_nonblank_works"/>
    <testcase time="0.217999999999989" classname="split_functions" name="rm_blank_levels_works"/>
  </testsuite>
  <testsuite name="string_to_title" timestamp="2025-11-14T15:53:15Z" hostname="d69da1ca75aa" tests="4" skipped="0" failures="0" errors="0" time="0.029">
    <testcase time="0.0110000000000099" classname="string_to_title" name="string_to_title_works_as_expected_for_string"/>
    <testcase time="0.00600000000000023" classname="string_to_title" name="string_to_title_works_as_expected_for_character_vector"/>
    <testcase time="0.00600000000000023" classname="string_to_title" name="string_to_title_works_as_expected_for_factors"/>
    <testcase time="0.00600000000000023" classname="string_to_title" name="string_to_title_works_as_expected_for_factors_missing_levels_"/>
  </testsuite>
  <testsuite name="summarize_ancova" timestamp="2025-11-14T15:53:15Z" hostname="d69da1ca75aa" tests="9" skipped="0" failures="0" errors="0" time="0.399">
    <testcase time="0.0220000000000056" classname="summarize_ancova" name="h_ancova_works_as_expected"/>
    <testcase time="0.00100000000000477" classname="summarize_ancova" name="h_ancova_works_as_expected"/>
    <testcase time="0.019999999999996" classname="summarize_ancova" name="s_ancova_j_works_as_expected"/>
    <testcase time="0.000999999999990564" classname="summarize_ancova" name="s_ancova_j_works_as_expected"/>
    <testcase time="0.0230000000000103" classname="summarize_ancova" name="s_ancova_j_works_as_expected"/>
    <testcase time="0.00399999999999068" classname="summarize_ancova" name="s_ancova_j_works_as_expected"/>
    <testcase time="0.00200000000000955" classname="summarize_ancova" name="s_ancova_j_works_as_expected"/>
    <testcase time="0.0829999999999984" classname="summarize_ancova" name="s_summarize_ancova_works_as_expected"/>
    <testcase time="0.242999999999995" classname="summarize_ancova" name="a_summarize_ancova_j_works_as_expected_in_table_layout"/>
  </testsuite>
  <testsuite name="summarize_mmrm" timestamp="2025-11-14T15:53:15Z" hostname="d69da1ca75aa" tests="14" skipped="0" failures="0" errors="0" time="2.368">
    <testcase time="0.198999999999998" classname="summarize_mmrm" name="h_summarize_mmrm_works_with_healthy_input"/>
    <testcase time="0.0370000000000061" classname="summarize_mmrm" name="h_summarize_mmrm_works_with_healthy_input"/>
    <testcase time="0.119" classname="summarize_mmrm" name="s_summarize_mmrm_works_with_healthy_input_in_non_ref_cell"/>
    <testcase time="0.0220000000000056" classname="summarize_mmrm" name="s_summarize_mmrm_works_with_healthy_input_in_non_ref_cell"/>
    <testcase time="0.0109999999999957" classname="summarize_mmrm" name="s_summarize_mmrm_works_with_healthy_input_in_ref_col_cell"/>
    <testcase time="0.0139999999999958" classname="summarize_mmrm" name="s_summarize_mmrm_works_with_healthy_input_in_ref_col_cell"/>
    <testcase time="0.00799999999999557" classname="summarize_mmrm" name="s_summarize_mmrm_works_with_healthy_input_in_ref_row_cell"/>
    <testcase time="0.007000000000005" classname="summarize_mmrm" name="s_summarize_mmrm_works_with_healthy_input_in_ref_row_cell"/>
    <testcase time="0.359999999999999" classname="summarize_mmrm" name="a_summarize_mmrm_works_as_expected_in_table_layout"/>
    <testcase time="0.119" classname="summarize_mmrm" name="a_summarize_mmrm_works_as_expected_in_table_layout"/>
    <testcase time="0.100000000000009" classname="summarize_mmrm" name="a_summarize_mmrm_works_as_expected_in_table_layout"/>
    <testcase time="0.829999999999998" classname="summarize_mmrm" name="a_summarize_mmrm_works_as_expected_below_row_splits"/>
    <testcase time="0.284999999999997" classname="summarize_mmrm" name="a_summarize_mmrm_works_as_expected_below_row_splits"/>
    <testcase time="0.257000000000005" classname="summarize_mmrm" name="a_summarize_mmrm_works_as_expected_below_row_splits"/>
  </testsuite>
  <testsuite name="summarize_row_counts" timestamp="2025-11-14T15:53:17Z" hostname="d69da1ca75aa" tests="4" skipped="0" failures="0" errors="0" time="0.509">
    <testcase time="0.171999999999997" classname="summarize_row_counts" name="summarize_row_counts_works_as_expected_without_alt_counts"/>
    <testcase time="0.0759999999999934" classname="summarize_row_counts" name="summarize_row_counts_works_as_expected_without_alt_counts"/>
    <testcase time="0.165000000000006" classname="summarize_row_counts" name="summarize_row_counts_works_as_expected_with_alt_counts"/>
    <testcase time="0.0960000000000036" classname="summarize_row_counts" name="summarize_row_counts_works_as_expected_with_alt_counts"/>
  </testsuite>
  <testsuite name="tabulate_lsmeans" timestamp="2025-11-14T15:53:18Z" hostname="d69da1ca75aa" tests="11" skipped="0" failures="0" errors="0" time="1.621">
    <testcase time="0.113" classname="tabulate_lsmeans" name="s_lsmeans_works_as_expected_with_MMRM_fit_when_not_in_reference_column"/>
    <testcase time="0.000999999999990564" classname="tabulate_lsmeans" name="s_lsmeans_works_as_expected_with_MMRM_fit_when_not_in_reference_column"/>
    <testcase time="0.00800000000000978" classname="tabulate_lsmeans" name="s_lsmeans_works_as_expected_with_MMRM_fit_when_not_in_reference_column"/>
    <testcase time="0.00799999999999557" classname="tabulate_lsmeans" name="s_lsmeans_works_as_expected_with_MMRM_fit_when_not_in_reference_column"/>
    <testcase time="0.00699999999999079" classname="tabulate_lsmeans" name="s_lsmeans_works_as_expected_with_MMRM_fit_when_not_in_reference_column"/>
    <testcase time="0.106000000000009" classname="tabulate_lsmeans" name="summarize_lsmeans_can_show_two_and_one_sided_p_values_correctly"/>
    <testcase time="0.445999999999998" classname="tabulate_lsmeans" name="summarize_lsmeans_can_show_two_and_one_sided_p_values_correctly"/>
    <testcase time="0.423000000000002" classname="tabulate_lsmeans" name="summarize_lsmeans_can_show_two_and_one_sided_p_values_correctly"/>
    <testcase time="0.429999999999993" classname="tabulate_lsmeans" name="summarize_lsmeans_can_show_two_and_one_sided_p_values_correctly"/>
    <testcase time="0.078000000000003" classname="tabulate_lsmeans" name="s_lsmeans_works_as_expected_with_ANCOVA_fit_when_not_in_reference_column"/>
    <testcase time="0.00100000000000477" classname="tabulate_lsmeans" name="s_lsmeans_works_as_expected_with_ANCOVA_fit_when_not_in_reference_column"/>
  </testsuite>
  <testsuite name="tabulate_lsmeans_wide" timestamp="2025-11-14T15:53:20Z" hostname="d69da1ca75aa" tests="19" skipped="0" failures="0" errors="0" time="1.492">
    <testcase time="0.019999999999996" classname="tabulate_lsmeans_wide" name="lsmeans_wide_cfun_works_as_expected"/>
    <testcase time="0.00900000000000034" classname="tabulate_lsmeans_wide" name="lsmeans_wide_cfun_works_as_expected"/>
    <testcase time="0.00799999999999557" classname="tabulate_lsmeans_wide" name="lsmeans_wide_cfun_works_as_expected"/>
    <testcase time="0.00799999999999557" classname="tabulate_lsmeans_wide" name="lsmeans_wide_cfun_works_as_expected"/>
    <testcase time="0.00799999999999557" classname="tabulate_lsmeans_wide" name="lsmeans_wide_cfun_works_as_expected"/>
    <testcase time="0.0130000000000052" classname="tabulate_lsmeans_wide" name="lsmeans_wide_cfun_works_as_expected_with_more_than_one_treatment_group"/>
    <testcase time="0.00900000000000034" classname="tabulate_lsmeans_wide" name="lsmeans_wide_cfun_works_as_expected_with_more_than_one_treatment_group"/>
    <testcase time="0.00799999999999557" classname="tabulate_lsmeans_wide" name="lsmeans_wide_cfun_works_as_expected_with_more_than_one_treatment_group"/>
    <testcase time="0.0130000000000052" classname="tabulate_lsmeans_wide" name="lsmeans_wide_cfun_works_as_expected_with_more_than_one_treatment_group_for_MMRM_case"/>
    <testcase time="0.00799999999999557" classname="tabulate_lsmeans_wide" name="lsmeans_wide_cfun_works_as_expected_with_more_than_one_treatment_group_for_MMRM_case"/>
    <testcase time="0.00800000000000978" classname="tabulate_lsmeans_wide" name="lsmeans_wide_cfun_works_as_expected_with_more_than_one_treatment_group_for_MMRM_case"/>
    <testcase time="0.00900000000000034" classname="tabulate_lsmeans_wide" name="lsmeans_wide_cfun_works_as_expected_with_more_than_one_treatment_group_for_MMRM_case"/>
    <testcase time="0.311999999999998" classname="tabulate_lsmeans_wide" name="summarize_lsmeans_wide_works_as_expected"/>
    <testcase time="0.140000000000001" classname="tabulate_lsmeans_wide" name="summarize_lsmeans_wide_works_as_expected"/>
    <testcase time="0.11399999999999" classname="tabulate_lsmeans_wide" name="summarize_lsmeans_wide_works_as_expected_with_more_than_1_treatment_group"/>
    <testcase time="0.268000000000001" classname="tabulate_lsmeans_wide" name="summarize_lsmeans_wide_works_as_expected_with_more_than_1_treatment_group"/>
    <testcase time="0.165000000000006" classname="tabulate_lsmeans_wide" name="summarize_lsmeans_wide_works_as_expected_with_more_than_1_treatment_group"/>
    <testcase time="0.264999999999986" classname="tabulate_lsmeans_wide" name="summarize_lsmeans_wide_can_omit_variance_and_p_value_columns"/>
    <testcase time="0.107000000000014" classname="tabulate_lsmeans_wide" name="summarize_lsmeans_wide_can_omit_variance_and_p_value_columns"/>
  </testsuite>
  <testsuite name="tabulate_rbmi" timestamp="2025-11-14T15:53:21Z" hostname="d69da1ca75aa" tests="13" skipped="0" failures="0" errors="0" time="0.313">
    <testcase time="0.0279999999999916" classname="tabulate_rbmi" name="h_tidy_pool_is_produced_correctly_for_ANCOVA_case"/>
    <testcase time="0.0130000000000052" classname="tabulate_rbmi" name="h_tidy_pool_is_produced_correctly_for_MMRM_case"/>
    <testcase time="0.00300000000000011" classname="tabulate_rbmi" name="h_tidy_pool_is_produced_correctly_for_MMRM_case"/>
    <testcase time="0.00399999999999068" classname="tabulate_rbmi" name="h_tidy_pool_is_produced_correctly_for_MMRM_case"/>
    <testcase time="0.0180000000000007" classname="tabulate_rbmi" name="tidy.pool_is_produced_correctly_for_ANCOVA_case"/>
    <testcase time="0.0100000000000051" classname="tabulate_rbmi" name="tidy.pool_is_produced_correctly_for_MMRM_case"/>
    <testcase time="0.00300000000000011" classname="tabulate_rbmi" name="tidy.pool_is_produced_correctly_for_MMRM_case"/>
    <testcase time="0.00300000000000011" classname="tabulate_rbmi" name="tidy.pool_is_produced_correctly_for_MMRM_case"/>
    <testcase time="0.0169999999999959" classname="tabulate_rbmi" name="s_rbmi_lsmeans_works_with_as_expected_with_.in_ref_col_TRUE"/>
    <testcase time="0.0200000000000102" classname="tabulate_rbmi" name="s_rbmi_lsmeans_works_with_as_expected_with_.in_ref_col_FALSE"/>
    <testcase time="0.019999999999996" classname="tabulate_rbmi" name="s_rbmi_lsmeans_also_works_with_show_relative_increase"/>
    <testcase time="0.0960000000000036" classname="tabulate_rbmi" name="a_rbmi_lsmeans_works_as_expected_in_table_layout"/>
    <testcase time="0.0779999999999887" classname="tabulate_rbmi" name="a_rbmi_lsmeans_works_as_expected_in_table_layout"/>
  </testsuite>
  <testsuite name="tern_utils_default_stats_formats_labels" timestamp="2025-11-14T15:53:21Z" hostname="d69da1ca75aa" tests="52" skipped="0" failures="0" errors="0" time="0.255">
    <testcase time="0.0110000000000099" classname="tern_utils_default_stats_formats_labels" name="tern_get_stats_works_as_expected_for_defaults"/>
    <testcase time="0.00799999999999557" classname="tern_utils_default_stats_formats_labels" name="tern_get_stats_works_as_expected_for_defaults"/>
    <testcase time="0.00100000000000477" classname="tern_utils_default_stats_formats_labels" name="tern_get_stats_works_as_expected_for_defaults"/>
    <testcase time="0.00699999999999079" classname="tern_utils_default_stats_formats_labels" name="tern_get_stats_works_as_expected_for_defaults"/>
    <testcase time="0.00200000000000955" classname="tern_utils_default_stats_formats_labels" name="tern_get_stats_works_as_expected_for_defaults"/>
    <testcase time="0.012999999999991" classname="tern_utils_default_stats_formats_labels" name="tern_get_stats_works_as_expected_for_defaults"/>
    <testcase time="0.00300000000000011" classname="tern_utils_default_stats_formats_labels" name="tern_get_stats_works_as_expected_for_defaults"/>
    <testcase time="0.00900000000000034" classname="tern_utils_default_stats_formats_labels" name="tern_get_stats_works_as_expected_for_defaults"/>
    <testcase time="0.00600000000000023" classname="tern_utils_default_stats_formats_labels" name="tern_get_stats_works_as_expected_for_defaults"/>
    <testcase time="0.00300000000000011" classname="tern_utils_default_stats_formats_labels" name="tern_get_stats_works_as_expected_for_defaults"/>
    <testcase time="0.00300000000000011" classname="tern_utils_default_stats_formats_labels" name="tern_get_stats_works_as_expected_for_defaults"/>
    <testcase time="0.00600000000000023" classname="tern_utils_default_stats_formats_labels" name="tern_get_stats_works_well_with_pval"/>
    <testcase time="0.00300000000000011" classname="tern_utils_default_stats_formats_labels" name="tern_get_stats_works_well_with_pval"/>
    <testcase time="0.00300000000000011" classname="tern_utils_default_stats_formats_labels" name="tern_get_stats_works_well_with_pval"/>
    <testcase time="0.00499999999999545" classname="tern_utils_default_stats_formats_labels" name="tern_get_stats_works_well_with_pval"/>
    <testcase time="0.00500000000000966" classname="tern_utils_default_stats_formats_labels" name="tern_get_stats_works_well_with_pval"/>
    <testcase time="0.00399999999999068" classname="tern_utils_default_stats_formats_labels" name="tern_get_stats_works_well_with_pval"/>
    <testcase time="0.00600000000000023" classname="tern_utils_default_stats_formats_labels" name="tern_get_stats_works_as_expected_for_selection_of_stats"/>
    <testcase time="0.00200000000000955" classname="tern_utils_default_stats_formats_labels" name="tern_get_stats_works_as_expected_for_selection_of_stats"/>
    <testcase time="0.00400000000000489" classname="tern_utils_default_stats_formats_labels" name="tern_get_stats_works_as_expected_for_selection_of_stats"/>
    <testcase time="0.00499999999999545" classname="tern_utils_default_stats_formats_labels" name="tern_get_stats_works_as_expected_for_selection_of_stats"/>
    <testcase time="0.00600000000000023" classname="tern_utils_default_stats_formats_labels" name="tern_get_formats_from_stats_works_as_expected"/>
    <testcase time="0.00400000000000489" classname="tern_utils_default_stats_formats_labels" name="tern_get_formats_from_stats_works_as_expected"/>
    <testcase time="0.00300000000000011" classname="tern_utils_default_stats_formats_labels" name="tern_get_formats_from_stats_works_as_expected"/>
    <testcase time="0.00300000000000011" classname="tern_utils_default_stats_formats_labels" name="tern_get_formats_from_stats_works_as_expected"/>
    <testcase time="0.00300000000000011" classname="tern_utils_default_stats_formats_labels" name="tern_get_formats_from_stats_works_as_expected"/>
    <testcase time="0.00300000000000011" classname="tern_utils_default_stats_formats_labels" name="tern_get_formats_from_stats_works_as_expected"/>
    <testcase time="0.00300000000000011" classname="tern_utils_default_stats_formats_labels" name="tern_get_formats_from_stats_works_as_expected"/>
    <testcase time="0.00300000000000011" classname="tern_utils_default_stats_formats_labels" name="tern_get_formats_from_stats_works_as_expected"/>
    <testcase time="0.00600000000000023" classname="tern_utils_default_stats_formats_labels" name="tern_get_labels_from_stats_works_as_expected"/>
    <testcase time="0.00799999999999557" classname="tern_utils_default_stats_formats_labels" name="tern_get_labels_from_stats_works_as_expected"/>
    <testcase time="0.00300000000000011" classname="tern_utils_default_stats_formats_labels" name="tern_get_labels_from_stats_works_as_expected"/>
    <testcase time="0.00300000000000011" classname="tern_utils_default_stats_formats_labels" name="tern_get_labels_from_stats_works_as_expected"/>
    <testcase time="0.00400000000000489" classname="tern_utils_default_stats_formats_labels" name="tern_get_labels_from_stats_works_as_expected"/>
    <testcase time="0.00300000000000011" classname="tern_utils_default_stats_formats_labels" name="tern_get_labels_from_stats_works_as_expected"/>
    <testcase time="0.00300000000000011" classname="tern_utils_default_stats_formats_labels" name="tern_get_labels_from_stats_works_as_expected"/>
    <testcase time="0.007000000000005" classname="tern_utils_default_stats_formats_labels" name="tern_get_labels_from_stats_with_labels_in_works_when_adding_levels_to_stats"/>
    <testcase time="0.00600000000000023" classname="tern_utils_default_stats_formats_labels" name="tern_get_labels_from_stats_works_fine_for_cases_with_levels"/>
    <testcase time="0.00499999999999545" classname="tern_utils_default_stats_formats_labels" name="tern_get_indents_from_stats_works_as_expected"/>
    <testcase time="0.00799999999999557" classname="tern_utils_default_stats_formats_labels" name="tern_get_indents_from_stats_works_as_expected"/>
    <testcase time="0.00300000000000011" classname="tern_utils_default_stats_formats_labels" name="tern_get_indents_from_stats_works_as_expected"/>
    <testcase time="0.00300000000000011" classname="tern_utils_default_stats_formats_labels" name="tern_get_indents_from_stats_works_as_expected"/>
    <testcase time="0.00300000000000011" classname="tern_utils_default_stats_formats_labels" name="tern_get_indents_from_stats_works_as_expected"/>
    <testcase time="0.007000000000005" classname="tern_utils_default_stats_formats_labels" name="tern_get_labels_from_stats_correctly_combines_labels_in_and_label_attr_from_stats"/>
    <testcase time="0.00600000000000023" classname="tern_utils_default_stats_formats_labels" name=".unlist_keep_nulls_works_as_expected_non_recursively"/>
    <testcase time="0.00600000000000023" classname="tern_utils_default_stats_formats_labels" name=".unlist_keep_nulls_works_as_expected_non_recursively_with_NA"/>
    <testcase time="0.00699999999999079" classname="tern_utils_default_stats_formats_labels" name=".split_std_from_custom_stats_works_as_expected_with_a_list"/>
    <testcase time="0.00100000000000477" classname="tern_utils_default_stats_formats_labels" name=".split_std_from_custom_stats_works_as_expected_with_a_list"/>
    <testcase time="0.00300000000000011" classname="tern_utils_default_stats_formats_labels" name=".split_std_from_custom_stats_works_as_expected_with_a_list"/>
    <testcase time="0.0109999999999957" classname="tern_utils_default_stats_formats_labels" name=".split_std_from_custom_stats_works_as_expected_with_a_single_input"/>
    <testcase time="0.00600000000000023" classname="tern_utils_default_stats_formats_labels" name=".apply_stat_functions_works_as_expected_without_custom_stat_functions"/>
    <testcase time="0.00600000000000023" classname="tern_utils_default_stats_formats_labels" name=".apply_stat_functions_works_as_expected_with_custom_stat_functions"/>
  </testsuite>
  <testsuite name="test_proportion_diff" timestamp="2025-11-14T15:53:22Z" hostname="d69da1ca75aa" tests="32" skipped="0" failures="0" errors="0" time="0.264">
    <testcase time="0.0190000000000055" classname="test_proportion_diff" name="s_test_proportion_diff_works_as_expected"/>
    <testcase time="0.00900000000000034" classname="test_proportion_diff" name="s_test_proportion_diff_works_as_expected"/>
    <testcase time="0.007000000000005" classname="test_proportion_diff" name="s_test_proportion_diff_works_as_expected"/>
    <testcase time="0.0369999999999919" classname="test_proportion_diff" name="a_test_proportion_diff_works_as_expected_in_table_layout"/>
    <testcase time="0.0330000000000013" classname="test_proportion_diff" name="a_test_proportion_diff_works_as_expected_in_table_layout"/>
    <testcase time="0.00600000000000023" classname="test_proportion_diff" name="prop_chisq_returns_right_result"/>
    <testcase time="0.00799999999999557" classname="test_proportion_diff" name="prop_chisq_returns_right_result"/>
    <testcase time="0.00200000000000955" classname="test_proportion_diff" name="prop_chisq_returns_right_result"/>
    <testcase time="0.00699999999999079" classname="test_proportion_diff" name="prop_chisq_returns_right_result"/>
    <testcase time="0.00200000000000955" classname="test_proportion_diff" name="prop_chisq_returns_right_result"/>
    <testcase time="0.00699999999999079" classname="test_proportion_diff" name="prop_chisq_returns_right_result"/>
    <testcase time="0.00600000000000023" classname="test_proportion_diff" name="prop_cmh_returns_right_result"/>
    <testcase time="0.007000000000005" classname="test_proportion_diff" name="prop_cmh_returns_right_result"/>
    <testcase time="0.00199999999999534" classname="test_proportion_diff" name="prop_cmh_returns_right_result"/>
    <testcase time="0.007000000000005" classname="test_proportion_diff" name="prop_cmh_returns_right_result"/>
    <testcase time="0.00300000000000011" classname="test_proportion_diff" name="prop_cmh_returns_right_result"/>
    <testcase time="0.0150000000000006" classname="test_proportion_diff" name="prop_cmh_returns_right_result"/>
    <testcase time="0.0139999999999958" classname="test_proportion_diff" name="prop_cmh_also_works_when_there_are_strata_with_just_one_observation"/>
    <testcase time="0.00200000000000955" classname="test_proportion_diff" name="prop_cmh_also_works_when_there_are_strata_with_just_one_observation"/>
    <testcase time="0.00799999999999557" classname="test_proportion_diff" name="prop_cmh_also_works_when_there_are_strata_with_just_one_observation"/>
    <testcase time="0.00600000000000023" classname="test_proportion_diff" name="prop_cmh_also_works_when_there_are_strata_with_just_one_observation"/>
    <testcase time="0.00199999999999534" classname="test_proportion_diff" name="prop_cmh_also_works_when_there_are_strata_with_just_one_observation"/>
    <testcase time="0.00799999999999557" classname="test_proportion_diff" name="prop_cmh_also_works_when_there_are_strata_with_just_one_observation"/>
    <testcase time="0.00600000000000023" classname="test_proportion_diff" name="prop_cmh_also_works_when_there_are_strata_with_just_one_observation"/>
    <testcase time="0.00200000000000955" classname="test_proportion_diff" name="prop_cmh_also_works_when_there_are_strata_with_just_one_observation"/>
    <testcase time="0.00699999999999079" classname="test_proportion_diff" name="prop_cmh_also_works_when_there_are_strata_with_just_one_observation"/>
    <testcase time="0.00600000000000023" classname="test_proportion_diff" name="prop_fisher_returns_right_result"/>
    <testcase time="0.00800000000000978" classname="test_proportion_diff" name="prop_fisher_returns_right_result"/>
    <testcase time="0.00199999999999534" classname="test_proportion_diff" name="prop_fisher_returns_right_result"/>
    <testcase time="0.007000000000005" classname="test_proportion_diff" name="prop_fisher_returns_right_result"/>
    <testcase time="0.00199999999999534" classname="test_proportion_diff" name="prop_fisher_returns_right_result"/>
    <testcase time="0.007000000000005" classname="test_proportion_diff" name="prop_fisher_returns_right_result"/>
  </testsuite>
  <testsuite name="titles_file" timestamp="2025-11-14T15:53:22Z" hostname="d69da1ca75aa" tests="6" skipped="0" failures="0" errors="0" time="0.053">
    <testcase time="0.012999999999991" classname="titles_file" name="title_files_work"/>
    <testcase time="0.00500000000000966" classname="titles_file" name="title_files_work"/>
    <testcase time="0.0240000000000009" classname="titles_file" name="title_files_work"/>
    <testcase time="0.00300000000000011" classname="titles_file" name="title_files_work"/>
    <testcase time="0.00300000000000011" classname="titles_file" name="title_files_work"/>
    <testcase time="0.00499999999999545" classname="titles_file" name="title_files_work"/>
  </testsuite>
  <testsuite name="tt_to_tblfile" timestamp="2025-11-14T15:53:22Z" hostname="d69da1ca75aa" tests="28" skipped="0" failures="4" errors="4" time="25.113">
    <testcase time="6.139" classname="tt_to_tblfile" name="tt_to_tlgrtf_works_with_input_Table_and_fontspec_size_8"/>
    <testcase time="0.194000000000003" classname="tt_to_tblfile" name="tt_to_tlgrtf_works_with_an_empty_listing">
      <failure type="failure" message="Adding new file snapshot: 'tests/testthat/_snaps/tt_to_tblfile/testemptylisting.rtf' ('test-tt_to_tblfile.R:52:3')">Adding new file snapshot: 'tests/testthat/_snaps/tt_to_tblfile/testemptylisting.rtf'</failure>
    </testcase>
    <testcase time="0.0150000000000006" classname="tt_to_tblfile" name="tt_to_tlgrtf_works_with_an_empty_listing">
      <error type="error" message="Error in `!equal`: invalid argument type ('test-tt_to_tblfile.R:52:3')">Error in `!equal`: invalid argument type
Backtrace:
    x
 1. \-testthat::expect_snapshot_file(...) at test-tt_to_tblfile.R:52:3</error>
    </testcase>
    <testcase time="0.0280000000000058" classname="tt_to_tblfile" name="get_ncol_works_as_expected"/>
    <testcase time="1.794" classname="tt_to_tblfile" name="get_ncol_works_as_expected"/>
    <testcase time="0.387" classname="tt_to_tblfile" name="get_ncol_works_as_expected"/>
    <testcase time="0.00300000000000011" classname="tt_to_tblfile" name="get_ncol_works_as_expected"/>
    <testcase time="0.00399999999999068" classname="tt_to_tblfile" name="get_ncol_works_as_expected"/>
    <testcase time="6.56700000000001" classname="tt_to_tblfile" name="tt_to_tlgrtf_works_with_wide_table"/>
    <testcase time="0.00600000000000023" classname="tt_to_tblfile" name="tt_to_tlgrtf_works_with_wide_table">
      <failure type="failure" message="Adding new file snapshot: 'tests/testthat/_snaps/tt_to_tblfile/test2part1of7.rtf' ('test-tt_to_tblfile.R:98:5')">Adding new file snapshot: 'tests/testthat/_snaps/tt_to_tblfile/test2part1of7.rtf'</failure>
    </testcase>
    <testcase time="0.0159999999999911" classname="tt_to_tblfile" name="tt_to_tlgrtf_works_with_wide_table">
      <error type="error" message="Error in `!equal`: invalid argument type ('test-tt_to_tblfile.R:98:5')">Error in `!equal`: invalid argument type
Backtrace:
    x
 1. \-testthat::expect_snapshot_file(fl, cran = TRUE) at test-tt_to_tblfile.R:98:5</error>
    </testcase>
    <testcase time="8.06400000000001" classname="tt_to_tblfile" name="tt_to_tlgrtf_works_with_argument_combined_rtf_TRUE"/>
    <testcase time="0.00699999999999079" classname="tt_to_tblfile" name="tt_to_tlgrtf_works_with_argument_combined_rtf_TRUE">
      <failure type="failure" message="Adding new file snapshot: 'tests/testthat/_snaps/tt_to_tblfile/test3allparts.rtf' ('test-tt_to_tblfile.R:116:3')">Adding new file snapshot: 'tests/testthat/_snaps/tt_to_tblfile/test3allparts.rtf'</failure>
    </testcase>
    <testcase time="0.0150000000000006" classname="tt_to_tblfile" name="tt_to_tlgrtf_works_with_argument_combined_rtf_TRUE">
      <error type="error" message="Error in `!equal`: invalid argument type ('test-tt_to_tblfile.R:116:3')">Error in `!equal`: invalid argument type
Backtrace:
    x
 1. \-testthat::expect_snapshot_file(cmb_fl, cran = TRUE) at test-tt_to_tblfile.R:116:3</error>
    </testcase>
    <testcase time="0.281000000000006" classname="tt_to_tblfile" name="tt_to_tlgrtf_converts_table_tree_to_tlg_without_error">
      <failure type="failure" message="Adding new file snapshot: 'tests/testthat/_snaps/tt_to_tblfile/test1.rtf' ('test-tt_to_tblfile.R:131:3')">Adding new file snapshot: 'tests/testthat/_snaps/tt_to_tblfile/test1.rtf'</failure>
    </testcase>
    <testcase time="0.0159999999999911" classname="tt_to_tblfile" name="tt_to_tlgrtf_converts_table_tree_to_tlg_without_error">
      <error type="error" message="Error in `!equal`: invalid argument type ('test-tt_to_tblfile.R:131:3')">Error in `!equal`: invalid argument type
Backtrace:
    x
 1. \-testthat::expect_snapshot_file(...) at test-tt_to_tblfile.R:131:3</error>
    </testcase>
    <testcase time="0.0190000000000055" classname="tt_to_tblfile" name="cwidths_final_adj_calculates_adjusted_column_widths_correctly"/>
    <testcase time="0.00400000000000489" classname="tt_to_tblfile" name="cwidths_final_adj_calculates_adjusted_column_widths_correctly"/>
    <testcase time="0.00600000000000023" classname="tt_to_tblfile" name="make_bordmat_row_creates_border_matrix_row_correctly"/>
    <testcase time="0.000999999999990564" classname="tt_to_tblfile" name="make_bordmat_row_creates_border_matrix_row_correctly"/>
    <testcase time="0.00300000000000011" classname="tt_to_tblfile" name="make_bordmat_row_creates_border_matrix_row_correctly"/>
    <testcase time="0.259" classname="tt_to_tblfile" name="tt_to_tlgrtf_validates_table_structure_correctly"/>
    <testcase time="0.203000000000003" classname="tt_to_tblfile" name="tt_to_tlgrtf_validates_table_structure_correctly"/>
    <testcase time="0.207999999999998" classname="tt_to_tblfile" name="tt_to_tlgrtf_validates_table_structure_correctly"/>
    <testcase time="0.25" classname="tt_to_tblfile" name="tt_to_tlgrtf_does_not_warn_for_valid_table_structures"/>
    <testcase time="0.254000000000005" classname="tt_to_tblfile" name="tt_to_tlgrtf_respects_JUNCO_DISABLE_VALIDATION_environment_variable"/>
    <testcase time="0.367000000000004" classname="tt_to_tblfile" name="more_top_left_than_col_headers_works"/>
    <testcase time="0.00300000000000011" classname="tt_to_tblfile" name="more_top_left_than_col_headers_works"/>
  </testsuite>
  <testsuite name="varia" timestamp="2025-11-14T15:53:47Z" hostname="d69da1ca75aa" tests="16" skipped="0" failures="0" errors="0" time="2.525">
    <testcase time="0.046999999999997" classname="varia" name="a_freq_j_works_old_count_unq_case_"/>
    <testcase time="0.0349999999999966" classname="varia" name="a_freq_j_works_old_count_unq_case_"/>
    <testcase time="0.147000000000006" classname="varia" name="a_freq_subcol_j_works_old_case_of_cpct_subcol_"/>
    <testcase time="0.524000000000001" classname="varia" name="a_freq_combos_j_old_cpct_filter_combos_case_works"/>
    <testcase time="0.608999999999995" classname="varia" name="_a_freq_j_works"/>
    <testcase time="0.231999999999999" classname="varia" name="a_freq_j_works_old_count_subject_case_"/>
    <testcase time="0.477000000000004" classname="varia" name="a_freq_j_works_old_count_subject_case_"/>
    <testcase time="0.00900000000000034" classname="varia" name="a_freq_j_works_old_count_subject_case_"/>
    <testcase time="0.00799999999999557" classname="varia" name="a_freq_j_works_old_count_subject_case_"/>
    <testcase time="0.078000000000003" classname="varia" name="_a_freq_j_works"/>
    <testcase time="0.0840000000000032" classname="varia" name="a_freq_j_works_old_a_countpat_newlevels_case_"/>
    <testcase time="0.0139999999999958" classname="varia" name="a_freq_j_works_old_a_countpat_newlevels_case_"/>
    <testcase time="0.00300000000000011" classname="varia" name="a_freq_j_works_old_a_countpat_newlevels_case_"/>
    <testcase time="0.200000000000003" classname="varia" name="a_summarize_ex_j_works"/>
    <testcase time="0.0259999999999962" classname="varia" name="a_summarize_ex_j_works"/>
    <testcase time="0.0319999999999965" classname="varia" name="a_summarize_ex_j_works"/>
  </testsuite>
  <testsuite name="visit_levels" timestamp="2025-11-14T15:53:50Z" hostname="d69da1ca75aa" tests="8" skipped="0" failures="0" errors="0" time="0.043">
    <testcase time="0.0120000000000005" classname="visit_levels" name="get_visit_levels_returns_visit_levels_in_correct_order"/>
    <testcase time="0.00300000000000011" classname="visit_levels" name="get_visit_levels_returns_visit_levels_in_correct_order"/>
    <testcase time="0.00300000000000011" classname="visit_levels" name="get_visit_levels_returns_visit_levels_in_correct_order"/>
    <testcase time="0.00400000000000489" classname="visit_levels" name="get_visit_levels_returns_visit_levels_in_correct_order"/>
    <testcase time="0.00799999999999557" classname="visit_levels" name="get_visit_levels_validates_input_correctly"/>
    <testcase time="0.00499999999999545" classname="visit_levels" name="get_visit_levels_validates_input_correctly"/>
    <testcase time="0.00300000000000011" classname="visit_levels" name="get_visit_levels_validates_input_correctly"/>
    <testcase time="0.00500000000000966" classname="visit_levels" name="get_visit_levels_validates_input_correctly"/>
  </testsuite>
</testsuites>
