<?xml version="1.0" encoding="UTF-8"?>
<!DOCTYPE coverage SYSTEM "https://raw.githubusercontent.com/cobertura/cobertura/master/cobertura/src/site/htdocs/xml/coverage-04.dtd">
<coverage line-rate="0.838327651175309" branch-rate="0" lines-covered="4672" lines-valid="5573" branches-covered="0" branches-valid="0" complexity="0" version="3.6.4" timestamp="2025-07-07 15:50:32.465226">
  <sources>
    <source>/home/runner/work/junco/junco</source>
  </sources>
  <packages>
    <package name="junco" line-rate="0.838327651175309" branch-rate="0" complexity="0">
      <classes>
        <class name="a_eair_j.R" filename="R/a_eair_j.R" line-rate="0.940677966101695" branch-rate="0" complexity="0">
          <methods>
            <method name="s_patyrs_j" signature="" line-rate="0.785714285714286" branch-rate="0" complexity="0">
              <lines>
                <line number="23" hits="5" branch="false"/>
                <line number="25" hits="5" branch="false"/>
                <line number="26" hits="5" branch="false"/>
                <line number="27" hits="0" branch="false"/>
                <line number="28" hits="0" branch="false"/>
                <line number="29" hits="0" branch="false"/>
                <line number="31" hits="5" branch="false"/>
                <line number="33" hits="5" branch="false"/>
                <line number="35" hits="5" branch="false"/>
                <line number="37" hits="5" branch="false"/>
                <line number="38" hits="3" branch="false"/>
                <line number="40" hits="2" branch="false"/>
                <line number="42" hits="5" branch="false"/>
                <line number="44" hits="5" branch="false"/>
              </lines>
            </method>
            <method name="a_patyrs_j" signature="" line-rate="0.886363636363636" branch-rate="0" complexity="0">
              <lines>
                <line number="78" hits="5" branch="false"/>
                <line number="80" hits="5" branch="false"/>
                <line number="81" hits="0" branch="false"/>
                <line number="84" hits="5" branch="false"/>
                <line number="85" hits="0" branch="false"/>
                <line number="86" hits="0" branch="false"/>
                <line number="87" hits="0" branch="false"/>
                <line number="90" hits="5" branch="false"/>
                <line number="92" hits="5" branch="false"/>
                <line number="93" hits="5" branch="false"/>
                <line number="95" hits="5" branch="false"/>
                <line number="99" hits="5" branch="false"/>
                <line number="100" hits="5" branch="false"/>
                <line number="101" hits="5" branch="false"/>
                <line number="102" hits="5" branch="false"/>
                <line number="103" hits="5" branch="false"/>
                <line number="104" hits="5" branch="false"/>
                <line number="105" hits="5" branch="false"/>
                <line number="106" hits="5" branch="false"/>
                <line number="107" hits="5" branch="false"/>
                <line number="109" hits="5" branch="false"/>
                <line number="111" hits="0" branch="false"/>
                <line number="114" hits="5" branch="false"/>
                <line number="115" hits="5" branch="false"/>
                <line number="116" hits="5" branch="false"/>
                <line number="117" hits="5" branch="false"/>
                <line number="118" hits="5" branch="false"/>
                <line number="119" hits="5" branch="false"/>
                <line number="120" hits="5" branch="false"/>
                <line number="121" hits="5" branch="false"/>
                <line number="123" hits="5" branch="false"/>
                <line number="125" hits="5" branch="false"/>
                <line number="127" hits="5" branch="false"/>
                <line number="128" hits="5" branch="false"/>
                <line number="129" hits="5" branch="false"/>
                <line number="131" hits="5" branch="false"/>
                <line number="134" hits="5" branch="false"/>
                <line number="135" hits="5" branch="false"/>
                <line number="138" hits="5" branch="false"/>
                <line number="139" hits="5" branch="false"/>
                <line number="140" hits="5" branch="false"/>
                <line number="141" hits="5" branch="false"/>
                <line number="142" hits="5" branch="false"/>
                <line number="144" hits="5" branch="false"/>
              </lines>
            </method>
            <method name="s_eair100_levii_j" signature="" line-rate="1" branch-rate="0" complexity="0">
              <lines>
                <line number="196" hits="150" branch="false"/>
                <line number="197" hits="60" branch="false"/>
                <line number="198" hits="60" branch="false"/>
                <line number="199" hits="60" branch="false"/>
                <line number="200" hits="60" branch="false"/>
                <line number="201" hits="60" branch="false"/>
                <line number="204" hits="90" branch="false"/>
                <line number="206" hits="150" branch="false"/>
                <line number="207" hits="150" branch="false"/>
                <line number="208" hits="150" branch="false"/>
                <line number="209" hits="150" branch="false"/>
                <line number="210" hits="150" branch="false"/>
                <line number="211" hits="150" branch="false"/>
                <line number="212" hits="150" branch="false"/>
                <line number="213" hits="150" branch="false"/>
                <line number="214" hits="150" branch="false"/>
                <line number="215" hits="150" branch="false"/>
                <line number="216" hits="150" branch="false"/>
                <line number="217" hits="150" branch="false"/>
                <line number="220" hits="150" branch="false"/>
                <line number="221" hits="150" branch="false"/>
                <line number="222" hits="150" branch="false"/>
                <line number="224" hits="150" branch="false"/>
                <line number="225" hits="150" branch="false"/>
                <line number="226" hits="150" branch="false"/>
                <line number="227" hits="150" branch="false"/>
                <line number="229" hits="150" branch="false"/>
                <line number="230" hits="60" branch="false"/>
                <line number="231" hits="60" branch="false"/>
                <line number="232" hits="60" branch="false"/>
                <line number="234" hits="60" branch="false"/>
                <line number="235" hits="60" branch="false"/>
                <line number="236" hits="60" branch="false"/>
                <line number="237" hits="60" branch="false"/>
                <line number="238" hits="60" branch="false"/>
                <line number="240" hits="60" branch="false"/>
                <line number="241" hits="60" branch="false"/>
                <line number="242" hits="60" branch="false"/>
                <line number="243" hits="60" branch="false"/>
                <line number="244" hits="60" branch="false"/>
                <line number="246" hits="60" branch="false"/>
                <line number="247" hits="60" branch="false"/>
                <line number="248" hits="60" branch="false"/>
                <line number="249" hits="60" branch="false"/>
                <line number="250" hits="60" branch="false"/>
                <line number="251" hits="60" branch="false"/>
                <line number="252" hits="60" branch="false"/>
                <line number="253" hits="60" branch="false"/>
                <line number="254" hits="60" branch="false"/>
                <line number="255" hits="60" branch="false"/>
                <line number="257" hits="60" branch="false"/>
                <line number="258" hits="60" branch="false"/>
                <line number="261" hits="60" branch="false"/>
                <line number="262" hits="60" branch="false"/>
                <line number="263" hits="60" branch="false"/>
                <line number="265" hits="60" branch="false"/>
                <line number="267" hits="60" branch="false"/>
                <line number="269" hits="60" branch="false"/>
                <line number="270" hits="60" branch="false"/>
                <line number="271" hits="60" branch="false"/>
                <line number="273" hits="60" branch="false"/>
                <line number="275" hits="60" branch="false"/>
                <line number="276" hits="60" branch="false"/>
                <line number="277" hits="60" branch="false"/>
                <line number="278" hits="60" branch="false"/>
                <line number="280" hits="90" branch="false"/>
                <line number="283" hits="150" branch="false"/>
              </lines>
            </method>
            <method name="a_eair100_j" signature="" line-rate="0.945945945945946" branch-rate="0" complexity="0">
              <lines>
                <line number="338" hits="15" branch="false"/>
                <line number="340" hits="15" branch="false"/>
                <line number="341" hits="15" branch="false"/>
                <line number="344" hits="15" branch="false"/>
                <line number="345" hits="15" branch="false"/>
                <line number="346" hits="15" branch="false"/>
                <line number="347" hits="15" branch="false"/>
                <line number="348" hits="15" branch="false"/>
                <line number="353" hits="15" branch="false"/>
                <line number="354" hits="15" branch="false"/>
                <line number="355" hits="15" branch="false"/>
                <line number="356" hits="15" branch="false"/>
                <line number="357" hits="15" branch="false"/>
                <line number="358" hits="15" branch="false"/>
                <line number="359" hits="15" branch="false"/>
                <line number="360" hits="15" branch="false"/>
                <line number="361" hits="15" branch="false"/>
                <line number="362" hits="15" branch="false"/>
                <line number="363" hits="15" branch="false"/>
                <line number="364" hits="15" branch="false"/>
                <line number="365" hits="15" branch="false"/>
                <line number="366" hits="15" branch="false"/>
                <line number="368" hits="15" branch="false"/>
                <line number="369" hits="15" branch="false"/>
                <line number="371" hits="15" branch="false"/>
                <line number="372" hits="0" branch="false"/>
                <line number="378" hits="15" branch="false"/>
                <line number="379" hits="15" branch="false"/>
                <line number="380" hits="15" branch="false"/>
                <line number="381" hits="15" branch="false"/>
                <line number="382" hits="15" branch="false"/>
                <line number="383" hits="15" branch="false"/>
                <line number="384" hits="15" branch="false"/>
                <line number="385" hits="15" branch="false"/>
                <line number="386" hits="15" branch="false"/>
                <line number="387" hits="15" branch="false"/>
                <line number="389" hits="15" branch="false"/>
                <line number="390" hits="15" branch="false"/>
                <line number="391" hits="15" branch="false"/>
                <line number="392" hits="15" branch="false"/>
                <line number="393" hits="15" branch="false"/>
                <line number="394" hits="15" branch="false"/>
                <line number="395" hits="15" branch="false"/>
                <line number="396" hits="15" branch="false"/>
                <line number="397" hits="15" branch="false"/>
                <line number="398" hits="15" branch="false"/>
                <line number="399" hits="15" branch="false"/>
                <line number="401" hits="15" branch="false"/>
                <line number="402" hits="6" branch="false"/>
                <line number="403" hits="6" branch="false"/>
                <line number="404" hits="6" branch="false"/>
                <line number="405" hits="6" branch="false"/>
                <line number="406" hits="6" branch="false"/>
                <line number="410" hits="6" branch="false"/>
                <line number="411" hits="6" branch="false"/>
                <line number="412" hits="6" branch="false"/>
                <line number="413" hits="6" branch="false"/>
                <line number="415" hits="6" branch="false"/>
                <line number="416" hits="6" branch="false"/>
                <line number="418" hits="6" branch="false"/>
                <line number="419" hits="6" branch="false"/>
                <line number="420" hits="6" branch="false"/>
                <line number="421" hits="6" branch="false"/>
                <line number="422" hits="6" branch="false"/>
                <line number="424" hits="9" branch="false"/>
                <line number="425" hits="9" branch="false"/>
                <line number="428" hits="15" branch="false"/>
                <line number="430" hits="15" branch="false"/>
                <line number="431" hits="15" branch="false"/>
                <line number="432" hits="15" branch="false"/>
                <line number="433" hits="15" branch="false"/>
                <line number="434" hits="15" branch="false"/>
                <line number="435" hits="15" branch="false"/>
                <line number="436" hits="15" branch="false"/>
                <line number="440" hits="15" branch="false"/>
                <line number="441" hits="15" branch="false"/>
                <line number="443" hits="15" branch="false"/>
                <line number="444" hits="9" branch="false"/>
                <line number="446" hits="6" branch="false"/>
                <line number="449" hits="15" branch="false"/>
                <line number="453" hits="15" branch="false"/>
                <line number="454" hits="0" branch="false"/>
                <line number="455" hits="0" branch="false"/>
                <line number="456" hits="0" branch="false"/>
                <line number="457" hits="0" branch="false"/>
                <line number="460" hits="15" branch="false"/>
                <line number="462" hits="15" branch="false"/>
                <line number="464" hits="15" branch="false"/>
                <line number="465" hits="15" branch="false"/>
                <line number="466" hits="15" branch="false"/>
                <line number="468" hits="15" branch="false"/>
                <line number="469" hits="15" branch="false"/>
                <line number="470" hits="15" branch="false"/>
                <line number="471" hits="15" branch="false"/>
                <line number="472" hits="15" branch="false"/>
                <line number="473" hits="15" branch="false"/>
                <line number="480" hits="15" branch="false"/>
                <line number="481" hits="15" branch="false"/>
                <line number="482" hits="15" branch="false"/>
                <line number="483" hits="15" branch="false"/>
                <line number="485" hits="0" branch="false"/>
                <line number="489" hits="15" branch="false"/>
                <line number="490" hits="15" branch="false"/>
                <line number="493" hits="15" branch="false"/>
                <line number="494" hits="15" branch="false"/>
                <line number="495" hits="15" branch="false"/>
                <line number="496" hits="15" branch="false"/>
                <line number="497" hits="15" branch="false"/>
                <line number="498" hits="15" branch="false"/>
                <line number="499" hits="15" branch="false"/>
                <line number="501" hits="15" branch="false"/>
              </lines>
            </method>
          </methods>
          <lines>
            <line number="23" hits="5" branch="false"/>
            <line number="25" hits="5" branch="false"/>
            <line number="26" hits="5" branch="false"/>
            <line number="27" hits="0" branch="false"/>
            <line number="28" hits="0" branch="false"/>
            <line number="29" hits="0" branch="false"/>
            <line number="31" hits="5" branch="false"/>
            <line number="33" hits="5" branch="false"/>
            <line number="35" hits="5" branch="false"/>
            <line number="37" hits="5" branch="false"/>
            <line number="38" hits="3" branch="false"/>
            <line number="40" hits="2" branch="false"/>
            <line number="42" hits="5" branch="false"/>
            <line number="44" hits="5" branch="false"/>
            <line number="78" hits="5" branch="false"/>
            <line number="80" hits="5" branch="false"/>
            <line number="81" hits="0" branch="false"/>
            <line number="84" hits="5" branch="false"/>
            <line number="85" hits="0" branch="false"/>
            <line number="86" hits="0" branch="false"/>
            <line number="87" hits="0" branch="false"/>
            <line number="90" hits="5" branch="false"/>
            <line number="92" hits="5" branch="false"/>
            <line number="93" hits="5" branch="false"/>
            <line number="95" hits="5" branch="false"/>
            <line number="99" hits="5" branch="false"/>
            <line number="100" hits="5" branch="false"/>
            <line number="101" hits="5" branch="false"/>
            <line number="102" hits="5" branch="false"/>
            <line number="103" hits="5" branch="false"/>
            <line number="104" hits="5" branch="false"/>
            <line number="105" hits="5" branch="false"/>
            <line number="106" hits="5" branch="false"/>
            <line number="107" hits="5" branch="false"/>
            <line number="109" hits="5" branch="false"/>
            <line number="111" hits="0" branch="false"/>
            <line number="114" hits="5" branch="false"/>
            <line number="115" hits="5" branch="false"/>
            <line number="116" hits="5" branch="false"/>
            <line number="117" hits="5" branch="false"/>
            <line number="118" hits="5" branch="false"/>
            <line number="119" hits="5" branch="false"/>
            <line number="120" hits="5" branch="false"/>
            <line number="121" hits="5" branch="false"/>
            <line number="123" hits="5" branch="false"/>
            <line number="125" hits="5" branch="false"/>
            <line number="127" hits="5" branch="false"/>
            <line number="128" hits="5" branch="false"/>
            <line number="129" hits="5" branch="false"/>
            <line number="131" hits="5" branch="false"/>
            <line number="134" hits="5" branch="false"/>
            <line number="135" hits="5" branch="false"/>
            <line number="138" hits="5" branch="false"/>
            <line number="139" hits="5" branch="false"/>
            <line number="140" hits="5" branch="false"/>
            <line number="141" hits="5" branch="false"/>
            <line number="142" hits="5" branch="false"/>
            <line number="144" hits="5" branch="false"/>
            <line number="196" hits="150" branch="false"/>
            <line number="197" hits="60" branch="false"/>
            <line number="198" hits="60" branch="false"/>
            <line number="199" hits="60" branch="false"/>
            <line number="200" hits="60" branch="false"/>
            <line number="201" hits="60" branch="false"/>
            <line number="204" hits="90" branch="false"/>
            <line number="206" hits="150" branch="false"/>
            <line number="207" hits="150" branch="false"/>
            <line number="208" hits="150" branch="false"/>
            <line number="209" hits="150" branch="false"/>
            <line number="210" hits="150" branch="false"/>
            <line number="211" hits="150" branch="false"/>
            <line number="212" hits="150" branch="false"/>
            <line number="213" hits="150" branch="false"/>
            <line number="214" hits="150" branch="false"/>
            <line number="215" hits="150" branch="false"/>
            <line number="216" hits="150" branch="false"/>
            <line number="217" hits="150" branch="false"/>
            <line number="220" hits="150" branch="false"/>
            <line number="221" hits="150" branch="false"/>
            <line number="222" hits="150" branch="false"/>
            <line number="224" hits="150" branch="false"/>
            <line number="225" hits="150" branch="false"/>
            <line number="226" hits="150" branch="false"/>
            <line number="227" hits="150" branch="false"/>
            <line number="229" hits="150" branch="false"/>
            <line number="230" hits="60" branch="false"/>
            <line number="231" hits="60" branch="false"/>
            <line number="232" hits="60" branch="false"/>
            <line number="234" hits="60" branch="false"/>
            <line number="235" hits="60" branch="false"/>
            <line number="236" hits="60" branch="false"/>
            <line number="237" hits="60" branch="false"/>
            <line number="238" hits="60" branch="false"/>
            <line number="240" hits="60" branch="false"/>
            <line number="241" hits="60" branch="false"/>
            <line number="242" hits="60" branch="false"/>
            <line number="243" hits="60" branch="false"/>
            <line number="244" hits="60" branch="false"/>
            <line number="246" hits="60" branch="false"/>
            <line number="247" hits="60" branch="false"/>
            <line number="248" hits="60" branch="false"/>
            <line number="249" hits="60" branch="false"/>
            <line number="250" hits="60" branch="false"/>
            <line number="251" hits="60" branch="false"/>
            <line number="252" hits="60" branch="false"/>
            <line number="253" hits="60" branch="false"/>
            <line number="254" hits="60" branch="false"/>
            <line number="255" hits="60" branch="false"/>
            <line number="257" hits="60" branch="false"/>
            <line number="258" hits="60" branch="false"/>
            <line number="261" hits="60" branch="false"/>
            <line number="262" hits="60" branch="false"/>
            <line number="263" hits="60" branch="false"/>
            <line number="265" hits="60" branch="false"/>
            <line number="267" hits="60" branch="false"/>
            <line number="269" hits="60" branch="false"/>
            <line number="270" hits="60" branch="false"/>
            <line number="271" hits="60" branch="false"/>
            <line number="273" hits="60" branch="false"/>
            <line number="275" hits="60" branch="false"/>
            <line number="276" hits="60" branch="false"/>
            <line number="277" hits="60" branch="false"/>
            <line number="278" hits="60" branch="false"/>
            <line number="280" hits="90" branch="false"/>
            <line number="283" hits="150" branch="false"/>
            <line number="338" hits="15" branch="false"/>
            <line number="340" hits="15" branch="false"/>
            <line number="341" hits="15" branch="false"/>
            <line number="344" hits="15" branch="false"/>
            <line number="345" hits="15" branch="false"/>
            <line number="346" hits="15" branch="false"/>
            <line number="347" hits="15" branch="false"/>
            <line number="348" hits="15" branch="false"/>
            <line number="353" hits="15" branch="false"/>
            <line number="354" hits="15" branch="false"/>
            <line number="355" hits="15" branch="false"/>
            <line number="356" hits="15" branch="false"/>
            <line number="357" hits="15" branch="false"/>
            <line number="358" hits="15" branch="false"/>
            <line number="359" hits="15" branch="false"/>
            <line number="360" hits="15" branch="false"/>
            <line number="361" hits="15" branch="false"/>
            <line number="362" hits="15" branch="false"/>
            <line number="363" hits="15" branch="false"/>
            <line number="364" hits="15" branch="false"/>
            <line number="365" hits="15" branch="false"/>
            <line number="366" hits="15" branch="false"/>
            <line number="368" hits="15" branch="false"/>
            <line number="369" hits="15" branch="false"/>
            <line number="371" hits="15" branch="false"/>
            <line number="372" hits="0" branch="false"/>
            <line number="378" hits="15" branch="false"/>
            <line number="379" hits="15" branch="false"/>
            <line number="380" hits="15" branch="false"/>
            <line number="381" hits="15" branch="false"/>
            <line number="382" hits="15" branch="false"/>
            <line number="383" hits="15" branch="false"/>
            <line number="384" hits="15" branch="false"/>
            <line number="385" hits="15" branch="false"/>
            <line number="386" hits="15" branch="false"/>
            <line number="387" hits="15" branch="false"/>
            <line number="389" hits="15" branch="false"/>
            <line number="390" hits="15" branch="false"/>
            <line number="391" hits="15" branch="false"/>
            <line number="392" hits="15" branch="false"/>
            <line number="393" hits="15" branch="false"/>
            <line number="394" hits="15" branch="false"/>
            <line number="395" hits="15" branch="false"/>
            <line number="396" hits="15" branch="false"/>
            <line number="397" hits="15" branch="false"/>
            <line number="398" hits="15" branch="false"/>
            <line number="399" hits="15" branch="false"/>
            <line number="401" hits="15" branch="false"/>
            <line number="402" hits="6" branch="false"/>
            <line number="403" hits="6" branch="false"/>
            <line number="404" hits="6" branch="false"/>
            <line number="405" hits="6" branch="false"/>
            <line number="406" hits="6" branch="false"/>
            <line number="410" hits="6" branch="false"/>
            <line number="411" hits="6" branch="false"/>
            <line number="412" hits="6" branch="false"/>
            <line number="413" hits="6" branch="false"/>
            <line number="415" hits="6" branch="false"/>
            <line number="416" hits="6" branch="false"/>
            <line number="418" hits="6" branch="false"/>
            <line number="419" hits="6" branch="false"/>
            <line number="420" hits="6" branch="false"/>
            <line number="421" hits="6" branch="false"/>
            <line number="422" hits="6" branch="false"/>
            <line number="424" hits="9" branch="false"/>
            <line number="425" hits="9" branch="false"/>
            <line number="428" hits="15" branch="false"/>
            <line number="430" hits="15" branch="false"/>
            <line number="431" hits="15" branch="false"/>
            <line number="432" hits="15" branch="false"/>
            <line number="433" hits="15" branch="false"/>
            <line number="434" hits="15" branch="false"/>
            <line number="435" hits="15" branch="false"/>
            <line number="436" hits="15" branch="false"/>
            <line number="440" hits="15" branch="false"/>
            <line number="441" hits="15" branch="false"/>
            <line number="443" hits="15" branch="false"/>
            <line number="444" hits="9" branch="false"/>
            <line number="446" hits="6" branch="false"/>
            <line number="449" hits="15" branch="false"/>
            <line number="453" hits="15" branch="false"/>
            <line number="454" hits="0" branch="false"/>
            <line number="455" hits="0" branch="false"/>
            <line number="456" hits="0" branch="false"/>
            <line number="457" hits="0" branch="false"/>
            <line number="460" hits="15" branch="false"/>
            <line number="462" hits="15" branch="false"/>
            <line number="464" hits="15" branch="false"/>
            <line number="465" hits="15" branch="false"/>
            <line number="466" hits="15" branch="false"/>
            <line number="468" hits="15" branch="false"/>
            <line number="469" hits="15" branch="false"/>
            <line number="470" hits="15" branch="false"/>
            <line number="471" hits="15" branch="false"/>
            <line number="472" hits="15" branch="false"/>
            <line number="473" hits="15" branch="false"/>
            <line number="480" hits="15" branch="false"/>
            <line number="481" hits="15" branch="false"/>
            <line number="482" hits="15" branch="false"/>
            <line number="483" hits="15" branch="false"/>
            <line number="485" hits="0" branch="false"/>
            <line number="489" hits="15" branch="false"/>
            <line number="490" hits="15" branch="false"/>
            <line number="493" hits="15" branch="false"/>
            <line number="494" hits="15" branch="false"/>
            <line number="495" hits="15" branch="false"/>
            <line number="496" hits="15" branch="false"/>
            <line number="497" hits="15" branch="false"/>
            <line number="498" hits="15" branch="false"/>
            <line number="499" hits="15" branch="false"/>
            <line number="501" hits="15" branch="false"/>
          </lines>
        </class>
        <class name="a_freq_combos_j.R" filename="R/a_freq_combos_j.R" line-rate="0.975308641975309" branch-rate="0" complexity="0">
          <methods>
            <method name="a_freq_combos_j" signature="" line-rate="0.975308641975309" branch-rate="0" complexity="0">
              <lines>
                <line number="65" hits="12" branch="false"/>
                <line number="67" hits="12" branch="false"/>
                <line number="68" hits="0" branch="false"/>
                <line number="71" hits="12" branch="false"/>
                <line number="72" hits="0" branch="false"/>
                <line number="75" hits="12" branch="false"/>
                <line number="76" hits="12" branch="false"/>
                <line number="77" hits="12" branch="false"/>
                <line number="78" hits="12" branch="false"/>
                <line number="79" hits="12" branch="false"/>
                <line number="80" hits="12" branch="false"/>
                <line number="81" hits="12" branch="false"/>
                <line number="82" hits="12" branch="false"/>
                <line number="83" hits="12" branch="false"/>
                <line number="84" hits="12" branch="false"/>
                <line number="85" hits="12" branch="false"/>
                <line number="86" hits="12" branch="false"/>
                <line number="87" hits="12" branch="false"/>
                <line number="88" hits="12" branch="false"/>
                <line number="89" hits="12" branch="false"/>
                <line number="90" hits="12" branch="false"/>
                <line number="91" hits="12" branch="false"/>
                <line number="92" hits="12" branch="false"/>
                <line number="93" hits="12" branch="false"/>
                <line number="94" hits="12" branch="false"/>
                <line number="95" hits="12" branch="false"/>
                <line number="96" hits="12" branch="false"/>
                <line number="103" hits="12" branch="false"/>
                <line number="104" hits="12" branch="false"/>
                <line number="105" hits="12" branch="false"/>
                <line number="106" hits="12" branch="false"/>
                <line number="107" hits="12" branch="false"/>
                <line number="108" hits="12" branch="false"/>
                <line number="109" hits="12" branch="false"/>
                <line number="110" hits="12" branch="false"/>
                <line number="111" hits="12" branch="false"/>
                <line number="114" hits="12" branch="false"/>
                <line number="117" hits="12" branch="false"/>
                <line number="118" hits="12" branch="false"/>
                <line number="119" hits="12" branch="false"/>
                <line number="120" hits="12" branch="false"/>
                <line number="121" hits="12" branch="false"/>
                <line number="122" hits="12" branch="false"/>
                <line number="123" hits="12" branch="false"/>
                <line number="124" hits="12" branch="false"/>
                <line number="127" hits="12" branch="false"/>
                <line number="128" hits="12" branch="false"/>
                <line number="129" hits="12" branch="false"/>
                <line number="130" hits="12" branch="false"/>
                <line number="131" hits="12" branch="false"/>
                <line number="132" hits="12" branch="false"/>
                <line number="133" hits="12" branch="false"/>
                <line number="134" hits="12" branch="false"/>
                <line number="135" hits="12" branch="false"/>
                <line number="136" hits="12" branch="false"/>
                <line number="137" hits="12" branch="false"/>
                <line number="138" hits="12" branch="false"/>
                <line number="140" hits="12" branch="false"/>
                <line number="142" hits="12" branch="false"/>
                <line number="143" hits="12" branch="false"/>
                <line number="144" hits="12" branch="false"/>
                <line number="145" hits="12" branch="false"/>
                <line number="146" hits="12" branch="false"/>
                <line number="147" hits="12" branch="false"/>
                <line number="148" hits="12" branch="false"/>
                <line number="149" hits="12" branch="false"/>
                <line number="150" hits="12" branch="false"/>
                <line number="151" hits="12" branch="false"/>
                <line number="152" hits="12" branch="false"/>
                <line number="156" hits="12" branch="false"/>
                <line number="157" hits="12" branch="false"/>
                <line number="158" hits="12" branch="false"/>
                <line number="159" hits="12" branch="false"/>
                <line number="160" hits="12" branch="false"/>
                <line number="163" hits="12" branch="false"/>
                <line number="164" hits="12" branch="false"/>
                <line number="165" hits="12" branch="false"/>
                <line number="166" hits="12" branch="false"/>
                <line number="167" hits="12" branch="false"/>
                <line number="168" hits="12" branch="false"/>
                <line number="169" hits="12" branch="false"/>
              </lines>
            </method>
          </methods>
          <lines>
            <line number="65" hits="12" branch="false"/>
            <line number="67" hits="12" branch="false"/>
            <line number="68" hits="0" branch="false"/>
            <line number="71" hits="12" branch="false"/>
            <line number="72" hits="0" branch="false"/>
            <line number="75" hits="12" branch="false"/>
            <line number="76" hits="12" branch="false"/>
            <line number="77" hits="12" branch="false"/>
            <line number="78" hits="12" branch="false"/>
            <line number="79" hits="12" branch="false"/>
            <line number="80" hits="12" branch="false"/>
            <line number="81" hits="12" branch="false"/>
            <line number="82" hits="12" branch="false"/>
            <line number="83" hits="12" branch="false"/>
            <line number="84" hits="12" branch="false"/>
            <line number="85" hits="12" branch="false"/>
            <line number="86" hits="12" branch="false"/>
            <line number="87" hits="12" branch="false"/>
            <line number="88" hits="12" branch="false"/>
            <line number="89" hits="12" branch="false"/>
            <line number="90" hits="12" branch="false"/>
            <line number="91" hits="12" branch="false"/>
            <line number="92" hits="12" branch="false"/>
            <line number="93" hits="12" branch="false"/>
            <line number="94" hits="12" branch="false"/>
            <line number="95" hits="12" branch="false"/>
            <line number="96" hits="12" branch="false"/>
            <line number="103" hits="12" branch="false"/>
            <line number="104" hits="12" branch="false"/>
            <line number="105" hits="12" branch="false"/>
            <line number="106" hits="12" branch="false"/>
            <line number="107" hits="12" branch="false"/>
            <line number="108" hits="12" branch="false"/>
            <line number="109" hits="12" branch="false"/>
            <line number="110" hits="12" branch="false"/>
            <line number="111" hits="12" branch="false"/>
            <line number="114" hits="12" branch="false"/>
            <line number="117" hits="12" branch="false"/>
            <line number="118" hits="12" branch="false"/>
            <line number="119" hits="12" branch="false"/>
            <line number="120" hits="12" branch="false"/>
            <line number="121" hits="12" branch="false"/>
            <line number="122" hits="12" branch="false"/>
            <line number="123" hits="12" branch="false"/>
            <line number="124" hits="12" branch="false"/>
            <line number="127" hits="12" branch="false"/>
            <line number="128" hits="12" branch="false"/>
            <line number="129" hits="12" branch="false"/>
            <line number="130" hits="12" branch="false"/>
            <line number="131" hits="12" branch="false"/>
            <line number="132" hits="12" branch="false"/>
            <line number="133" hits="12" branch="false"/>
            <line number="134" hits="12" branch="false"/>
            <line number="135" hits="12" branch="false"/>
            <line number="136" hits="12" branch="false"/>
            <line number="137" hits="12" branch="false"/>
            <line number="138" hits="12" branch="false"/>
            <line number="140" hits="12" branch="false"/>
            <line number="142" hits="12" branch="false"/>
            <line number="143" hits="12" branch="false"/>
            <line number="144" hits="12" branch="false"/>
            <line number="145" hits="12" branch="false"/>
            <line number="146" hits="12" branch="false"/>
            <line number="147" hits="12" branch="false"/>
            <line number="148" hits="12" branch="false"/>
            <line number="149" hits="12" branch="false"/>
            <line number="150" hits="12" branch="false"/>
            <line number="151" hits="12" branch="false"/>
            <line number="152" hits="12" branch="false"/>
            <line number="156" hits="12" branch="false"/>
            <line number="157" hits="12" branch="false"/>
            <line number="158" hits="12" branch="false"/>
            <line number="159" hits="12" branch="false"/>
            <line number="160" hits="12" branch="false"/>
            <line number="163" hits="12" branch="false"/>
            <line number="164" hits="12" branch="false"/>
            <line number="165" hits="12" branch="false"/>
            <line number="166" hits="12" branch="false"/>
            <line number="167" hits="12" branch="false"/>
            <line number="168" hits="12" branch="false"/>
            <line number="169" hits="12" branch="false"/>
          </lines>
        </class>
        <class name="a_freq_j.R" filename="R/a_freq_j.R" line-rate="0.832352941176471" branch-rate="0" complexity="0">
          <methods>
            <method name="s_freq_j" signature="" line-rate="0.717948717948718" branch-rate="0" complexity="0">
              <lines>
                <line number="91" hits="459" branch="false"/>
                <line number="92" hits="0" branch="false"/>
                <line number="95" hits="459" branch="false"/>
                <line number="97" hits="459" branch="false"/>
                <line number="98" hits="0" branch="false"/>
                <line number="101" hits="459" branch="false"/>
                <line number="103" hits="459" branch="false"/>
                <line number="104" hits="459" branch="false"/>
                <line number="106" hits="459" branch="false"/>
                <line number="108" hits="459" branch="false"/>
                <line number="109" hits="45" branch="false"/>
                <line number="111" hits="459" branch="false"/>
                <line number="114" hits="459" branch="false"/>
                <line number="115" hits="459" branch="false"/>
                <line number="116" hits="459" branch="false"/>
                <line number="117" hits="459" branch="false"/>
                <line number="118" hits="459" branch="false"/>
                <line number="119" hits="459" branch="false"/>
                <line number="120" hits="459" branch="false"/>
                <line number="122" hits="459" branch="false"/>
                <line number="124" hits="459" branch="false"/>
                <line number="125" hits="459" branch="false"/>
                <line number="126" hits="459" branch="false"/>
                <line number="127" hits="459" branch="false"/>
                <line number="128" hits="459" branch="false"/>
                <line number="130" hits="459" branch="false"/>
                <line number="131" hits="0" branch="false"/>
                <line number="132" hits="0" branch="false"/>
                <line number="134" hits="0" branch="false"/>
                <line number="136" hits="0" branch="false"/>
                <line number="137" hits="0" branch="false"/>
                <line number="139" hits="0" branch="false"/>
                <line number="142" hits="459" branch="false"/>
                <line number="143" hits="103" branch="false"/>
                <line number="144" hits="103" branch="false"/>
                <line number="146" hits="103" branch="false"/>
                <line number="147" hits="103" branch="false"/>
                <line number="150" hits="459" branch="false"/>
                <line number="152" hits="0" branch="false"/>
                <line number="153" hits="0" branch="false"/>
                <line number="155" hits="0" branch="false"/>
                <line number="156" hits="0" branch="false"/>
                <line number="159" hits="459" branch="false"/>
                <line number="160" hits="459" branch="false"/>
                <line number="162" hits="459" branch="false"/>
                <line number="163" hits="0" branch="false"/>
                <line number="164" hits="0" branch="false"/>
                <line number="165" hits="0" branch="false"/>
                <line number="166" hits="0" branch="false"/>
                <line number="167" hits="0" branch="false"/>
                <line number="168" hits="0" branch="false"/>
                <line number="169" hits="0" branch="false"/>
                <line number="170" hits="0" branch="false"/>
                <line number="171" hits="0" branch="false"/>
                <line number="172" hits="0" branch="false"/>
                <line number="174" hits="459" branch="false"/>
                <line number="175" hits="459" branch="false"/>
                <line number="176" hits="459" branch="false"/>
                <line number="177" hits="459" branch="false"/>
                <line number="178" hits="459" branch="false"/>
                <line number="180" hits="459" branch="false"/>
                <line number="181" hits="459" branch="false"/>
                <line number="182" hits="459" branch="false"/>
                <line number="183" hits="459" branch="false"/>
                <line number="184" hits="459" branch="false"/>
                <line number="186" hits="459" branch="false"/>
                <line number="187" hits="459" branch="false"/>
                <line number="188" hits="459" branch="false"/>
                <line number="191" hits="459" branch="false"/>
                <line number="192" hits="459" branch="false"/>
                <line number="193" hits="459" branch="false"/>
                <line number="195" hits="459" branch="false"/>
                <line number="196" hits="459" branch="false"/>
                <line number="197" hits="459" branch="false"/>
                <line number="200" hits="459" branch="false"/>
                <line number="201" hits="459" branch="false"/>
                <line number="202" hits="459" branch="false"/>
                <line number="205" hits="459" branch="false"/>
              </lines>
            </method>
            <method name="s_rel_risk_levii_j" signature="" line-rate="1" branch-rate="0" complexity="0">
              <lines>
                <line number="221" hits="335" branch="false"/>
                <line number="222" hits="335" branch="false"/>
                <line number="225" hits="335" branch="false"/>
                <line number="226" hits="335" branch="false"/>
                <line number="228" hits="335" branch="false"/>
                <line number="231" hits="335" branch="false"/>
                <line number="232" hits="335" branch="false"/>
                <line number="234" hits="335" branch="false"/>
                <line number="238" hits="335" branch="false"/>
                <line number="239" hits="335" branch="false"/>
                <line number="240" hits="335" branch="false"/>
                <line number="241" hits="335" branch="false"/>
                <line number="242" hits="335" branch="false"/>
                <line number="243" hits="335" branch="false"/>
                <line number="244" hits="335" branch="false"/>
                <line number="245" hits="335" branch="false"/>
                <line number="246" hits="335" branch="false"/>
                <line number="247" hits="335" branch="false"/>
              </lines>
            </method>
            <method name="s_rel_risk_val_j" signature="" line-rate="0.733333333333333" branch-rate="0" complexity="0">
              <lines>
                <line number="277" hits="49" branch="false"/>
                <line number="278" hits="0" branch="false"/>
                <line number="279" hits="0" branch="false"/>
                <line number="281" hits="0" branch="false"/>
                <line number="283" hits="0" branch="false"/>
                <line number="284" hits="0" branch="false"/>
                <line number="286" hits="0" branch="false"/>
                <line number="289" hits="49" branch="false"/>
                <line number="291" hits="1" branch="false"/>
                <line number="292" hits="1" branch="false"/>
                <line number="294" hits="1" branch="false"/>
                <line number="295" hits="1" branch="false"/>
                <line number="298" hits="49" branch="false"/>
                <line number="300" hits="0" branch="false"/>
                <line number="301" hits="0" branch="false"/>
                <line number="303" hits="0" branch="false"/>
                <line number="304" hits="0" branch="false"/>
                <line number="307" hits="49" branch="false"/>
                <line number="309" hits="49" branch="false"/>
                <line number="310" hits="0" branch="false"/>
                <line number="312" hits="49" branch="false"/>
                <line number="313" hits="8" branch="false"/>
                <line number="316" hits="41" branch="false"/>
                <line number="317" hits="0" branch="false"/>
                <line number="318" hits="0" branch="false"/>
                <line number="319" hits="0" branch="false"/>
                <line number="320" hits="0" branch="false"/>
                <line number="321" hits="0" branch="false"/>
                <line number="325" hits="41" branch="false"/>
                <line number="328" hits="41" branch="false"/>
                <line number="331" hits="41" branch="false"/>
                <line number="332" hits="41" branch="false"/>
                <line number="333" hits="41" branch="false"/>
                <line number="334" hits="41" branch="false"/>
                <line number="335" hits="41" branch="false"/>
                <line number="338" hits="41" branch="false"/>
                <line number="341" hits="41" branch="false"/>
                <line number="342" hits="41" branch="false"/>
                <line number="343" hits="41" branch="false"/>
                <line number="344" hits="41" branch="false"/>
                <line number="345" hits="41" branch="false"/>
                <line number="348" hits="41" branch="false"/>
                <line number="351" hits="41" branch="false"/>
                <line number="352" hits="41" branch="false"/>
                <line number="353" hits="41" branch="false"/>
                <line number="354" hits="41" branch="false"/>
                <line number="355" hits="41" branch="false"/>
                <line number="356" hits="41" branch="false"/>
                <line number="357" hits="41" branch="false"/>
                <line number="358" hits="41" branch="false"/>
                <line number="359" hits="41" branch="false"/>
                <line number="360" hits="41" branch="false"/>
                <line number="361" hits="41" branch="false"/>
                <line number="362" hits="41" branch="false"/>
                <line number="363" hits="41" branch="false"/>
                <line number="364" hits="41" branch="false"/>
                <line number="365" hits="41" branch="false"/>
                <line number="366" hits="41" branch="false"/>
                <line number="367" hits="41" branch="false"/>
                <line number="368" hits="41" branch="false"/>
              </lines>
            </method>
            <method name="a_freq_j" signature="" line-rate="0.896739130434783" branch-rate="0" complexity="0">
              <lines>
                <line number="653" hits="445" branch="false"/>
                <line number="654" hits="445" branch="false"/>
                <line number="656" hits="445" branch="false"/>
                <line number="657" hits="0" branch="false"/>
                <line number="658" hits="0" branch="false"/>
                <line number="659" hits="0" branch="false"/>
                <line number="660" hits="0" branch="false"/>
                <line number="663" hits="445" branch="false"/>
                <line number="664" hits="84" branch="false"/>
                <line number="665" hits="0" branch="false"/>
                <line number="668" hits="84" branch="false"/>
                <line number="670" hits="84" branch="false"/>
                <line number="671" hits="0" branch="false"/>
                <line number="672" hits="0" branch="false"/>
                <line number="673" hits="0" branch="false"/>
                <line number="677" hits="445" branch="false"/>
                <line number="678" hits="0" branch="false"/>
                <line number="681" hits="445" branch="false"/>
                <line number="682" hits="445" branch="false"/>
                <line number="683" hits="445" branch="false"/>
                <line number="684" hits="445" branch="false"/>
                <line number="685" hits="445" branch="false"/>
                <line number="686" hits="445" branch="false"/>
                <line number="687" hits="445" branch="false"/>
                <line number="688" hits="445" branch="false"/>
                <line number="689" hits="445" branch="false"/>
                <line number="690" hits="445" branch="false"/>
                <line number="691" hits="445" branch="false"/>
                <line number="692" hits="445" branch="false"/>
                <line number="693" hits="445" branch="false"/>
                <line number="694" hits="445" branch="false"/>
                <line number="695" hits="445" branch="false"/>
                <line number="696" hits="445" branch="false"/>
                <line number="697" hits="445" branch="false"/>
                <line number="698" hits="445" branch="false"/>
                <line number="699" hits="445" branch="false"/>
                <line number="700" hits="445" branch="false"/>
                <line number="701" hits="445" branch="false"/>
                <line number="702" hits="445" branch="false"/>
                <line number="703" hits="445" branch="false"/>
                <line number="710" hits="445" branch="false"/>
                <line number="711" hits="445" branch="false"/>
                <line number="712" hits="445" branch="false"/>
                <line number="713" hits="445" branch="false"/>
                <line number="714" hits="445" branch="false"/>
                <line number="715" hits="445" branch="false"/>
                <line number="716" hits="445" branch="false"/>
                <line number="717" hits="445" branch="false"/>
                <line number="718" hits="445" branch="false"/>
                <line number="721" hits="445" branch="false"/>
                <line number="723" hits="445" branch="false"/>
                <line number="724" hits="445" branch="false"/>
                <line number="726" hits="445" branch="false"/>
                <line number="727" hits="84" branch="false"/>
                <line number="729" hits="84" branch="false"/>
                <line number="730" hits="0" branch="false"/>
                <line number="733" hits="84" branch="false"/>
                <line number="734" hits="84" branch="false"/>
                <line number="737" hits="445" branch="false"/>
                <line number="738" hits="396" branch="false"/>
                <line number="740" hits="312" branch="false"/>
                <line number="742" hits="396" branch="false"/>
                <line number="743" hits="84" branch="false"/>
                <line number="746" hits="396" branch="false"/>
                <line number="747" hits="396" branch="false"/>
                <line number="748" hits="396" branch="false"/>
                <line number="749" hits="396" branch="false"/>
                <line number="750" hits="396" branch="false"/>
                <line number="751" hits="396" branch="false"/>
                <line number="752" hits="396" branch="false"/>
                <line number="753" hits="396" branch="false"/>
                <line number="754" hits="396" branch="false"/>
                <line number="755" hits="396" branch="false"/>
                <line number="756" hits="396" branch="false"/>
                <line number="757" hits="396" branch="false"/>
                <line number="758" hits="396" branch="false"/>
                <line number="759" hits="396" branch="false"/>
                <line number="761" hits="396" branch="false"/>
                <line number="763" hits="49" branch="false"/>
                <line number="764" hits="0" branch="false"/>
                <line number="767" hits="49" branch="false"/>
                <line number="768" hits="0" branch="false"/>
                <line number="769" hits="0" branch="false"/>
                <line number="770" hits="0" branch="false"/>
                <line number="772" hits="49" branch="false"/>
                <line number="773" hits="8" branch="false"/>
                <line number="774" hits="8" branch="false"/>
                <line number="775" hits="8" branch="false"/>
                <line number="778" hits="49" branch="false"/>
                <line number="779" hits="41" branch="false"/>
                <line number="780" hits="41" branch="false"/>
                <line number="781" hits="41" branch="false"/>
                <line number="782" hits="41" branch="false"/>
                <line number="783" hits="41" branch="false"/>
                <line number="787" hits="41" branch="false"/>
                <line number="788" hits="41" branch="false"/>
                <line number="789" hits="41" branch="false"/>
                <line number="790" hits="41" branch="false"/>
                <line number="792" hits="41" branch="false"/>
                <line number="793" hits="0" branch="false"/>
                <line number="794" hits="0" branch="false"/>
                <line number="795" hits="0" branch="false"/>
                <line number="796" hits="0" branch="false"/>
                <line number="797" hits="0" branch="false"/>
                <line number="801" hits="49" branch="false"/>
                <line number="802" hits="49" branch="false"/>
                <line number="803" hits="49" branch="false"/>
                <line number="804" hits="49" branch="false"/>
                <line number="805" hits="49" branch="false"/>
                <line number="806" hits="49" branch="false"/>
                <line number="807" hits="49" branch="false"/>
                <line number="808" hits="49" branch="false"/>
                <line number="809" hits="49" branch="false"/>
                <line number="810" hits="49" branch="false"/>
                <line number="812" hits="49" branch="false"/>
                <line number="813" hits="49" branch="false"/>
                <line number="814" hits="49" branch="false"/>
                <line number="816" hits="49" branch="false"/>
                <line number="817" hits="49" branch="false"/>
                <line number="818" hits="49" branch="false"/>
                <line number="819" hits="49" branch="false"/>
                <line number="820" hits="49" branch="false"/>
                <line number="823" hits="49" branch="false"/>
                <line number="824" hits="49" branch="false"/>
                <line number="825" hits="49" branch="false"/>
                <line number="826" hits="49" branch="false"/>
                <line number="827" hits="49" branch="false"/>
                <line number="828" hits="49" branch="false"/>
                <line number="829" hits="49" branch="false"/>
                <line number="830" hits="49" branch="false"/>
                <line number="831" hits="49" branch="false"/>
                <line number="832" hits="49" branch="false"/>
                <line number="833" hits="49" branch="false"/>
                <line number="834" hits="49" branch="false"/>
                <line number="835" hits="49" branch="false"/>
                <line number="836" hits="49" branch="false"/>
                <line number="837" hits="49" branch="false"/>
                <line number="838" hits="49" branch="false"/>
                <line number="839" hits="49" branch="false"/>
                <line number="845" hits="49" branch="false"/>
                <line number="846" hits="49" branch="false"/>
                <line number="847" hits="49" branch="false"/>
                <line number="848" hits="49" branch="false"/>
                <line number="849" hits="49" branch="false"/>
                <line number="850" hits="49" branch="false"/>
                <line number="851" hits="49" branch="false"/>
                <line number="852" hits="49" branch="false"/>
                <line number="853" hits="49" branch="false"/>
                <line number="854" hits="49" branch="false"/>
                <line number="857" hits="445" branch="false"/>
                <line number="858" hits="445" branch="false"/>
                <line number="859" hits="445" branch="false"/>
                <line number="860" hits="445" branch="false"/>
                <line number="861" hits="445" branch="false"/>
                <line number="862" hits="445" branch="false"/>
                <line number="863" hits="445" branch="false"/>
                <line number="864" hits="445" branch="false"/>
                <line number="865" hits="445" branch="false"/>
                <line number="866" hits="445" branch="false"/>
                <line number="867" hits="445" branch="false"/>
                <line number="871" hits="445" branch="false"/>
                <line number="872" hits="445" branch="false"/>
                <line number="873" hits="445" branch="false"/>
                <line number="874" hits="445" branch="false"/>
                <line number="875" hits="445" branch="false"/>
                <line number="879" hits="445" branch="false"/>
                <line number="880" hits="445" branch="false"/>
                <line number="881" hits="445" branch="false"/>
                <line number="882" hits="445" branch="false"/>
                <line number="883" hits="445" branch="false"/>
                <line number="884" hits="33" branch="false"/>
                <line number="885" hits="33" branch="false"/>
                <line number="886" hits="33" branch="false"/>
                <line number="890" hits="445" branch="false"/>
                <line number="891" hits="445" branch="false"/>
                <line number="892" hits="445" branch="false"/>
                <line number="893" hits="445" branch="false"/>
                <line number="894" hits="445" branch="false"/>
                <line number="895" hits="445" branch="false"/>
                <line number="896" hits="445" branch="false"/>
                <line number="899" hits="445" branch="false"/>
                <line number="900" hits="445" branch="false"/>
                <line number="901" hits="5" branch="false"/>
                <line number="904" hits="445" branch="false"/>
              </lines>
            </method>
          </methods>
          <lines>
            <line number="91" hits="459" branch="false"/>
            <line number="92" hits="0" branch="false"/>
            <line number="95" hits="459" branch="false"/>
            <line number="97" hits="459" branch="false"/>
            <line number="98" hits="0" branch="false"/>
            <line number="101" hits="459" branch="false"/>
            <line number="103" hits="459" branch="false"/>
            <line number="104" hits="459" branch="false"/>
            <line number="106" hits="459" branch="false"/>
            <line number="108" hits="459" branch="false"/>
            <line number="109" hits="45" branch="false"/>
            <line number="111" hits="459" branch="false"/>
            <line number="114" hits="459" branch="false"/>
            <line number="115" hits="459" branch="false"/>
            <line number="116" hits="459" branch="false"/>
            <line number="117" hits="459" branch="false"/>
            <line number="118" hits="459" branch="false"/>
            <line number="119" hits="459" branch="false"/>
            <line number="120" hits="459" branch="false"/>
            <line number="122" hits="459" branch="false"/>
            <line number="124" hits="459" branch="false"/>
            <line number="125" hits="459" branch="false"/>
            <line number="126" hits="459" branch="false"/>
            <line number="127" hits="459" branch="false"/>
            <line number="128" hits="459" branch="false"/>
            <line number="130" hits="459" branch="false"/>
            <line number="131" hits="0" branch="false"/>
            <line number="132" hits="0" branch="false"/>
            <line number="134" hits="0" branch="false"/>
            <line number="136" hits="0" branch="false"/>
            <line number="137" hits="0" branch="false"/>
            <line number="139" hits="0" branch="false"/>
            <line number="142" hits="459" branch="false"/>
            <line number="143" hits="103" branch="false"/>
            <line number="144" hits="103" branch="false"/>
            <line number="146" hits="103" branch="false"/>
            <line number="147" hits="103" branch="false"/>
            <line number="150" hits="459" branch="false"/>
            <line number="152" hits="0" branch="false"/>
            <line number="153" hits="0" branch="false"/>
            <line number="155" hits="0" branch="false"/>
            <line number="156" hits="0" branch="false"/>
            <line number="159" hits="459" branch="false"/>
            <line number="160" hits="459" branch="false"/>
            <line number="162" hits="459" branch="false"/>
            <line number="163" hits="0" branch="false"/>
            <line number="164" hits="0" branch="false"/>
            <line number="165" hits="0" branch="false"/>
            <line number="166" hits="0" branch="false"/>
            <line number="167" hits="0" branch="false"/>
            <line number="168" hits="0" branch="false"/>
            <line number="169" hits="0" branch="false"/>
            <line number="170" hits="0" branch="false"/>
            <line number="171" hits="0" branch="false"/>
            <line number="172" hits="0" branch="false"/>
            <line number="174" hits="459" branch="false"/>
            <line number="175" hits="459" branch="false"/>
            <line number="176" hits="459" branch="false"/>
            <line number="177" hits="459" branch="false"/>
            <line number="178" hits="459" branch="false"/>
            <line number="180" hits="459" branch="false"/>
            <line number="181" hits="459" branch="false"/>
            <line number="182" hits="459" branch="false"/>
            <line number="183" hits="459" branch="false"/>
            <line number="184" hits="459" branch="false"/>
            <line number="186" hits="459" branch="false"/>
            <line number="187" hits="459" branch="false"/>
            <line number="188" hits="459" branch="false"/>
            <line number="191" hits="459" branch="false"/>
            <line number="192" hits="459" branch="false"/>
            <line number="193" hits="459" branch="false"/>
            <line number="195" hits="459" branch="false"/>
            <line number="196" hits="459" branch="false"/>
            <line number="197" hits="459" branch="false"/>
            <line number="200" hits="459" branch="false"/>
            <line number="201" hits="459" branch="false"/>
            <line number="202" hits="459" branch="false"/>
            <line number="205" hits="459" branch="false"/>
            <line number="221" hits="335" branch="false"/>
            <line number="222" hits="335" branch="false"/>
            <line number="225" hits="335" branch="false"/>
            <line number="226" hits="335" branch="false"/>
            <line number="228" hits="335" branch="false"/>
            <line number="231" hits="335" branch="false"/>
            <line number="232" hits="335" branch="false"/>
            <line number="234" hits="335" branch="false"/>
            <line number="238" hits="335" branch="false"/>
            <line number="239" hits="335" branch="false"/>
            <line number="240" hits="335" branch="false"/>
            <line number="241" hits="335" branch="false"/>
            <line number="242" hits="335" branch="false"/>
            <line number="243" hits="335" branch="false"/>
            <line number="244" hits="335" branch="false"/>
            <line number="245" hits="335" branch="false"/>
            <line number="246" hits="335" branch="false"/>
            <line number="247" hits="335" branch="false"/>
            <line number="277" hits="49" branch="false"/>
            <line number="278" hits="0" branch="false"/>
            <line number="279" hits="0" branch="false"/>
            <line number="281" hits="0" branch="false"/>
            <line number="283" hits="0" branch="false"/>
            <line number="284" hits="0" branch="false"/>
            <line number="286" hits="0" branch="false"/>
            <line number="289" hits="49" branch="false"/>
            <line number="291" hits="1" branch="false"/>
            <line number="292" hits="1" branch="false"/>
            <line number="294" hits="1" branch="false"/>
            <line number="295" hits="1" branch="false"/>
            <line number="298" hits="49" branch="false"/>
            <line number="300" hits="0" branch="false"/>
            <line number="301" hits="0" branch="false"/>
            <line number="303" hits="0" branch="false"/>
            <line number="304" hits="0" branch="false"/>
            <line number="307" hits="49" branch="false"/>
            <line number="309" hits="49" branch="false"/>
            <line number="310" hits="0" branch="false"/>
            <line number="312" hits="49" branch="false"/>
            <line number="313" hits="8" branch="false"/>
            <line number="316" hits="41" branch="false"/>
            <line number="317" hits="0" branch="false"/>
            <line number="318" hits="0" branch="false"/>
            <line number="319" hits="0" branch="false"/>
            <line number="320" hits="0" branch="false"/>
            <line number="321" hits="0" branch="false"/>
            <line number="325" hits="41" branch="false"/>
            <line number="328" hits="41" branch="false"/>
            <line number="331" hits="41" branch="false"/>
            <line number="332" hits="41" branch="false"/>
            <line number="333" hits="41" branch="false"/>
            <line number="334" hits="41" branch="false"/>
            <line number="335" hits="41" branch="false"/>
            <line number="338" hits="41" branch="false"/>
            <line number="341" hits="41" branch="false"/>
            <line number="342" hits="41" branch="false"/>
            <line number="343" hits="41" branch="false"/>
            <line number="344" hits="41" branch="false"/>
            <line number="345" hits="41" branch="false"/>
            <line number="348" hits="41" branch="false"/>
            <line number="351" hits="41" branch="false"/>
            <line number="352" hits="41" branch="false"/>
            <line number="353" hits="41" branch="false"/>
            <line number="354" hits="41" branch="false"/>
            <line number="355" hits="41" branch="false"/>
            <line number="356" hits="41" branch="false"/>
            <line number="357" hits="41" branch="false"/>
            <line number="358" hits="41" branch="false"/>
            <line number="359" hits="41" branch="false"/>
            <line number="360" hits="41" branch="false"/>
            <line number="361" hits="41" branch="false"/>
            <line number="362" hits="41" branch="false"/>
            <line number="363" hits="41" branch="false"/>
            <line number="364" hits="41" branch="false"/>
            <line number="365" hits="41" branch="false"/>
            <line number="366" hits="41" branch="false"/>
            <line number="367" hits="41" branch="false"/>
            <line number="368" hits="41" branch="false"/>
            <line number="653" hits="445" branch="false"/>
            <line number="654" hits="445" branch="false"/>
            <line number="656" hits="445" branch="false"/>
            <line number="657" hits="0" branch="false"/>
            <line number="658" hits="0" branch="false"/>
            <line number="659" hits="0" branch="false"/>
            <line number="660" hits="0" branch="false"/>
            <line number="663" hits="445" branch="false"/>
            <line number="664" hits="84" branch="false"/>
            <line number="665" hits="0" branch="false"/>
            <line number="668" hits="84" branch="false"/>
            <line number="670" hits="84" branch="false"/>
            <line number="671" hits="0" branch="false"/>
            <line number="672" hits="0" branch="false"/>
            <line number="673" hits="0" branch="false"/>
            <line number="677" hits="445" branch="false"/>
            <line number="678" hits="0" branch="false"/>
            <line number="681" hits="445" branch="false"/>
            <line number="682" hits="445" branch="false"/>
            <line number="683" hits="445" branch="false"/>
            <line number="684" hits="445" branch="false"/>
            <line number="685" hits="445" branch="false"/>
            <line number="686" hits="445" branch="false"/>
            <line number="687" hits="445" branch="false"/>
            <line number="688" hits="445" branch="false"/>
            <line number="689" hits="445" branch="false"/>
            <line number="690" hits="445" branch="false"/>
            <line number="691" hits="445" branch="false"/>
            <line number="692" hits="445" branch="false"/>
            <line number="693" hits="445" branch="false"/>
            <line number="694" hits="445" branch="false"/>
            <line number="695" hits="445" branch="false"/>
            <line number="696" hits="445" branch="false"/>
            <line number="697" hits="445" branch="false"/>
            <line number="698" hits="445" branch="false"/>
            <line number="699" hits="445" branch="false"/>
            <line number="700" hits="445" branch="false"/>
            <line number="701" hits="445" branch="false"/>
            <line number="702" hits="445" branch="false"/>
            <line number="703" hits="445" branch="false"/>
            <line number="710" hits="445" branch="false"/>
            <line number="711" hits="445" branch="false"/>
            <line number="712" hits="445" branch="false"/>
            <line number="713" hits="445" branch="false"/>
            <line number="714" hits="445" branch="false"/>
            <line number="715" hits="445" branch="false"/>
            <line number="716" hits="445" branch="false"/>
            <line number="717" hits="445" branch="false"/>
            <line number="718" hits="445" branch="false"/>
            <line number="721" hits="445" branch="false"/>
            <line number="723" hits="445" branch="false"/>
            <line number="724" hits="445" branch="false"/>
            <line number="726" hits="445" branch="false"/>
            <line number="727" hits="84" branch="false"/>
            <line number="729" hits="84" branch="false"/>
            <line number="730" hits="0" branch="false"/>
            <line number="733" hits="84" branch="false"/>
            <line number="734" hits="84" branch="false"/>
            <line number="737" hits="445" branch="false"/>
            <line number="738" hits="396" branch="false"/>
            <line number="740" hits="312" branch="false"/>
            <line number="742" hits="396" branch="false"/>
            <line number="743" hits="84" branch="false"/>
            <line number="746" hits="396" branch="false"/>
            <line number="747" hits="396" branch="false"/>
            <line number="748" hits="396" branch="false"/>
            <line number="749" hits="396" branch="false"/>
            <line number="750" hits="396" branch="false"/>
            <line number="751" hits="396" branch="false"/>
            <line number="752" hits="396" branch="false"/>
            <line number="753" hits="396" branch="false"/>
            <line number="754" hits="396" branch="false"/>
            <line number="755" hits="396" branch="false"/>
            <line number="756" hits="396" branch="false"/>
            <line number="757" hits="396" branch="false"/>
            <line number="758" hits="396" branch="false"/>
            <line number="759" hits="396" branch="false"/>
            <line number="761" hits="396" branch="false"/>
            <line number="763" hits="49" branch="false"/>
            <line number="764" hits="0" branch="false"/>
            <line number="767" hits="49" branch="false"/>
            <line number="768" hits="0" branch="false"/>
            <line number="769" hits="0" branch="false"/>
            <line number="770" hits="0" branch="false"/>
            <line number="772" hits="49" branch="false"/>
            <line number="773" hits="8" branch="false"/>
            <line number="774" hits="8" branch="false"/>
            <line number="775" hits="8" branch="false"/>
            <line number="778" hits="49" branch="false"/>
            <line number="779" hits="41" branch="false"/>
            <line number="780" hits="41" branch="false"/>
            <line number="781" hits="41" branch="false"/>
            <line number="782" hits="41" branch="false"/>
            <line number="783" hits="41" branch="false"/>
            <line number="787" hits="41" branch="false"/>
            <line number="788" hits="41" branch="false"/>
            <line number="789" hits="41" branch="false"/>
            <line number="790" hits="41" branch="false"/>
            <line number="792" hits="41" branch="false"/>
            <line number="793" hits="0" branch="false"/>
            <line number="794" hits="0" branch="false"/>
            <line number="795" hits="0" branch="false"/>
            <line number="796" hits="0" branch="false"/>
            <line number="797" hits="0" branch="false"/>
            <line number="801" hits="49" branch="false"/>
            <line number="802" hits="49" branch="false"/>
            <line number="803" hits="49" branch="false"/>
            <line number="804" hits="49" branch="false"/>
            <line number="805" hits="49" branch="false"/>
            <line number="806" hits="49" branch="false"/>
            <line number="807" hits="49" branch="false"/>
            <line number="808" hits="49" branch="false"/>
            <line number="809" hits="49" branch="false"/>
            <line number="810" hits="49" branch="false"/>
            <line number="812" hits="49" branch="false"/>
            <line number="813" hits="49" branch="false"/>
            <line number="814" hits="49" branch="false"/>
            <line number="816" hits="49" branch="false"/>
            <line number="817" hits="49" branch="false"/>
            <line number="818" hits="49" branch="false"/>
            <line number="819" hits="49" branch="false"/>
            <line number="820" hits="49" branch="false"/>
            <line number="823" hits="49" branch="false"/>
            <line number="824" hits="49" branch="false"/>
            <line number="825" hits="49" branch="false"/>
            <line number="826" hits="49" branch="false"/>
            <line number="827" hits="49" branch="false"/>
            <line number="828" hits="49" branch="false"/>
            <line number="829" hits="49" branch="false"/>
            <line number="830" hits="49" branch="false"/>
            <line number="831" hits="49" branch="false"/>
            <line number="832" hits="49" branch="false"/>
            <line number="833" hits="49" branch="false"/>
            <line number="834" hits="49" branch="false"/>
            <line number="835" hits="49" branch="false"/>
            <line number="836" hits="49" branch="false"/>
            <line number="837" hits="49" branch="false"/>
            <line number="838" hits="49" branch="false"/>
            <line number="839" hits="49" branch="false"/>
            <line number="845" hits="49" branch="false"/>
            <line number="846" hits="49" branch="false"/>
            <line number="847" hits="49" branch="false"/>
            <line number="848" hits="49" branch="false"/>
            <line number="849" hits="49" branch="false"/>
            <line number="850" hits="49" branch="false"/>
            <line number="851" hits="49" branch="false"/>
            <line number="852" hits="49" branch="false"/>
            <line number="853" hits="49" branch="false"/>
            <line number="854" hits="49" branch="false"/>
            <line number="857" hits="445" branch="false"/>
            <line number="858" hits="445" branch="false"/>
            <line number="859" hits="445" branch="false"/>
            <line number="860" hits="445" branch="false"/>
            <line number="861" hits="445" branch="false"/>
            <line number="862" hits="445" branch="false"/>
            <line number="863" hits="445" branch="false"/>
[...]
            <line number="394" hits="5" branch="false"/>
            <line number="395" hits="5" branch="false"/>
            <line number="396" hits="5" branch="false"/>
            <line number="397" hits="0" branch="false"/>
            <line number="398" hits="5" branch="false"/>
            <line number="399" hits="5" branch="false"/>
            <line number="400" hits="5" branch="false"/>
            <line number="401" hits="5" branch="false"/>
            <line number="402" hits="5" branch="false"/>
            <line number="403" hits="5" branch="false"/>
            <line number="404" hits="5" branch="false"/>
            <line number="405" hits="5" branch="false"/>
            <line number="406" hits="5" branch="false"/>
            <line number="407" hits="5" branch="false"/>
            <line number="408" hits="5" branch="false"/>
            <line number="409" hits="3" branch="false"/>
            <line number="410" hits="5" branch="false"/>
            <line number="411" hits="5" branch="false"/>
            <line number="412" hits="5" branch="false"/>
            <line number="413" hits="5" branch="false"/>
            <line number="414" hits="5" branch="false"/>
            <line number="415" hits="5" branch="false"/>
            <line number="416" hits="0" branch="false"/>
            <line number="417" hits="5" branch="false"/>
            <line number="418" hits="5" branch="false"/>
            <line number="419" hits="5" branch="false"/>
            <line number="420" hits="5" branch="false"/>
            <line number="421" hits="5" branch="false"/>
            <line number="422" hits="5" branch="false"/>
            <line number="423" hits="5" branch="false"/>
            <line number="424" hits="5" branch="false"/>
            <line number="425" hits="5" branch="false"/>
            <line number="426" hits="5" branch="false"/>
            <line number="427" hits="5" branch="false"/>
            <line number="428" hits="5" branch="false"/>
            <line number="429" hits="5" branch="false"/>
            <line number="430" hits="5" branch="false"/>
            <line number="431" hits="5" branch="false"/>
            <line number="432" hits="5" branch="false"/>
            <line number="433" hits="5" branch="false"/>
            <line number="434" hits="5" branch="false"/>
            <line number="435" hits="5" branch="false"/>
            <line number="436" hits="5" branch="false"/>
            <line number="437" hits="5" branch="false"/>
            <line number="438" hits="1" branch="false"/>
            <line number="439" hits="1" branch="false"/>
            <line number="440" hits="1" branch="false"/>
            <line number="441" hits="1" branch="false"/>
            <line number="442" hits="1" branch="false"/>
            <line number="443" hits="1" branch="false"/>
            <line number="444" hits="1" branch="false"/>
            <line number="445" hits="1" branch="false"/>
            <line number="446" hits="1" branch="false"/>
            <line number="447" hits="1" branch="false"/>
            <line number="448" hits="1" branch="false"/>
            <line number="449" hits="1" branch="false"/>
            <line number="450" hits="1" branch="false"/>
            <line number="452" hits="1" branch="false"/>
            <line number="454" hits="1" branch="false"/>
            <line number="455" hits="1" branch="false"/>
            <line number="456" hits="1" branch="false"/>
            <line number="458" hits="0" branch="false"/>
            <line number="459" hits="0" branch="false"/>
            <line number="460" hits="0" branch="false"/>
            <line number="461" hits="0" branch="false"/>
            <line number="462" hits="0" branch="false"/>
            <line number="465" hits="5" branch="false"/>
            <line number="468" hits="19" branch="false"/>
            <line number="469" hits="18" branch="false"/>
            <line number="470" hits="1" branch="false"/>
            <line number="471" hits="1" branch="false"/>
            <line number="472" hits="1" branch="false"/>
            <line number="473" hits="1" branch="false"/>
            <line number="474" hits="1" branch="false"/>
            <line number="475" hits="1" branch="false"/>
            <line number="476" hits="1" branch="false"/>
            <line number="477" hits="1" branch="false"/>
            <line number="478" hits="0" branch="false"/>
            <line number="479" hits="0" branch="false"/>
            <line number="480" hits="0" branch="false"/>
            <line number="481" hits="0" branch="false"/>
            <line number="482" hits="0" branch="false"/>
            <line number="483" hits="0" branch="false"/>
            <line number="484" hits="0" branch="false"/>
            <line number="485" hits="0" branch="false"/>
            <line number="486" hits="0" branch="false"/>
            <line number="487" hits="0" branch="false"/>
            <line number="488" hits="0" branch="false"/>
            <line number="489" hits="0" branch="false"/>
            <line number="490" hits="0" branch="false"/>
            <line number="491" hits="0" branch="false"/>
            <line number="492" hits="0" branch="false"/>
            <line number="495" hits="17" branch="false"/>
            <line number="496" hits="17" branch="false"/>
            <line number="497" hits="17" branch="false"/>
            <line number="498" hits="17" branch="false"/>
            <line number="499" hits="17" branch="false"/>
            <line number="500" hits="17" branch="false"/>
            <line number="503" hits="1" branch="false"/>
            <line number="507" hits="19" branch="false"/>
            <line number="508" hits="1" branch="false"/>
            <line number="509" hits="1" branch="false"/>
            <line number="510" hits="1" branch="false"/>
            <line number="511" hits="1" branch="false"/>
            <line number="512" hits="1" branch="false"/>
            <line number="513" hits="1" branch="false"/>
            <line number="514" hits="1" branch="false"/>
            <line number="515" hits="1" branch="false"/>
            <line number="516" hits="1" branch="false"/>
            <line number="517" hits="1" branch="false"/>
            <line number="519" hits="0" branch="false"/>
            <line number="520" hits="0" branch="false"/>
            <line number="521" hits="0" branch="false"/>
            <line number="522" hits="0" branch="false"/>
            <line number="523" hits="0" branch="false"/>
            <line number="524" hits="0" branch="false"/>
            <line number="525" hits="0" branch="false"/>
            <line number="527" hits="18" branch="false"/>
            <line number="528" hits="17" branch="false"/>
            <line number="529" hits="17" branch="false"/>
            <line number="530" hits="17" branch="false"/>
            <line number="531" hits="17" branch="false"/>
            <line number="532" hits="17" branch="false"/>
            <line number="533" hits="17" branch="false"/>
            <line number="534" hits="17" branch="false"/>
            <line number="535" hits="17" branch="false"/>
            <line number="537" hits="1" branch="false"/>
            <line number="538" hits="1" branch="false"/>
            <line number="539" hits="1" branch="false"/>
            <line number="540" hits="1" branch="false"/>
            <line number="541" hits="1" branch="false"/>
            <line number="542" hits="1" branch="false"/>
            <line number="543" hits="1" branch="false"/>
            <line number="544" hits="1" branch="false"/>
            <line number="545" hits="1" branch="false"/>
            <line number="546" hits="1" branch="false"/>
            <line number="547" hits="1" branch="false"/>
            <line number="548" hits="1" branch="false"/>
            <line number="549" hits="1" branch="false"/>
            <line number="552" hits="19" branch="false"/>
            <line number="555" hits="19" branch="false"/>
            <line number="557" hits="19" branch="false"/>
            <line number="558" hits="18" branch="false"/>
            <line number="559" hits="18" branch="false"/>
            <line number="560" hits="18" branch="false"/>
            <line number="561" hits="18" branch="false"/>
            <line number="562" hits="18" branch="false"/>
            <line number="564" hits="19" branch="false"/>
            <line number="567" hits="19" branch="false"/>
            <line number="568" hits="0" branch="false"/>
            <line number="571" hits="19" branch="false"/>
            <line number="572" hits="19" branch="false"/>
            <line number="573" hits="19" branch="false"/>
            <line number="578" hits="1" branch="false"/>
            <line number="581" hits="19" branch="false"/>
            <line number="582" hits="19" branch="false"/>
            <line number="583" hits="19" branch="false"/>
            <line number="584" hits="19" branch="false"/>
            <line number="585" hits="19" branch="false"/>
            <line number="586" hits="19" branch="false"/>
            <line number="587" hits="19" branch="false"/>
            <line number="588" hits="19" branch="false"/>
            <line number="589" hits="19" branch="false"/>
            <line number="590" hits="19" branch="false"/>
            <line number="593" hits="19" branch="false"/>
            <line number="594" hits="17" branch="false"/>
            <line number="595" hits="17" branch="false"/>
            <line number="596" hits="17" branch="false"/>
            <line number="597" hits="17" branch="false"/>
            <line number="598" hits="17" branch="false"/>
            <line number="601" hits="19" branch="false"/>
            <line number="602" hits="19" branch="false"/>
            <line number="603" hits="19" branch="false"/>
            <line number="604" hits="19" branch="false"/>
            <line number="605" hits="19" branch="false"/>
            <line number="606" hits="19" branch="false"/>
            <line number="607" hits="19" branch="false"/>
            <line number="608" hits="19" branch="false"/>
            <line number="609" hits="19" branch="false"/>
            <line number="610" hits="19" branch="false"/>
            <line number="611" hits="19" branch="false"/>
            <line number="612" hits="19" branch="false"/>
            <line number="613" hits="19" branch="false"/>
            <line number="614" hits="19" branch="false"/>
            <line number="615" hits="19" branch="false"/>
            <line number="616" hits="19" branch="false"/>
            <line number="617" hits="19" branch="false"/>
            <line number="618" hits="19" branch="false"/>
            <line number="619" hits="19" branch="false"/>
            <line number="620" hits="19" branch="false"/>
            <line number="621" hits="19" branch="false"/>
            <line number="622" hits="19" branch="false"/>
            <line number="627" hits="19" branch="false"/>
            <line number="628" hits="19" branch="false"/>
            <line number="629" hits="19" branch="false"/>
            <line number="633" hits="0" branch="false"/>
            <line number="634" hits="0" branch="false"/>
            <line number="635" hits="0" branch="false"/>
            <line number="640" hits="11" branch="false"/>
            <line number="641" hits="11" branch="false"/>
            <line number="642" hits="6" branch="false"/>
            <line number="645" hits="5" branch="false"/>
            <line number="646" hits="5" branch="false"/>
            <line number="647" hits="5" branch="false"/>
            <line number="648" hits="5" branch="false"/>
            <line number="649" hits="5" branch="false"/>
            <line number="650" hits="5" branch="false"/>
            <line number="651" hits="5" branch="false"/>
            <line number="652" hits="5" branch="false"/>
            <line number="653" hits="5" branch="false"/>
            <line number="654" hits="4" branch="false"/>
            <line number="655" hits="4" branch="false"/>
            <line number="656" hits="5" branch="false"/>
            <line number="657" hits="5" branch="false"/>
            <line number="658" hits="5" branch="false"/>
            <line number="659" hits="5" branch="false"/>
            <line number="660" hits="5" branch="false"/>
            <line number="661" hits="5" branch="false"/>
            <line number="666" hits="5" branch="false"/>
            <line number="667" hits="5" branch="false"/>
            <line number="668" hits="5" branch="false"/>
            <line number="669" hits="5" branch="false"/>
            <line number="670" hits="5" branch="false"/>
            <line number="672" hits="5" branch="false"/>
            <line number="673" hits="5" branch="false"/>
            <line number="674" hits="0" branch="false"/>
            <line number="677" hits="5" branch="false"/>
            <line number="678" hits="5" branch="false"/>
            <line number="679" hits="5" branch="false"/>
            <line number="680" hits="5" branch="false"/>
            <line number="687" hits="5" branch="false"/>
            <line number="688" hits="5" branch="false"/>
            <line number="689" hits="5" branch="false"/>
            <line number="690" hits="5" branch="false"/>
            <line number="692" hits="5" branch="false"/>
            <line number="693" hits="5" branch="false"/>
            <line number="695" hits="5" branch="false"/>
            <line number="696" hits="5" branch="false"/>
            <line number="697" hits="5" branch="false"/>
            <line number="698" hits="5" branch="false"/>
            <line number="699" hits="5" branch="false"/>
            <line number="700" hits="5" branch="false"/>
            <line number="701" hits="5" branch="false"/>
            <line number="703" hits="5" branch="false"/>
            <line number="704" hits="5" branch="false"/>
            <line number="713" hits="11" branch="false"/>
            <line number="733" hits="5" branch="false"/>
            <line number="734" hits="5" branch="false"/>
            <line number="735" hits="5" branch="false"/>
            <line number="736" hits="5" branch="false"/>
            <line number="737" hits="5" branch="false"/>
            <line number="738" hits="5" branch="false"/>
          </lines>
        </class>
        <class name="unicodify.R" filename="R/unicodify.R" line-rate="1" branch-rate="0" complexity="0">
          <methods>
            <method name="unicodify" signature="" line-rate="1" branch-rate="0" complexity="0">
              <lines>
                <line number="12" hits="4" branch="false"/>
                <line number="13" hits="4" branch="false"/>
                <line number="14" hits="8" branch="false"/>
                <line number="16" hits="4" branch="false"/>
              </lines>
            </method>
          </methods>
          <lines>
            <line number="12" hits="4" branch="false"/>
            <line number="13" hits="4" branch="false"/>
            <line number="14" hits="8" branch="false"/>
            <line number="16" hits="4" branch="false"/>
          </lines>
        </class>
        <class name="utils.R" filename="R/utils.R" line-rate="0.285714285714286" branch-rate="0" complexity="0">
          <methods>
            <method name="leftside" signature="" line-rate="0" branch-rate="0" complexity="0">
              <lines>
                <line number="5" hits="0" branch="false"/>
                <line number="6" hits="0" branch="false"/>
                <line number="7" hits="0" branch="false"/>
                <line number="8" hits="0" branch="false"/>
              </lines>
            </method>
            <method name=".unlist_keep_nulls" signature="" line-rate="1" branch-rate="0" complexity="0">
              <lines>
                <line number="17" hits="1741" branch="false"/>
                <line number="18" hits="1741" branch="false"/>
              </lines>
            </method>
            <method name="string_to_title" signature="" line-rate="0" branch-rate="0" complexity="0">
              <lines>
                <line number="29" hits="0" branch="false"/>
              </lines>
            </method>
          </methods>
          <lines>
            <line number="5" hits="0" branch="false"/>
            <line number="6" hits="0" branch="false"/>
            <line number="7" hits="0" branch="false"/>
            <line number="8" hits="0" branch="false"/>
            <line number="17" hits="1741" branch="false"/>
            <line number="18" hits="1741" branch="false"/>
            <line number="29" hits="0" branch="false"/>
          </lines>
        </class>
        <class name="visit_levels.R" filename="R/visit_levels.R" line-rate="1" branch-rate="0" complexity="0">
          <methods>
            <method name="get_visit_levels" signature="" line-rate="1" branch-rate="0" complexity="0">
              <lines>
                <line number="15" hits="8" branch="false"/>
                <line number="16" hits="7" branch="false"/>
                <line number="18" hits="6" branch="false"/>
                <line number="19" hits="6" branch="false"/>
                <line number="20" hits="6" branch="false"/>
                <line number="21" hits="6" branch="false"/>
                <line number="23" hits="6" branch="false"/>
                <line number="25" hits="5" branch="false"/>
              </lines>
            </method>
          </methods>
          <lines>
            <line number="15" hits="8" branch="false"/>
            <line number="16" hits="7" branch="false"/>
            <line number="18" hits="6" branch="false"/>
            <line number="19" hits="6" branch="false"/>
            <line number="20" hits="6" branch="false"/>
            <line number="21" hits="6" branch="false"/>
            <line number="23" hits="6" branch="false"/>
            <line number="25" hits="5" branch="false"/>
          </lines>
        </class>
        <class name="zzz.R" filename="R/zzz.R" line-rate="0" branch-rate="0" complexity="0">
          <methods>
            <method name=".onLoad" signature="" line-rate="0" branch-rate="0" complexity="0">
              <lines>
                <line number="2" hits="0" branch="false"/>
                <line number="4" hits="0" branch="false"/>
                <line number="5" hits="0" branch="false"/>
                <line number="7" hits="0" branch="false"/>
                <line number="8" hits="0" branch="false"/>
                <line number="9" hits="0" branch="false"/>
              </lines>
            </method>
            <method name=".onUnload" signature="" line-rate="0" branch-rate="0" complexity="0">
              <lines>
                <line number="14" hits="0" branch="false"/>
                <line number="15" hits="0" branch="false"/>
                <line number="16" hits="0" branch="false"/>
                <line number="18" hits="0" branch="false"/>
                <line number="19" hits="0" branch="false"/>
              </lines>
            </method>
          </methods>
          <lines>
            <line number="2" hits="0" branch="false"/>
            <line number="4" hits="0" branch="false"/>
            <line number="5" hits="0" branch="false"/>
            <line number="7" hits="0" branch="false"/>
            <line number="8" hits="0" branch="false"/>
            <line number="9" hits="0" branch="false"/>
            <line number="14" hits="0" branch="false"/>
            <line number="15" hits="0" branch="false"/>
            <line number="16" hits="0" branch="false"/>
            <line number="18" hits="0" branch="false"/>
            <line number="19" hits="0" branch="false"/>
          </lines>
        </class>
      </classes>
    </package>
  </packages>
</coverage>
