<?xml version="1.0" encoding="UTF-8"?>
<testsuites>
  <testsuite name="a_freq_resp_var_j" timestamp="2025-11-14T02:44:14Z" hostname="e93859c6ce06" tests="9" skipped="0" failures="0" errors="0" time="0.613">
    <testcase time="0.166" classname="a_freq_resp_var_j" name="a_freq_resp_var_j_works_as_expected_with_basic_usage"/>
    <testcase time="0.0960000000000001" classname="a_freq_resp_var_j" name="a_freq_resp_var_j_works_as_expected_with_basic_usage"/>
    <testcase time="0.00800000000000001" classname="a_freq_resp_var_j" name="a_freq_resp_var_j_works_as_expected_with_basic_usage"/>
    <testcase time="0.0670000000000002" classname="a_freq_resp_var_j" name="a_freq_resp_var_j_works_with_factor_responses"/>
    <testcase time="0.0699999999999998" classname="a_freq_resp_var_j" name="a_freq_resp_var_j_handles_missing_values_correctly"/>
    <testcase time="0.0419999999999998" classname="a_freq_resp_var_j" name="a_freq_resp_var_j_errors_on_invalid_responses"/>
    <testcase time="0.0460000000000003" classname="a_freq_resp_var_j" name="a_freq_resp_var_j_errors_when_resp_var_is_null"/>
    <testcase time="0.0590000000000002" classname="a_freq_resp_var_j" name="a_freq_resp_var_j_works_with_drop_levels_parameter"/>
    <testcase time="0.0589999999999997" classname="a_freq_resp_var_j" name="a_freq_resp_var_j_works_with_riskdiff_parameter"/>
  </testsuite>
  <testsuite name="a_maxlev" timestamp="2025-11-14T02:44:15Z" hostname="e93859c6ce06" tests="9" skipped="0" failures="0" errors="0" time="0.677">
    <testcase time="0.183" classname="a_maxlev" name="a_maxlev_produces_correct_numbers_for_single_treatment_per_subject"/>
    <testcase time="0.0539999999999998" classname="a_maxlev" name="a_maxlev_produces_correct_numbers_for_single_treatment_per_subject"/>
    <testcase time="0.127" classname="a_maxlev" name="a_maxlev_produces_correct_numbers_for_sequence_of_treatments_missing_values_"/>
    <testcase time="0.0460000000000003" classname="a_maxlev" name="a_maxlev_produces_correct_numbers_for_sequence_of_treatments_missing_values_"/>
    <testcase time="0.0819999999999999" classname="a_maxlev" name="a_maxlev_produces_correct_numbers_for_sequence_of_treatments_all_values_are_missing_for_one_treatement_"/>
    <testcase time="0.0460000000000003" classname="a_maxlev" name="a_maxlev_produces_correct_numbers_for_sequence_of_treatments_all_values_are_missing_for_one_treatement_"/>
    <testcase time="0.0599999999999996" classname="a_maxlev" name="a_maxlev_produces_correct_numbers_when_any_level_is_active_for_custom_level_excl._"/>
    <testcase time="0.0310000000000001" classname="a_maxlev" name="a_maxlev_produces_correct_numbers_when_any_level_is_active_for_custom_level_excl._"/>
    <testcase time="0.048" classname="a_maxlev" name="a_maxlev_throws_an_error_for_not_ordered_variable"/>
  </testsuite>
  <testsuite name="a_summarize_aval_chg_diff" timestamp="2025-11-14T02:44:16Z" hostname="e93859c6ce06" tests="7" skipped="0" failures="0" errors="0" time="0.418">
    <testcase time="0.0249999999999999" classname="a_summarize_aval_chg_diff" name="a_summarize_aval_chg_diff_j_works_as_expected"/>
    <testcase time="0.133" classname="a_summarize_aval_chg_diff" name="a_summarize_aval_chg_diff_j_works_as_expected"/>
    <testcase time="0.00100000000000033" classname="a_summarize_aval_chg_diff" name="a_summarize_aval_chg_diff_j_works_as_expected"/>
    <testcase time="0.004" classname="a_summarize_aval_chg_diff" name="a_summarize_aval_chg_diff_j_works_as_expected"/>
    <testcase time="0.25" classname="a_summarize_aval_chg_diff" name="a_summarize_aval_chg_diff_j_works_with_ancova_TRUE"/>
    <testcase time="0.00199999999999978" classname="a_summarize_aval_chg_diff" name="a_summarize_aval_chg_diff_j_works_with_ancova_TRUE"/>
    <testcase time="0.00300000000000011" classname="a_summarize_aval_chg_diff" name="a_summarize_aval_chg_diff_j_works_with_ancova_TRUE"/>
  </testsuite>
  <testsuite name="analyze_values" timestamp="2025-11-14T02:44:16Z" hostname="e93859c6ce06" tests="7" skipped="0" failures="0" errors="0" time="0.11">
    <testcase time="0.0179999999999998" classname="analyze_values" name="analyze_values_correctly_modifies_layout_with_proper_formats"/>
    <testcase time="0.0790000000000002" classname="analyze_values" name="analyze_values_correctly_modifies_layout_with_proper_formats"/>
    <testcase time="0.00300000000000011" classname="analyze_values" name="analyze_values_correctly_modifies_layout_with_proper_formats"/>
    <testcase time="0.00199999999999978" classname="analyze_values" name="analyze_values_correctly_modifies_layout_with_proper_formats"/>
    <testcase time="0.00300000000000011" classname="analyze_values" name="analyze_values_correctly_modifies_layout_with_proper_formats"/>
    <testcase time="0.00199999999999978" classname="analyze_values" name="analyze_values_correctly_modifies_layout_with_proper_formats"/>
    <testcase time="0.00300000000000011" classname="analyze_values" name="analyze_values_correctly_modifies_layout_with_proper_formats"/>
  </testsuite>
  <testsuite name="ancova" timestamp="2025-11-14T02:44:16Z" hostname="e93859c6ce06" tests="3" skipped="0" failures="0" errors="0" time="0.745">
    <testcase time="0.231" classname="ancova" name="fit_ancova_works_as_expected"/>
    <testcase time="0.00199999999999978" classname="ancova" name="fit_ancova_works_as_expected"/>
    <testcase time="0.512" classname="ancova" name="fit_ancova_works_as_expected"/>
  </testsuite>
  <testsuite name="ancova_rbmi" timestamp="2025-11-14T02:44:17Z" hostname="e93859c6ce06" tests="7" skipped="0" failures="0" errors="0" time="0.103">
    <testcase time="0.0350000000000001" classname="ancova_rbmi" name="rbmi_ancova_single_works_also_with_multiple_treatment_arms"/>
    <testcase time="0.00300000000000011" classname="ancova_rbmi" name="rbmi_ancova_single_works_also_with_multiple_treatment_arms"/>
    <testcase time="0.0169999999999995" classname="ancova_rbmi" name="ancova_now_works_also_with_multiple_treatment_arms"/>
    <testcase time="0.0150000000000006" classname="ancova_rbmi" name="ancova_now_works_also_with_multiple_treatment_arms"/>
    <testcase time="0.0139999999999993" classname="ancova_rbmi" name="ancova_now_works_also_with_multiple_treatment_arms"/>
    <testcase time="0.016" classname="ancova_rbmi" name="ancova_now_works_also_with_multiple_treatment_arms"/>
    <testcase time="0.00300000000000011" classname="ancova_rbmi" name="ancova_now_works_also_with_multiple_treatment_arms"/>
  </testsuite>
  <testsuite name="blank_line" timestamp="2025-11-14T02:44:17Z" hostname="e93859c6ce06" tests="15" skipped="0" failures="0" errors="0" time="0.749">
    <testcase time="0.249000000000001" classname="blank_line" name="insert_blank_line_works_as_expected"/>
    <testcase time="0.137" classname="blank_line" name="insert_blank_line_works_as_expected"/>
    <testcase time="0.223" classname="blank_line" name="insert_blank_line_optionally_uses_custom_table_names"/>
    <testcase time="0.119" classname="blank_line" name="insert_blank_line_optionally_uses_custom_table_names"/>
    <testcase time="0.00300000000000011" classname="blank_line" name="insert_blank_line_optionally_uses_custom_table_names"/>
    <testcase time="0.00300000000000011" classname="blank_line" name="insert_blank_line_optionally_uses_custom_table_names"/>
    <testcase time="0.00199999999999978" classname="blank_line" name="insert_blank_line_optionally_uses_custom_table_names"/>
    <testcase time="0.00300000000000011" classname="blank_line" name="insert_blank_line_optionally_uses_custom_table_names"/>
    <testcase time="0.00300000000000011" classname="blank_line" name="insert_blank_line_optionally_uses_custom_table_names"/>
    <testcase time="0.00100000000000033" classname="blank_line" name="insert_blank_line_optionally_uses_custom_table_names"/>
    <testcase time="0.000999999999999446" classname="blank_line" name="insert_blank_line_optionally_uses_custom_table_names"/>
    <testcase time="0.00100000000000033" classname="blank_line" name="insert_blank_line_optionally_uses_custom_table_names"/>
    <testcase time="0.00100000000000033" classname="blank_line" name="insert_blank_line_optionally_uses_custom_table_names"/>
    <testcase time="0.00199999999999978" classname="blank_line" name="insert_blank_line_optionally_uses_custom_table_names"/>
    <testcase time="0.00100000000000033" classname="blank_line" name="insert_blank_line_optionally_uses_custom_table_names"/>
  </testsuite>
  <testsuite name="cmp_functions" timestamp="2025-11-14T02:44:18Z" hostname="e93859c6ce06" tests="4" skipped="0" failures="0" errors="0" time="0.228">
    <testcase time="0.193" classname="cmp_functions" name="cmp_split_fun_works_as_expected"/>
    <testcase time="0.0120000000000005" classname="cmp_functions" name="cmp_cfun_works_correctly_for_expected_column"/>
    <testcase time="0.0119999999999996" classname="cmp_functions" name="cmp_cfun_works_correctly_for_received_column"/>
    <testcase time="0.0110000000000001" classname="cmp_functions" name="cmp_cfun_works_correctly_for_missing_column"/>
  </testsuite>
  <testsuite name="column_stats" timestamp="2025-11-14T02:44:18Z" hostname="e93859c6ce06" tests="29" skipped="0" failures="0" errors="0" time="0.12">
    <testcase time="0.0110000000000001" classname="column_stats" name="column_stats_returns_correct_row_values_for_AVAL_mean"/>
    <testcase time="0.00399999999999956" classname="column_stats" name="column_stats_returns_correct_row_values_for_AVAL_mean"/>
    <testcase time="0.00199999999999978" classname="column_stats" name="column_stats_returns_correct_row_values_for_AVAL_mean"/>
    <testcase time="0.00200000000000067" classname="column_stats" name="column_stats_returns_correct_row_values_for_AVAL_mean"/>
    <testcase time="0.000999999999999446" classname="column_stats" name="column_stats_returns_correct_row_values_for_AVAL_mean"/>
    <testcase time="0.00100000000000033" classname="column_stats" name="column_stats_returns_correct_row_values_for_AVAL_mean"/>
    <testcase time="0.00600000000000023" classname="column_stats" name="column_stats_excludes_Baseline_for_CHG_stat_N"/>
    <testcase time="0.00300000000000011" classname="column_stats" name="column_stats_excludes_Baseline_for_CHG_stat_N"/>
    <testcase time="0.00199999999999978" classname="column_stats" name="column_stats_excludes_Baseline_for_CHG_stat_N"/>
    <testcase time="0.00199999999999978" classname="column_stats" name="column_stats_excludes_Baseline_for_CHG_stat_N"/>
    <testcase time="0.00199999999999978" classname="column_stats" name="column_stats_excludes_Baseline_for_CHG_stat_N"/>
    <testcase time="0.00700000000000056" classname="column_stats" name="column_stats_calculates_SD_statistic_correctly"/>
    <testcase time="0.00699999999999967" classname="column_stats" name="column_stats_calculates_mean_sd_statistic_correctly"/>
    <testcase time="0.00600000000000023" classname="column_stats" name="column_stats_calculates_SE_statistic_correctly"/>
    <testcase time="0.00699999999999967" classname="column_stats" name="column_stats_calculates_Med_Min_Max_correctly"/>
    <testcase time="0.00400000000000045" classname="column_stats" name="column_stats_calculates_Med_Min_Max_correctly"/>
    <testcase time="0.00300000000000011" classname="column_stats" name="column_stats_calculates_Med_Min_Max_correctly"/>
    <testcase time="0.00699999999999967" classname="column_stats" name="column_stats_handles_BASE_variable_correctly"/>
    <testcase time="0.00199999999999978" classname="column_stats" name="column_stats_handles_BASE_variable_correctly"/>
    <testcase time="0.00600000000000023" classname="column_stats" name="column_stats_handles_iec_roundmethod_correctly"/>
    <testcase time="0.00399999999999956" classname="column_stats" name="column_stats_handles_iec_roundmethod_correctly"/>
    <testcase time="0.00200000000000067" classname="column_stats" name="column_stats_handles_iec_roundmethod_correctly"/>
    <testcase time="0.00300000000000011" classname="column_stats" name="column_stats_handles_iec_roundmethod_correctly"/>
    <testcase time="0.00299999999999923" classname="column_stats" name="column_stats_handles_iec_roundmethod_correctly"/>
    <testcase time="0.00900000000000034" classname="column_stats" name="column_stats_handles_iec_roundmethod_correctly"/>
    <testcase time="0.00300000000000011" classname="column_stats" name="column_stats_handles_iec_roundmethod_correctly"/>
    <testcase time="0.00300000000000011" classname="column_stats" name="column_stats_handles_iec_roundmethod_correctly"/>
    <testcase time="0.00199999999999978" classname="column_stats" name="column_stats_handles_iec_roundmethod_correctly"/>
    <testcase time="0.00600000000000023" classname="column_stats" name="calc_N_returns_NULL_for_non_AVAL_variables"/>
  </testsuite>
  <testsuite name="colwidths" timestamp="2025-11-14T02:44:18Z" hostname="e93859c6ce06" tests="11" skipped="0" failures="0" errors="0" time="0.487">
    <testcase time="0.141" classname="colwidths" name="ttype_wrap_vec_works_as_expected"/>
    <testcase time="0.0499999999999998" classname="colwidths" name="check_wrap_nobreak_works_as_expected"/>
    <testcase time="0.0529999999999999" classname="colwidths" name="check_wrap_nobreak_works_as_expected"/>
    <testcase time="0.0629999999999997" classname="colwidths" name="def_colwidths_works_as_expected"/>
    <testcase time="0.101" classname="colwidths" name="listing_column_widths_works_as_expected"/>
    <testcase time="0.00400000000000045" classname="colwidths" name="listing_column_widths_works_as_expected"/>
    <testcase time="0.048" classname="colwidths" name="find_free_colspc_works_as_expected"/>
    <testcase time="0.00899999999999945" classname="colwidths" name="smart_colwidths_1page_works_as_expected"/>
    <testcase time="0.00300000000000011" classname="colwidths" name="smart_colwidths_1page_works_as_expected"/>
    <testcase time="0.00800000000000001" classname="colwidths" name="smart_colwidths_1page_works_as_expected"/>
    <testcase time="0.00700000000000056" classname="colwidths" name="spaces_to_inches_works_as_expected"/>
  </testsuite>
  <testsuite name="count_pct" timestamp="2025-11-14T02:44:18Z" hostname="e93859c6ce06" tests="24" skipped="0" failures="0" errors="0" time="7.059">
    <testcase time="0.233" classname="count_pct" name="a_freq_j_with_val_NA_and_denom_option"/>
    <testcase time="0.212" classname="count_pct" name="a_freq_j_with_val_NA_and_denom_option"/>
    <testcase time="0.17" classname="count_pct" name="a_freq_j_with_val_NA_and_denom_option"/>
    <testcase time="0.0970000000000004" classname="count_pct" name="a_freq_j_with_specific_val_CHN_and_denom_option"/>
    <testcase time="0.106" classname="count_pct" name="a_freq_j_with_specific_val_CHN_and_denom_option"/>
    <testcase time="0.104" classname="count_pct" name="a_freq_j_with_specific_val_CHN_and_denom_option"/>
    <testcase time="0.147" classname="count_pct" name="a_freq_j_with_N_only"/>
    <testcase time="0.146" classname="count_pct" name="a_freq_j_with_N_only"/>
    <testcase time="0.171" classname="count_pct" name="a_freq_j_with_TotCol_only"/>
    <testcase time="0.173999999999999" classname="count_pct" name="a_freq_j_with_TotCol_only"/>
    <testcase time="0.991000000000001" classname="count_pct" name="a_freq_j_as_cfun"/>
    <testcase time="0.978" classname="count_pct" name="a_freq_j_as_cfun"/>
    <testcase time="0.108000000000001" classname="count_pct" name="a_freq_j_with_label_map"/>
    <testcase time="0.112" classname="count_pct" name="a_freq_j_with_label_map"/>
    <testcase time="0.167" classname="count_pct" name="a_freq_j_old_count_pats_case_"/>
    <testcase time="0.157" classname="count_pct" name="a_freq_j_old_count_pats_case_"/>
    <testcase time="0.170999999999999" classname="count_pct" name="a_freq_j_old_count_pats_case_"/>
    <testcase time="0.500999999999999" classname="count_pct" name="a_freq_j_with_N_subgroup_as_denom"/>
    <testcase time="0.486000000000001" classname="count_pct" name="a_freq_j_with_N_subgroup_as_denom"/>
    <testcase time="0.506" classname="count_pct" name="a_freq_j_with_N_subgroup_as_denom"/>
    <testcase time="1.098" classname="count_pct" name="a_freq_j_with_N_trt_as_denom_special_situation"/>
    <testcase time="0.107000000000001" classname="count_pct" name="a_freq_j_with_N_trt_as_denom_special_situation"/>
    <testcase time="0.106" classname="count_pct" name="a_freq_j_with_keep_levels_CHN_NGA_"/>
    <testcase time="0.0109999999999992" classname="count_pct" name="a_freq_j_with_keep_levels_CHN_NGA_"/>
  </testsuite>
  <testsuite name="count_pct_relrisk" timestamp="2025-11-14T02:44:26Z" hostname="e93859c6ce06" tests="14" skipped="0" failures="0" errors="0" time="3.081">
    <testcase time="0.246" classname="count_pct_relrisk" name="a_freq_j_with_val_NA_and_denom_option"/>
    <testcase time="0.00300000000000011" classname="count_pct_relrisk" name="a_freq_j_with_val_NA_and_denom_option"/>
    <testcase time="0.212" classname="count_pct_relrisk" name="a_freq_j_with_val_NA_and_denom_option"/>
    <testcase time="0.0140000000000011" classname="count_pct_relrisk" name="a_freq_j_with_val_NA_and_denom_option"/>
    <testcase time="0.203999999999999" classname="count_pct_relrisk" name="a_freq_j_with_val_NA_and_denom_option"/>
    <testcase time="0.00300000000000011" classname="count_pct_relrisk" name="a_freq_j_with_val_NA_and_denom_option"/>
    <testcase time="0.407" classname="count_pct_relrisk" name="a_freq_j_with_risk_difference_method_cmh"/>
    <testcase time="0.00699999999999967" classname="count_pct_relrisk" name="a_freq_j_with_risk_difference_method_cmh"/>
    <testcase time="0.647" classname="count_pct_relrisk" name="a_freq_j_with_N_subgroup_as_denom"/>
    <testcase time="0.00300000000000011" classname="count_pct_relrisk" name="a_freq_j_with_N_subgroup_as_denom"/>
    <testcase time="0.670999999999999" classname="count_pct_relrisk" name="a_freq_j_with_N_subgroup_as_denom"/>
    <testcase time="0.00300000000000011" classname="count_pct_relrisk" name="a_freq_j_with_N_subgroup_as_denom"/>
    <testcase time="0.659000000000001" classname="count_pct_relrisk" name="a_freq_j_with_N_subgroup_as_denom"/>
    <testcase time="0.00199999999999889" classname="count_pct_relrisk" name="a_freq_j_with_N_subgroup_as_denom"/>
  </testsuite>
  <testsuite name="coxph_hr" timestamp="2025-11-14T02:44:29Z" hostname="e93859c6ce06" tests="8" skipped="0" failures="0" errors="0" time="0.268">
    <testcase time="0.0310000000000024" classname="coxph_hr" name="s_coxph_hr_works_with_default_arguments_and_no_stratification_factors"/>
    <testcase time="0.0069999999999979" classname="coxph_hr" name="s_coxph_hr_works_with_default_arguments_and_no_stratification_factors"/>
    <testcase time="0.00799999999999912" classname="coxph_hr" name="s_coxph_hr_works_with_default_arguments_and_no_stratification_factors"/>
    <testcase time="0.00800000000000267" classname="coxph_hr" name="s_coxph_hr_works_with_default_arguments_and_no_stratification_factors"/>
    <testcase time="0.0640000000000001" classname="coxph_hr" name="a_coxph_hr_works_with_custom_arguments_and_stratification_factors"/>
    <testcase time="0.0479999999999983" classname="coxph_hr" name="a_coxph_hr_works_with_custom_arguments_and_stratification_factors"/>
    <testcase time="0.0609999999999999" classname="coxph_hr" name="a_coxph_hr_works_with_stratification_factors_for_Log_Rank_test"/>
    <testcase time="0.0410000000000004" classname="coxph_hr" name="a_coxph_hr_works_with_stratification_factors_for_Log_Rank_test"/>
  </testsuite>
  <testsuite name="coxreg_multivar" timestamp="2025-11-14T02:44:29Z" hostname="e93859c6ce06" tests="15" skipped="0" failures="0" errors="0" time="1.439">
    <testcase time="0.0680000000000014" classname="coxreg_multivar" name="h_extract_coxreg_multivar_works_as_expected"/>
    <testcase time="0.175999999999998" classname="coxreg_multivar" name="tefos03_first_split_fun_works_as_expected"/>
    <testcase time="0.00900000000000034" classname="coxreg_multivar" name="tefos03_first_split_fun_works_as_expected"/>
    <testcase time="0.0259999999999998" classname="coxreg_multivar" name="tefos03_first_split_fun_works_as_expected"/>
    <testcase time="0.396000000000001" classname="coxreg_multivar" name="tefos03_second_split_fun_fct_works_as_expected"/>
    <testcase time="0.00900000000000034" classname="coxreg_multivar" name="tefos03_second_split_fun_fct_works_as_expected"/>
    <testcase time="0.0399999999999991" classname="coxreg_multivar" name="tefos03_second_split_fun_fct_works_as_expected"/>
    <testcase time="0.0279999999999987" classname="coxreg_multivar" name="tefos03_afun_works_as_expected"/>
    <testcase time="0.00900000000000034" classname="coxreg_multivar" name="tefos03_afun_works_as_expected"/>
    <testcase time="0.130000000000003" classname="coxreg_multivar" name="summarize_coxreg_multivar_works_as_expected_with_defaults"/>
    <testcase time="0.0619999999999976" classname="coxreg_multivar" name="summarize_coxreg_multivar_works_as_expected_with_defaults"/>
    <testcase time="0.093" classname="coxreg_multivar" name="summarize_coxreg_multivar_works_as_expected_with_custom_options"/>
    <testcase time="0.0609999999999999" classname="coxreg_multivar" name="summarize_coxreg_multivar_works_as_expected_with_custom_options"/>
    <testcase time="0.214000000000002" classname="coxreg_multivar" name="summarize_coxreg_multivar_works_with_row_splits"/>
    <testcase time="0.117999999999999" classname="coxreg_multivar" name="summarize_coxreg_multivar_works_with_row_splits"/>
  </testsuite>
  <testsuite name="estimate_proportion_diff" timestamp="2025-11-14T02:44:30Z" hostname="e93859c6ce06" tests="6" skipped="0" failures="0" errors="0" time="0.114">
    <testcase time="0.0109999999999992" classname="estimate_proportion_diff" name="s_proportion_diff_j_works_as_expected"/>
    <testcase time="0.0180000000000007" classname="estimate_proportion_diff" name="s_proportion_diff_j_works_as_expected"/>
    <testcase time="0.00300000000000011" classname="estimate_proportion_diff" name="s_proportion_diff_j_works_as_expected"/>
    <testcase time="0.0180000000000007" classname="estimate_proportion_diff" name="s_proportion_diff_j_works_as_expected"/>
    <testcase time="0.0339999999999989" classname="estimate_proportion_diff" name="a_proportion_diff_j_works_as_expected_in_a_table_layout"/>
    <testcase time="0.0300000000000011" classname="estimate_proportion_diff" name="a_proportion_diff_j_works_as_expected_in_a_table_layout"/>
  </testsuite>
  <testsuite name="event_free" timestamp="2025-11-14T02:44:30Z" hostname="e93859c6ce06" tests="8" skipped="0" failures="0" errors="0" time="0.324">
    <testcase time="0.0219999999999985" classname="event_free" name="s_event_free_works_with_default_arguments"/>
    <testcase time="0.00600000000000023" classname="event_free" name="s_event_free_works_with_default_arguments"/>
    <testcase time="0.0100000000000016" classname="event_free" name="s_event_free_works_with_percent_format"/>
    <testcase time="0.00600000000000023" classname="event_free" name="s_event_free_works_with_percent_format"/>
    <testcase time="0.0899999999999999" classname="event_free" name="a_event_free_works_with_default_arguments_in_a_table_layout"/>
    <testcase time="0.0470000000000006" classname="event_free" name="a_event_free_works_with_default_arguments_in_a_table_layout"/>
    <testcase time="0.097999999999999" classname="event_free" name="a_event_free_works_with_customized_arguments_in_a_table_layout"/>
    <testcase time="0.0449999999999982" classname="event_free" name="a_event_free_works_with_customized_arguments_in_a_table_layout"/>
  </testsuite>
  <testsuite name="get_ref_info" timestamp="2025-11-14T02:44:31Z" hostname="e93859c6ce06" tests="5" skipped="0" failures="0" errors="0" time="0.434">
    <testcase time="0.0970000000000013" classname="get_ref_info" name="get_ref_info_works_with_a_df_analysis_function"/>
    <testcase time="0.0689999999999991" classname="get_ref_info" name="get_ref_info_works_with_a_df_analysis_function"/>
    <testcase time="0.116" classname="get_ref_info" name="get_ref_info_works_with_a_vector_analysis_function"/>
    <testcase time="0.088000000000001" classname="get_ref_info" name="get_ref_info_works_with_a_vector_analysis_function"/>
    <testcase time="0.0640000000000001" classname="get_ref_info" name="get_ref_info_works_with_a_vector_analysis_function"/>
  </testsuite>
  <testsuite name="h_freq_funs" timestamp="2025-11-14T02:44:31Z" hostname="e93859c6ce06" tests="18" skipped="0" failures="0" errors="0" time="0.074">
    <testcase time="0.0109999999999992" classname="h_freq_funs" name="h_update_factor_works_correctly"/>
    <testcase time="0.00300000000000011" classname="h_freq_funs" name="h_update_factor_works_correctly"/>
    <testcase time="0.00300000000000011" classname="h_freq_funs" name="h_update_factor_works_correctly"/>
    <testcase time="0.00600000000000023" classname="h_freq_funs" name="h_df_add_newlevels_works_correctly"/>
    <testcase time="0.00300000000000011" classname="h_freq_funs" name="h_df_add_newlevels_works_correctly"/>
    <testcase time="0.00300000000000011" classname="h_freq_funs" name="h_df_add_newlevels_works_correctly"/>
    <testcase time="0.00400000000000134" classname="h_freq_funs" name="h_df_add_newlevels_works_correctly"/>
    <testcase time="0.00300000000000011" classname="h_freq_funs" name="h_df_add_newlevels_works_correctly"/>
    <testcase time="0.00499999999999901" classname="h_freq_funs" name="h_colexpr_substr_works_correctly"/>
    <testcase time="0.00199999999999889" classname="h_freq_funs" name="h_colexpr_substr_works_correctly"/>
    <testcase time="0.00300000000000011" classname="h_freq_funs" name="h_colexpr_substr_works_correctly"/>
    <testcase time="0.00500000000000256" classname="h_freq_funs" name="h_get_label_map_works_correctly"/>
    <testcase time="0.00300000000000011" classname="h_freq_funs" name="h_get_label_map_works_correctly"/>
    <testcase time="0.0069999999999979" classname="h_freq_funs" name="h_subset_combo_works_correctly"/>
    <testcase time="0.00300000000000011" classname="h_freq_funs" name="h_subset_combo_works_correctly"/>
    <testcase time="0.00400000000000134" classname="h_freq_funs" name="h_subset_combo_works_correctly"/>
    <testcase time="0.00300000000000011" classname="h_freq_funs" name="h_subset_combo_works_correctly"/>
    <testcase time="0.00300000000000011" classname="h_freq_funs" name="h_subset_combo_works_correctly"/>
  </testsuite>
  <testsuite name="jjcs_num_formats" timestamp="2025-11-14T02:44:31Z" hostname="e93859c6ce06" tests="16" skipped="0" failures="0" errors="0" time="0.668">
    <testcase time="0.0329999999999977" classname="jjcs_num_formats" name="jjcs_num_formats_works"/>
    <testcase time="0.00500000000000256" classname="jjcs_num_formats" name="jjcs_num_formats_works"/>
    <testcase time="0.00499999999999901" classname="jjcs_num_formats" name="jjcs_num_formats_works"/>
    <testcase time="0.122" classname="jjcs_num_formats" name="jjcs_num_formats_works"/>
    <testcase time="0.172000000000001" classname="jjcs_num_formats" name="jjcs_num_formats_works"/>
    <testcase time="0.00399999999999778" classname="jjcs_num_formats" name="jjcs_num_formats_works"/>
    <testcase time="0.00600000000000023" classname="jjcs_num_formats" name="jjcs_num_formats_works"/>
    <testcase time="0.00700000000000145" classname="jjcs_num_formats" name="jjcs_num_formats_works"/>
    <testcase time="0.027000000000001" classname="jjcs_num_formats" name="jjcs_num_formats_works"/>
    <testcase time="0.0189999999999984" classname="jjcs_num_formats" name="jjcsformats_NA_works"/>
    <testcase time="0.00700000000000145" classname="jjcs_num_formats" name="jjcsformats_NA_works"/>
    <testcase time="0.0309999999999988" classname="jjcs_num_formats" name="jjcsformats_NA_works"/>
    <testcase time="0.0509999999999984" classname="jjcs_num_formats" name="jjcsformats_NA_works"/>
    <testcase time="0.0180000000000007" classname="jjcs_num_formats" name="jjcsformats_NA_works"/>
    <testcase time="0.0440000000000005" classname="jjcs_num_formats" name="jjcsformats_NA_works"/>
    <testcase time="0.117000000000001" classname="jjcs_num_formats" name="jjcsformats_count_fraction_works"/>
  </testsuite>
  <testsuite name="jjcsformats" timestamp="2025-11-14T02:44:32Z" hostname="e93859c6ce06" tests="17" skipped="0" failures="0" errors="0" time="0.398">
    <testcase time="0.177" classname="jjcsformats" name="jjjcs_formats_work"/>
    <testcase time="0.0180000000000007" classname="jjcsformats" name="jjjcs_formats_work"/>
    <testcase time="0.0199999999999996" classname="jjcsformats" name="jjjcs_formats_work"/>
    <testcase time="0.0549999999999997" classname="jjcsformats" name="jjjcs_formats_work"/>
    <testcase time="0.00600000000000023" classname="jjcsformats" name="roundmethod_support_works"/>
    <testcase time="0.00300000000000011" classname="jjcsformats" name="roundmethod_support_works"/>
    <testcase time="0.00300000000000011" classname="jjcsformats" name="roundmethod_support_works"/>
    <testcase time="0.00300000000000011" classname="jjcsformats" name="roundmethod_support_works"/>
    <testcase time="0.0069999999999979" classname="jjcsformats" name="roundmethod_support_works"/>
    <testcase time="0.00500000000000256" classname="jjcsformats" name="roundmethod_support_works"/>
    <testcase time="0.00399999999999778" classname="jjcsformats" name="roundmethod_support_works"/>
    <testcase time="0.00400000000000134" classname="jjcsformats" name="roundmethod_support_works"/>
    <testcase time="0.00300000000000011" classname="jjcsformats" name="roundmethod_support_works"/>
    <testcase time="0.0309999999999988" classname="jjcsformats" name="jjcsformat_range_fct_is_formatting_ranges_as_expected"/>
    <testcase time="0.0480000000000018" classname="jjcsformats" name="jjcsformat_pval_fct_works"/>
    <testcase time="0.00600000000000023" classname="jjcsformats" name="jjcsformat_xx_works_also_for_empty_cells"/>
    <testcase time="0.00499999999999901" classname="jjcsformats" name="jjcsformat_xx_works_also_for_cells_with_0_length_vectors"/>
  </testsuite>
  <testsuite name="junco_utils_default_stats_formats_labels" timestamp="2025-11-14T02:44:32Z" hostname="e93859c6ce06" tests="11" skipped="0" failures="5" errors="0" time="0.142">
    <testcase time="0.0159999999999982" classname="junco_utils_default_stats_formats_labels" name="get_stats_works_as_expected">
      <failure type="failure" message="Adding new snapshot: ('test-junco_utils_default_stats_formats_labels.R:8:3')">Adding new snapshot:
Code
  res
Output
  [1] "quantiles_lower"      "median_ci_3d"         "quantiles_upper"     
  [4] "range_with_cens_info"</failure>
    </testcase>
    <testcase time="0.0200000000000031" classname="junco_utils_default_stats_formats_labels" name="get_stats_works_as_expected"/>
    <testcase time="0.0119999999999969" classname="junco_utils_default_stats_formats_labels" name="get_formats_from_stats_works_as_expected">
      <failure type="failure" message="Adding new snapshot: ('test-junco_utils_default_stats_formats_labels.R:18:3')">Adding new snapshot:
Code
  res
Output
  $quantiles_upper
  function (x, output, na_str = na_str_dflt) 
  {
      if (anyNA(na_str) || (replace_na_dflt &amp;&amp; any(na_str == "NA"))) {
          na_inds &lt;- which(is.na(na_str) | (replace_na_dflt &amp; na_str == 
              "NA"))
          na_str[na_inds] &lt;- rep(na_str_dflt, length.out = length(na_str))[na_inds]
      }
      if (length(x) == 0 || isTRUE(all(x == ""))) {
          return(NULL)
      }
      else if (!length(positions[[1]]) == length(x)) {
          stop("Error: input str in call to jjcs_format_xx must contain same number of xx as the number of stats.")
      }
      values &lt;- Map(y = x, fun = roundings, na_str = na_str, function(y, 
          fun, na_str) fun(y, na_str = na_str))
      regmatches(x = str, m = positions)[[1]] &lt;- values
      return(str)
  }
  &lt;environment: base&gt;
  
  $range_with_cens_info
  function (x, ...) 
  {
      checkmate::assert_numeric(x, len = 4L, finite = TRUE, any.missing = FALSE)
      checkmate::assert_true(all(x[c(3, 4)] %in% c(0, 1)))
      res &lt;- vapply(x[c(1, 2)], format_xx, character(1))
      if (x[3] == 1) 
          res[1] &lt;- paste0(res[1], "+")
      if (x[4] == 1) 
          res[2] &lt;- paste0(res[2], "+")
      paste0("(", res[1], ", ", res[2], ")")
  }
  &lt;environment: base&gt;
  </failure>
    </testcase>
    <testcase time="0.017000000000003" classname="junco_utils_default_stats_formats_labels" name="get_formats_from_stats_works_as_expected"/>
    <testcase time="0.0120000000000005" classname="junco_utils_default_stats_formats_labels" name="get_labels_from_stats_works_as_expected">
      <failure type="failure" message="Adding new snapshot: ('test-junco_utils_default_stats_formats_labels.R:24:3')">Adding new snapshot:
Code
  res
Output
  $quantiles_upper
  [1] "75%-ile (95% CI)"
  
  $range_with_cens_info
  [1] "Min, max"
  </failure>
    </testcase>
    <testcase time="0.0169999999999995" classname="junco_utils_default_stats_formats_labels" name="get_labels_from_stats_works_as_expected"/>
    <testcase time="0.00600000000000023" classname="junco_utils_default_stats_formats_labels" name="get_label_attr_from_stats_works_as_expected"/>
    <testcase time="0.00999999999999801" classname="junco_utils_default_stats_formats_labels" name="get_label_attr_from_stats_works_as_expected">
      <failure type="failure" message="Adding new snapshot: ('test-junco_utils_default_stats_formats_labels.R:33:3')">Adding new snapshot:
Code
  res
Output
  stats1 stats2 
   "bla"  "boo" </failure>
    </testcase>
    <testcase time="0.0109999999999992" classname="junco_utils_default_stats_formats_labels" name="get_label_attr_from_stats_works_as_expected"/>
    <testcase time="0.0110000000000028" classname="junco_utils_default_stats_formats_labels" name="get_indents_from_stats_works_as_expected">
      <failure type="failure" message="Adding new snapshot: ('test-junco_utils_default_stats_formats_labels.R:39:3')">Adding new snapshot:
Code
  res
Output
  $quantiles_upper
  [1] 0
  
  $range_with_cens_info
  [1] 0
  </failure>
    </testcase>
    <testcase time="0.00999999999999801" classname="junco_utils_default_stats_formats_labels" name="get_indents_from_stats_works_as_expected"/>
  </testsuite>
  <testsuite name="kaplan_meier" timestamp="2025-11-14T02:44:32Z" hostname="e93859c6ce06" tests="14" skipped="0" failures="0" errors="0" time="0.307">
    <testcase time="0.0160000000000018" classname="kaplan_meier" name="s_kaplan_meier_works_with_default_arguments"/>
    <testcase time="0.0069999999999979" classname="kaplan_meier" name="s_kaplan_meier_works_with_default_arguments"/>
    <testcase time="0.00900000000000034" classname="kaplan_meier" name="s_kaplan_meier_works_with_customized_arguments"/>
    <testcase time="0.00700000000000145" classname="kaplan_meier" name="s_kaplan_meier_works_with_customized_arguments"/>
    <testcase time="0.00999999999999801" classname="kaplan_meier" name="a_kaplan_meier_works_with_default_arguments"/>
    <testcase time="0.00200000000000244" classname="kaplan_meier" name="a_kaplan_meier_works_with_default_arguments"/>
    <testcase time="0.0179999999999971" classname="kaplan_meier" name="a_kaplan_meier_works_with_default_arguments"/>
    <testcase time="0.0110000000000028" classname="kaplan_meier" name="a_kaplan_meier_works_with_customized_arguments"/>
    <testcase time="0.000999999999997669" classname="kaplan_meier" name="a_kaplan_meier_works_with_customized_arguments"/>
    <testcase time="0.00900000000000034" classname="kaplan_meier" name="a_kaplan_meier_works_with_customized_arguments"/>
    <testcase time="0.0600000000000023" classname="kaplan_meier" name="a_kaplan_meier_works_inside_analyze_in_table"/>
    <testcase time="0.0609999999999999" classname="kaplan_meier" name="a_kaplan_meier_works_inside_analyze_in_table"/>
    <testcase time="0.0529999999999973" classname="kaplan_meier" name="a_kaplan_meier_works_inside_analyze_in_table_with_custom_arguments"/>
    <testcase time="0.0430000000000028" classname="kaplan_meier" name="a_kaplan_meier_works_inside_analyze_in_table_with_custom_arguments"/>
  </testsuite>
  <testsuite name="markup_unicodify" timestamp="2025-11-14T02:44:33Z" hostname="e93859c6ce06" tests="1" skipped="0" failures="0" errors="0" time="0.014">
    <testcase time="0.0139999999999993" classname="markup_unicodify" name="dps_markup_works_with_and_"/>
  </testsuite>
  <testsuite name="mmrm" timestamp="2025-11-14T02:44:33Z" hostname="e93859c6ce06" tests="5" skipped="0" failures="0" errors="0" time="0.221">
    <testcase time="0.114999999999998" classname="mmrm" name="get_mmrm_lsmeans_can_calculate_the_LS_mean_results_including_one_and_two_sided_p_values"/>
    <testcase time="0.00300000000000011" classname="mmrm" name="get_mmrm_lsmeans_can_calculate_the_LS_mean_results_including_one_and_two_sided_p_values"/>
    <testcase time="0.00199999999999889" classname="mmrm" name="get_mmrm_lsmeans_can_calculate_the_LS_mean_results_including_one_and_two_sided_p_values"/>
    <testcase time="0.00199999999999889" classname="mmrm" name="get_mmrm_lsmeans_can_calculate_the_LS_mean_results_including_one_and_two_sided_p_values"/>
    <testcase time="0.0990000000000002" classname="mmrm" name="fit_mmrm_j_works_as_expected"/>
  </testsuite>
  <testsuite name="mmrm_rbmi" timestamp="2025-11-14T02:44:33Z" hostname="e93859c6ce06" tests="6" skipped="0" failures="0" errors="0" time="0.182">
    <testcase time="0.140000000000001" classname="mmrm_rbmi" name="mmrm_rbmi_works_as_expected"/>
    <testcase time="0.00100000000000122" classname="mmrm_rbmi" name="mmrm_rbmi_works_as_expected"/>
    <testcase time="0.00399999999999778" classname="mmrm_rbmi" name="mmrm_rbmi_works_as_expected"/>
    <testcase time="0.0140000000000029" classname="mmrm_rbmi" name="mmrm_rbmi_works_as_expected"/>
    <testcase time="0.0120000000000005" classname="mmrm_rbmi" name="mmrm_rbmi_works_as_expected"/>
    <testcase time="0.0109999999999992" classname="mmrm_rbmi" name="mmrm_rbmi_works_as_expected"/>
  </testsuite>
  <testsuite name="odds_ratio" timestamp="2025-11-14T02:44:33Z" hostname="e93859c6ce06" tests="18" skipped="0" failures="0" errors="0" time="0.288">
    <testcase time="0.0159999999999982" classname="odds_ratio" name="s_odds_ratio_j_returns_NA_when_one_group_has_no_responders_and_option_set"/>
    <testcase time="0.00500000000000256" classname="odds_ratio" name="s_odds_ratio_j_returns_NA_when_one_group_has_no_responders_and_option_set"/>
    <testcase time="0.0139999999999993" classname="odds_ratio" name="s_odds_ratio_j_returns_NA_when_one_group_has_no_responders_and_option_set_with_strata"/>
    <testcase time="0.00600000000000023" classname="odds_ratio" name="s_odds_ratio_j_returns_NA_when_one_group_has_no_responders_and_option_set_with_strata"/>
    <testcase time="0.00799999999999912" classname="odds_ratio" name="s_odds_ratio_j_does_not_fail_with_only_non_responders"/>
    <testcase time="0.00300000000000011" classname="odds_ratio" name="s_odds_ratio_j_does_not_fail_with_only_non_responders"/>
    <testcase time="0.00499999999999901" classname="odds_ratio" name="s_odds_ratio_j_does_not_fail_with_only_one_grp"/>
    <testcase time="0.00300000000000011" classname="odds_ratio" name="s_odds_ratio_j_does_not_fail_with_only_one_grp"/>
    <testcase time="0.00700000000000145" classname="odds_ratio" name="or_glm_j_does_not_fail_with_only_non_responders"/>
    <testcase time="0.00600000000000023" classname="odds_ratio" name="or_glm_j_does_not_fail_with_only_non_responders"/>
    <testcase time="0.0380000000000003" classname="odds_ratio" name="a_odds_ratio_j_works_in_a_table_layout_as_expected_for_unstratified_analysis"/>
    <testcase time="0.0339999999999989" classname="odds_ratio" name="a_odds_ratio_j_works_in_a_table_layout_as_expected_for_unstratified_analysis"/>
    <testcase time="0.0380000000000003" classname="odds_ratio" name="a_odds_ratio_j_works_in_a_table_layout_as_expected_for_unstratified_analysis"/>
    <testcase time="0.00300000000000011" classname="odds_ratio" name="a_odds_ratio_j_works_in_a_table_layout_as_expected_for_unstratified_analysis"/>
    <testcase time="0.0389999999999979" classname="odds_ratio" name="a_odds_ratio_j_works_in_a_table_layout_as_expected_for_CMH_analysis"/>
    <testcase time="0.0330000000000013" classname="odds_ratio" name="a_odds_ratio_j_works_in_a_table_layout_as_expected_for_CMH_analysis"/>
    <testcase time="0.027000000000001" classname="odds_ratio" name="a_odds_ratio_j_works_in_a_table_layout_as_expected_for_CMH_analysis"/>
    <testcase time="0.00300000000000011" classname="odds_ratio" name="a_odds_ratio_j_works_in_a_table_layout_as_expected_for_CMH_analysis"/>
  </testsuite>
  <testsuite name="patyrs-eair100" timestamp="2025-11-14T02:44:34Z" hostname="e93859c6ce06" tests="4" skipped="0" failures="0" errors="0" time="1.338">
    <testcase time="0.224" classname="patyrs_eair100" name="Check_patient_years_numbers_are_giving_expected_result"/>
    <testcase time="0.372999999999998" classname="patyrs_eair100" name="Check_aeir100_numbers_are_giving_expected_result"/>
    <testcase time="0.372" classname="patyrs_eair100" name="Check_aeir100_numbers_are_giving_expected_result_when_fup_var_argument_is_changed"/>
    <testcase time="0.369" classname="patyrs_eair100" name="Check_aeir100_numbers_are_giving_expected_result_when_occ_dy_argument_is_changed"/>
  </testsuite>
  <testsuite name="pool_rbmi" timestamp="2025-11-14T02:44:35Z" hostname="e93859c6ce06" tests="30" skipped="0" failures="0" errors="0" time="2.318">
    <testcase time="0.0180000000000007" classname="pool_rbmi" name="mod_pool_internal_rubin_combines_results_correctly"/>
    <testcase time="0.00200000000000244" classname="pool_rbmi" name="mod_pool_internal_rubin_combines_results_correctly"/>
    <testcase time="0.00300000000000011" classname="pool_rbmi" name="mod_pool_internal_rubin_combines_results_correctly"/>
    <testcase time="0.00299999999999656" classname="pool_rbmi" name="mod_pool_internal_rubin_combines_results_correctly"/>
    <testcase time="0.00200000000000244" classname="pool_rbmi" name="mod_pool_internal_rubin_combines_results_correctly"/>
    <testcase time="0.00300000000000011" classname="pool_rbmi" name="mod_pool_internal_rubin_combines_results_correctly"/>
    <testcase time="0.00199999999999889" classname="pool_rbmi" name="mod_pool_internal_rubin_combines_results_correctly"/>
    <testcase time="0.00499999999999901" classname="pool_rbmi" name="pool_function_processes_and_returns_combined_results"/>
    <testcase time="0.00200000000000244" classname="pool_rbmi" name="pool_function_processes_and_returns_combined_results"/>
    <testcase time="0.00300000000000011" classname="pool_rbmi" name="pool_function_processes_and_returns_combined_results"/>
    <testcase time="0.00300000000000011" classname="pool_rbmi" name="pool_function_processes_and_returns_combined_results"/>
    <testcase time="0.00199999999999889" classname="pool_rbmi" name="pool_function_processes_and_returns_combined_results"/>
    <testcase time="0.00300000000000011" classname="pool_rbmi" name="pool_function_processes_and_returns_combined_results"/>
    <testcase time="0.00300000000000011" classname="pool_rbmi" name="pool_function_processes_and_returns_combined_results"/>
    <testcase time="0.00199999999999889" classname="pool_rbmi" name="pool_function_processes_and_returns_combined_results"/>
    <testcase time="0.00300000000000011" classname="pool_rbmi" name="pool_function_processes_and_returns_combined_results"/>
    <testcase time="0.00199999999999889" classname="pool_rbmi" name="pool_function_processes_and_returns_combined_results"/>
    <testcase time="0.00300000000000011" classname="pool_rbmi" name="pool_function_processes_and_returns_combined_results"/>
    <testcase time="0.00200000000000244" classname="pool_rbmi" name="pool_function_processes_and_returns_combined_results"/>
    <testcase time="0.00300000000000011" classname="pool_rbmi" name="pool_function_processes_and_returns_combined_results"/>
    <testcase time="0.00300000000000011" classname="pool_rbmi" name="pool_function_processes_and_returns_combined_results"/>
    <testcase time="0.00199999999999889" classname="pool_rbmi" name="pool_function_processes_and_returns_combined_results"/>
    <testcase time="0.00300000000000011" classname="pool_rbmi" name="pool_function_processes_and_returns_combined_results"/>
    <testcase time="0.497" classname="pool_rbmi" name="rbmi_pool_works_fine"/>
    <testcase time="0.640000000000001" classname="pool_rbmi" name="rbmi_pool_works_fine"/>
    <testcase time="0.00499999999999901" classname="pool_rbmi" name="rbmi_pool_works_fine"/>
    <testcase time="0.00600000000000023" classname="pool_rbmi" name="rbmi_pool_works_fine"/>
    <testcase time="1.083" classname="pool_rbmi" name="rbmi_pool_works_fine"/>
    <testcase time="0.00500000000000256" classname="pool_rbmi" name="rbmi_pool_works_fine"/>
    <testcase time="0.00499999999999901" classname="pool_rbmi" name="rbmi_pool_works_fine"/>
  </testsuite>
  <testsuite name="proportions" timestamp="2025-11-14T02:44:37Z" hostname="e93859c6ce06" tests="21" skipped="0" failures="0" errors="0" time="0.454">
    <testcase time="0.0180000000000007" classname="proportions" name="s_proportion_factor_works_as_expected"/>
    <testcase time="0.0120000000000005" classname="proportions" name="s_proportion_factor_shows_optional_total_row_on_top"/>
    <testcase time="0.0120000000000005" classname="proportions" name="s_proportion_factor_shows_optional_total_row_in_bottom"/>
    <testcase time="0.0119999999999969" classname="proportions" name="s_proportion_factor_optionally_uses_number_of_non_missing_levels_as_total"/>
    <testcase time="0.0100000000000016" classname="proportions" name="s_proportion_logical_works_as_expected"/>
    <testcase time="0.0109999999999992" classname="proportions" name="c_proportion_logical_works_as_expected"/>
    <testcase time="0.0620000000000012" classname="proportions" name="h_get_design_mat_works_as_expected"/>
    <testcase time="0.00300000000000011" classname="proportions" name="h_get_design_mat_works_as_expected"/>
    <testcase time="0.00600000000000023" classname="proportions" name="a_proportion_ci_logical_works_as_expected"/>
    <testcase time="0.0069999999999979" classname="proportions" name="a_proportion_ci_logical_works_as_expected"/>
    <testcase time="0.00700000000000145" classname="proportions" name="a_proportion_ci_factor_works_as_expected"/>
    <testcase time="0.00900000000000034" classname="proportions" name="a_proportion_ci_factor_works_as_expected"/>
    <testcase time="0.218" classname="proportions" name="prop_split_fun_works_as_expected"/>
    <testcase time="0.0120000000000005" classname="proportions" name="prop_table_afun_works_as_expected_with_total_row"/>
    <testcase time="0.00799999999999912" classname="proportions" name="prop_table_afun_works_as_expected_with_total_row"/>
    <testcase time="0.00799999999999912" classname="proportions" name="prop_table_afun_works_as_expected_with_total_row"/>
    <testcase time="0.00500000000000256" classname="proportions" name="prop_table_afun_works_as_expected_with_total_row"/>
    <testcase time="0.0109999999999992" classname="proportions" name="prop_table_afun_works_as_expected_by_default_without_total_row"/>
    <testcase time="0.00900000000000034" classname="proportions" name="prop_table_afun_works_as_expected_by_default_without_total_row"/>
    <testcase time="0.00799999999999912" classname="proportions" name="prop_table_afun_works_as_expected_by_default_without_total_row"/>
    <testcase time="0.00600000000000023" classname="proportions" name="prop_table_afun_works_as_expected_by_default_without_total_row"/>
  </testsuite>
  <testsuite name="pruning_functions" timestamp="2025-11-14T02:44:39Z" hostname="e93859c6ce06" tests="30" skipped="0" failures="0" errors="0" time="9.016">
    <testcase time="1.395" classname="pruning_functions" name="count_pruner_is_identical_to_standard_pruning_in_cases_where_we_have_all_0_s"/>
    <testcase time="2.388" classname="pruning_functions" name="count_pruner_is_identical_to_standard_pruning_in_cases_where_we_have_all_0_s"/>
    <testcase time="1.007" classname="pruning_functions" name="count_pruner_keeps_everything_if_0_condition_is_not_met"/>
    <testcase time="0.0339999999999989" classname="pruning_functions" name="count_pruner_with_cat_include_removes_text_correctly"/>
    <testcase time="0.0360000000000014" classname="pruning_functions" name="count_pruner_with_cat_include_does_nothing_if_text_is_supplied_and_it_is_not_text_that_is_in_the_table"/>
    <testcase time="0.0629999999999988" classname="pruning_functions" name="count_pruner_does_remove_if_text_is_supplied_and_all_columns_are_0"/>
    <testcase time="0.0400000000000027" classname="pruning_functions" name="remove_rows_does_remove_if_text_is_supplied_as_fixed_and_text_is_matched"/>
    <testcase time="0.0489999999999995" classname="pruning_functions" name="remove_rows_does_remove_if_text_is_supplied_as_fixed_and_text_is_matched"/>
    <testcase time="0.0629999999999988" classname="pruning_functions" name="remove_rows_does_remove_if_text_is_supplied_as_fixed_and_text_is_matched"/>
    <testcase time="0.00300000000000011" classname="pruning_functions" name="remove_rows_does_remove_if_text_is_supplied_as_fixed_and_text_is_matched"/>
    <testcase time="0.00199999999999889" classname="pruning_functions" name="remove_rows_does_remove_if_text_is_supplied_as_fixed_and_text_is_matched"/>
    <testcase time="0.00700000000000145" classname="pruning_functions" name="keep_non_null_rows_pruning_function_or_via_keep_rows"/>
    <testcase time="0.00199999999999889" classname="pruning_functions" name="keep_non_null_rows_pruning_function_or_via_keep_rows"/>
    <testcase time="0.236000000000001" classname="pruning_functions" name="test_keep_non_null_rows"/>
    <testcase time="0.00900000000000034" classname="pruning_functions" name="bspt_pruner_both_fraction_and_diff_from_control_are_NULL"/>
    <testcase time="0.00799999999999912" classname="pruning_functions" name="bspt_pruner_both_fraction_and_diff_from_control_are_NULL"/>
    <testcase time="0.224" classname="pruning_functions" name="bspt_pruner_with_fraction"/>
    <testcase time="0.562000000000001" classname="pruning_functions" name="bspt_pruner_with_fraction_and_diff_from_control"/>
    <testcase time="0.544" classname="pruning_functions" name="bspt_pruner_with_fraction_and_diff_from_control_and_keeprowtext"/>
    <testcase time="0.00300000000000011" classname="pruning_functions" name="bspt_pruner_with_fraction_and_diff_from_control_and_keeprowtext"/>
    <testcase time="0.165999999999997" classname="pruning_functions" name="count_pruner_in_small_groups"/>
    <testcase time="1.068" classname="pruning_functions" name="bspt_pruner_in_AE_like_tables"/>
    <testcase time="0.00300000000000011" classname="pruning_functions" name="bspt_pruner_in_AE_like_tables"/>
    <testcase time="0.00300000000000011" classname="pruning_functions" name="bspt_pruner_in_AE_like_tables"/>
    <testcase time="0.18" classname="pruning_functions" name="bspt_pruner_with_less_obvious_control_specifications"/>
    <testcase time="0.843999999999994" classname="pruning_functions" name="bspt_pruner_with_less_obvious_control_specifications"/>
    <testcase time="0.00300000000000011" classname="pruning_functions" name="bspt_pruner_with_less_obvious_control_specifications"/>
    <testcase time="0.044000000000004" classname="pruning_functions" name="check_that_if_all_data_is_pruned_leaving_no_rows_the_outcome_is_the_message"/>
    <testcase time="0.00999999999999801" classname="pruning_functions" name="check_that_if_message_is_changed_this_is_reflected_in_the_final_table_tree"/>
    <testcase time="0.0200000000000031" classname="pruning_functions" name="check_that_when_spancols_TRUE_is_used_then_we_have_expected_behaviour"/>
  </testsuite>
  <testsuite name="rbmi" timestamp="2025-11-14T02:44:47Z" hostname="e93859c6ce06" tests="26" skipped="0" failures="0" errors="0" time="17.149">
    <testcase time="0.0109999999999957" classname="rbmi" name="find_missing_chg_after_avisit_works_as_expected"/>
    <testcase time="0.00300000000000011" classname="rbmi" name="find_missing_chg_after_avisit_works_as_expected"/>
    <testcase time="0.00300000000000011" classname="rbmi" name="find_missing_chg_after_avisit_works_as_expected"/>
    <testcase time="0.00500000000000256" classname="rbmi" name="find_missing_chg_after_avisit_handles_unsorted_input_correctly"/>
    <testcase time="0.00300000000000011" classname="rbmi" name="find_missing_chg_after_avisit_handles_unsorted_input_correctly"/>
    <testcase time="0.00800000000000267" classname="rbmi" name="find_missing_chg_after_avisit_validates_input_correctly"/>
    <testcase time="0.00499999999999545" classname="rbmi" name="find_missing_chg_after_avisit_validates_input_correctly"/>
    <testcase time="0.00399999999999778" classname="rbmi" name="find_missing_chg_after_avisit_validates_input_correctly"/>
    <testcase time="0.00600000000000023" classname="rbmi" name="make_rbmi_cluster_returns_NULL_when_cluster_or_cores_is_1"/>
    <testcase time="2.22000000000001" classname="rbmi" name="make_rbmi_cluster_exports_objects_and_loads_packages"/>
    <testcase time="2.159" classname="rbmi" name="make_rbmi_cluster_handles_existing_cluster"/>
    <testcase time="0.0229999999999961" classname="rbmi" name="make_rbmi_cluster_rejects_invalid_cluster_or_cores_parameter"/>
    <testcase time="0.00500000000000256" classname="rbmi" name="par_lapply_works_with_and_without_cluster"/>
    <testcase time="2.266" classname="rbmi" name="par_lapply_works_with_and_without_cluster"/>
    <testcase time="1.97" classname="rbmi" name="make_rbmi_cluster_loads_rbmi_namespaces_correctly"/>
    <testcase time="8.432" classname="rbmi" name="Parallisation_works_with_rbmi_analyse_and_produces_identical_results"/>
    <testcase time="0.00300000000000011" classname="rbmi" name="Parallisation_works_with_rbmi_analyse_and_produces_identical_results"/>
    <testcase time="0.00300000000000011" classname="rbmi" name="Parallisation_works_with_rbmi_analyse_and_produces_identical_results"/>
    <testcase time="0.00200000000000244" classname="rbmi" name="Parallisation_works_with_rbmi_analyse_and_produces_identical_results"/>
    <testcase time="0.00300000000000011" classname="rbmi" name="Parallisation_works_with_rbmi_analyse_and_produces_identical_results"/>
    <testcase time="0.00199999999999534" classname="rbmi" name="Parallisation_works_with_rbmi_analyse_and_produces_identical_results"/>
    <testcase time="0.00300000000000011" classname="rbmi" name="Parallisation_works_with_rbmi_analyse_and_produces_identical_results"/>
    <testcase time="0.00300000000000011" classname="rbmi" name="Parallisation_works_with_rbmi_analyse_and_produces_identical_results"/>
    <testcase time="0.00200000000000244" classname="rbmi" name="Parallisation_works_with_rbmi_analyse_and_produces_identical_results"/>
    <testcase time="0.00300000000000011" classname="rbmi" name="Parallisation_works_with_rbmi_analyse_and_produces_identical_results"/>
    <testcase time="0.00200000000000244" classname="rbmi" name="Parallisation_works_with_rbmi_analyse_and_produces_identical_results"/>
  </testsuite>
  <testsuite name="relative_risk" timestamp="2025-11-14T02:45:04Z" hostname="e93859c6ce06" tests="8" skipped="0" failures="0" errors="0" time="0.134">
    <testcase time="0.0309999999999988" classname="relative_risk" name="s_relative_risk_returns_NA_when_one_group_has_no_responders"/>
    <testcase time="0.00499999999999545" classname="relative_risk" name="s_relative_risk_returns_NA_when_one_group_has_no_responders"/>
    <testcase time="0.00600000000000023" classname="relative_risk" name="prop_ratio_cmh_works_as_expected"/>
    <testcase time="0.00600000000000023" classname="relative_risk" name="prop_ratio_cmh_works_as_expected"/>
    <testcase time="0.00600000000000023" classname="relative_risk" name="prop_ratio_cmh_works_also_with_a_single_stratum"/>
    <testcase time="0.00600000000000023" classname="relative_risk" name="prop_ratio_cmh_works_also_with_a_single_stratum"/>
    <testcase time="0.0630000000000024" classname="relative_risk" name="a_relative_risk_in_table_layout_gives_same_results_as_with_SAS"/>
    <testcase time="0.0110000000000028" classname="relative_risk" name="a_relative_risk_in_table_layout_gives_same_results_as_with_SAS"/>
  </testsuite>
  <testsuite name="remove_col_count" timestamp="2025-11-14T02:45:04Z" hostname="e93859c6ce06" tests="1" skipped="0" failures="0" errors="0" time="0.085">
    <testcase time="0.0849999999999937" classname="remove_col_count" name="remove_col_count_works"/>
  </testsuite>
  <testsuite name="resp01_functions" timestamp="2025-11-14T02:45:04Z" hostname="e93859c6ce06" tests="13" skipped="0" failures="0" errors="0" time="0.84">
    <testcase time="0.362000000000002" classname="resp01_functions" name="resp01_split_fun_fct_1_works_as_expected"/>
    <testcase time="0.312000000000005" classname="resp01_functions" name="resp01_split_fun_fct_2_works_as_expected"/>
    <testcase time="0.0109999999999957" classname="resp01_functions" name="resp01_counts_cfun_1_works_as_expected"/>
    <testcase time="0.00600000000000023" classname="resp01_functions" name="resp01_counts_cfun_2_works_as_expected"/>
    <testcase time="0.00500000000000256" classname="resp01_functions" name="resp01_counts_cfun_3_works_as_expected"/>
    <testcase time="0.0150000000000006" classname="resp01_functions" name="resp01_a_comp_stat_logical_or_cmh_works_as_expected"/>
    <testcase time="0.0169999999999959" classname="resp01_functions" name="resp01_a_comp_stat_logical_or_logistic_works_as_expected"/>
    <testcase time="0.0140000000000029" classname="resp01_functions" name="resp01_a_comp_stat_logical_rr_works_as_expected"/>
    <testcase time="0.0219999999999985" classname="resp01_functions" name="resp01_a_comp_stat_factor_or_cmh_works_as_expected"/>
    <testcase time="0.0240000000000009" classname="resp01_functions" name="resp01_a_comp_stat_factor_or_logistic_works_as_expected"/>
    <testcase time="0.0150000000000006" classname="resp01_functions" name="resp01_acfun_works_as_expected"/>
    <testcase time="0.0219999999999985" classname="resp01_functions" name="resp01_acfun_works_2_as_expected"/>
    <testcase time="0.0150000000000006" classname="resp01_functions" name="resp01_acfun_3_works_as_expected"/>
  </testsuite>
  <testsuite name="response_by_var" timestamp="2025-11-14T02:45:05Z" hostname="e93859c6ce06" tests="9" skipped="0" failures="0" errors="0" time="0.626">
    <testcase time="0.0919999999999987" classname="response_by_var" name="response_by_var_various_scenarios"/>
    <testcase time="0.0670000000000002" classname="response_by_var" name="response_by_var_various_scenarios"/>
    <testcase time="0.102000000000004" classname="response_by_var" name="response_by_var_various_scenarios"/>
    <testcase time="0.0670000000000002" classname="response_by_var" name="response_by_var_various_scenarios"/>
    <testcase time="0.0509999999999948" classname="response_by_var" name="response_by_var_various_scenarios"/>
    <testcase time="0.0730000000000004" classname="response_by_var" name="response_by_var_various_scenarios"/>
    <testcase time="0.0500000000000043" classname="response_by_var" name="response_by_var_various_scenarios"/>
    <testcase time="0.0689999999999955" classname="response_by_var" name="response_by_var_various_scenarios"/>
    <testcase time="0.0549999999999997" classname="response_by_var" name="response_by_var_various_scenarios"/>
  </testsuite>
  <testsuite name="sorting_functions" timestamp="2025-11-14T02:45:06Z" hostname="e93859c6ce06" tests="7" skipped="0" failures="0" errors="0" time="7.13">
    <testcase time="0.517000000000003" classname="sorting_functions" name="jj_complex_scorefun_is_identical_to_standard_sorting_spanningheadercolvar_NA"/>
    <testcase time="0.216999999999999" classname="sorting_functions" name="jj_complex_scorefun_is_identical_to_standard_sorting_spanningheadercolvar_spanhead"/>
    <testcase time="0.216999999999999" classname="sorting_functions" name="jj_complex_scorefun_sorts_correctly_with_colpath"/>
    <testcase time="0.274999999999999" classname="sorting_functions" name="jj_complex_scorefun_places_specified_category_at_the_start_firstcat"/>
    <testcase time="0.284000000000006" classname="sorting_functions" name="jj_complex_scorefun_places_specified_category_at_the_end_lastcat"/>
    <testcase time="3.18" classname="sorting_functions" name="jj_complex_scorefun_uses_first_column_to_sort_usefirstcol"/>
    <testcase time="2.44" classname="sorting_functions" name="jj_complex_scorefun_uses_first_column_when_no_spanning_header_usefirstcol"/>
  </testsuite>
  <testsuite name="split_functions" timestamp="2025-11-14T02:45:13Z" hostname="e93859c6ce06" tests="11" skipped="0" failures="0" errors="0" time="0.723">
    <testcase time="0.0649999999999977" classname="split_functions" name="cond_rm_facets_works"/>
    <testcase time="0.00400000000000489" classname="split_functions" name="cond_rm_facets_works"/>
    <testcase time="0.00499999999999545" classname="split_functions" name="cond_rm_facets_works"/>
    <testcase time="0.00500000000000256" classname="split_functions" name="cond_rm_facets_works"/>
    <testcase time="0.0889999999999986" classname="split_functions" name="rm_levels_works"/>
    <testcase time="0.131" classname="split_functions" name="real_add_overall_facet_works"/>
    <testcase time="0.0420000000000016" classname="split_functions" name="make_combo_splitfun_works"/>
    <testcase time="0.00300000000000011" classname="split_functions" name="make_combo_splitfun_works"/>
    <testcase time="0.123999999999995" classname="split_functions" name="combine_nonblank_works"/>
    <testcase time="0.0370000000000061" classname="split_functions" name="combine_nonblank_works"/>
    <testcase time="0.217999999999996" classname="split_functions" name="rm_blank_levels_works"/>
  </testsuite>
  <testsuite name="string_to_title" timestamp="2025-11-14T02:45:13Z" hostname="e93859c6ce06" tests="4" skipped="0" failures="0" errors="0" time="0.026">
    <testcase time="0.00999999999999801" classname="string_to_title" name="string_to_title_works_as_expected_for_string"/>
    <testcase time="0.00500000000000256" classname="string_to_title" name="string_to_title_works_as_expected_for_character_vector"/>
    <testcase time="0.00600000000000023" classname="string_to_title" name="string_to_title_works_as_expected_for_factors"/>
    <testcase time="0.00500000000000256" classname="string_to_title" name="string_to_title_works_as_expected_for_factors_missing_levels_"/>
  </testsuite>
  <testsuite name="summarize_ancova" timestamp="2025-11-14T02:45:13Z" hostname="e93859c6ce06" tests="9" skipped="0" failures="0" errors="0" time="0.494">
    <testcase time="0.0240000000000009" classname="summarize_ancova" name="h_ancova_works_as_expected"/>
    <testcase time="0.000999999999997669" classname="summarize_ancova" name="h_ancova_works_as_expected"/>
    <testcase time="0.0289999999999964" classname="summarize_ancova" name="s_ancova_j_works_as_expected"/>
    <testcase time="0.00200000000000244" classname="summarize_ancova" name="s_ancova_j_works_as_expected"/>
    <testcase time="0.0219999999999985" classname="summarize_ancova" name="s_ancova_j_works_as_expected"/>
    <testcase time="0.007000000000005" classname="summarize_ancova" name="s_ancova_j_works_as_expected"/>
    <testcase time="0.00899999999999324" classname="summarize_ancova" name="s_ancova_j_works_as_expected"/>
    <testcase time="0.124000000000002" classname="summarize_ancova" name="s_summarize_ancova_works_as_expected"/>
    <testcase time="0.276000000000003" classname="summarize_ancova" name="a_summarize_ancova_j_works_as_expected_in_table_layout"/>
  </testsuite>
  <testsuite name="summarize_mmrm" timestamp="2025-11-14T02:45:14Z" hostname="e93859c6ce06" tests="14" skipped="0" failures="0" errors="0" time="2.166">
    <testcase time="0.169999999999995" classname="summarize_mmrm" name="h_summarize_mmrm_works_with_healthy_input"/>
    <testcase time="0.0350000000000037" classname="summarize_mmrm" name="h_summarize_mmrm_works_with_healthy_input"/>
    <testcase time="0.103999999999999" classname="summarize_mmrm" name="s_summarize_mmrm_works_with_healthy_input_in_non_ref_cell"/>
    <testcase time="0.0230000000000032" classname="summarize_mmrm" name="s_summarize_mmrm_works_with_healthy_input_in_non_ref_cell"/>
    <testcase time="0.00999999999999801" classname="summarize_mmrm" name="s_summarize_mmrm_works_with_healthy_input_in_ref_col_cell"/>
    <testcase time="0.0140000000000029" classname="summarize_mmrm" name="s_summarize_mmrm_works_with_healthy_input_in_ref_col_cell"/>
    <testcase time="0.0069999999999979" classname="summarize_mmrm" name="s_summarize_mmrm_works_with_healthy_input_in_ref_row_cell"/>
    <testcase time="0.0069999999999979" classname="summarize_mmrm" name="s_summarize_mmrm_works_with_healthy_input_in_ref_row_cell"/>
    <testcase time="0.326000000000001" classname="summarize_mmrm" name="a_summarize_mmrm_works_as_expected_in_table_layout"/>
    <testcase time="0.111000000000004" classname="summarize_mmrm" name="a_summarize_mmrm_works_as_expected_in_table_layout"/>
    <testcase time="0.0940000000000012" classname="summarize_mmrm" name="a_summarize_mmrm_works_as_expected_in_table_layout"/>
    <testcase time="0.768999999999998" classname="summarize_mmrm" name="a_summarize_mmrm_works_as_expected_below_row_splits"/>
    <testcase time="0.260999999999996" classname="summarize_mmrm" name="a_summarize_mmrm_works_as_expected_below_row_splits"/>
    <testcase time="0.234999999999999" classname="summarize_mmrm" name="a_summarize_mmrm_works_as_expected_below_row_splits"/>
  </testsuite>
  <testsuite name="summarize_row_counts" timestamp="2025-11-14T02:45:16Z" hostname="e93859c6ce06" tests="4" skipped="0" failures="0" errors="0" time="0.479">
    <testcase time="0.163000000000004" classname="summarize_row_counts" name="summarize_row_counts_works_as_expected_without_alt_counts"/>
    <testcase time="0.0679999999999978" classname="summarize_row_counts" name="summarize_row_counts_works_as_expected_without_alt_counts"/>
    <testcase time="0.159000000000006" classname="summarize_row_counts" name="summarize_row_counts_works_as_expected_with_alt_counts"/>
    <testcase time="0.0889999999999986" classname="summarize_row_counts" name="summarize_row_counts_works_as_expected_with_alt_counts"/>
  </testsuite>
  <testsuite name="tabulate_lsmeans" timestamp="2025-11-14T02:45:16Z" hostname="e93859c6ce06" tests="11" skipped="0" failures="0" errors="0" time="1.545">
    <testcase time="0.0999999999999943" classname="tabulate_lsmeans" name="s_lsmeans_works_as_expected_with_MMRM_fit_when_not_in_reference_column"/>
    <testcase time="0.00100000000000477" classname="tabulate_lsmeans" name="s_lsmeans_works_as_expected_with_MMRM_fit_when_not_in_reference_column"/>
    <testcase time="0.007000000000005" classname="tabulate_lsmeans" name="s_lsmeans_works_as_expected_with_MMRM_fit_when_not_in_reference_column"/>
    <testcase time="0.007000000000005" classname="tabulate_lsmeans" name="s_lsmeans_works_as_expected_with_MMRM_fit_when_not_in_reference_column"/>
    <testcase time="0.00699999999999079" classname="tabulate_lsmeans" name="s_lsmeans_works_as_expected_with_MMRM_fit_when_not_in_reference_column"/>
    <testcase time="0.0960000000000036" classname="tabulate_lsmeans" name="summarize_lsmeans_can_show_two_and_one_sided_p_values_correctly"/>
    <testcase time="0.418999999999997" classname="tabulate_lsmeans" name="summarize_lsmeans_can_show_two_and_one_sided_p_values_correctly"/>
    <testcase time="0.391000000000005" classname="tabulate_lsmeans" name="summarize_lsmeans_can_show_two_and_one_sided_p_values_correctly"/>
    <testcase time="0.403999999999996" classname="tabulate_lsmeans" name="summarize_lsmeans_can_show_two_and_one_sided_p_values_correctly"/>
    <testcase time="0.111000000000004" classname="tabulate_lsmeans" name="s_lsmeans_works_as_expected_with_ANCOVA_fit_when_not_in_reference_column"/>
    <testcase time="0.00199999999999534" classname="tabulate_lsmeans" name="s_lsmeans_works_as_expected_with_ANCOVA_fit_when_not_in_reference_column"/>
  </testsuite>
  <testsuite name="tabulate_lsmeans_wide" timestamp="2025-11-14T02:45:18Z" hostname="e93859c6ce06" tests="20" skipped="0" failures="0" errors="0" time="1.73">
    <testcase time="0.0290000000000106" classname="tabulate_lsmeans_wide" name="lsmeans_wide_cfun_works_as_expected"/>
    <testcase time="0.0109999999999957" classname="tabulate_lsmeans_wide" name="lsmeans_wide_cfun_works_as_expected"/>
    <testcase time="0.0120000000000005" classname="tabulate_lsmeans_wide" name="lsmeans_wide_cfun_works_as_expected"/>
    <testcase time="0.0120000000000005" classname="tabulate_lsmeans_wide" name="lsmeans_wide_cfun_works_as_expected"/>
    <testcase time="0.00999999999999091" classname="tabulate_lsmeans_wide" name="lsmeans_wide_cfun_works_as_expected"/>
    <testcase time="0.00800000000000978" classname="tabulate_lsmeans_wide" name="lsmeans_wide_cfun_works_as_expected"/>
    <testcase time="0.0120000000000005" classname="tabulate_lsmeans_wide" name="lsmeans_wide_cfun_works_as_expected_with_more_than_one_treatment_group"/>
    <testcase time="0.00900000000000034" classname="tabulate_lsmeans_wide" name="lsmeans_wide_cfun_works_as_expected_with_more_than_one_treatment_group"/>
    <testcase time="0.00799999999999557" classname="tabulate_lsmeans_wide" name="lsmeans_wide_cfun_works_as_expected_with_more_than_one_treatment_group"/>
    <testcase time="0.0120000000000005" classname="tabulate_lsmeans_wide" name="lsmeans_wide_cfun_works_as_expected_with_more_than_one_treatment_group_for_MMRM_case"/>
    <testcase time="0.00799999999999557" classname="tabulate_lsmeans_wide" name="lsmeans_wide_cfun_works_as_expected_with_more_than_one_treatment_group_for_MMRM_case"/>
    <testcase time="0.00900000000000034" classname="tabulate_lsmeans_wide" name="lsmeans_wide_cfun_works_as_expected_with_more_than_one_treatment_group_for_MMRM_case"/>
    <testcase time="0.00800000000000978" classname="tabulate_lsmeans_wide" name="lsmeans_wide_cfun_works_as_expected_with_more_than_one_treatment_group_for_MMRM_case"/>
    <testcase time="0.375999999999991" classname="tabulate_lsmeans_wide" name="summarize_lsmeans_wide_works_as_expected"/>
    <testcase time="0.143000000000001" classname="tabulate_lsmeans_wide" name="summarize_lsmeans_wide_works_as_expected"/>
    <testcase time="0.156000000000006" classname="tabulate_lsmeans_wide" name="summarize_lsmeans_wide_works_as_expected_with_more_than_1_treatment_group"/>
    <testcase time="0.293000000000006" classname="tabulate_lsmeans_wide" name="summarize_lsmeans_wide_works_as_expected_with_more_than_1_treatment_group"/>
    <testcase time="0.174999999999997" classname="tabulate_lsmeans_wide" name="summarize_lsmeans_wide_works_as_expected_with_more_than_1_treatment_group"/>
    <testcase time="0.329999999999998" classname="tabulate_lsmeans_wide" name="summarize_lsmeans_wide_can_omit_variance_and_p_value_columns"/>
    <testcase time="0.109000000000009" classname="tabulate_lsmeans_wide" name="summarize_lsmeans_wide_can_omit_variance_and_p_value_columns"/>
  </testsuite>
  <testsuite name="tabulate_rbmi" timestamp="2025-11-14T02:45:20Z" hostname="e93859c6ce06" tests="13" skipped="0" failures="0" errors="0" time="0.289">
    <testcase time="0.019999999999996" classname="tabulate_rbmi" name="h_tidy_pool_is_produced_correctly_for_ANCOVA_case"/>
    <testcase time="0.00900000000000034" classname="tabulate_rbmi" name="h_tidy_pool_is_produced_correctly_for_MMRM_case"/>
    <testcase time="0.00300000000000011" classname="tabulate_rbmi" name="h_tidy_pool_is_produced_correctly_for_MMRM_case"/>
    <testcase time="0.00199999999999534" classname="tabulate_rbmi" name="h_tidy_pool_is_produced_correctly_for_MMRM_case"/>
    <testcase time="0.0170000000000101" classname="tabulate_rbmi" name="tidy.pool_is_produced_correctly_for_ANCOVA_case"/>
    <testcase time="0.00900000000000034" classname="tabulate_rbmi" name="tidy.pool_is_produced_correctly_for_MMRM_case"/>
    <testcase time="0.00300000000000011" classname="tabulate_rbmi" name="tidy.pool_is_produced_correctly_for_MMRM_case"/>
    <testcase time="0.00300000000000011" classname="tabulate_rbmi" name="tidy.pool_is_produced_correctly_for_MMRM_case"/>
    <testcase time="0.0159999999999911" classname="tabulate_rbmi" name="s_rbmi_lsmeans_works_with_as_expected_with_.in_ref_col_TRUE"/>
    <testcase time="0.0190000000000055" classname="tabulate_rbmi" name="s_rbmi_lsmeans_works_with_as_expected_with_.in_ref_col_FALSE"/>
    <testcase time="0.0180000000000007" classname="tabulate_rbmi" name="s_rbmi_lsmeans_also_works_with_show_relative_increase"/>
    <testcase time="0.100999999999999" classname="tabulate_rbmi" name="a_rbmi_lsmeans_works_as_expected_in_table_layout"/>
    <testcase time="0.0690000000000026" classname="tabulate_rbmi" name="a_rbmi_lsmeans_works_as_expected_in_table_layout"/>
  </testsuite>
  <testsuite name="tern_utils_default_stats_formats_labels" timestamp="2025-11-14T02:45:20Z" hostname="e93859c6ce06" tests="52" skipped="0" failures="0" errors="0" time="0.235">
    <testcase time="0.0100000000000051" classname="tern_utils_default_stats_formats_labels" name="tern_get_stats_works_as_expected_for_defaults"/>
    <testcase time="0.007000000000005" classname="tern_utils_default_stats_formats_labels" name="tern_get_stats_works_as_expected_for_defaults"/>
    <testcase time="0.00199999999999534" classname="tern_utils_default_stats_formats_labels" name="tern_get_stats_works_as_expected_for_defaults"/>
    <testcase time="0.007000000000005" classname="tern_utils_default_stats_formats_labels" name="tern_get_stats_works_as_expected_for_defaults"/>
    <testcase time="0.000999999999990564" classname="tern_utils_default_stats_formats_labels" name="tern_get_stats_works_as_expected_for_defaults"/>
    <testcase time="0.007000000000005" classname="tern_utils_default_stats_formats_labels" name="tern_get_stats_works_as_expected_for_defaults"/>
    <testcase time="0.00199999999999534" classname="tern_utils_default_stats_formats_labels" name="tern_get_stats_works_as_expected_for_defaults"/>
    <testcase time="0.00600000000000023" classname="tern_utils_default_stats_formats_labels" name="tern_get_stats_works_as_expected_for_defaults"/>
    <testcase time="0.00499999999999545" classname="tern_utils_default_stats_formats_labels" name="tern_get_stats_works_as_expected_for_defaults"/>
    <testcase time="0.00300000000000011" classname="tern_utils_default_stats_formats_labels" name="tern_get_stats_works_as_expected_for_defaults"/>
    <testcase time="0.00300000000000011" classname="tern_utils_default_stats_formats_labels" name="tern_get_stats_works_as_expected_for_defaults"/>
    <testcase time="0.00600000000000023" classname="tern_utils_default_stats_formats_labels" name="tern_get_stats_works_well_with_pval"/>
    <testcase time="0.00300000000000011" classname="tern_utils_default_stats_formats_labels" name="tern_get_stats_works_well_with_pval"/>
    <testcase time="0.00200000000000955" classname="tern_utils_default_stats_formats_labels" name="tern_get_stats_works_well_with_pval"/>
    <testcase time="0.00499999999999545" classname="tern_utils_default_stats_formats_labels" name="tern_get_stats_works_well_with_pval"/>
    <testcase time="0.00499999999999545" classname="tern_utils_default_stats_formats_labels" name="tern_get_stats_works_well_with_pval"/>
    <testcase time="0.00500000000000966" classname="tern_utils_default_stats_formats_labels" name="tern_get_stats_works_well_with_pval"/>
    <testcase time="0.00499999999999545" classname="tern_utils_default_stats_formats_labels" name="tern_get_stats_works_as_expected_for_selection_of_stats"/>
    <testcase time="0.00199999999999534" classname="tern_utils_default_stats_formats_labels" name="tern_get_stats_works_as_expected_for_selection_of_stats"/>
    <testcase time="0.00500000000000966" classname="tern_utils_default_stats_formats_labels" name="tern_get_stats_works_as_expected_for_selection_of_stats"/>
    <testcase time="0.00399999999999068" classname="tern_utils_default_stats_formats_labels" name="tern_get_stats_works_as_expected_for_selection_of_stats"/>
    <testcase time="0.00500000000000966" classname="tern_utils_default_stats_formats_labels" name="tern_get_formats_from_stats_works_as_expected"/>
    <testcase time="0.00300000000000011" classname="tern_utils_default_stats_formats_labels" name="tern_get_formats_from_stats_works_as_expected"/>
    <testcase time="0.00300000000000011" classname="tern_utils_default_stats_formats_labels" name="tern_get_formats_from_stats_works_as_expected"/>
    <testcase time="0.00199999999999534" classname="tern_utils_default_stats_formats_labels" name="tern_get_formats_from_stats_works_as_expected"/>
    <testcase time="0.00300000000000011" classname="tern_utils_default_stats_formats_labels" name="tern_get_formats_from_stats_works_as_expected"/>
    <testcase time="0.00300000000000011" classname="tern_utils_default_stats_formats_labels" name="tern_get_formats_from_stats_works_as_expected"/>
    <testcase time="0.00300000000000011" classname="tern_utils_default_stats_formats_labels" name="tern_get_formats_from_stats_works_as_expected"/>
    <testcase time="0.00300000000000011" classname="tern_utils_default_stats_formats_labels" name="tern_get_formats_from_stats_works_as_expected"/>
    <testcase time="0.00400000000000489" classname="tern_utils_default_stats_formats_labels" name="tern_get_labels_from_stats_works_as_expected"/>
    <testcase time="0.00699999999999079" classname="tern_utils_default_stats_formats_labels" name="tern_get_labels_from_stats_works_as_expected"/>
    <testcase time="0.00300000000000011" classname="tern_utils_default_stats_formats_labels" name="tern_get_labels_from_stats_works_as_expected"/>
    <testcase time="0.00300000000000011" classname="tern_utils_default_stats_formats_labels" name="tern_get_labels_from_stats_works_as_expected"/>
    <testcase time="0.00300000000000011" classname="tern_utils_default_stats_formats_labels" name="tern_get_labels_from_stats_works_as_expected"/>
    <testcase time="0.00200000000000955" classname="tern_utils_default_stats_formats_labels" name="tern_get_labels_from_stats_works_as_expected"/>
    <testcase time="0.00300000000000011" classname="tern_utils_default_stats_formats_labels" name="tern_get_labels_from_stats_works_as_expected"/>
    <testcase time="0.00600000000000023" classname="tern_utils_default_stats_formats_labels" name="tern_get_labels_from_stats_with_labels_in_works_when_adding_levels_to_stats"/>
    <testcase time="0.00600000000000023" classname="tern_utils_default_stats_formats_labels" name="tern_get_labels_from_stats_works_fine_for_cases_with_levels"/>
    <testcase time="0.00499999999999545" classname="tern_utils_default_stats_formats_labels" name="tern_get_indents_from_stats_works_as_expected"/>
    <testcase time="0.00699999999999079" classname="tern_utils_default_stats_formats_labels" name="tern_get_indents_from_stats_works_as_expected"/>
    <testcase time="0.00200000000000955" classname="tern_utils_default_stats_formats_labels" name="tern_get_indents_from_stats_works_as_expected"/>
    <testcase time="0.00300000000000011" classname="tern_utils_default_stats_formats_labels" name="tern_get_indents_from_stats_works_as_expected"/>
    <testcase time="0.00300000000000011" classname="tern_utils_default_stats_formats_labels" name="tern_get_indents_from_stats_works_as_expected"/>
    <testcase time="0.00600000000000023" classname="tern_utils_default_stats_formats_labels" name="tern_get_labels_from_stats_correctly_combines_labels_in_and_label_attr_from_stats"/>
    <testcase time="0.00499999999999545" classname="tern_utils_default_stats_formats_labels" name=".unlist_keep_nulls_works_as_expected_non_recursively"/>
    <testcase time="0.00600000000000023" classname="tern_utils_default_stats_formats_labels" name=".unlist_keep_nulls_works_as_expected_non_recursively_with_NA"/>
    <testcase time="0.00499999999999545" classname="tern_utils_default_stats_formats_labels" name=".split_std_from_custom_stats_works_as_expected_with_a_list"/>
    <testcase time="0.00200000000000955" classname="tern_utils_default_stats_formats_labels" name=".split_std_from_custom_stats_works_as_expected_with_a_list"/>
    <testcase time="0.00199999999999534" classname="tern_utils_default_stats_formats_labels" name=".split_std_from_custom_stats_works_as_expected_with_a_list"/>
    <testcase time="0.0180000000000007" classname="tern_utils_default_stats_formats_labels" name=".split_std_from_custom_stats_works_as_expected_with_a_single_input"/>
    <testcase time="0.00799999999999557" classname="tern_utils_default_stats_formats_labels" name=".apply_stat_functions_works_as_expected_without_custom_stat_functions"/>
    <testcase time="0.00600000000000023" classname="tern_utils_default_stats_formats_labels" name=".apply_stat_functions_works_as_expected_with_custom_stat_functions"/>
  </testsuite>
  <testsuite name="test_proportion_diff" timestamp="2025-11-14T02:45:20Z" hostname="e93859c6ce06" tests="32" skipped="0" failures="0" errors="0" time="0.234">
    <testcase time="0.0180000000000007" classname="test_proportion_diff" name="s_test_proportion_diff_works_as_expected"/>
    <testcase time="0.00900000000000034" classname="test_proportion_diff" name="s_test_proportion_diff_works_as_expected"/>
    <testcase time="0.00600000000000023" classname="test_proportion_diff" name="s_test_proportion_diff_works_as_expected"/>
    <testcase time="0.0349999999999966" classname="test_proportion_diff" name="a_test_proportion_diff_works_as_expected_in_table_layout"/>
    <testcase time="0.034000000000006" classname="test_proportion_diff" name="a_test_proportion_diff_works_as_expected_in_table_layout"/>
    <testcase time="0.00600000000000023" classname="test_proportion_diff" name="prop_chisq_returns_right_result"/>
    <testcase time="0.00600000000000023" classname="test_proportion_diff" name="prop_chisq_returns_right_result"/>
    <testcase time="0.00199999999999534" classname="test_proportion_diff" name="prop_chisq_returns_right_result"/>
    <testcase time="0.007000000000005" classname="test_proportion_diff" name="prop_chisq_returns_right_result"/>
    <testcase time="0.00199999999999534" classname="test_proportion_diff" name="prop_chisq_returns_right_result"/>
    <testcase time="0.00600000000000023" classname="test_proportion_diff" name="prop_chisq_returns_right_result"/>
    <testcase time="0.00600000000000023" classname="test_proportion_diff" name="prop_cmh_returns_right_result"/>
    <testcase time="0.007000000000005" classname="test_proportion_diff" name="prop_cmh_returns_right_result"/>
    <testcase time="0.00199999999999534" classname="test_proportion_diff" name="prop_cmh_returns_right_result"/>
    <testcase time="0.007000000000005" classname="test_proportion_diff" name="prop_cmh_returns_right_result"/>
    <testcase time="0.00199999999999534" classname="test_proportion_diff" name="prop_cmh_returns_right_result"/>
    <testcase time="0.007000000000005" classname="test_proportion_diff" name="prop_cmh_returns_right_result"/>
    <testcase time="0.00799999999999557" classname="test_proportion_diff" name="prop_cmh_also_works_when_there_are_strata_with_just_one_observation"/>
    <testcase time="0.00100000000000477" classname="test_proportion_diff" name="prop_cmh_also_works_when_there_are_strata_with_just_one_observation"/>
    <testcase time="0.00699999999999079" classname="test_proportion_diff" name="prop_cmh_also_works_when_there_are_strata_with_just_one_observation"/>
    <testcase time="0.00499999999999545" classname="test_proportion_diff" name="prop_cmh_also_works_when_there_are_strata_with_just_one_observation"/>
    <testcase time="0.00100000000000477" classname="test_proportion_diff" name="prop_cmh_also_works_when_there_are_strata_with_just_one_observation"/>
    <testcase time="0.00699999999999079" classname="test_proportion_diff" name="prop_cmh_also_works_when_there_are_strata_with_just_one_observation"/>
    <testcase time="0.00500000000000966" classname="test_proportion_diff" name="prop_cmh_also_works_when_there_are_strata_with_just_one_observation"/>
    <testcase time="0.00199999999999534" classname="test_proportion_diff" name="prop_cmh_also_works_when_there_are_strata_with_just_one_observation"/>
    <testcase time="0.007000000000005" classname="test_proportion_diff" name="prop_cmh_also_works_when_there_are_strata_with_just_one_observation"/>
    <testcase time="0.00499999999999545" classname="test_proportion_diff" name="prop_fisher_returns_right_result"/>
    <testcase time="0.007000000000005" classname="test_proportion_diff" name="prop_fisher_returns_right_result"/>
    <testcase time="0.00199999999999534" classname="test_proportion_diff" name="prop_fisher_returns_right_result"/>
    <testcase time="0.00600000000000023" classname="test_proportion_diff" name="prop_fisher_returns_right_result"/>
    <testcase time="0.00199999999999534" classname="test_proportion_diff" name="prop_fisher_returns_right_result"/>
    <testcase time="0.007000000000005" classname="test_proportion_diff" name="prop_fisher_returns_right_result"/>
  </testsuite>
  <testsuite name="titles_file" timestamp="2025-11-14T02:45:20Z" hostname="e93859c6ce06" tests="6" skipped="0" failures="0" errors="0" time="0.05">
    <testcase time="0.0109999999999957" classname="titles_file" name="title_files_work"/>
    <testcase time="0.00500000000000966" classname="titles_file" name="title_files_work"/>
    <testcase time="0.0240000000000009" classname="titles_file" name="title_files_work"/>
    <testcase time="0.00300000000000011" classname="titles_file" name="title_files_work"/>
    <testcase time="0.00300000000000011" classname="titles_file" name="title_files_work"/>
    <testcase time="0.00399999999999068" classname="titles_file" name="title_files_work"/>
  </testsuite>
  <testsuite name="tt_to_tblfile" timestamp="2025-11-14T02:45:21Z" hostname="e93859c6ce06" tests="28" skipped="0" failures="4" errors="4" time="23.119">
    <testcase time="5.62400000000001" classname="tt_to_tblfile" name="tt_to_tlgrtf_works_with_input_Table_and_fontspec_size_8"/>
    <testcase time="0.160999999999987" classname="tt_to_tblfile" name="tt_to_tlgrtf_works_with_an_empty_listing">
      <failure type="failure" message="Adding new file snapshot: 'tests/testthat/_snaps/tt_to_tblfile/testemptylisting.rtf' ('test-tt_to_tblfile.R:52:3')">Adding new file snapshot: 'tests/testthat/_snaps/tt_to_tblfile/testemptylisting.rtf'</failure>
    </testcase>
    <testcase time="0.0160000000000053" classname="tt_to_tblfile" name="tt_to_tlgrtf_works_with_an_empty_listing">
      <error type="error" message="Error in `!equal`: invalid argument type ('test-tt_to_tblfile.R:52:3')">Error in `!equal`: invalid argument type
Backtrace:
    x
 1. \-testthat::expect_snapshot_file(...) at test-tt_to_tblfile.R:52:3</error>
    </testcase>
    <testcase time="0.0259999999999962" classname="tt_to_tblfile" name="get_ncol_works_as_expected"/>
    <testcase time="1.688" classname="tt_to_tblfile" name="get_ncol_works_as_expected"/>
    <testcase time="0.358000000000004" classname="tt_to_tblfile" name="get_ncol_works_as_expected"/>
    <testcase time="0.00399999999999068" classname="tt_to_tblfile" name="get_ncol_works_as_expected"/>
    <testcase time="0.00500000000000966" classname="tt_to_tblfile" name="get_ncol_works_as_expected"/>
    <testcase time="6.015" classname="tt_to_tblfile" name="tt_to_tlgrtf_works_with_wide_table"/>
    <testcase time="0.00600000000000023" classname="tt_to_tblfile" name="tt_to_tlgrtf_works_with_wide_table">
      <failure type="failure" message="Adding new file snapshot: 'tests/testthat/_snaps/tt_to_tblfile/test2part1of7.rtf' ('test-tt_to_tblfile.R:98:5')">Adding new file snapshot: 'tests/testthat/_snaps/tt_to_tblfile/test2part1of7.rtf'</failure>
    </testcase>
    <testcase time="0.0149999999999864" classname="tt_to_tblfile" name="tt_to_tlgrtf_works_with_wide_table">
      <error type="error" message="Error in `!equal`: invalid argument type ('test-tt_to_tblfile.R:98:5')">Error in `!equal`: invalid argument type
Backtrace:
    x
 1. \-testthat::expect_snapshot_file(fl, cran = TRUE) at test-tt_to_tblfile.R:98:5</error>
    </testcase>
    <testcase time="7.39800000000001" classname="tt_to_tblfile" name="tt_to_tlgrtf_works_with_argument_combined_rtf_TRUE"/>
    <testcase time="0.00699999999999079" classname="tt_to_tblfile" name="tt_to_tlgrtf_works_with_argument_combined_rtf_TRUE">
      <failure type="failure" message="Adding new file snapshot: 'tests/testthat/_snaps/tt_to_tblfile/test3allparts.rtf' ('test-tt_to_tblfile.R:116:3')">Adding new file snapshot: 'tests/testthat/_snaps/tt_to_tblfile/test3allparts.rtf'</failure>
    </testcase>
    <testcase time="0.0150000000000006" classname="tt_to_tblfile" name="tt_to_tlgrtf_works_with_argument_combined_rtf_TRUE">
      <error type="error" message="Error in `!equal`: invalid argument type ('test-tt_to_tblfile.R:116:3')">Error in `!equal`: invalid argument type
Backtrace:
    x
 1. \-testthat::expect_snapshot_file(cmb_fl, cran = TRUE) at test-tt_to_tblfile.R:116:3</error>
    </testcase>
    <testcase time="0.268000000000001" classname="tt_to_tblfile" name="tt_to_tlgrtf_converts_table_tree_to_tlg_without_error">
      <failure type="failure" message="Adding new file snapshot: 'tests/testthat/_snaps/tt_to_tblfile/test1.rtf' ('test-tt_to_tblfile.R:131:3')">Adding new file snapshot: 'tests/testthat/_snaps/tt_to_tblfile/test1.rtf'</failure>
    </testcase>
    <testcase time="0.0230000000000103" classname="tt_to_tblfile" name="tt_to_tlgrtf_converts_table_tree_to_tlg_without_error">
      <error type="error" message="Error in `!equal`: invalid argument type ('test-tt_to_tblfile.R:131:3')">Error in `!equal`: invalid argument type
Backtrace:
    x
 1. \-testthat::expect_snapshot_file(...) at test-tt_to_tblfile.R:131:3</error>
    </testcase>
    <testcase time="0.0189999999999912" classname="tt_to_tblfile" name="cwidths_final_adj_calculates_adjusted_column_widths_correctly"/>
    <testcase time="0.00300000000000011" classname="tt_to_tblfile" name="cwidths_final_adj_calculates_adjusted_column_widths_correctly"/>
    <testcase time="0.00600000000000023" classname="tt_to_tblfile" name="make_bordmat_row_creates_border_matrix_row_correctly"/>
    <testcase time="0.00100000000000477" classname="tt_to_tblfile" name="make_bordmat_row_creates_border_matrix_row_correctly"/>
    <testcase time="0.00300000000000011" classname="tt_to_tblfile" name="make_bordmat_row_creates_border_matrix_row_correctly"/>
    <testcase time="0.247" classname="tt_to_tblfile" name="tt_to_tlgrtf_validates_table_structure_correctly"/>
    <testcase time="0.184999999999988" classname="tt_to_tblfile" name="tt_to_tlgrtf_validates_table_structure_correctly"/>
    <testcase time="0.194999999999993" classname="tt_to_tblfile" name="tt_to_tlgrtf_validates_table_structure_correctly"/>
    <testcase time="0.244000000000014" classname="tt_to_tblfile" name="tt_to_tlgrtf_does_not_warn_for_valid_table_structures"/>
    <testcase time="0.242999999999995" classname="tt_to_tblfile" name="tt_to_tlgrtf_respects_JUNCO_DISABLE_VALIDATION_environment_variable"/>
    <testcase time="0.340999999999994" classname="tt_to_tblfile" name="more_top_left_than_col_headers_works"/>
    <testcase time="0.00300000000000011" classname="tt_to_tblfile" name="more_top_left_than_col_headers_works"/>
  </testsuite>
  <testsuite name="varia" timestamp="2025-11-14T02:45:44Z" hostname="e93859c6ce06" tests="16" skipped="0" failures="0" errors="0" time="2.459">
    <testcase time="0.046999999999997" classname="varia" name="a_freq_j_works_old_count_unq_case_"/>
    <testcase time="0.0370000000000061" classname="varia" name="a_freq_j_works_old_count_unq_case_"/>
    <testcase time="0.147999999999996" classname="varia" name="a_freq_subcol_j_works_old_case_of_cpct_subcol_"/>
    <testcase time="0.5" classname="varia" name="a_freq_combos_j_old_cpct_filter_combos_case_works"/>
    <testcase time="0.597999999999999" classname="varia" name="_a_freq_j_works"/>
    <testcase time="0.221000000000004" classname="varia" name="a_freq_j_works_old_count_subject_case_"/>
    <testcase time="0.471000000000004" classname="varia" name="a_freq_j_works_old_count_subject_case_"/>
    <testcase time="0.00900000000000034" classname="varia" name="a_freq_j_works_old_count_subject_case_"/>
    <testcase time="0.00799999999999557" classname="varia" name="a_freq_j_works_old_count_subject_case_"/>
    <testcase time="0.0690000000000026" classname="varia" name="_a_freq_j_works"/>
    <testcase time="0.0819999999999936" classname="varia" name="a_freq_j_works_old_a_countpat_newlevels_case_"/>
    <testcase time="0.0130000000000052" classname="varia" name="a_freq_j_works_old_a_countpat_newlevels_case_"/>
    <testcase time="0.00300000000000011" classname="varia" name="a_freq_j_works_old_a_countpat_newlevels_case_"/>
    <testcase time="0.194000000000003" classname="varia" name="a_summarize_ex_j_works"/>
    <testcase time="0.0249999999999915" classname="varia" name="a_summarize_ex_j_works"/>
    <testcase time="0.034000000000006" classname="varia" name="a_summarize_ex_j_works"/>
  </testsuite>
  <testsuite name="visit_levels" timestamp="2025-11-14T02:45:46Z" hostname="e93859c6ce06" tests="8" skipped="0" failures="0" errors="0" time="0.04">
    <testcase time="0.0100000000000051" classname="visit_levels" name="get_visit_levels_returns_visit_levels_in_correct_order"/>
    <testcase time="0.00300000000000011" classname="visit_levels" name="get_visit_levels_returns_visit_levels_in_correct_order"/>
    <testcase time="0.00300000000000011" classname="visit_levels" name="get_visit_levels_returns_visit_levels_in_correct_order"/>
    <testcase time="0.00300000000000011" classname="visit_levels" name="get_visit_levels_returns_visit_levels_in_correct_order"/>
    <testcase time="0.00799999999999557" classname="visit_levels" name="get_visit_levels_validates_input_correctly"/>
    <testcase time="0.00499999999999545" classname="visit_levels" name="get_visit_levels_validates_input_correctly"/>
    <testcase time="0.00300000000000011" classname="visit_levels" name="get_visit_levels_validates_input_correctly"/>
    <testcase time="0.00500000000000966" classname="visit_levels" name="get_visit_levels_validates_input_correctly"/>
  </testsuite>
</testsuites>
