<?xml version="1.0" encoding="UTF-8"?>
<testsuites>
  <testsuite name="a_freq_j" timestamp="2025-12-04T10:19:23Z" hostname="f4449a2dad94" tests="3" skipped="0" failures="0" errors="0" time="0.722">
    <testcase time="0.287" classname="a_freq_j" name="a_freq_j_with_label_map_works_in_a_table_layout_as_expected"/>
    <testcase time="0.259" classname="a_freq_j" name="a_freq_j_with_label_map_restricts_the_values_according_to_row_split_and_label_map"/>
    <testcase time="0.176" classname="a_freq_j" name="a_freq_j_with_exclude_allows_to_exclude_row_split_levels_from_the_analysis"/>
  </testsuite>
  <testsuite name="a_freq_resp_var_j" timestamp="2025-12-04T10:19:23Z" hostname="f4449a2dad94" tests="7" skipped="0" failures="0" errors="7" time="0.463">
    <testcase time="0.0419999999999998" classname="a_freq_resp_var_j" name="a_freq_resp_var_j_works_as_expected_with_basic_usage">
      <error type="error" message="Error in `h(simpleError(msg, call))`: error in evaluating the argument 'obj' in selecting a method for function 'last_rowsplit': error in evaluating the argument 'obj' in selecting a method for function 'next_cpos': unused argument (round_type = &quot;sas&quot;) ('test-a_freq_resp_var_j.R:19:3')">Error in `h(simpleError(msg, call))`: error in evaluating the argument 'obj' in selecting a method for function 'last_rowsplit': error in evaluating the argument 'obj' in selecting a method for function 'next_cpos': unused argument (round_type = "sas")
Backtrace:
     x
  1. +-... %&gt;% ... at test-a_freq_resp_var_j.R:19:3
  2. +-rtables::analyze(...)
  3. | +-methods::is(last_rowsplit(lyt), "VAnalyzeSplit")
  4. | \-rtables:::last_rowsplit(lyt)
  5. +-rtables::split_cols_by(., "ARM")
  6. | \-rtables:::next_cpos(lyt, nested)
  7. +-base::.handleSimpleError(...)
  8. | \-base (local) h(simpleError(msg, call))
  9. \-base::.handleSimpleError(...)
 10.   \-base (local) h(simpleError(msg, call))</error>
    </testcase>
    <testcase time="0.0920000000000001" classname="a_freq_resp_var_j" name="a_freq_resp_var_j_works_with_factor_responses">
      <error type="error" message="Error in `h(simpleError(msg, call))`: error in evaluating the argument 'obj' in selecting a method for function 'last_rowsplit': error in evaluating the argument 'obj' in selecting a method for function 'next_cpos': unused argument (round_type = &quot;sas&quot;) ('test-a_freq_resp_var_j.R:57:3')">Error in `h(simpleError(msg, call))`: error in evaluating the argument 'obj' in selecting a method for function 'last_rowsplit': error in evaluating the argument 'obj' in selecting a method for function 'next_cpos': unused argument (round_type = "sas")
Backtrace:
     x
  1. +-... %&gt;% ... at test-a_freq_resp_var_j.R:57:3
  2. +-rtables::analyze(...)
  3. | +-methods::is(last_rowsplit(lyt), "VAnalyzeSplit")
  4. | \-rtables:::last_rowsplit(lyt)
  5. +-rtables::split_cols_by(., "ARM")
  6. | \-rtables:::next_cpos(lyt, nested)
  7. +-base::.handleSimpleError(...)
  8. | \-base (local) h(simpleError(msg, call))
  9. \-base::.handleSimpleError(...)
 10.   \-base (local) h(simpleError(msg, call))</error>
    </testcase>
    <testcase time="0.077" classname="a_freq_resp_var_j" name="a_freq_resp_var_j_handles_missing_values_correctly">
      <error type="error" message="Error in `h(simpleError(msg, call))`: error in evaluating the argument 'obj' in selecting a method for function 'last_rowsplit': error in evaluating the argument 'obj' in selecting a method for function 'next_cpos': unused argument (round_type = &quot;sas&quot;) ('test-a_freq_resp_var_j.R:89:3')">Error in `h(simpleError(msg, call))`: error in evaluating the argument 'obj' in selecting a method for function 'last_rowsplit': error in evaluating the argument 'obj' in selecting a method for function 'next_cpos': unused argument (round_type = "sas")
Backtrace:
     x
  1. +-... %&gt;% ... at test-a_freq_resp_var_j.R:89:3
  2. +-rtables::analyze(...)
  3. | +-methods::is(last_rowsplit(lyt), "VAnalyzeSplit")
  4. | \-rtables:::last_rowsplit(lyt)
  5. +-rtables::split_cols_by(., "ARM")
  6. | \-rtables:::next_cpos(lyt, nested)
  7. +-base::.handleSimpleError(...)
  8. | \-base (local) h(simpleError(msg, call))
  9. \-base::.handleSimpleError(...)
 10.   \-base (local) h(simpleError(msg, call))</error>
    </testcase>
    <testcase time="0.0640000000000001" classname="a_freq_resp_var_j" name="a_freq_resp_var_j_errors_on_invalid_responses">
      <error type="error" message="Error in `h(simpleError(msg, call))`: error in evaluating the argument 'obj' in selecting a method for function 'last_rowsplit': error in evaluating the argument 'obj' in selecting a method for function 'next_cpos': unused argument (round_type = &quot;sas&quot;) ('test-a_freq_resp_var_j.R:120:3')">Error in `h(simpleError(msg, call))`: error in evaluating the argument 'obj' in selecting a method for function 'last_rowsplit': error in evaluating the argument 'obj' in selecting a method for function 'next_cpos': unused argument (round_type = "sas")
Backtrace:
     x
  1. +-... %&gt;% ... at test-a_freq_resp_var_j.R:120:3
  2. +-rtables::analyze(...)
  3. | +-methods::is(last_rowsplit(lyt), "VAnalyzeSplit")
  4. | \-rtables:::last_rowsplit(lyt)
  5. +-rtables::split_cols_by(., "ARM")
  6. | \-rtables:::next_cpos(lyt, nested)
  7. +-base::.handleSimpleError(...)
  8. | \-base (local) h(simpleError(msg, call))
  9. \-base::.handleSimpleError(...)
 10.   \-base (local) h(simpleError(msg, call))</error>
    </testcase>
    <testcase time="0.0670000000000002" classname="a_freq_resp_var_j" name="a_freq_resp_var_j_errors_when_resp_var_is_null">
      <error type="error" message="Error in `h(simpleError(msg, call))`: error in evaluating the argument 'obj' in selecting a method for function 'last_rowsplit': error in evaluating the argument 'obj' in selecting a method for function 'next_cpos': unused argument (round_type = &quot;sas&quot;) ('test-a_freq_resp_var_j.R:151:3')">Error in `h(simpleError(msg, call))`: error in evaluating the argument 'obj' in selecting a method for function 'last_rowsplit': error in evaluating the argument 'obj' in selecting a method for function 'next_cpos': unused argument (round_type = "sas")
Backtrace:
     x
  1. +-... %&gt;% analyze("SEX", afun = a_freq_resp_var_j) at test-a_freq_resp_var_j.R:151:3
  2. +-rtables::analyze(., "SEX", afun = a_freq_resp_var_j)
  3. | +-methods::is(last_rowsplit(lyt), "VAnalyzeSplit")
  4. | \-rtables:::last_rowsplit(lyt)
  5. +-rtables::split_cols_by(., "ARM")
  6. | \-rtables:::next_cpos(lyt, nested)
  7. +-base::.handleSimpleError(...)
  8. | \-base (local) h(simpleError(msg, call))
  9. \-base::.handleSimpleError(...)
 10.   \-base (local) h(simpleError(msg, call))</error>
    </testcase>
    <testcase time="0.0549999999999997" classname="a_freq_resp_var_j" name="a_freq_resp_var_j_works_with_drop_levels_parameter">
      <error type="error" message="Error in `h(simpleError(msg, call))`: error in evaluating the argument 'obj' in selecting a method for function 'last_rowsplit': error in evaluating the argument 'obj' in selecting a method for function 'next_cpos': unused argument (round_type = &quot;sas&quot;) ('test-a_freq_resp_var_j.R:181:3')">Error in `h(simpleError(msg, call))`: error in evaluating the argument 'obj' in selecting a method for function 'last_rowsplit': error in evaluating the argument 'obj' in selecting a method for function 'next_cpos': unused argument (round_type = "sas")
Backtrace:
     x
  1. +-... %&gt;% ... at test-a_freq_resp_var_j.R:181:3
  2. +-rtables::analyze(...)
  3. | +-methods::is(last_rowsplit(lyt), "VAnalyzeSplit")
  4. | \-rtables:::last_rowsplit(lyt)
  5. +-rtables::split_cols_by(., "ARM")
  6. | \-rtables:::next_cpos(lyt, nested)
  7. +-base::.handleSimpleError(...)
  8. | \-base (local) h(simpleError(msg, call))
  9. \-base::.handleSimpleError(...)
 10.   \-base (local) h(simpleError(msg, call))</error>
    </testcase>
    <testcase time="0.0660000000000003" classname="a_freq_resp_var_j" name="a_freq_resp_var_j_works_with_riskdiff_parameter">
      <error type="error" message="Error in `h(simpleError(msg, call))`: error in evaluating the argument 'obj' in selecting a method for function 'last_rowsplit': error in evaluating the argument 'obj' in selecting a method for function 'next_cpos': unused argument (round_type = &quot;sas&quot;) ('test-a_freq_resp_var_j.R:213:3')">Error in `h(simpleError(msg, call))`: error in evaluating the argument 'obj' in selecting a method for function 'last_rowsplit': error in evaluating the argument 'obj' in selecting a method for function 'next_cpos': unused argument (round_type = "sas")
Backtrace:
     x
  1. +-... %&gt;% ... at test-a_freq_resp_var_j.R:213:3
  2. +-rtables::analyze(...)
  3. | +-methods::is(last_rowsplit(lyt), "VAnalyzeSplit")
  4. | \-rtables:::last_rowsplit(lyt)
  5. +-rtables::split_cols_by(., "ARM")
  6. | \-rtables:::next_cpos(lyt, nested)
  7. +-base::.handleSimpleError(...)
  8. | \-base (local) h(simpleError(msg, call))
  9. \-base::.handleSimpleError(...)
 10.   \-base (local) h(simpleError(msg, call))</error>
    </testcase>
  </testsuite>
  <testsuite name="a_maxlev" timestamp="2025-12-04T10:19:24Z" hostname="f4449a2dad94" tests="8" skipped="0" failures="0" errors="1" time="0.566">
    <testcase time="0.097" classname="a_maxlev" name="a_maxlev_produces_correct_numbers_for_single_treatment_per_subject">
      <error type="error" message="Error in `h(simpleError(msg, call))`: error in evaluating the argument 'obj' in selecting a method for function 'last_rowsplit': error in evaluating the argument 'lyt' in selecting a method for function '.add_row_summary': error in evaluating the argument 'obj' in selecting a method for function 'next_rpos': error in evaluating the argument 'lyt' in selecting a method for function 'split_cols': error in evaluating the argument 'obj' in selecting a method for function 'next_cpos': unused argument (round_type = &quot;sas&quot;) ('test-a_maxlev.R:19:3')">Error in `h(simpleError(msg, call))`: error in evaluating the argument 'obj' in selecting a method for function 'last_rowsplit': error in evaluating the argument 'lyt' in selecting a method for function '.add_row_summary': error in evaluating the argument 'obj' in selecting a method for function 'next_rpos': error in evaluating the argument 'lyt' in selecting a method for function 'split_cols': error in evaluating the argument 'obj' in selecting a method for function 'next_cpos': unused argument (round_type = "sas")
Backtrace:
     x
  1. +-rtables::analyze(...) at test-a_maxlev.R:19:3
  2. | +-methods::is(last_rowsplit(lyt), "VAnalyzeSplit")
  3. | \-rtables:::last_rowsplit(lyt)
  4. +-rtables::summarize_row_groups(...)
  5. | \-rtables::.add_row_summary(...)
  6. +-rtables::split_rows_by(...)
  7. | \-rtables:::next_rpos(lyt, nested)
  8. +-rtables::add_overall_col(...)
  9. | \-rtables:::split_cols(lyt, spl, next_cpos(lyt, FALSE))
 10. +-rtables::split_cols_by(basic_table(round_type = "sas"), "ARM")
 11. | \-rtables:::next_cpos(lyt, nested)
 12. +-base::.handleSimpleError(...)
 13. | \-base (local) h(simpleError(msg, call))
 14. +-base::.handleSimpleError(...)
 15. | \-base (local) h(simpleError(msg, call))
 16. +-base::.handleSimpleError(...)
 17. | \-base (local) h(simpleError(msg, call))
 18. +-base::.handleSimpleError(...)
 19. | \-base (local) h(simpleError(msg, call))
 20. \-base::.handleSimpleError(...)
 21.   \-base (local) h(simpleError(msg, call))</error>
    </testcase>
    <testcase time="0.123" classname="a_maxlev" name="a_maxlev_produces_correct_numbers_for_sequence_of_treatments_missing_values_"/>
    <testcase time="0.056" classname="a_maxlev" name="a_maxlev_produces_correct_numbers_for_sequence_of_treatments_missing_values_"/>
    <testcase time="0.0920000000000001" classname="a_maxlev" name="a_maxlev_produces_correct_numbers_for_sequence_of_treatments_all_values_are_missing_for_one_treatement_"/>
    <testcase time="0.0529999999999999" classname="a_maxlev" name="a_maxlev_produces_correct_numbers_for_sequence_of_treatments_all_values_are_missing_for_one_treatement_"/>
    <testcase time="0.0590000000000002" classname="a_maxlev" name="a_maxlev_produces_correct_numbers_when_any_level_is_active_for_custom_level_excl._"/>
    <testcase time="0.0339999999999998" classname="a_maxlev" name="a_maxlev_produces_correct_numbers_when_any_level_is_active_for_custom_level_excl._"/>
    <testcase time="0.052" classname="a_maxlev" name="a_maxlev_throws_an_error_for_not_ordered_variable"/>
  </testsuite>
  <testsuite name="a_summarize_aval_chg_diff" timestamp="2025-12-04T10:19:24Z" hostname="f4449a2dad94" tests="3" skipped="0" failures="0" errors="2" time="0.239">
    <testcase time="0.016" classname="a_summarize_aval_chg_diff" name="a_summarize_aval_chg_diff_j_works_as_expected"/>
    <testcase time="0.0270000000000001" classname="a_summarize_aval_chg_diff" name="a_summarize_aval_chg_diff_j_works_as_expected">
      <error type="error" message="Error in `h(simpleError(msg, call))`: error in evaluating the argument 'obj' in selecting a method for function 'last_rowsplit': error in evaluating the argument 'obj' in selecting a method for function 'next_cpos': error in evaluating the argument 'obj' in selecting a method for function 'next_cpos': error in evaluating the argument 'obj' in selecting a method for function 'next_cpos': error in evaluating the argument 'obj' in selecting a method for function 'next_cpos': error in evaluating the argument 'obj' in selecting a method for function 'next_rpos': error in evaluating the argument 'obj' in selecting a method for function 'next_rpos': error in evaluating the argument 'obj' in selecting a method for function 'next_cpos': error in evaluating the argument 'obj' in selecting a method for function 'next_cpos': unused argument (round_type = &quot;sas&quot;) ('test-a_summarize_aval_chg_diff.R:97:3')">Error in `h(simpleError(msg, call))`: error in evaluating the argument 'obj' in selecting a method for function 'last_rowsplit': error in evaluating the argument 'obj' in selecting a method for function 'next_cpos': error in evaluating the argument 'obj' in selecting a method for function 'next_cpos': error in evaluating the argument 'obj' in selecting a method for function 'next_cpos': error in evaluating the argument 'obj' in selecting a method for function 'next_cpos': error in evaluating the argument 'obj' in selecting a method for function 'next_rpos': error in evaluating the argument 'obj' in selecting a method for function 'next_rpos': error in evaluating the argument 'obj' in selecting a method for function 'next_cpos': error in evaluating the argument 'obj' in selecting a method for function 'next_cpos': unused argument (round_type = "sas")
Backtrace:
     x
  1. +-... %&gt;% ... at test-a_summarize_aval_chg_diff.R:97:3
  2. +-rtables::analyze(...)
  3. | +-methods::is(last_rowsplit(lyt), "VAnalyzeSplit")
  4. | \-rtables:::last_rowsplit(lyt)
  5. +-rtables::split_cols_by_multivar(., c("CHG"), varlabels = c(" "))
  6. | \-rtables:::next_cpos(lyt, nested)
  7. +-rtables::split_cols_by(...)
  8. | \-rtables:::next_cpos(lyt, nested)
  9. +-rtables::split_cols_by(., "rrisk_header", nested = FALSE)
 10. | \-rtables:::next_cpos(lyt, nested)
 11. +-rtables::split_cols_by_multivar(...)
 12. | \-rtables:::next_cpos(lyt, nested)
 13. +-rtables::split_rows_by(...)
 14. | \-rtables:::next_rpos(lyt, nested)
 15. +-rtables::split_rows_by(...)
 16. | \-rtables:::next_rpos(lyt, nested)
 17. +-rtables::split_cols_by(., "TRT01A")
 18. | \-rtables:::next_cpos(lyt, nested)
 19. +-rtables::split_cols_by(., "colspan_trt", split_fun = trim_levels_to_map(map = colspan_trt_map))
 20. | \-rtables:::next_cpos(lyt, nested)
 21. +-base::.handleSimpleError(...)
 22. | \-base (local) h(simpleError(msg, call))
 23. +-base::.handleSimpleError(...)
 24. | \-base (local) h(simpleError(msg, call))
 25. +-base::.handleSimpleError(...)
 26. | \-base (local) h(simpleError(msg, call))
 27. +-base::.handleSimpleError(...)
 28. | \-base (local) h(simpleError(msg, call))
 29. +-base::.handleSimpleError(...)
 30. | \-base (local) h(simpleError(msg, call))
 31. +-base::.handleSimpleError(...)
 32. | \-base (local) h(simpleError(msg, call))
 33. +-base::.handleSimpleError(...)
 34. | \-base (local) h(simpleError(msg, call))
 35. +-base::.handleSimpleError(...)
 36. | \-base (local) h(simpleError(msg, call))
 37. \-base::.handleSimpleError(...)
 38.   \-base (local) h(simpleError(msg, call))</error>
    </testcase>
    <testcase time="0.196" classname="a_summarize_aval_chg_diff" name="a_summarize_aval_chg_diff_j_works_with_ancova_TRUE">
      <error type="error" message="Error in `h(simpleError(msg, call))`: error in evaluating the argument 'obj' in selecting a method for function 'last_rowsplit': error in evaluating the argument 'obj' in selecting a method for function 'next_cpos': error in evaluating the argument 'obj' in selecting a method for function 'next_cpos': error in evaluating the argument 'obj' in selecting a method for function 'next_cpos': error in evaluating the argument 'obj' in selecting a method for function 'next_cpos': error in evaluating the argument 'obj' in selecting a method for function 'next_rpos': error in evaluating the argument 'obj' in selecting a method for function 'next_rpos': error in evaluating the argument 'obj' in selecting a method for function 'next_cpos': error in evaluating the argument 'obj' in selecting a method for function 'next_cpos': unused argument (round_type = &quot;sas&quot;) ('test-a_summarize_aval_chg_diff.R:233:3')">Error in `h(simpleError(msg, call))`: error in evaluating the argument 'obj' in selecting a method for function 'last_rowsplit': error in evaluating the argument 'obj' in selecting a method for function 'next_cpos': error in evaluating the argument 'obj' in selecting a method for function 'next_cpos': error in evaluating the argument 'obj' in selecting a method for function 'next_cpos': error in evaluating the argument 'obj' in selecting a method for function 'next_cpos': error in evaluating the argument 'obj' in selecting a method for function 'next_rpos': error in evaluating the argument 'obj' in selecting a method for function 'next_rpos': error in evaluating the argument 'obj' in selecting a method for function 'next_cpos': error in evaluating the argument 'obj' in selecting a method for function 'next_cpos': unused argument (round_type = "sas")
Backtrace:
     x
  1. +-... %&gt;% ... at test-a_summarize_aval_chg_diff.R:233:3
  2. +-rtables::analyze(...)
  3. | +-methods::is(last_rowsplit(lyt), "VAnalyzeSplit")
  4. | \-rtables:::last_rowsplit(lyt)
  5. +-rtables::split_cols_by_multivar(., c("CHG"), varlabels = c(" "))
  6. | \-rtables:::next_cpos(lyt, nested)
  7. +-rtables::split_cols_by(...)
  8. | \-rtables:::next_cpos(lyt, nested)
  9. +-rtables::split_cols_by(., "rrisk_header", nested = FALSE)
 10. | \-rtables:::next_cpos(lyt, nested)
 11. +-rtables::split_cols_by_multivar(...)
 12. | \-rtables:::next_cpos(lyt, nested)
 13. +-rtables::split_rows_by(...)
 14. | \-rtables:::next_rpos(lyt, nested)
 15. +-rtables::split_rows_by(...)
 16. | \-rtables:::next_rpos(lyt, nested)
 17. +-rtables::split_cols_by(., "TRT01A")
 18. | \-rtables:::next_cpos(lyt, nested)
 19. +-rtables::split_cols_by(., "colspan_trt", split_fun = trim_levels_to_map(map = colspan_trt_map))
 20. | \-rtables:::next_cpos(lyt, nested)
 21. +-base::.handleSimpleError(...)
 22. | \-base (local) h(simpleError(msg, call))
 23. +-base::.handleSimpleError(...)
 24. | \-base (local) h(simpleError(msg, call))
 25. +-base::.handleSimpleError(...)
 26. | \-base (local) h(simpleError(msg, call))
 27. +-base::.handleSimpleError(...)
 28. | \-base (local) h(simpleError(msg, call))
 29. +-base::.handleSimpleError(...)
 30. | \-base (local) h(simpleError(msg, call))
 31. +-base::.handleSimpleError(...)
 32. | \-base (local) h(simpleError(msg, call))
 33. +-base::.handleSimpleError(...)
 34. | \-base (local) h(simpleError(msg, call))
 35. +-base::.handleSimpleError(...)
 36. | \-base (local) h(simpleError(msg, call))
 37. \-base::.handleSimpleError(...)
 38.   \-base (local) h(simpleError(msg, call))</error>
    </testcase>
  </testsuite>
  <testsuite name="analyze_values" timestamp="2025-12-04T10:19:25Z" hostname="f4449a2dad94" tests="1" skipped="0" failures="0" errors="1" time="0.189">
    <testcase time="0.189" classname="analyze_values" name="analyze_values_correctly_modifies_layout_with_proper_formats">
      <error type="error" message="Error in `h(simpleError(msg, call))`: error in evaluating the argument 'obj' in selecting a method for function 'next_cpos': unused argument (round_type = &quot;sas&quot;) ('test-analyze_values.R:5:3')">Error in `h(simpleError(msg, call))`: error in evaluating the argument 'obj' in selecting a method for function 'next_cpos': unused argument (round_type = "sas")
Backtrace:
    x
 1. +-basic_table(round_type = "sas") %&gt;% split_cols_by("ARM") at test-analyze_values.R:5:3
 2. +-rtables::split_cols_by(., "ARM")
 3. | \-rtables:::next_cpos(lyt, nested)
 4. \-base::.handleSimpleError(...)
 5.   \-base (local) h(simpleError(msg, call))</error>
    </testcase>
  </testsuite>
  <testsuite name="ancova" timestamp="2025-12-04T10:19:25Z" hostname="f4449a2dad94" tests="3" skipped="0" failures="0" errors="0" time="0.82">
    <testcase time="0.291" classname="ancova" name="fit_ancova_works_as_expected"/>
    <testcase time="0.00199999999999978" classname="ancova" name="fit_ancova_works_as_expected"/>
    <testcase time="0.527" classname="ancova" name="fit_ancova_works_as_expected"/>
  </testsuite>
  <testsuite name="ancova_rbmi" timestamp="2025-12-04T10:19:26Z" hostname="f4449a2dad94" tests="2" skipped="0" failures="0" errors="2" time="0.076">
    <testcase time="0.0309999999999997" classname="ancova_rbmi" name="rbmi_ancova_single_works_also_with_multiple_treatment_arms">
      <error type="error" message="&lt;packageNotFoundError/error/condition&gt; ('test-ancova_rbmi.R:16:3')">&lt;packageNotFoundError/error/condition&gt;
Error in `loadNamespace(name)`: there is no package called 'rbmi'
Backtrace:
     x
  1. \-junco::rbmi_ancova_single(...) at test-ancova_rbmi.R:16:3
  2.   +-...[]
  3.   +-tibble:::`[.tbl_df`(...)
  4.   \-utils::getFromNamespace("extract_covariates", "rbmi")
  5.     \-base::asNamespace(ns)
  6.       \-base::getNamespace(ns)
  7.         +-.Internal(getRegisteredNamespace(name)) %||% ...
  8.         \-base::loadNamespace(name)
  9.           \-base::withRestarts(stop(cond), retry_loadNamespace = function() NULL)
 10.             \-base (local) withOneRestart(expr, restarts[[1L]])
 11.               \-base (local) doWithOneRestart(return(expr), restart)</error>
    </testcase>
    <testcase time="0.0449999999999999" classname="ancova_rbmi" name="ancova_now_works_also_with_multiple_treatment_arms">
      <error type="error" message="&lt;packageNotFoundError/error/condition&gt; ('test-ancova_rbmi.R:44:3')">&lt;packageNotFoundError/error/condition&gt;
Error in `loadNamespace(name)`: there is no package called 'rbmi'
Backtrace:
    x
 1. \-junco::rbmi_ancova(...) at test-ancova_rbmi.R:44:3
 2.   \-utils::getFromNamespace("extract_covariates", "rbmi")
 3.     \-base::asNamespace(ns)
 4.       \-base::getNamespace(ns)
 5.         +-.Internal(getRegisteredNamespace(name)) %||% ...
 6.         \-base::loadNamespace(name)
 7.           \-base::withRestarts(stop(cond), retry_loadNamespace = function() NULL)
 8.             \-base (local) withOneRestart(expr, restarts[[1L]])
 9.               \-base (local) doWithOneRestart(return(expr), restart)</error>
    </testcase>
  </testsuite>
  <testsuite name="blank_line" timestamp="2025-12-04T10:19:26Z" hostname="f4449a2dad94" tests="2" skipped="0" failures="0" errors="2" time="0.105">
    <testcase time="0.0640000000000001" classname="blank_line" name="insert_blank_line_works_as_expected">
      <error type="error" message="Error in `h(simpleError(msg, call))`: error in evaluating the argument 'obj' in selecting a method for function 'last_rowsplit': error in evaluating the argument 'lyt' in selecting a method for function 'vars_in_layout': error in evaluating the argument 'obj' in selecting a method for function 'last_rowsplit': error in evaluating the argument 'lyt' in selecting a method for function 'vars_in_layout': error in evaluating the argument 'obj' in selecting a method for function 'last_rowsplit': error in evaluating the argument 'obj' in selecting a method for function 'next_rpos': error in evaluating the argument 'obj' in selecting a method for function 'next_cpos': unused argument (round_type = &quot;sas&quot;) ('test-blank_line.R:4:3')">Error in `h(simpleError(msg, call))`: error in evaluating the argument 'obj' in selecting a method for function 'last_rowsplit': error in evaluating the argument 'lyt' in selecting a method for function 'vars_in_layout': error in evaluating the argument 'obj' in selecting a method for function 'last_rowsplit': error in evaluating the argument 'lyt' in selecting a method for function 'vars_in_layout': error in evaluating the argument 'obj' in selecting a method for function 'last_rowsplit': error in evaluating the argument 'obj' in selecting a method for function 'next_rpos': error in evaluating the argument 'obj' in selecting a method for function 'next_cpos': unused argument (round_type = "sas")
Backtrace:
     x
  1. +-rtables::analyze(...) at test-blank_line.R:4:3
  2. | +-methods::is(last_rowsplit(lyt), "VAnalyzeSplit")
  3. | \-rtables:::last_rowsplit(lyt)
  4. +-junco::insert_blank_line(...)
  5. | \-rtables::vars_in_layout(lyt@row_layout)
  6. +-rtables::analyze(...)
  7. | +-methods::is(last_rowsplit(lyt), "VAnalyzeSplit")
  8. | \-rtables:::last_rowsplit(lyt)
  9. +-junco::insert_blank_line(...)
 10. | \-rtables::vars_in_layout(lyt@row_layout)
 11. +-rtables::analyze(...)
 12. | +-methods::is(last_rowsplit(lyt), "VAnalyzeSplit")
 13. | \-rtables:::last_rowsplit(lyt)
 14. +-rtables::split_rows_by(...)
 15. | \-rtables:::next_rpos(lyt, nested)
 16. +-rtables::split_cols_by(basic_table(round_type = "sas"), "ARM")
 17. | \-rtables:::next_cpos(lyt, nested)
 18. +-base::.handleSimpleError(...)
 19. | \-base (local) h(simpleError(msg, call))
 20. +-base::.handleSimpleError(...)
 21. | \-base (local) h(simpleError(msg, call))
 22. +-base::.handleSimpleError(...)
 23. | \-base (local) h(simpleError(msg, call))
 24. +-base::.handleSimpleError(...)
 25. | \-base (local) h(simpleError(msg, call))
 26. +-base::.handleSimpleError(...)
 27. | \-base (local) h(simpleError(msg, call))
 28. +-base::.handleSimpleError(...)
 29. | \-base (local) h(simpleError(msg, call))
 30. \-base::.handleSimpleError(...)
 31.   \-base (local) h(simpleError(msg, call))</error>
    </testcase>
    <testcase time="0.0410000000000004" classname="blank_line" name="insert_blank_line_optionally_uses_custom_table_names">
      <error type="error" message="Error in `h(simpleError(msg, call))`: error in evaluating the argument 'obj' in selecting a method for function 'last_rowsplit': error in evaluating the argument 'lyt' in selecting a method for function 'vars_in_layout': error in evaluating the argument 'obj' in selecting a method for function 'last_rowsplit': error in evaluating the argument 'lyt' in selecting a method for function 'vars_in_layout': error in evaluating the argument 'obj' in selecting a method for function 'last_rowsplit': error in evaluating the argument 'obj' in selecting a method for function 'next_rpos': error in evaluating the argument 'obj' in selecting a method for function 'next_cpos': unused argument (round_type = &quot;sas&quot;) ('test-blank_line.R:37:3')">Error in `h(simpleError(msg, call))`: error in evaluating the argument 'obj' in selecting a method for function 'last_rowsplit': error in evaluating the argument 'lyt' in selecting a method for function 'vars_in_layout': error in evaluating the argument 'obj' in selecting a method for function 'last_rowsplit': error in evaluating the argument 'lyt' in selecting a method for function 'vars_in_layout': error in evaluating the argument 'obj' in selecting a method for function 'last_rowsplit': error in evaluating the argument 'obj' in selecting a method for function 'next_rpos': error in evaluating the argument 'obj' in selecting a method for function 'next_cpos': unused argument (round_type = "sas")
Backtrace:
     x
  1. +-rtables::analyze(...) at test-blank_line.R:37:3
  2. | +-methods::is(last_rowsplit(lyt), "VAnalyzeSplit")
  3. | \-rtables:::last_rowsplit(lyt)
  4. +-junco::insert_blank_line(...)
  5. | \-rtables::vars_in_layout(lyt@row_layout)
  6. +-rtables::analyze(...)
  7. | +-methods::is(last_rowsplit(lyt), "VAnalyzeSplit")
  8. | \-rtables:::last_rowsplit(lyt)
  9. +-junco::insert_blank_line(...)
 10. | \-rtables::vars_in_layout(lyt@row_layout)
 11. +-rtables::analyze(...)
 12. | +-methods::is(last_rowsplit(lyt), "VAnalyzeSplit")
 13. | \-rtables:::last_rowsplit(lyt)
 14. +-rtables::split_rows_by(...)
 15. | \-rtables:::next_rpos(lyt, nested)
 16. +-rtables::split_cols_by(basic_table(round_type = "sas"), "ARM")
 17. | \-rtables:::next_cpos(lyt, nested)
 18. +-base::.handleSimpleError(...)
 19. | \-base (local) h(simpleError(msg, call))
 20. +-base::.handleSimpleError(...)
 21. | \-base (local) h(simpleError(msg, call))
 22. +-base::.handleSimpleError(...)
 23. | \-base (local) h(simpleError(msg, call))
 24. +-base::.handleSimpleError(...)
 25. | \-base (local) h(simpleError(msg, call))
 26. +-base::.handleSimpleError(...)
 27. | \-base (local) h(simpleError(msg, call))
 28. +-base::.handleSimpleError(...)
 29. | \-base (local) h(simpleError(msg, call))
 30. \-base::.handleSimpleError(...)
 31.   \-base (local) h(simpleError(msg, call))</error>
    </testcase>
  </testsuite>
  <testsuite name="cmhrms" timestamp="2025-12-04T10:19:26Z" hostname="f4449a2dad94" tests="10" skipped="0" failures="0" errors="2" time="0.292">
    <testcase time="0.105" classname="cmhrms" name="s_cmhrms_j_works_as_expected_with_and_without_strata"/>
    <testcase time="0.00600000000000023" classname="cmhrms" name="s_cmhrms_j_works_as_expected_with_and_without_strata"/>
    <testcase time="0.00400000000000045" classname="cmhrms" name="s_cmhrms_j_works_as_expected_with_and_without_strata"/>
    <testcase time="0.00499999999999989" classname="cmhrms" name="s_cmhrms_j_works_as_expected_with_and_without_strata"/>
    <testcase time="0.00599999999999934" classname="cmhrms" name="s_cmhrms_j_works_as_expected_with_empty_data_set_or_in_reference_column"/>
    <testcase time="0.00300000000000011" classname="cmhrms" name="s_cmhrms_j_works_as_expected_with_empty_data_set_or_in_reference_column"/>
    <testcase time="0.00200000000000067" classname="cmhrms" name="s_cmhrms_j_works_as_expected_with_empty_data_set_or_in_reference_column"/>
    <testcase time="0.00299999999999923" classname="cmhrms" name="s_cmhrms_j_works_as_expected_with_empty_data_set_or_in_reference_column"/>
    <testcase time="0.0600000000000005" classname="cmhrms" name="a_cmhrms_j_works_in_a_table_layout_as_expected">
      <error type="error" message="Error in `eval(formal.args[[as.character(substitute(arg))]], envir = sys.frame(sysP))`: object 'valid_round_type' not found ('test-cmhrms.R:81:3')">Error in `eval(formal.args[[as.character(substitute(arg))]], envir = sys.frame(sysP))`: object 'valid_round_type' not found
Backtrace:
     x
  1. +-testthat::expect_silent(build_table(lyt, df = dta)) at test-cmhrms.R:81:3
  2. | \-testthat:::quasi_capture(enquo(object), NULL, evaluate_promise)
  3. |   +-testthat (local) .capture(...)
  4. |   | +-withr::with_output_sink(...)
  5. |   | | \-base::force(code)
  6. |   | +-base::withCallingHandlers(...)
  7. |   | \-base::withVisible(code)
  8. |   \-rlang::eval_bare(quo_get_expr(.quo), quo_get_env(.quo))
  9. \-rtables::build_table(lyt, df = dta)
 10.   \-rtables::update_ref_indexing(tab)
 11.     +-formatters::make_row_df(tt)
 12.     \-rtables::make_row_df(tt)
 13.       \-rtables (local) .local(...)
 14.         +-formatters::make_row_df(...)
 15.         \-rtables::make_row_df(...)
 16.           \-rtables (local) .local(...)
 17.             +-formatters::pagdfrow(...)
 18.             | \-base::data.frame(...)
 19.             +-formatters::nlines(...)
 20.             \-rtables::nlines(...)
 21.               +-base::as.vector(get_formatted_cells(x))
 22.               +-rtables::get_formatted_cells(x)
 23.               \-rtables::get_formatted_cells(x)
 24.                 +-base::matrix(...)
 25.                 +-base::unlist(...)
 26.                 \-base::Map(...)
 27.                   \-base::mapply(FUN = f, ..., SIMPLIFY = FALSE)
 28.                     \-rtables (local) `&lt;fn&gt;`(val = dots[[1L]][[2L]], spn = dots[[2L]][[2L]], shelli = dots[[3L]][[1L]])
 29.                       \-rtables::format_rcell(...)
 30.                         \-formatters::format_value(...)
 31.                           \-formatters:::call_format_fun(...)
 32.                             +-base::do.call(f, args)
 33.                             \-junco (local) `&lt;fn&gt;`(`&lt;dbl&gt;`, na_str = "NA", round_type = "iec")</error>
    </testcase>
    <testcase time="0.0979999999999999" classname="cmhrms" name="a_cmhrms_j_with_exclude_works_in_a_table_layout_as_expected">
      <error type="error" message="Error in `eval(formal.args[[as.character(substitute(arg))]], envir = sys.frame(sysP))`: object 'valid_round_type' not found ('test-cmhrms.R:107:3')">Error in `eval(formal.args[[as.character(substitute(arg))]], envir = sys.frame(sysP))`: object 'valid_round_type' not found
Backtrace:
     x
  1. +-junco::safe_prune_table(...) at test-cmhrms.R:107:3
  2. | \-rtables::prune_table(...)
  3. |   \-methods::is(tt, "TableRow")
  4. +-testthat::expect_silent(build_table(lyt, df = dta))
  5. | \-testthat:::quasi_capture(enquo(object), NULL, evaluate_promise)
  6. |   +-testthat (local) .capture(...)
  7. |   | +-withr::with_output_sink(...)
  8. |   | | \-base::force(code)
  9. |   | +-base::withCallingHandlers(...)
 10. |   | \-base::withVisible(code)
 11. |   \-rlang::eval_bare(quo_get_expr(.quo), quo_get_env(.quo))
 12. \-rtables::build_table(lyt, df = dta)
 13.   \-rtables::update_ref_indexing(tab)
 14.     +-formatters::make_row_df(tt)
 15.     \-rtables::make_row_df(tt)
 16.       \-rtables (local) .local(...)
 17.         +-formatters::make_row_df(...)
 18.         \-rtables::make_row_df(...)
 19.           \-rtables (local) .local(...)
 20.             +-formatters::make_row_df(...)
 21.             \-rtables::make_row_df(...)
 22.               \-rtables (local) .local(...)
 23.                 +-formatters::make_row_df(...)
 24.                 \-rtables::make_row_df(...)
 25.                   \-rtables (local) .local(...)
 26.                     +-formatters::pagdfrow(...)
 27.                     | \-base::data.frame(...)
 28.                     +-formatters::nlines(...)
 29.                     \-rtables::nlines(...)
 30.                       +-base::as.vector(get_formatted_cells(x))
 31.                       +-rtables::get_formatted_cells(x)
 32.                       \-rtables::get_formatted_cells(x)
 33.                         +-base::matrix(...)
 34.                         +-base::unlist(...)
 35.                         \-base::Map(...)
 36.                           \-base::mapply(FUN = f, ..., SIMPLIFY = FALSE)
 37.                             \-rtables (local) `&lt;fn&gt;`(val = dots[[1L]][[2L]], spn = dots[[2L]][[2L]], shelli = dots[[3L]][[1L]])
 38.                               \-rtables::format_rcell(...)
 39.                                 \-formatters::format_value(...)
 40.                                   \-formatters:::call_format_fun(...)
 41.                                     +-base::do.call(f, args)
 42.                                     \-junco (local) `&lt;fn&gt;`(`&lt;dbl&gt;`, na_str = "NA", round_type = "iec")</error>
    </testcase>
  </testsuite>
  <testsuite name="cmp_functions" timestamp="2025-12-04T10:19:26Z" hostname="f4449a2dad94" tests="4" skipped="0" failures="0" errors="1" time="0.118">
    <testcase time="0.0410000000000004" classname="cmp_functions" name="cmp_split_fun_works_as_expected">
      <error type="error" message="Error in `h(simpleError(msg, call))`: error in evaluating the argument 'obj' in selecting a method for function 'next_cpos': unused argument (round_type = &quot;sas&quot;) ('test-cmp_functions.R:2:3')">Error in `h(simpleError(msg, call))`: error in evaluating the argument 'obj' in selecting a method for function 'next_cpos': unused argument (round_type = "sas")
Backtrace:
    x
 1. +-rtables::build_table(...) at test-cmp_functions.R:2:3
 2. | \-methods::is(lyt, "PreDataTableLayouts")
 3. +-basic_table(round_type = "sas") %&gt;% ...
 4. +-rtables::split_cols_by(., "ID", split_fun = cmp_split_fun)
 5. | \-rtables:::next_cpos(lyt, nested)
 6. \-base::.handleSimpleError(...)
 7.   \-base (local) h(simpleError(msg, call))</error>
    </testcase>
    <testcase time="0.0529999999999999" classname="cmp_functions" name="cmp_cfun_works_correctly_for_expected_column"/>
    <testcase time="0.0119999999999996" classname="cmp_functions" name="cmp_cfun_works_correctly_for_received_column"/>
    <testcase time="0.0120000000000005" classname="cmp_functions" name="cmp_cfun_works_correctly_for_missing_column"/>
  </testsuite>
  <testsuite name="column_stats" timestamp="2025-12-04T10:19:26Z" hostname="f4449a2dad94" tests="29" skipped="0" failures="0" errors="0" time="0.12">
    <testcase time="0.0110000000000001" classname="column_stats" name="column_stats_returns_correct_row_values_for_AVAL_mean"/>
    <testcase time="0.00399999999999956" classname="column_stats" name="column_stats_returns_correct_row_values_for_AVAL_mean"/>
    <testcase time="0.00300000000000011" classname="column_stats" name="column_stats_returns_correct_row_values_for_AVAL_mean"/>
    <testcase time="0.000999999999999446" classname="column_stats" name="column_stats_returns_correct_row_values_for_AVAL_mean"/>
    <testcase time="0.00100000000000033" classname="column_stats" name="column_stats_returns_correct_row_values_for_AVAL_mean"/>
    <testcase time="0.00100000000000033" classname="column_stats" name="column_stats_returns_correct_row_values_for_AVAL_mean"/>
    <testcase time="0.00599999999999934" classname="column_stats" name="column_stats_excludes_Baseline_for_CHG_stat_N"/>
    <testcase time="0.00300000000000011" classname="column_stats" name="column_stats_excludes_Baseline_for_CHG_stat_N"/>
    <testcase time="0.00300000000000011" classname="column_stats" name="column_stats_excludes_Baseline_for_CHG_stat_N"/>
    <testcase time="0.00100000000000033" classname="column_stats" name="column_stats_excludes_Baseline_for_CHG_stat_N"/>
    <testcase time="0.00300000000000011" classname="column_stats" name="column_stats_excludes_Baseline_for_CHG_stat_N"/>
    <testcase time="0.00699999999999967" classname="column_stats" name="column_stats_calculates_SD_statistic_correctly"/>
    <testcase time="0.00699999999999967" classname="column_stats" name="column_stats_calculates_mean_sd_statistic_correctly"/>
    <testcase time="0.00700000000000056" classname="column_stats" name="column_stats_calculates_SE_statistic_correctly"/>
    <testcase time="0.00800000000000001" classname="column_stats" name="column_stats_calculates_Med_Min_Max_correctly"/>
    <testcase time="0.00300000000000011" classname="column_stats" name="column_stats_calculates_Med_Min_Max_correctly"/>
    <testcase time="0.00399999999999956" classname="column_stats" name="column_stats_calculates_Med_Min_Max_correctly"/>
    <testcase time="0.00700000000000056" classname="column_stats" name="column_stats_handles_BASE_variable_correctly"/>
    <testcase time="0.00299999999999923" classname="column_stats" name="column_stats_handles_BASE_variable_correctly"/>
    <testcase time="0.00700000000000056" classname="column_stats" name="column_stats_handles_iec_round_type_correctly"/>
    <testcase time="0.00300000000000011" classname="column_stats" name="column_stats_handles_iec_round_type_correctly"/>
    <testcase time="0.00300000000000011" classname="column_stats" name="column_stats_handles_iec_round_type_correctly"/>
    <testcase time="0.00299999999999923" classname="column_stats" name="column_stats_handles_iec_round_type_correctly"/>
    <testcase time="0.00300000000000011" classname="column_stats" name="column_stats_handles_iec_round_type_correctly"/>
    <testcase time="0.00300000000000011" classname="column_stats" name="column_stats_handles_iec_round_type_correctly"/>
    <testcase time="0.00300000000000011" classname="column_stats" name="column_stats_handles_iec_round_type_correctly"/>
    <testcase time="0.00300000000000011" classname="column_stats" name="column_stats_handles_iec_round_type_correctly"/>
    <testcase time="0.00300000000000011" classname="column_stats" name="column_stats_handles_iec_round_type_correctly"/>
    <testcase time="0.00600000000000023" classname="column_stats" name="calc_N_returns_NULL_for_non_AVAL_variables"/>
    <testcase time="0.0479999999999992" classname="character(0)" name="_unnamed_">
      <error type="error" message="Error in `h(simpleError(msg, call))`: error in evaluating the argument 'obj' in selecting a method for function 'last_rowsplit': error in evaluating the argument 'obj' in selecting a method for function 'last_rowsplit': error in evaluating the argument 'obj' in selecting a method for function 'last_rowsplit': error in evaluating the argument 'lyt' in selecting a method for function 'split_cols': error in evaluating the argument 'obj' in selecting a method for function 'next_cpos': unused argument (round_type = &quot;sas&quot;) ('test-colwidths.R:18:1')">Error in `h(simpleError(msg, call))`: error in evaluating the argument 'obj' in selecting a method for function 'last_rowsplit': error in evaluating the argument 'obj' in selecting a method for function 'last_rowsplit': error in evaluating the argument 'obj' in selecting a method for function 'last_rowsplit': error in evaluating the argument 'lyt' in selecting a method for function 'split_cols': error in evaluating the argument 'obj' in selecting a method for function 'next_cpos': unused argument (round_type = "sas")
Backtrace:
     x
  1. +-rtables::analyze(...) at test-colwidths.R:18:1
  2. | +-methods::is(last_rowsplit(lyt), "VAnalyzeSplit")
  3. | \-rtables:::last_rowsplit(lyt)
  4. +-rtables::analyze(...)
  5. | +-methods::is(last_rowsplit(lyt), "VAnalyzeSplit")
  6. | \-rtables:::last_rowsplit(lyt)
  7. +-rtables::analyze(...)
  8. | +-methods::is(last_rowsplit(lyt), "VAnalyzeSplit")
  9. | \-rtables:::last_rowsplit(lyt)
 10. +-rtables::add_overall_col(...)
 11. | \-rtables:::split_cols(lyt, spl, next_cpos(lyt, FALSE))
 12. +-rtables::split_cols_by(basic_table(round_type = "sas"), "TRT01P")
 13. | \-rtables:::next_cpos(lyt, nested)
 14. +-base::.handleSimpleError(...)
 15. | \-base (local) h(simpleError(msg, call))
 16. +-base::.handleSimpleError(...)
 17. | \-base (local) h(simpleError(msg, call))
 18. +-base::.handleSimpleError(...)
 19. | \-base (local) h(simpleError(msg, call))
 20. +-base::.handleSimpleError(...)
 21. | \-base (local) h(simpleError(msg, call))
 22. \-base::.handleSimpleError(...)
 23.   \-base (local) h(simpleError(msg, call))</error>
    </testcase>
  </testsuite>
  <testsuite name="count_pct" timestamp="2025-12-04T10:19:26Z" hostname="f4449a2dad94" tests="11" skipped="0" failures="0" errors="11" time="1.125">
    <testcase time="0.0450000000000008" classname="count_pct" name="a_freq_j_with_val_NA_and_denom_option">
      <error type="error" message="Error in `h(simpleError(msg, call))`: error in evaluating the argument 'obj' in selecting a method for function 'last_rowsplit': error in evaluating the argument 'obj' in selecting a method for function 'next_cpos': unused argument (round_type = &quot;sas&quot;) ('test-count_pct.R:15:3')">Error in `h(simpleError(msg, call))`: error in evaluating the argument 'obj' in selecting a method for function 'last_rowsplit': error in evaluating the argument 'obj' in selecting a method for function 'next_cpos': unused argument (round_type = "sas")
Backtrace:
     x
  1. +-... %&gt;% ... at test-count_pct.R:15:3
  2. +-rtables::analyze(., vars = "COUNTRY", afun = a_freq_j, extra_args = extra_args_1)
  3. | +-methods::is(last_rowsplit(lyt), "VAnalyzeSplit")
  4. | \-rtables:::last_rowsplit(lyt)
  5. +-rtables::split_cols_by(., "ARM")
  6. | \-rtables:::next_cpos(lyt, nested)
  7. +-base::.handleSimpleError(...)
  8. | \-base (local) h(simpleError(msg, call))
  9. \-base::.handleSimpleError(...)
 10.   \-base (local) h(simpleError(msg, call))</error>
    </testcase>
    <testcase time="0.0569999999999995" classname="count_pct" name="a_freq_j_with_specific_val_CHN_and_denom_option">
      <error type="error" message="Error in `h(simpleError(msg, call))`: error in evaluating the argument 'obj' in selecting a method for function 'last_rowsplit': error in evaluating the argument 'obj' in selecting a method for function 'next_cpos': unused argument (round_type = &quot;sas&quot;) ('test-count_pct.R:54:3')">Error in `h(simpleError(msg, call))`: error in evaluating the argument 'obj' in selecting a method for function 'last_rowsplit': error in evaluating the argument 'obj' in selecting a method for function 'next_cpos': unused argument (round_type = "sas")
Backtrace:
     x
  1. +-... %&gt;% ... at test-count_pct.R:54:3
  2. +-rtables::analyze(., vars = "COUNTRY", afun = a_freq_j, extra_args = extra_args_1)
  3. | +-methods::is(last_rowsplit(lyt), "VAnalyzeSplit")
  4. | \-rtables:::last_rowsplit(lyt)
  5. +-rtables::split_cols_by(., "ARM")
  6. | \-rtables:::next_cpos(lyt, nested)
  7. +-base::.handleSimpleError(...)
  8. | \-base (local) h(simpleError(msg, call))
  9. \-base::.handleSimpleError(...)
 10.   \-base (local) h(simpleError(msg, call))</error>
    </testcase>
    <testcase time="0.0579999999999998" classname="count_pct" name="a_freq_j_with_N_only">
      <error type="error" message="Error in `h(simpleError(msg, call))`: error in evaluating the argument 'obj' in selecting a method for function 'last_rowsplit': error in evaluating the argument 'obj' in selecting a method for function 'next_cpos': unused argument (round_type = &quot;sas&quot;) ('test-count_pct.R:94:3')">Error in `h(simpleError(msg, call))`: error in evaluating the argument 'obj' in selecting a method for function 'last_rowsplit': error in evaluating the argument 'obj' in selecting a method for function 'next_cpos': unused argument (round_type = "sas")
Backtrace:
     x
  1. +-... %&gt;% ... at test-count_pct.R:94:3
  2. +-rtables::analyze(., vars = "COUNTRY", afun = a_freq_j, extra_args = extra_args_1)
  3. | +-methods::is(last_rowsplit(lyt), "VAnalyzeSplit")
  4. | \-rtables:::last_rowsplit(lyt)
  5. +-rtables::split_cols_by(., "ARM")
  6. | \-rtables:::next_cpos(lyt, nested)
  7. +-base::.handleSimpleError(...)
  8. | \-base (local) h(simpleError(msg, call))
  9. \-base::.handleSimpleError(...)
 10.   \-base (local) h(simpleError(msg, call))</error>
    </testcase>
    <testcase time="0.0640000000000001" classname="count_pct" name="a_freq_j_with_TotCol_only">
      <error type="error" message="Error in `h(simpleError(msg, call))`: error in evaluating the argument 'obj' in selecting a method for function 'last_rowsplit': error in evaluating the argument 'lyt' in selecting a method for function 'split_cols': error in evaluating the argument 'obj' in selecting a method for function 'next_cpos': unused argument (round_type = &quot;sas&quot;) ('test-count_pct.R:118:3')">Error in `h(simpleError(msg, call))`: error in evaluating the argument 'obj' in selecting a method for function 'last_rowsplit': error in evaluating the argument 'lyt' in selecting a method for function 'split_cols': error in evaluating the argument 'obj' in selecting a method for function 'next_cpos': unused argument (round_type = "sas")
Backtrace:
     x
  1. +-... %&gt;% ... at test-count_pct.R:118:3
  2. +-rtables::analyze(., vars = "COUNTRY", afun = a_freq_j, extra_args = extra_args_1)
  3. | +-methods::is(last_rowsplit(lyt), "VAnalyzeSplit")
  4. | \-rtables:::last_rowsplit(lyt)
  5. +-rtables::add_overall_col(., "Total")
  6. | \-rtables:::split_cols(lyt, spl, next_cpos(lyt, FALSE))
  7. +-rtables::split_cols_by(., "ARM")
  8. | \-rtables:::next_cpos(lyt, nested)
  9. +-base::.handleSimpleError(...)
 10. | \-base (local) h(simpleError(msg, call))
 11. +-base::.handleSimpleError(...)
 12. | \-base (local) h(simpleError(msg, call))
 13. \-base::.handleSimpleError(...)
 14.   \-base (local) h(simpleError(msg, call))</error>
    </testcase>
    <testcase time="0.069" classname="count_pct" name="a_freq_j_as_cfun">
      <error type="error" message="Error in `h(simpleError(msg, call))`: error in evaluating the argument 'obj' in selecting a method for function 'last_rowsplit': error in evaluating the argument 'lyt' in selecting a method for function '.add_row_summary': error in evaluating the argument 'obj' in selecting a method for function 'next_rpos': error in evaluating the argument 'obj' in selecting a method for function 'next_cpos': unused argument (round_type = &quot;sas&quot;) ('test-count_pct.R:145:3')">Error in `h(simpleError(msg, call))`: error in evaluating the argument 'obj' in selecting a method for function 'last_rowsplit': error in evaluating the argument 'lyt' in selecting a method for function '.add_row_summary': error in evaluating the argument 'obj' in selecting a method for function 'next_rpos': error in evaluating the argument 'obj' in selecting a method for function 'next_cpos': unused argument (round_type = "sas")
Backtrace:
     x
  1. +-... %&gt;% ... at test-count_pct.R:145:3
  2. +-rtables::analyze(., vars = "AEDECOD", afun = a_freq_j, extra_args = extra_args_1)
  3. | +-methods::is(last_rowsplit(lyt), "VAnalyzeSplit")
  4. | \-rtables:::last_rowsplit(lyt)
  5. +-rtables::summarize_row_groups(...)
  6. | \-rtables::.add_row_summary(...)
  7. +-rtables::split_rows_by(., "AEBODSYS")
  8. | \-rtables:::next_rpos(lyt, nested)
  9. +-rtables::split_cols_by(., "ARM")
 10. | \-rtables:::next_cpos(lyt, nested)
 11. +-base::.handleSimpleError(...)
 12. | \-base (local) h(simpleError(msg, call))
 13. +-base::.handleSimpleError(...)
 14. | \-base (local) h(simpleError(msg, call))
 15. +-base::.handleSimpleError(...)
 16. | \-base (local) h(simpleError(msg, call))
 17. \-base::.handleSimpleError(...)
 18.   \-base (local) h(simpleError(msg, call))</error>
    </testcase>
    <testcase time="0.0800000000000001" classname="count_pct" name="a_freq_j_with_label_map">
      <error type="error" message="Error in `h(simpleError(msg, call))`: error in evaluating the argument 'obj' in selecting a method for function 'last_rowsplit': error in evaluating the argument 'obj' in selecting a method for function 'next_cpos': unused argument (round_type = &quot;sas&quot;) ('test-count_pct.R:201:3')">Error in `h(simpleError(msg, call))`: error in evaluating the argument 'obj' in selecting a method for function 'last_rowsplit': error in evaluating the argument 'obj' in selecting a method for function 'next_cpos': unused argument (round_type = "sas")
Backtrace:
     x
  1. +-... %&gt;% ... at test-count_pct.R:201:3
  2. +-rtables::analyze(., vars = "TRTEMFL", afun = a_freq_j, extra_args = extra_args_1)
  3. | +-methods::is(last_rowsplit(lyt), "VAnalyzeSplit")
  4. | \-rtables:::last_rowsplit(lyt)
  5. +-rtables::split_cols_by(., "ARM")
  6. | \-rtables:::next_cpos(lyt, nested)
  7. +-base::.handleSimpleError(...)
  8. | \-base (local) h(simpleError(msg, call))
  9. \-base::.handleSimpleError(...)
 10.   \-base (local) h(simpleError(msg, call))</error>
    </testcase>
    <testcase time="0.0629999999999997" classname="count_pct" name="a_freq_j_old_count_pats_case_">
      <error type="error" message="Error in `h(simpleError(msg, call))`: error in evaluating the argument 'obj' in selecting a method for function 'last_rowsplit': error in evaluating the argument 'obj' in selecting a method for function 'next_cpos': unused argument (round_type = &quot;sas&quot;) ('test-count_pct.R:233:3')">Error in `h(simpleError(msg, call))`: error in evaluating the argument 'obj' in selecting a method for function 'last_rowsplit': error in evaluating the argument 'obj' in selecting a method for function 'next_cpos': unused argument (round_type = "sas")
Backtrace:
     x
  1. +-... %&gt;% ... at test-count_pct.R:233:3
  2. +-rtables::analyze(., vars = "COUNTRY", afun = a_freq_j, extra_args = extra_args_1)
  3. | +-methods::is(last_rowsplit(lyt), "VAnalyzeSplit")
  4. | \-rtables:::last_rowsplit(lyt)
  5. +-rtables::split_cols_by(., "ARM")
  6. | \-rtables:::next_cpos(lyt, nested)
  7. +-base::.handleSimpleError(...)
  8. | \-base (local) h(simpleError(msg, call))
  9. \-base::.handleSimpleError(...)
 10.   \-base (local) h(simpleError(msg, call))</error>
    </testcase>
    <testcase time="0.0579999999999998" classname="count_pct" name="a_freq_j_with_N_subgroup_as_denom">
      <error type="error" message="Error in `h(simpleError(msg, call))`: error in evaluating the argument 'obj' in selecting a method for function 'last_rowsplit': error in evaluating the argument 'obj' in selecting a method for function 'next_rpos': error in evaluating the argument 'obj' in selecting a method for function 'next_cpos': unused argument (round_type = &quot;sas&quot;) ('test-count_pct.R:271:3')">Error in `h(simpleError(msg, call))`: error in evaluating the argument 'obj' in selecting a method for function 'last_rowsplit': error in evaluating the argument 'obj' in selecting a method for function 'next_rpos': error in evaluating the argument 'obj' in selecting a method for function 'next_cpos': unused argument (round_type = "sas")
Backtrace:
     x
  1. +-... %&gt;% ... at test-count_pct.R:271:3
  2. +-rtables::analyze(., vars = "COUNTRY", afun = a_freq_j, extra_args = extra_args_1)
  3. | +-methods::is(last_rowsplit(lyt), "VAnalyzeSplit")
  4. | \-rtables:::last_rowsplit(lyt)
  5. +-rtables::split_rows_by(., "SEX")
  6. | \-rtables:::next_rpos(lyt, nested)
  7. +-rtables::split_cols_by(., "ARM")
  8. | \-rtables:::next_cpos(lyt, nested)
  9. +-base::.handleSimpleError(...)
 10. | \-base (local) h(simpleError(msg, call))
 11. +-base::.handleSimpleError(...)
 12. | \-base (local) h(simpleError(msg, call))
 13. \-base::.handleSimpleError(...)
 14.   \-base (local) h(simpleError(msg, call))</error>
    </testcase>
    <testcase time="0.427" classname="count_pct" name="a_freq_j_with_N_trt_as_denom_special_situation">
      <error type="error" message="Error in `h(simpleError(msg, call))`: error in evaluating the argument 'lyt' in selecting a method for function '.add_row_summary': error in evaluating the argument 'obj' in selecting a method for function 'next_rpos': error in evaluating the argument 'obj' in selecting a method for function 'next_cpos': error in evaluating the argument 'obj' in selecting a method for function 'next_cpos': error in evaluating the argument 'obj' in selecting a method for function 'next_cpos': unused argument (round_type = &quot;sas&quot;) ('test-count_pct.R:420:3')">Error in `h(simpleError(msg, call))`: error in evaluating the argument 'lyt' in selecting a method for function '.add_row_summary': error in evaluating the argument 'obj' in selecting a method for function 'next_rpos': error in evaluating the argument 'obj' in selecting a method for function 'next_cpos': error in evaluating the argument 'obj' in selecting a method for function 'next_cpos': error in evaluating the argument 'obj' in selecting a method for function 'next_cpos': unused argument (round_type = "sas")
Backtrace:
     x
  1. +-... %&gt;% ... at test-count_pct.R:420:3
  2. +-rtables::summarize_row_groups(...)
  3. | \-rtables::.add_row_summary(...)
  4. +-rtables::split_rows_by(...)
  5. | \-rtables:::next_rpos(lyt, nested)
  6. +-rtables::split_cols_by(., "ASEV", show_colcounts = TRUE)
  7. | \-rtables:::next_cpos(lyt, nested)
  8. +-rtables::split_cols_by(., "spanheader", split_fun = trim_levels_in_group("ASEV"))
  9. | \-rtables:::next_cpos(lyt, nested)
 10. +-rtables::split_cols_by(., trtvar, show_colcounts = TRUE)
 11. | \-rtables:::next_cpos(lyt, nested)
 12. +-base::.handleSimpleError(...)
 13. | \-base (local) h(simpleError(msg, call))
 14. +-base::.handleSimpleError(...)
 15. | \-base (local) h(simpleError(msg, call))
 16. +-base::.handleSimpleError(...)
 17. | \-base (local) h(simpleError(msg, call))
 18. +-base::.handleSimpleError(...)
 19. | \-base (local) h(simpleError(msg, call))
 20. \-base::.handleSimpleError(...)
 21.   \-base (local) h(simpleError(msg, call))</error>
    </testcase>
    <testcase time="0.156000000000001" classname="count_pct" name="a_freq_j_with_keep_levels_CHN_NGA_">
      <error type="error" message="Error in `h(simpleError(msg, call))`: error in evaluating the argument 'obj' in selecting a method for function 'last_rowsplit': error in evaluating the argument 'obj' in selecting a method for function 'next_cpos': unused argument (round_type = &quot;sas&quot;) ('test-count_pct.R:459:3')">Error in `h(simpleError(msg, call))`: error in evaluating the argument 'obj' in selecting a method for function 'last_rowsplit': error in evaluating the argument 'obj' in selecting a method for function 'next_cpos': unused argument (round_type = "sas")
Backtrace:
     x
  1. +-... %&gt;% ... at test-count_pct.R:459:3
  2. +-rtables::analyze(., vars = "COUNTRY", afun = a_freq_j, extra_args = extra_args_1)
  3. | +-methods::is(last_rowsplit(lyt), "VAnalyzeSplit")
  4. | \-rtables:::last_rowsplit(lyt)
  5. +-rtables::split_cols_by(., "ARM")
  6. | \-rtables:::next_cpos(lyt, nested)
  7. +-base::.handleSimpleError(...)
  8. | \-base (local) h(simpleError(msg, call))
  9. \-base::.handleSimpleError(...)
 10.   \-base (local) h(simpleError(msg, call))</error>
    </testcase>
    <testcase time="0.0949999999999998" classname="character(0)" name="_unnamed_">
      <error type="error" message="Error in `h(simpleError(msg, call))`: error in evaluating the argument 'obj' in selecting a method for function 'next_cpos': error in evaluating the argument 'obj' in selecting a method for function 'next_cpos': error in evaluating the argument 'obj' in selecting a method for function 'next_cpos': error in evaluating the argument 'obj' in selecting a method for function 'next_cpos': unused argument (round_type = &quot;sas&quot;) ('test-count_pct_relrisk.R:24:1')">Error in `h(simpleError(msg, call))`: error in evaluating the argument 'obj' in selecting a method for function 'next_cpos': error in evaluating the argument 'obj' in selecting a method for function 'next_cpos': error in evaluating the argument 'obj' in selecting a method for function 'next_cpos': error in evaluating the argument 'obj' in selecting a method for function 'next_cpos': unused argument (round_type = "sas")
Backtrace:
     x
  1. +-... %&gt;% ... at test-count_pct_relrisk.R:24:1
  2. +-rtables::split_cols_by(...)
  3. | \-rtables:::next_cpos(lyt, nested)
  4. +-rtables::split_cols_by(., "rrisk_header", nested = FALSE)
  5. | \-rtables:::next_cpos(lyt, nested)
  6. +-rtables::split_cols_by(., "ARM")
  7. | \-rtables:::next_cpos(lyt, nested)
  8. +-rtables::split_cols_by(., "colspan_trt", split_fun = trim_levels_in_group("ARM"))
  9. | \-rtables:::next_cpos(lyt, nested)
 10. +-base::.handleSimpleError(...)
 11. | \-base (local) h(simpleError(msg, call))
 12. +-base::.handleSimpleError(...)
 13. | \-base (local) h(simpleError(msg, call))
 14. +-base::.handleSimpleError(...)
 15. | \-base (local) h(simpleError(msg, call))
 16. \-base::.handleSimpleError(...)
 17.   \-base (local) h(simpleError(msg, call))</error>
    </testcase>
  </testsuite>
  <testsuite name="coxph_hr" timestamp="2025-12-04T10:19:28Z" hostname="f4449a2dad94" tests="7" skipped="0" failures="0" errors="3" time="0.354">
    <testcase time="0.101" classname="coxph_hr" name="s_coxph_hr_works_with_default_arguments_and_no_stratification_factors"/>
    <testcase time="0.00800000000000001" classname="coxph_hr" name="s_coxph_hr_works_with_default_arguments_and_no_stratification_factors"/>
    <testcase time="0.00900000000000034" classname="coxph_hr" name="s_coxph_hr_works_with_default_arguments_and_no_stratification_factors"/>
    <testcase time="0.00800000000000001" classname="coxph_hr" name="s_coxph_hr_works_with_default_arguments_and_no_stratification_factors"/>
    <testcase time="0.0139999999999993" classname="coxph_hr" name="a_coxph_hr_works_with_custom_arguments_and_stratification_factors">
      <error type="error" message="Error in `h(simpleError(msg, call))`: error in evaluating the argument 'obj' in selecting a method for function 'last_rowsplit': error in evaluating the argument 'obj' in selecting a method for function 'next_cpos': unused argument (round_type = &quot;sas&quot;) ('test-coxph_hr.R:53:3')">Error in `h(simpleError(msg, call))`: error in evaluating the argument 'obj' in selecting a method for function 'last_rowsplit': error in evaluating the argument 'obj' in selecting a method for function 'next_cpos': unused argument (round_type = "sas")
Backtrace:
     x
  1. +-... %&gt;% build_table(df = adtte_f) at test-coxph_hr.R:53:3
  2. +-rtables::build_table(., df = adtte_f)
  3. | \-methods::is(lyt, "PreDataTableLayouts")
  4. +-rtables::analyze(...)
  5. | +-methods::is(last_rowsplit(lyt), "VAnalyzeSplit")
  6. | \-rtables:::last_rowsplit(lyt)
  7. +-rtables::split_cols_by(., var = "ARMCD")
  8. | \-rtables:::next_cpos(lyt, nested)
  9. +-base::.handleSimpleError(...)
 10. | \-base (local) h(simpleError(msg, call))
 11. \-base::.handleSimpleError(...)
 12.   \-base (local) h(simpleError(msg, call))</error>
    </testcase>
    <testcase time="0.119000000000001" classname="coxph_hr" name="a_coxph_hr_works_with_stratification_factors_for_Log_Rank_test">
      <error type="error" message="Error in `h(simpleError(msg, call))`: error in evaluating the argument 'obj' in selecting a method for function 'last_rowsplit': error in evaluating the argument 'obj' in selecting a method for function 'next_cpos': unused argument (round_type = &quot;sas&quot;) ('test-coxph_hr.R:84:3')">Error in `h(simpleError(msg, call))`: error in evaluating the argument 'obj' in selecting a method for function 'last_rowsplit': error in evaluating the argument 'obj' in selecting a method for function 'next_cpos': unused argument (round_type = "sas")
Backtrace:
     x
  1. +-... %&gt;% build_table(df = adtte_f) at test-coxph_hr.R:84:3
  2. +-rtables::build_table(., df = adtte_f)
  3. | \-methods::is(lyt, "PreDataTableLayouts")
  4. +-rtables::analyze(...)
  5. | +-methods::is(last_rowsplit(lyt), "VAnalyzeSplit")
  6. | \-rtables:::last_rowsplit(lyt)
  7. +-rtables::split_cols_by(., var = "ARMCD")
  8. | \-rtables:::next_cpos(lyt, nested)
  9. +-base::.handleSimpleError(...)
 10. | \-base (local) h(simpleError(msg, call))
 11. \-base::.handleSimpleError(...)
 12.   \-base (local) h(simpleError(msg, call))</error>
    </testcase>
  </testsuite>
  <testsuite name="coxreg_multivar" timestamp="2025-12-04T10:19:28Z" hostname="f4449a2dad94" tests="12" skipped="0" failures="0" errors="4" time="1.444">
    <testcase time="0.168" classname="coxreg_multivar" name="h_extract_coxreg_multivar_works_as_expected"/>
    <testcase time="0.202" classname="coxreg_multivar" name="tefos03_first_split_fun_works_as_expected"/>
    <testcase time="0.00899999999999945" classname="coxreg_multivar" name="tefos03_first_split_fun_works_as_expected"/>
    <testcase time="0.0350000000000001" classname="coxreg_multivar" name="tefos03_first_split_fun_works_as_expected"/>
    <testcase time="0.464" classname="coxreg_multivar" name="tefos03_second_split_fun_fct_works_as_expected"/>
    <testcase time="0.0169999999999995" classname="coxreg_multivar" name="tefos03_second_split_fun_fct_works_as_expected"/>
    <testcase time="0.0489999999999995" classname="coxreg_multivar" name="tefos03_second_split_fun_fct_works_as_expected"/>
    <testcase time="0.027000000000001" classname="coxreg_multivar" name="tefos03_afun_works_as_expected"/>
    <testcase time="0.0219999999999985" classname="coxreg_multivar" name="tefos03_afun_works_as_expected">
      <error type="error" message="Error in `h(simpleError(msg, call))`: error in evaluating the argument 'x' in selecting a method for function 'print': object 'valid_round_type' not found ('test-coxreg_multivar.R:73:3')">Error in `h(simpleError(msg, call))`: error in evaluating the argument 'x' in selecting a method for function 'print': object 'valid_round_type' not found
Backtrace:
     x
  1. +-testthat::expect_snapshot(result) at test-coxreg_multivar.R:73:3
  2. | \-testthat:::expect_snapshot_(...)
  3. |   +-testthat:::with_is_snapshotting(...)
  4. |   \-testthat:::verify_exec(quo_get_expr(x), quo_get_env(x), replay)
  5. |     \-evaluate::evaluate(source, envir = env, new_device = FALSE, output_handler = handler)
  6. |       +-base::withRestarts(...)
  7. |       | \-base (local) withRestartList(expr, restarts)
  8. |       |   +-base (local) withOneRestart(withRestartList(expr, restarts[-nr]), restarts[[nr]])
  9. |       |   | \-base (local) doWithOneRestart(return(expr), restart)
 10. |       |   \-base (local) withRestartList(expr, restarts[-nr])
 11. |       |     \-base (local) withOneRestart(expr, restarts[[1L]])
 12. |       |       \-base (local) doWithOneRestart(return(expr), restart)
 13. |       +-evaluate:::with_handlers(...)
 14. |       | +-base::eval(call)
 15. |       | | \-base::eval(call)
 16. |       | \-base::withCallingHandlers(...)
 17. |       \-watcher$print_value(ev$value, ev$visible, envir)
 18. |         +-base::withVisible(handle_value(handler, value, visible, envir))
 19. |         \-evaluate:::handle_value(handler, value, visible, envir)
 20. |           +-handler$value(value)
 21. |           \-testthat:::testthat_print.default(value)
 22. |             +-base::print(x)
 23. |             \-rtables:::print.RowsVerticalSection(x)
 24. |               +-base::print(...)
 25. |               +-base::data.frame(...)
 26. |               \-base::vapply(x, format_rcell, character(1))
 27. |                 \-rtables (local) FUN(X[[i]], ...)
 28. |                   \-formatters::format_value(...)
 29. |                     \-formatters:::call_format_fun(...)
 30. |                       +-base::do.call(f, args)
 31. |                       \-junco (local) `&lt;fn&gt;`(8.89093549580603e-06, na_str = "NA", round_type = "iec")
 32. |                         \-base::match.arg(round_type)
 33. |                           \-base::eval(formal.args[[as.character(substitute(arg))]], envir = sys.frame(sysP))
 34. |                             \-base::eval(formal.args[[as.character(substitute(arg))]], envir = sys.frame(sysP))
 35. \-base::.handleSimpleError(...)
 36.   \-base (local) h(simpleError(msg, call))</error>
    </testcase>
    <testcase time="0.176" classname="coxreg_multivar" name="summarize_coxreg_multivar_works_as_expected_with_defaults">
      <error type="error" message="Error in `eval(formal.args[[as.character(substitute(arg))]], envir = sys.frame(sysP))`: object 'valid_round_type' not found ('test-coxreg_multivar.R:90:3')">Error in `eval(formal.args[[as.character(substitute(arg))]], envir = sys.frame(sysP))`: object 'valid_round_type' not found
Backtrace:
     x
  1. +-testthat::expect_silent(build_table(lyt, anl)) at test-coxreg_multivar.R:90:3
  2. | \-testthat:::quasi_capture(enquo(object), NULL, evaluate_promise)
  3. |   +-testthat (local) .capture(...)
  4. |   | +-withr::with_output_sink(...)
  5. |   | | \-base::force(code)
  6. |   | +-base::withCallingHandlers(...)
  7. |   | \-base::withVisible(code)
  8. |   \-rlang::eval_bare(quo_get_expr(.quo), quo_get_env(.quo))
  9. \-rtables::build_table(lyt, anl)
 10.   \-rtables::update_ref_indexing(tab)
 11.     +-formatters::make_row_df(tt)
 12.     \-rtables::make_row_df(tt)
 13.       \-rtables (local) .local(...)
 14.         +-formatters::make_row_df(...)
 15.         \-rtables::make_row_df(...)
 16.           \-rtables (local) .local(...)
 17.             +-formatters::pagdfrow(...)
 18.             | \-base::data.frame(...)
 19.             +-formatters::nlines(...)
 20.             \-rtables::nlines(...)
 21.               +-base::as.vector(get_formatted_cells(x))
 22.               +-rtables::get_formatted_cells(x)
 23.               \-rtables::get_formatted_cells(x)
 24.                 +-base::matrix(...)
 25.                 +-base::unlist(...)
 26.                 \-base::Map(...)
 27.                   \-base::mapply(FUN = f, ..., SIMPLIFY = FALSE)
 28.                     \-rtables (local) `&lt;fn&gt;`(val = dots[[1L]][[2L]], spn = dots[[2L]][[2L]], shelli = dots[[3L]][[1L]])
 29.                       \-rtables::format_rcell(...)
 30.                         \-formatters::format_value(...)
 31.                           \-formatters:::call_format_fun(...)
 32.                             +-base::do.call(f, args)
 33.                             \-junco (local) `&lt;fn&gt;`(8.61721978119802e-06, na_str = "NA", round_type = "iec")</error>
    </testcase>
    <testcase time="0.0410000000000004" classname="coxreg_multivar" name="summarize_coxreg_multivar_works_as_expected_with_custom_options">
      <error type="error" message="Error in `h(simpleError(msg, call))`: error in evaluating the argument 'obj' in selecting a method for function 'last_rowsplit': error in evaluating the argument 'obj' in selecting a method for function 'next_cpos': error in evaluating the argument 'obj' in selecting a method for function 'next_cpos': unused argument (round_type = &quot;sas&quot;) ('test-coxreg_multivar.R:103:3')">Error in `h(simpleError(msg, call))`: error in evaluating the argument 'obj' in selecting a method for function 'last_rowsplit': error in evaluating the argument 'obj' in selecting a method for function 'next_cpos': error in evaluating the argument 'obj' in selecting a method for function 'next_cpos': unused argument (round_type = "sas")
Backtrace:
     x
  1. +-junco::summarize_coxreg_multivar(...) at test-coxreg_multivar.R:103:3
  2. | +-rtables::analyze(...)
  3. | | +-methods::is(last_rowsplit(lyt), "VAnalyzeSplit")
  4. | | \-rtables:::last_rowsplit(lyt)
  5. | +-rtables::split_cols_by(...)
  6. | | \-rtables:::next_cpos(lyt, nested)
  7. | \-rtables::split_cols_by(lyt, var = var, split_fun = tefos03_first_split_fun)
  8. |   \-rtables:::next_cpos(lyt, nested)
  9. +-base::.handleSimpleError(...)
 10. | \-base (local) h(simpleError(msg, call))
 11. +-base::.handleSimpleError(...)
 12. | \-base (local) h(simpleError(msg, call))
 13. \-base::.handleSimpleError(...)
 14.   \-base (local) h(simpleError(msg, call))</error>
    </testcase>
    <testcase time="0.234" classname="coxreg_multivar" name="summarize_coxreg_multivar_works_with_row_splits">
      <error type="error" message="Error in `eval(formal.args[[as.character(substitute(arg))]], envir = sys.frame(sysP))`: object 'valid_round_type' not found ('test-coxreg_multivar.R:138:3')">Error in `eval(formal.args[[as.character(substitute(arg))]], envir = sys.frame(sysP))`: object 'valid_round_type' not found
Backtrace:
     x
  1. +-testthat::expect_silent(build_table(lyt, anl)) at test-coxreg_multivar.R:138:3
  2. | \-testthat:::quasi_capture(enquo(object), NULL, evaluate_promise)
  3. |   +-testthat (local) .capture(...)
  4. |   | +-withr::with_output_sink(...)
  5. |   | | \-base::force(code)
  6. |   | +-base::withCallingHandlers(...)
  7. |   | \-base::withVisible(code)
  8. |   \-rlang::eval_bare(quo_get_expr(.quo), quo_get_env(.quo))
  9. \-rtables::build_table(lyt, anl)
 10.   \-rtables::update_ref_indexing(tab)
 11.     +-formatters::make_row_df(tt)
 12.     \-rtables::make_row_df(tt)
 13.       \-rtables (local) .local(...)
 14.         +-formatters::make_row_df(...)
 15.         \-rtables::make_row_df(...)
 16.           \-rtables (local) .local(...)
 17.             +-formatters::make_row_df(...)
 18.             \-rtables::make_row_df(...)
 19.               \-rtables (local) .local(...)
 20.                 +-formatters::make_row_df(...)
 21.                 \-rtables::make_row_df(...)
 22.                   \-rtables (local) .local(...)
 23.                     +-formatters::pagdfrow(...)
 24.                     | \-base::data.frame(...)
 25.                     +-formatters::nlines(...)
 26.                     \-rtables::nlines(...)
 27.                       +-base::as.vector(get_formatted_cells(x))
 28.                       +-rtables::get_formatted_cells(x)
 29.                       \-rtables::get_formatted_cells(x)
 30.                         +-base::matrix(...)
 31.                         +-base::unlist(...)
 32.                         \-base::Map(...)
 33.                           \-base::mapply(FUN = f, ..., SIMPLIFY = FALSE)
 34.                             \-rtables (local) `&lt;fn&gt;`(val = dots[[1L]][[2L]], spn = dots[[2L]][[2L]], shelli = dots[[3L]][[1L]])
 35.                               \-rtables::format_rcell(...)
 36.                                 \-formatters::format_value(...)
 37.                                   \-formatters:::call_format_fun(...)
 38.                                     +-base::do.call(f, args)
 39.                                     \-junco (local) `&lt;fn&gt;`(0.0163917309329948, na_str = "NA", round_type = "iec")</error>
    </testcase>
  </testsuite>
  <testsuite name="estimate_proportion_diff" timestamp="2025-12-04T10:19:29Z" hostname="f4449a2dad94" tests="6" skipped="0" failures="0" errors="0" time="0.166">
    <testcase time="0.0410000000000004" classname="estimate_proportion_diff" name="s_proportion_diff_j_works_as_expected"/>
    <testcase time="0.0210000000000008" classname="estimate_proportion_diff" name="s_proportion_diff_j_works_as_expected"/>
    <testcase time="0.00399999999999956" classname="estimate_proportion_diff" name="s_proportion_diff_j_works_as_expected"/>
    <testcase time="0.0199999999999996" classname="estimate_proportion_diff" name="s_proportion_diff_j_works_as_expected"/>
    <testcase time="0.0389999999999997" classname="estimate_proportion_diff" name="a_proportion_diff_j_works_as_expected_in_a_table_layout"/>
    <testcase time="0.0410000000000004" classname="estimate_proportion_diff" name="a_proportion_diff_j_works_as_expected_in_a_table_layout"/>
  </testsuite>
  <testsuite name="event_free" timestamp="2025-12-04T10:19:29Z" hostname="f4449a2dad94" tests="6" skipped="0" failures="0" errors="2" time="0.094">
    <testcase time="0.0199999999999996" classname="event_free" name="s_event_free_works_with_default_arguments"/>
    <testcase time="0.00699999999999967" classname="event_free" name="s_event_free_works_with_default_arguments"/>
    <testcase time="0.011000000000001" classname="event_free" name="s_event_free_works_with_percent_format"/>
    <testcase time="0.00799999999999912" classname="event_free" name="s_event_free_works_with_percent_format"/>
    <testcase time="0.0129999999999999" classname="event_free" name="a_event_free_works_with_default_arguments_in_a_table_layout">
      <error type="error" message="Error in `h(simpleError(msg, call))`: error in evaluating the argument 'obj' in selecting a method for function 'next_cpos': unused argument (round_type = &quot;sas&quot;) ('test-event_free.R:50:3')">Error in `h(simpleError(msg, call))`: error in evaluating the argument 'obj' in selecting a method for function 'next_cpos': unused argument (round_type = "sas")
Backtrace:
    x
 1. +-basic_table(round_type = "sas") %&gt;% split_cols_by(var = "ARMCD") at test-event_free.R:50:3
 2. +-rtables::split_cols_by(., var = "ARMCD")
 3. | \-rtables:::next_cpos(lyt, nested)
 4. \-base::.handleSimpleError(...)
 5.   \-base (local) h(simpleError(msg, call))</error>
    </testcase>
    <testcase time="0.0350000000000001" classname="event_free" name="a_event_free_works_with_customized_arguments_in_a_table_layout">
      <error type="error" message="Error in `h(simpleError(msg, call))`: error in evaluating the argument 'obj' in selecting a method for function 'next_cpos': unused argument (round_type = &quot;sas&quot;) ('test-event_free.R:82:3')">Error in `h(simpleError(msg, call))`: error in evaluating the argument 'obj' in selecting a method for function 'next_cpos': unused argument (round_type = "sas")
Backtrace:
    x
 1. +-basic_table(round_type = "sas") %&gt;% split_cols_by(var = "ARMCD") at test-event_free.R:82:3
 2. +-rtables::split_cols_by(., var = "ARMCD")
 3. | \-rtables:::next_cpos(lyt, nested)
 4. \-base::.handleSimpleError(...)
 5.   \-base (local) h(simpleError(msg, call))</error>
    </testcase>
  </testsuite>
  <testsuite name="get_ref_info" timestamp="2025-12-04T10:19:30Z" hostname="f4449a2dad94" tests="2" skipped="0" failures="0" errors="2" time="0.079">
    <testcase time="0.043000000000001" classname="get_ref_info" name="get_ref_info_works_with_a_df_analysis_function">
      <error type="error" message="Error in `h(simpleError(msg, call))`: error in evaluating the argument 'obj' in selecting a method for function 'last_rowsplit': error in evaluating the argument 'obj' in selecting a method for function 'next_cpos': error in evaluating the argument 'obj' in selecting a method for function 'next_cpos': unused argument (round_type = &quot;sas&quot;) ('test-get_ref_info.R:50:3')">Error in `h(simpleError(msg, call))`: error in evaluating the argument 'obj' in selecting a method for function 'last_rowsplit': error in evaluating the argument 'obj' in selecting a method for function 'next_cpos': error in evaluating the argument 'obj' in selecting a method for function 'next_cpos': unused argument (round_type = "sas")
Backtrace:
     x
  1. +-rtables::analyze(...) at test-get_ref_info.R:50:3
  2. | +-methods::is(last_rowsplit(lyt), "VAnalyzeSplit")
  3. | \-rtables:::last_rowsplit(lyt)
  4. +-rtables::split_cols_by(...)
  5. | \-rtables:::next_cpos(lyt, nested)
  6. +-rtables::split_cols_by(...)
  7. | \-rtables:::next_cpos(lyt, nested)
  8. +-base::.handleSimpleError(...)
  9. | \-base (local) h(simpleError(msg, call))
 10. +-base::.handleSimpleError(...)
 11. | \-base (local) h(simpleError(msg, call))
 12. \-base::.handleSimpleError(...)
 13.   \-base (local) h(simpleError(msg, call))</error>
    </testcase>
    <testcase time="0.0359999999999996" classname="get_ref_info" name="get_ref_info_works_with_a_vector_analysis_function">
      <error type="error" message="Error in `h(simpleError(msg, call))`: error in evaluating the argument 'obj' in selecting a method for function 'last_rowsplit': error in evaluating the argument 'obj' in selecting a method for function 'next_cpos': error in evaluating the argument 'obj' in selecting a method for function 'next_cpos': unused argument (round_type = &quot;sas&quot;) ('test-get_ref_info.R:112:3')">Error in `h(simpleError(msg, call))`: error in evaluating the argument 'obj' in selecting a method for function 'last_rowsplit': error in evaluating the argument 'obj' in selecting a method for function 'next_cpos': error in evaluating the argument 'obj' in selecting a method for function 'next_cpos': unused argument (round_type = "sas")
Backtrace:
     x
  1. +-rtables::analyze(...) at test-get_ref_info.R:112:3
  2. | +-methods::is(last_rowsplit(lyt), "VAnalyzeSplit")
  3. | \-rtables:::last_rowsplit(lyt)
  4. +-rtables::split_cols_by(...)
  5. | \-rtables:::next_cpos(lyt, nested)
  6. +-rtables::split_cols_by(...)
  7. | \-rtables:::next_cpos(lyt, nested)
  8. +-base::.handleSimpleError(...)
  9. | \-base (local) h(simpleError(msg, call))
 10. +-base::.handleSimpleError(...)
 11. | \-base (local) h(simpleError(msg, call))
[...]
  3. |   \-testthat:::.rlang_check_is_string(...)
  4. |     \-rlang::is_string(x)
  5. \-junco (local) rtf_out_wrapper(empty_lsting, "testemptylisting")
  6.   \-junco::tt_to_tlgrtf(tt, file = fullfl, ..., combined_rtf = combined) at test-tt_to_tblfile.R:22:3
  7.     +-formatters::matrix_form(...)
  8.     \-rlistings::matrix_form(...)
  9.       \-rlistings (local) .local(...)
 10.         \-base::vapply(...)
 11.           \-formatters (local) FUN(X[[i]], ...)
 12.             \-base::match.arg(round_type)</error>
    </testcase>
    <testcase time="0.0370000000000026" classname="tt_to_tblfile" name="get_ncol_works_as_expected"/>
    <testcase time="1.922" classname="tt_to_tblfile" name="get_ncol_works_as_expected"/>
    <testcase time="0.423999999999999" classname="tt_to_tblfile" name="get_ncol_works_as_expected"/>
    <testcase time="0.00300000000000011" classname="tt_to_tblfile" name="get_ncol_works_as_expected"/>
    <testcase time="0.00399999999999778" classname="tt_to_tblfile" name="get_ncol_works_as_expected"/>
    <testcase time="2.451" classname="tt_to_tblfile" name="tt_to_tlgrtf_works_with_wide_table">
      <error type="error" message="Error in `obj_round_type(tt)`: could not find function &quot;obj_round_type&quot; ('test-tt_to_tblfile.R:96:3')">Error in `obj_round_type(tt)`: could not find function "obj_round_type"
Backtrace:
     x
  1. +-testthat::expect_silent(...) at test-tt_to_tblfile.R:96:3
  2. | \-testthat:::quasi_capture(enquo(object), NULL, evaluate_promise)
  3. |   +-testthat (local) .capture(...)
  4. |   | +-withr::with_output_sink(...)
  5. |   | | \-base::force(code)
  6. |   | +-base::withCallingHandlers(...)
  7. |   | \-base::withVisible(code)
  8. |   \-rlang::eval_bare(quo_get_expr(.quo), quo_get_env(.quo))
  9. +-base::suppressMessages(...)
 10. | \-base::withCallingHandlers(...)
 11. \-junco (local) rtf_out_wrapper(tbl_wide, "test2", part = NA)
 12.   \-junco::tt_to_tlgrtf(tt, file = fullfl, ..., combined_rtf = combined) at test-tt_to_tblfile.R:22:3
 13.     +-formatters::matrix_form(tt[1, , keep_topleft = TRUE], round_type = round_type)
 14.     \-rtables::matrix_form(tt[1, , keep_topleft = TRUE], round_type = round_type)
 15.       +-base::cbind(...)
 16.       +-rtables::get_formatted_cells(obj, round_type = round_type)
 17.       \-rtables::get_formatted_cells(obj, round_type = round_type)
 18.         \-base::lapply(...)
 19.           +-rtables (local) FUN(X[[i]], ...)
 20.           \-rtables (local) FUN(X[[i]], ...)
 21.             +-rtables::get_formatted_cells(...)
 22.             \-rtables::get_formatted_cells(...)
 23.               \-base::lapply(...)
 24.                 +-rtables (local) FUN(X[[i]], ...)
 25.                 \-rtables (local) FUN(X[[i]], ...)
 26.                   +-base::matrix(...)
 27.                   +-base::unlist(...)
 28.                   \-base::Map(...)
 29.                     \-base::mapply(FUN = f, ..., SIMPLIFY = FALSE)
 30.                       \-rtables (local) `&lt;fn&gt;`(val = dots[[1L]][[1L]], spn = dots[[2L]][[1L]], shelli = dots[[3L]][[1L]])
 31.                         \-rtables::format_rcell(...)
 32.                           \-formatters::format_value(...)
 33.                             \-base::match.arg(round_type)</error>
    </testcase>
    <testcase time="2.722" classname="tt_to_tblfile" name="tt_to_tlgrtf_works_with_argument_combined_rtf_TRUE">
      <error type="error" message="Error in `obj_round_type(tt)`: could not find function &quot;obj_round_type&quot; ('test-tt_to_tblfile.R:115:3')">Error in `obj_round_type(tt)`: could not find function "obj_round_type"
Backtrace:
     x
  1. +-testthat::expect_silent(...) at test-tt_to_tblfile.R:115:3
  2. | \-testthat:::quasi_capture(enquo(object), NULL, evaluate_promise)
  3. |   +-testthat (local) .capture(...)
  4. |   | +-withr::with_output_sink(...)
  5. |   | | \-base::force(code)
  6. |   | +-base::withCallingHandlers(...)
  7. |   | \-base::withVisible(code)
  8. |   \-rlang::eval_bare(quo_get_expr(.quo), quo_get_env(.quo))
  9. +-base::suppressMessages(...)
 10. | \-base::withCallingHandlers(...)
 11. \-junco (local) rtf_out_wrapper(tbl_wide, "test3", combined = TRUE)
 12.   \-junco::tt_to_tlgrtf(tt, file = fullfl, ..., combined_rtf = combined) at test-tt_to_tblfile.R:22:3
 13.     +-formatters::matrix_form(tt[1, , keep_topleft = TRUE], round_type = round_type)
 14.     \-rtables::matrix_form(tt[1, , keep_topleft = TRUE], round_type = round_type)
 15.       +-base::cbind(...)
 16.       +-rtables::get_formatted_cells(obj, round_type = round_type)
 17.       \-rtables::get_formatted_cells(obj, round_type = round_type)
 18.         \-base::lapply(...)
 19.           +-rtables (local) FUN(X[[i]], ...)
 20.           \-rtables (local) FUN(X[[i]], ...)
 21.             +-rtables::get_formatted_cells(...)
 22.             \-rtables::get_formatted_cells(...)
 23.               \-base::lapply(...)
 24.                 +-rtables (local) FUN(X[[i]], ...)
 25.                 \-rtables (local) FUN(X[[i]], ...)
 26.                   +-base::matrix(...)
 27.                   +-base::unlist(...)
 28.                   \-base::Map(...)
 29.                     \-base::mapply(FUN = f, ..., SIMPLIFY = FALSE)
 30.                       \-rtables (local) `&lt;fn&gt;`(val = dots[[1L]][[1L]], spn = dots[[2L]][[1L]], shelli = dots[[3L]][[1L]])
 31.                         \-rtables::format_rcell(...)
 32.                           \-formatters::format_value(...)
 33.                             \-base::match.arg(round_type)</error>
    </testcase>
    <testcase time="0.113" classname="tt_to_tblfile" name="tt_to_tlgrtf_converts_table_tree_to_tlg_without_error">
      <error type="error" message="Error in `obj_round_type(tt)`: could not find function &quot;obj_round_type&quot; ('test-tt_to_tblfile.R:131:3')">Error in `obj_round_type(tt)`: could not find function "obj_round_type"
Backtrace:
     x
  1. +-testthat::expect_snapshot_file(...) at test-tt_to_tblfile.R:131:3
  2. | \-testthat:::check_string(path)
  3. |   \-testthat:::.rlang_check_is_string(...)
  4. |     \-rlang::is_string(x)
  5. \-junco (local) rtf_out_wrapper(tbl, "test1")
  6.   \-junco::tt_to_tlgrtf(tt, file = fullfl, ..., combined_rtf = combined) at test-tt_to_tblfile.R:22:3
  7.     +-formatters::matrix_form(tt[1, , keep_topleft = TRUE], round_type = round_type)
  8.     \-rtables::matrix_form(tt[1, , keep_topleft = TRUE], round_type = round_type)
  9.       +-base::cbind(...)
 10.       +-rtables::get_formatted_cells(obj, round_type = round_type)
 11.       \-rtables::get_formatted_cells(obj, round_type = round_type)
 12.         \-base::lapply(...)
 13.           +-rtables (local) FUN(X[[i]], ...)
 14.           \-rtables (local) FUN(X[[i]], ...)
 15.             +-base::matrix(...)
 16.             +-base::unlist(...)
 17.             \-base::Map(...)
 18.               \-base::mapply(FUN = f, ..., SIMPLIFY = FALSE)
 19.                 \-rtables (local) `&lt;fn&gt;`(val = dots[[1L]][[1L]], spn = dots[[2L]][[1L]], shelli = dots[[3L]][[1L]])
 20.                   \-rtables::format_rcell(...)
 21.                     \-formatters::format_value(...)
 22.                       \-base::match.arg(round_type)</error>
    </testcase>
    <testcase time="0.027000000000001" classname="tt_to_tblfile" name="cwidths_final_adj_calculates_adjusted_column_widths_correctly"/>
    <testcase time="0.00300000000000011" classname="tt_to_tblfile" name="cwidths_final_adj_calculates_adjusted_column_widths_correctly"/>
    <testcase time="0.0069999999999979" classname="tt_to_tblfile" name="make_bordmat_row_creates_border_matrix_row_correctly"/>
    <testcase time="0.00100000000000122" classname="tt_to_tblfile" name="make_bordmat_row_creates_border_matrix_row_correctly"/>
    <testcase time="0.00300000000000011" classname="tt_to_tblfile" name="make_bordmat_row_creates_border_matrix_row_correctly"/>
    <testcase time="0.0960000000000001" classname="tt_to_tblfile" name="tt_to_tlgrtf_validates_table_structure_correctly">
      <error type="error" message="Error in `obj_round_type(tt)`: could not find function &quot;obj_round_type&quot; ('test-tt_to_tblfile.R:210:3')">Error in `obj_round_type(tt)`: could not find function "obj_round_type"
Backtrace:
     x
  1. +-testthat::expect_warning(...) at test-tt_to_tblfile.R:210:3
  2. | \-testthat:::expect_condition_matching_(...)
  3. |   \-testthat:::quasi_capture(...)
  4. |     +-testthat (local) .capture(...)
  5. |     | \-base::withCallingHandlers(...)
  6. |     \-rlang::eval_bare(quo_get_expr(.quo), quo_get_env(.quo))
  7. \-junco::tt_to_tlgrtf(badtbl, file = NULL, validate = TRUE)
  8.   +-formatters::matrix_form(tt[1, , keep_topleft = TRUE], round_type = round_type)
  9.   \-rtables::matrix_form(tt[1, , keep_topleft = TRUE], round_type = round_type)
 10.     +-base::cbind(...)
 11.     +-rtables::get_formatted_cells(obj, round_type = round_type)
 12.     \-rtables::get_formatted_cells(obj, round_type = round_type)
 13.       \-base::lapply(...)
 14.         +-rtables (local) FUN(X[[i]], ...)
 15.         \-rtables (local) FUN(X[[i]], ...)
 16.           +-rtables::get_formatted_cells(...)
 17.           \-rtables::get_formatted_cells(...)
 18.             \-base::lapply(...)
 19.               +-rtables (local) FUN(X[[i]], ...)
 20.               \-rtables (local) FUN(X[[i]], ...)
 21.                 +-base::matrix(...)
 22.                 +-base::unlist(...)
 23.                 \-base::Map(...)
 24.                   \-base::mapply(FUN = f, ..., SIMPLIFY = FALSE)
 25.                     \-rtables (local) `&lt;fn&gt;`(val = dots[[1L]][[1L]], spn = dots[[2L]][[1L]], shelli = dots[[3L]][[1L]])
 26.                       \-rtables::format_rcell(...)
 27.                         \-formatters::format_value(...)
 28.                           \-base::match.arg(round_type)</error>
    </testcase>
    <testcase time="0.114000000000001" classname="tt_to_tblfile" name="tt_to_tlgrtf_does_not_warn_for_valid_table_structures">
      <error type="error" message="Error in `obj_round_type(tt)`: could not find function &quot;obj_round_type&quot; ('test-tt_to_tblfile.R:237:3')">Error in `obj_round_type(tt)`: could not find function "obj_round_type"
Backtrace:
     x
  1. +-testthat::expect_no_warning(tt_to_tlgrtf(tbl, file = NULL, validate = TRUE)) at test-tt_to_tblfile.R:237:3
  2. | \-testthat:::expect_no_(...)
  3. |   \-testthat:::quasi_capture(enquo(object), NULL, capture)
  4. |     +-testthat (local) .capture(...)
  5. |     | +-base::withRestarts(...)
  6. |     | | \-base (local) withOneRestart(expr, restarts[[1L]])
  7. |     | |   \-base (local) doWithOneRestart(return(expr), restart)
  8. |     | \-base::withCallingHandlers(...)
  9. |     \-rlang::eval_bare(quo_get_expr(.quo), quo_get_env(.quo))
 10. \-junco::tt_to_tlgrtf(tbl, file = NULL, validate = TRUE)
 11.   +-formatters::matrix_form(tt[1, , keep_topleft = TRUE], round_type = round_type)
 12.   \-rtables::matrix_form(tt[1, , keep_topleft = TRUE], round_type = round_type)
 13.     +-base::cbind(...)
 14.     +-rtables::get_formatted_cells(obj, round_type = round_type)
 15.     \-rtables::get_formatted_cells(obj, round_type = round_type)
 16.       \-base::lapply(...)
 17.         +-rtables (local) FUN(X[[i]], ...)
 18.         \-rtables (local) FUN(X[[i]], ...)
 19.           +-base::matrix(...)
 20.           +-base::unlist(...)
 21.           \-base::Map(...)
 22.             \-base::mapply(FUN = f, ..., SIMPLIFY = FALSE)
 23.               \-rtables (local) `&lt;fn&gt;`(val = dots[[1L]][[1L]], spn = dots[[2L]][[1L]], shelli = dots[[3L]][[1L]])
 24.                 \-rtables::format_rcell(...)
 25.                   \-formatters::format_value(...)
 26.                     \-base::match.arg(round_type)</error>
    </testcase>
    <testcase time="0.113999999999997" classname="tt_to_tblfile" name="tt_to_tlgrtf_respects_JUNCO_DISABLE_VALIDATION_environment_variable">
      <error type="error" message="Error in `obj_round_type(tt)`: could not find function &quot;obj_round_type&quot; ('test-tt_to_tblfile.R:258:3')">Error in `obj_round_type(tt)`: could not find function "obj_round_type"
Backtrace:
     x
  1. +-testthat::expect_no_warning(...) at test-tt_to_tblfile.R:258:3
  2. | \-testthat:::expect_no_(...)
  3. |   \-testthat:::quasi_capture(enquo(object), NULL, capture)
  4. |     +-testthat (local) .capture(...)
  5. |     | +-base::withRestarts(...)
  6. |     | | \-base (local) withOneRestart(expr, restarts[[1L]])
  7. |     | |   \-base (local) doWithOneRestart(return(expr), restart)
  8. |     | \-base::withCallingHandlers(...)
  9. |     \-rlang::eval_bare(quo_get_expr(.quo), quo_get_env(.quo))
 10. \-junco::tt_to_tlgrtf(badtbl, file = NULL, validate = TRUE)
 11.   +-formatters::matrix_form(tt[1, , keep_topleft = TRUE], round_type = round_type)
 12.   \-rtables::matrix_form(tt[1, , keep_topleft = TRUE], round_type = round_type)
 13.     +-base::cbind(...)
 14.     +-rtables::get_formatted_cells(obj, round_type = round_type)
 15.     \-rtables::get_formatted_cells(obj, round_type = round_type)
 16.       \-base::lapply(...)
 17.         +-rtables (local) FUN(X[[i]], ...)
 18.         \-rtables (local) FUN(X[[i]], ...)
 19.           +-rtables::get_formatted_cells(...)
 20.           \-rtables::get_formatted_cells(...)
 21.             \-base::lapply(...)
 22.               +-rtables (local) FUN(X[[i]], ...)
 23.               \-rtables (local) FUN(X[[i]], ...)
 24.                 +-base::matrix(...)
 25.                 +-base::unlist(...)
 26.                 \-base::Map(...)
 27.                   \-base::mapply(FUN = f, ..., SIMPLIFY = FALSE)
 28.                     \-rtables (local) `&lt;fn&gt;`(val = dots[[1L]][[1L]], spn = dots[[2L]][[1L]], shelli = dots[[3L]][[1L]])
 29.                       \-rtables::format_rcell(...)
 30.                         \-formatters::format_value(...)
 31.                           \-base::match.arg(round_type)</error>
    </testcase>
    <testcase time="0.148" classname="tt_to_tblfile" name="more_top_left_than_col_headers_works">
      <error type="error" message="Error in `obj_round_type(tt)`: could not find function &quot;obj_round_type&quot; ('test-tt_to_tblfile.R:290:3')">Error in `obj_round_type(tt)`: could not find function "obj_round_type"
Backtrace:
     x
  1. +-testthat::expect_silent(tt_to_tlgrtf(tbl, file = tmpfile)) at test-tt_to_tblfile.R:290:3
  2. | \-testthat:::quasi_capture(enquo(object), NULL, evaluate_promise)
  3. |   +-testthat (local) .capture(...)
  4. |   | +-withr::with_output_sink(...)
  5. |   | | \-base::force(code)
  6. |   | +-base::withCallingHandlers(...)
  7. |   | \-base::withVisible(code)
  8. |   \-rlang::eval_bare(quo_get_expr(.quo), quo_get_env(.quo))
  9. \-junco::tt_to_tlgrtf(tbl, file = tmpfile)
 10.   \-formatters::paginate_to_mpfs(...)
 11.     +-formatters::matrix_form(...)
 12.     \-rtables::matrix_form(...)
 13.       +-base::cbind(...)
 14.       +-rtables::get_formatted_cells(obj, round_type = round_type)
 15.       \-rtables::get_formatted_cells(obj, round_type = round_type)
 16.         \-base::lapply(...)
 17.           +-rtables (local) FUN(X[[i]], ...)
 18.           \-rtables (local) FUN(X[[i]], ...)
 19.             \-base::lapply(...)
 20.               +-rtables (local) FUN(X[[i]], ...)
 21.               \-rtables (local) FUN(X[[i]], ...)
 22.                 \-base::lapply(...)
 23.                   +-rtables (local) FUN(X[[i]], ...)
 24.                   \-rtables (local) FUN(X[[i]], ...)
 25.                     \-base::lapply(...)
 26.                       +-rtables (local) FUN(X[[i]], ...)
 27.                       \-rtables (local) FUN(X[[i]], ...)
 28.                         \-base::lapply(...)
 29.                           +-rtables (local) FUN(X[[i]], ...)
 30.                           \-rtables (local) FUN(X[[i]], ...)
 31.                             \-base::lapply(...)
 32.                               +-rtables (local) FUN(X[[i]], ...)
 33.                               \-rtables (local) FUN(X[[i]], ...)
 34.                                 \-base::lapply(...)
 35.                                   +-rtables (local) FUN(X[[i]], ...)
 36.                                   \-rtables (local) FUN(X[[i]], ...)
 37.                                     +-base::matrix(...)
 38.                                     +-base::unlist(...)
 39.                                     \-base::Map(...)
 40.                                       \-base::mapply(FUN = f, ..., SIMPLIFY = FALSE)
 41.                                         \-rtables (local) `&lt;fn&gt;`(val = dots[[1L]][[1L]], spn = dots[[2L]][[1L]], shelli = dots[[3L]][[1L]])
 42.                                           \-rtables::format_rcell(...)
 43.                                             \-formatters::format_value(...)
 44.                                               \-base::match.arg(round_type)</error>
    </testcase>
  </testsuite>
  <testsuite name="varia" timestamp="2025-12-04T10:19:50Z" hostname="f4449a2dad94" tests="16" skipped="0" failures="0" errors="0" time="2.623">
    <testcase time="0.0750000000000028" classname="varia" name="a_freq_j_works_old_count_unq_case_"/>
    <testcase time="0.0399999999999991" classname="varia" name="a_freq_j_works_old_count_unq_case_"/>
    <testcase time="0.158999999999999" classname="varia" name="a_freq_subcol_j_works_old_case_of_cpct_subcol_"/>
    <testcase time="0.545999999999999" classname="varia" name="a_freq_combos_j_old_cpct_filter_combos_case_works"/>
    <testcase time="0.628" classname="varia" name="_a_freq_j_works"/>
    <testcase time="0.229000000000003" classname="varia" name="a_freq_j_works_old_count_subject_case_"/>
    <testcase time="0.491999999999997" classname="varia" name="a_freq_j_works_old_count_subject_case_"/>
    <testcase time="0.00900000000000034" classname="varia" name="a_freq_j_works_old_count_subject_case_"/>
    <testcase time="0.00900000000000034" classname="varia" name="a_freq_j_works_old_count_subject_case_"/>
    <testcase time="0.0730000000000004" classname="varia" name="_a_freq_j_works"/>
    <testcase time="0.088000000000001" classname="varia" name="a_freq_j_works_old_a_countpat_newlevels_case_"/>
    <testcase time="0.0129999999999981" classname="varia" name="a_freq_j_works_old_a_countpat_newlevels_case_"/>
    <testcase time="0.00399999999999778" classname="varia" name="a_freq_j_works_old_a_countpat_newlevels_case_"/>
    <testcase time="0.199000000000005" classname="varia" name="a_summarize_ex_j_works"/>
    <testcase time="0.0259999999999962" classname="varia" name="a_summarize_ex_j_works"/>
    <testcase time="0.0330000000000013" classname="varia" name="a_summarize_ex_j_works"/>
  </testsuite>
  <testsuite name="visit_levels" timestamp="2025-12-04T10:19:53Z" hostname="f4449a2dad94" tests="8" skipped="0" failures="0" errors="0" time="0.043">
    <testcase time="0.0110000000000028" classname="visit_levels" name="get_visit_levels_returns_visit_levels_in_correct_order"/>
    <testcase time="0.00399999999999778" classname="visit_levels" name="get_visit_levels_returns_visit_levels_in_correct_order"/>
    <testcase time="0.00300000000000011" classname="visit_levels" name="get_visit_levels_returns_visit_levels_in_correct_order"/>
    <testcase time="0.00300000000000011" classname="visit_levels" name="get_visit_levels_returns_visit_levels_in_correct_order"/>
    <testcase time="0.00900000000000034" classname="visit_levels" name="get_visit_levels_validates_input_correctly"/>
    <testcase time="0.00399999999999778" classname="visit_levels" name="get_visit_levels_validates_input_correctly"/>
    <testcase time="0.00400000000000489" classname="visit_levels" name="get_visit_levels_validates_input_correctly"/>
    <testcase time="0.00499999999999545" classname="visit_levels" name="get_visit_levels_validates_input_correctly"/>
  </testsuite>
</testsuites>
