<?xml version="1.0" encoding="UTF-8"?>
<testsuites>
  <testsuite name="a_freq_j" timestamp="2025-12-02T09:26:33Z" hostname="a0e5bcd5a860" tests="3" skipped="2" failures="0" errors="0" time="0.548">
    <testcase time="0.134" classname="a_freq_j" name="a_freq_j_with_label_map_works_in_a_table_layout_as_expected">
      <skipped message="Reason: empty test ('test-a_freq_j.R:1:1')"/>
    </testcase>
    <testcase time="0.19" classname="a_freq_j" name="a_freq_j_with_label_map_restricts_the_values_according_to_row_split_and_label_map">
      <skipped message="Reason: empty test ('test-a_freq_j.R:25:1')"/>
    </testcase>
    <testcase time="0.224" classname="a_freq_j" name="a_freq_j_with_exclude_allows_to_exclude_row_split_levels_from_the_analysis"/>
  </testsuite>
  <testsuite name="a_freq_resp_var_j" timestamp="2025-12-02T09:26:34Z" hostname="a0e5bcd5a860" tests="9" skipped="0" failures="0" errors="0" time="0.473">
    <testcase time="0.0910000000000002" classname="a_freq_resp_var_j" name="a_freq_resp_var_j_works_as_expected_with_basic_usage"/>
    <testcase time="0.0329999999999999" classname="a_freq_resp_var_j" name="a_freq_resp_var_j_works_as_expected_with_basic_usage"/>
    <testcase time="0.004" classname="a_freq_resp_var_j" name="a_freq_resp_var_j_works_as_expected_with_basic_usage"/>
    <testcase time="0.0649999999999999" classname="a_freq_resp_var_j" name="a_freq_resp_var_j_works_with_factor_responses"/>
    <testcase time="0.0699999999999998" classname="a_freq_resp_var_j" name="a_freq_resp_var_j_handles_missing_values_correctly"/>
    <testcase time="0.044" classname="a_freq_resp_var_j" name="a_freq_resp_var_j_errors_on_invalid_responses"/>
    <testcase time="0.0409999999999999" classname="a_freq_resp_var_j" name="a_freq_resp_var_j_errors_when_resp_var_is_null"/>
    <testcase time="0.0600000000000001" classname="a_freq_resp_var_j" name="a_freq_resp_var_j_works_with_drop_levels_parameter"/>
    <testcase time="0.0649999999999999" classname="a_freq_resp_var_j" name="a_freq_resp_var_j_works_with_riskdiff_parameter"/>
  </testsuite>
  <testsuite name="a_maxlev" timestamp="2025-12-02T09:26:34Z" hostname="a0e5bcd5a860" tests="9" skipped="0" failures="1" errors="0" time="0.741">
    <testcase time="0.173" classname="a_maxlev" name="a_maxlev_produces_correct_numbers_for_single_treatment_per_subject"/>
    <testcase time="0.126" classname="a_maxlev" name="a_maxlev_produces_correct_numbers_for_single_treatment_per_subject">
      <failure type="failure" message="Expected `res_act` to be identical to `res_exp`. ('test-a_maxlev.R:41:3')">Expected `res_act` to be identical to `res_exp`.
Differences:
     actual        | expected          
[23] "23 (17.4%)"  | "23 (17.4%)"  [23]
[24] "93 (70.5%)"  | "93 (70.5%)"  [24]
[25] "Total"       | "Total"       [25]
[26] "365 (91.2%)" - "365 (91.3%)" [26]
[27] "0"           | "0"           [27]
[28] "20 (5.0%)"   | "20 (5.0%)"   [28]
[29] "71 (17.8%)"  | "71 (17.8%)"  [29]
</failure>
    </testcase>
    <testcase time="0.101" classname="a_maxlev" name="a_maxlev_produces_correct_numbers_for_sequence_of_treatments_missing_values_"/>
    <testcase time="0.0600000000000001" classname="a_maxlev" name="a_maxlev_produces_correct_numbers_for_sequence_of_treatments_missing_values_"/>
    <testcase time="0.085" classname="a_maxlev" name="a_maxlev_produces_correct_numbers_for_sequence_of_treatments_all_values_are_missing_for_one_treatement_"/>
    <testcase time="0.0509999999999997" classname="a_maxlev" name="a_maxlev_produces_correct_numbers_for_sequence_of_treatments_all_values_are_missing_for_one_treatement_"/>
    <testcase time="0.0630000000000002" classname="a_maxlev" name="a_maxlev_produces_correct_numbers_when_any_level_is_active_for_custom_level_excl._"/>
    <testcase time="0.032" classname="a_maxlev" name="a_maxlev_produces_correct_numbers_when_any_level_is_active_for_custom_level_excl._"/>
    <testcase time="0.0499999999999998" classname="a_maxlev" name="a_maxlev_throws_an_error_for_not_ordered_variable"/>
  </testsuite>
  <testsuite name="a_summarize_aval_chg_diff" timestamp="2025-12-02T09:26:35Z" hostname="a0e5bcd5a860" tests="7" skipped="0" failures="0" errors="0" time="0.411">
    <testcase time="0.0140000000000002" classname="a_summarize_aval_chg_diff" name="a_summarize_aval_chg_diff_j_works_as_expected"/>
    <testcase time="0.136" classname="a_summarize_aval_chg_diff" name="a_summarize_aval_chg_diff_j_works_as_expected"/>
    <testcase time="0.00100000000000033" classname="a_summarize_aval_chg_diff" name="a_summarize_aval_chg_diff_j_works_as_expected"/>
    <testcase time="0.004" classname="a_summarize_aval_chg_diff" name="a_summarize_aval_chg_diff_j_works_as_expected"/>
    <testcase time="0.250999999999999" classname="a_summarize_aval_chg_diff" name="a_summarize_aval_chg_diff_j_works_with_ancova_TRUE"/>
    <testcase time="0.00100000000000033" classname="a_summarize_aval_chg_diff" name="a_summarize_aval_chg_diff_j_works_with_ancova_TRUE"/>
    <testcase time="0.00400000000000045" classname="a_summarize_aval_chg_diff" name="a_summarize_aval_chg_diff_j_works_with_ancova_TRUE"/>
  </testsuite>
  <testsuite name="analyze_values" timestamp="2025-12-02T09:26:36Z" hostname="a0e5bcd5a860" tests="7" skipped="0" failures="0" errors="0" time="0.113">
    <testcase time="0.0179999999999998" classname="analyze_values" name="analyze_values_correctly_modifies_layout_with_proper_formats"/>
    <testcase time="0.0809999999999995" classname="analyze_values" name="analyze_values_correctly_modifies_layout_with_proper_formats"/>
    <testcase time="0.00300000000000011" classname="analyze_values" name="analyze_values_correctly_modifies_layout_with_proper_formats"/>
    <testcase time="0.00300000000000011" classname="analyze_values" name="analyze_values_correctly_modifies_layout_with_proper_formats"/>
    <testcase time="0.00300000000000011" classname="analyze_values" name="analyze_values_correctly_modifies_layout_with_proper_formats"/>
    <testcase time="0.00199999999999978" classname="analyze_values" name="analyze_values_correctly_modifies_layout_with_proper_formats"/>
    <testcase time="0.00300000000000011" classname="analyze_values" name="analyze_values_correctly_modifies_layout_with_proper_formats"/>
  </testsuite>
  <testsuite name="ancova" timestamp="2025-12-02T09:26:36Z" hostname="a0e5bcd5a860" tests="3" skipped="0" failures="0" errors="0" time="0.772">
    <testcase time="0.236" classname="ancova" name="fit_ancova_works_as_expected"/>
    <testcase time="0.00200000000000067" classname="ancova" name="fit_ancova_works_as_expected"/>
    <testcase time="0.534" classname="ancova" name="fit_ancova_works_as_expected"/>
  </testsuite>
  <testsuite name="ancova_rbmi" timestamp="2025-12-02T09:26:36Z" hostname="a0e5bcd5a860" tests="2" skipped="0" failures="0" errors="2" time="0.09">
    <testcase time="0.0289999999999999" classname="ancova_rbmi" name="rbmi_ancova_single_works_also_with_multiple_treatment_arms">
      <error type="error" message="&lt;packageNotFoundError/error/condition&gt; ('test-ancova_rbmi.R:16:3')">&lt;packageNotFoundError/error/condition&gt;
Error in `loadNamespace(name)`: there is no package called 'rbmi'
Backtrace:
     x
  1. \-junco::rbmi_ancova_single(...) at test-ancova_rbmi.R:16:3
  2.   +-...[]
  3.   +-tibble:::`[.tbl_df`(...)
  4.   \-utils::getFromNamespace("extract_covariates", "rbmi")
  5.     \-base::asNamespace(ns)
  6.       \-base::getNamespace(ns)
  7.         +-.Internal(getRegisteredNamespace(name)) %||% ...
  8.         \-base::loadNamespace(name)
  9.           \-base::withRestarts(stop(cond), retry_loadNamespace = function() NULL)
 10.             \-base (local) withOneRestart(expr, restarts[[1L]])
 11.               \-base (local) doWithOneRestart(return(expr), restart)</error>
    </testcase>
    <testcase time="0.0609999999999999" classname="ancova_rbmi" name="ancova_now_works_also_with_multiple_treatment_arms">
      <error type="error" message="&lt;packageNotFoundError/error/condition&gt; ('test-ancova_rbmi.R:44:3')">&lt;packageNotFoundError/error/condition&gt;
Error in `loadNamespace(name)`: there is no package called 'rbmi'
Backtrace:
    x
 1. \-junco::rbmi_ancova(...) at test-ancova_rbmi.R:44:3
 2.   \-utils::getFromNamespace("extract_covariates", "rbmi")
 3.     \-base::asNamespace(ns)
 4.       \-base::getNamespace(ns)
 5.         +-.Internal(getRegisteredNamespace(name)) %||% ...
 6.         \-base::loadNamespace(name)
 7.           \-base::withRestarts(stop(cond), retry_loadNamespace = function() NULL)
 8.             \-base (local) withOneRestart(expr, restarts[[1L]])
 9.               \-base (local) doWithOneRestart(return(expr), restart)</error>
    </testcase>
  </testsuite>
  <testsuite name="blank_line" timestamp="2025-12-02T09:26:37Z" hostname="a0e5bcd5a860" tests="15" skipped="0" failures="0" errors="0" time="0.818">
    <testcase time="0.287" classname="blank_line" name="insert_blank_line_works_as_expected"/>
    <testcase time="0.151" classname="blank_line" name="insert_blank_line_works_as_expected"/>
    <testcase time="0.235" classname="blank_line" name="insert_blank_line_optionally_uses_custom_table_names"/>
    <testcase time="0.124" classname="blank_line" name="insert_blank_line_optionally_uses_custom_table_names"/>
    <testcase time="0.00300000000000011" classname="blank_line" name="insert_blank_line_optionally_uses_custom_table_names"/>
    <testcase time="0.00300000000000011" classname="blank_line" name="insert_blank_line_optionally_uses_custom_table_names"/>
    <testcase time="0.00199999999999978" classname="blank_line" name="insert_blank_line_optionally_uses_custom_table_names"/>
    <testcase time="0.00300000000000011" classname="blank_line" name="insert_blank_line_optionally_uses_custom_table_names"/>
    <testcase time="0.00300000000000011" classname="blank_line" name="insert_blank_line_optionally_uses_custom_table_names"/>
    <testcase time="0.00100000000000033" classname="blank_line" name="insert_blank_line_optionally_uses_custom_table_names"/>
    <testcase time="0.000999999999999446" classname="blank_line" name="insert_blank_line_optionally_uses_custom_table_names"/>
    <testcase time="0.00100000000000033" classname="blank_line" name="insert_blank_line_optionally_uses_custom_table_names"/>
    <testcase time="0.00199999999999978" classname="blank_line" name="insert_blank_line_optionally_uses_custom_table_names"/>
    <testcase time="0.00100000000000033" classname="blank_line" name="insert_blank_line_optionally_uses_custom_table_names"/>
    <testcase time="0.000999999999999446" classname="blank_line" name="insert_blank_line_optionally_uses_custom_table_names"/>
  </testsuite>
  <testsuite name="cmhrms" timestamp="2025-12-02T09:26:37Z" hostname="a0e5bcd5a860" tests="12" skipped="0" failures="0" errors="0" time="0.363">
    <testcase time="0.0800000000000001" classname="cmhrms" name="s_cmhrms_j_works_as_expected_with_and_without_strata"/>
    <testcase time="0.00600000000000023" classname="cmhrms" name="s_cmhrms_j_works_as_expected_with_and_without_strata"/>
    <testcase time="0.00400000000000045" classname="cmhrms" name="s_cmhrms_j_works_as_expected_with_and_without_strata"/>
    <testcase time="0.00499999999999989" classname="cmhrms" name="s_cmhrms_j_works_as_expected_with_and_without_strata"/>
    <testcase time="0.00600000000000023" classname="cmhrms" name="s_cmhrms_j_works_as_expected_with_empty_data_set_or_in_reference_column"/>
    <testcase time="0.00299999999999923" classname="cmhrms" name="s_cmhrms_j_works_as_expected_with_empty_data_set_or_in_reference_column"/>
    <testcase time="0.0120000000000005" classname="cmhrms" name="s_cmhrms_j_works_as_expected_with_empty_data_set_or_in_reference_column"/>
    <testcase time="0.00300000000000011" classname="cmhrms" name="s_cmhrms_j_works_as_expected_with_empty_data_set_or_in_reference_column"/>
    <testcase time="0.0430000000000001" classname="cmhrms" name="a_cmhrms_j_works_in_a_table_layout_as_expected"/>
    <testcase time="0.0940000000000003" classname="cmhrms" name="a_cmhrms_j_works_in_a_table_layout_as_expected"/>
    <testcase time="0.0720000000000001" classname="cmhrms" name="a_cmhrms_j_with_exclude_works_in_a_table_layout_as_expected"/>
    <testcase time="0.0350000000000001" classname="cmhrms" name="a_cmhrms_j_with_exclude_works_in_a_table_layout_as_expected"/>
  </testsuite>
  <testsuite name="cmp_functions" timestamp="2025-12-02T09:26:38Z" hostname="a0e5bcd5a860" tests="4" skipped="0" failures="0" errors="0" time="0.226">
    <testcase time="0.191" classname="cmp_functions" name="cmp_split_fun_works_as_expected"/>
    <testcase time="0.0119999999999996" classname="cmp_functions" name="cmp_cfun_works_correctly_for_expected_column"/>
    <testcase time="0.0110000000000001" classname="cmp_functions" name="cmp_cfun_works_correctly_for_received_column"/>
    <testcase time="0.0119999999999996" classname="cmp_functions" name="cmp_cfun_works_correctly_for_missing_column"/>
  </testsuite>
  <testsuite name="column_stats" timestamp="2025-12-02T09:26:38Z" hostname="a0e5bcd5a860" tests="29" skipped="0" failures="0" errors="0" time="0.135">
    <testcase time="0.0110000000000001" classname="column_stats" name="column_stats_returns_correct_row_values_for_AVAL_mean"/>
    <testcase time="0.00400000000000045" classname="column_stats" name="column_stats_returns_correct_row_values_for_AVAL_mean"/>
    <testcase time="0.00300000000000011" classname="column_stats" name="column_stats_returns_correct_row_values_for_AVAL_mean"/>
    <testcase time="0.000999999999999446" classname="column_stats" name="column_stats_returns_correct_row_values_for_AVAL_mean"/>
    <testcase time="0.00100000000000033" classname="column_stats" name="column_stats_returns_correct_row_values_for_AVAL_mean"/>
    <testcase time="0.000999999999999446" classname="column_stats" name="column_stats_returns_correct_row_values_for_AVAL_mean"/>
    <testcase time="0.00600000000000023" classname="column_stats" name="column_stats_excludes_Baseline_for_CHG_stat_N"/>
    <testcase time="0.00300000000000011" classname="column_stats" name="column_stats_excludes_Baseline_for_CHG_stat_N"/>
    <testcase time="0.00199999999999978" classname="column_stats" name="column_stats_excludes_Baseline_for_CHG_stat_N"/>
    <testcase time="0.00200000000000067" classname="column_stats" name="column_stats_excludes_Baseline_for_CHG_stat_N"/>
    <testcase time="0.00199999999999978" classname="column_stats" name="column_stats_excludes_Baseline_for_CHG_stat_N"/>
    <testcase time="0.00699999999999967" classname="column_stats" name="column_stats_calculates_SD_statistic_correctly"/>
    <testcase time="0.0259999999999998" classname="column_stats" name="column_stats_calculates_mean_sd_statistic_correctly"/>
    <testcase time="0.00900000000000034" classname="column_stats" name="column_stats_calculates_SE_statistic_correctly"/>
    <testcase time="0.00699999999999967" classname="column_stats" name="column_stats_calculates_Med_Min_Max_correctly"/>
    <testcase time="0.00300000000000011" classname="column_stats" name="column_stats_calculates_Med_Min_Max_correctly"/>
    <testcase time="0.00300000000000011" classname="column_stats" name="column_stats_calculates_Med_Min_Max_correctly"/>
    <testcase time="0.00699999999999967" classname="column_stats" name="column_stats_handles_BASE_variable_correctly"/>
    <testcase time="0.00199999999999978" classname="column_stats" name="column_stats_handles_BASE_variable_correctly"/>
    <testcase time="0.00600000000000023" classname="column_stats" name="column_stats_handles_iec_round_type_correctly"/>
    <testcase time="0.00400000000000045" classname="column_stats" name="column_stats_handles_iec_round_type_correctly"/>
    <testcase time="0.00299999999999923" classname="column_stats" name="column_stats_handles_iec_round_type_correctly"/>
    <testcase time="0.00200000000000067" classname="column_stats" name="column_stats_handles_iec_round_type_correctly"/>
    <testcase time="0.00300000000000011" classname="column_stats" name="column_stats_handles_iec_round_type_correctly"/>
    <testcase time="0.00299999999999923" classname="column_stats" name="column_stats_handles_iec_round_type_correctly"/>
    <testcase time="0.00300000000000011" classname="column_stats" name="column_stats_handles_iec_round_type_correctly"/>
    <testcase time="0.00300000000000011" classname="column_stats" name="column_stats_handles_iec_round_type_correctly"/>
    <testcase time="0.00300000000000011" classname="column_stats" name="column_stats_handles_iec_round_type_correctly"/>
    <testcase time="0.00499999999999989" classname="column_stats" name="calc_N_returns_NULL_for_non_AVAL_variables"/>
  </testsuite>
  <testsuite name="colwidths" timestamp="2025-12-02T09:26:38Z" hostname="a0e5bcd5a860" tests="11" skipped="0" failures="0" errors="0" time="0.512">
    <testcase time="0.147" classname="colwidths" name="ttype_wrap_vec_works_as_expected"/>
    <testcase time="0.0609999999999999" classname="colwidths" name="check_wrap_nobreak_works_as_expected"/>
    <testcase time="0.0499999999999998" classname="colwidths" name="check_wrap_nobreak_works_as_expected"/>
    <testcase time="0.0700000000000003" classname="colwidths" name="def_colwidths_works_as_expected"/>
    <testcase time="0.0979999999999999" classname="colwidths" name="listing_column_widths_works_as_expected"/>
    <testcase time="0.00300000000000011" classname="colwidths" name="listing_column_widths_works_as_expected"/>
    <testcase time="0.048" classname="colwidths" name="find_free_colspc_works_as_expected"/>
    <testcase time="0.00899999999999945" classname="colwidths" name="smart_colwidths_1page_works_as_expected"/>
    <testcase time="0.0100000000000007" classname="colwidths" name="smart_colwidths_1page_works_as_expected"/>
    <testcase time="0.00899999999999945" classname="colwidths" name="smart_colwidths_1page_works_as_expected"/>
    <testcase time="0.00700000000000056" classname="colwidths" name="spaces_to_inches_works_as_expected"/>
  </testsuite>
  <testsuite name="count_pct" timestamp="2025-12-02T09:26:39Z" hostname="a0e5bcd5a860" tests="24" skipped="0" failures="1" errors="0" time="7.29">
    <testcase time="0.191999999999999" classname="count_pct" name="a_freq_j_with_val_NA_and_denom_option"/>
    <testcase time="0.180000000000001" classname="count_pct" name="a_freq_j_with_val_NA_and_denom_option"/>
    <testcase time="0.185" classname="count_pct" name="a_freq_j_with_val_NA_and_denom_option"/>
    <testcase time="0.0979999999999999" classname="count_pct" name="a_freq_j_with_specific_val_CHN_and_denom_option"/>
    <testcase time="0.105" classname="count_pct" name="a_freq_j_with_specific_val_CHN_and_denom_option"/>
    <testcase time="0.109" classname="count_pct" name="a_freq_j_with_specific_val_CHN_and_denom_option"/>
    <testcase time="0.353000000000002" classname="count_pct" name="a_freq_j_with_N_only"/>
    <testcase time="0.128" classname="count_pct" name="a_freq_j_with_N_only"/>
    <testcase time="0.159999999999998" classname="count_pct" name="a_freq_j_with_TotCol_only"/>
    <testcase time="0.156000000000001" classname="count_pct" name="a_freq_j_with_TotCol_only"/>
    <testcase time="1.013" classname="count_pct" name="a_freq_j_as_cfun"/>
    <testcase time="1.017" classname="count_pct" name="a_freq_j_as_cfun"/>
    <testcase time="0.113" classname="count_pct" name="a_freq_j_with_label_map"/>
    <testcase time="0.097999999999999" classname="count_pct" name="a_freq_j_with_label_map"/>
    <testcase time="0.171000000000001" classname="count_pct" name="a_freq_j_old_count_pats_case_"/>
    <testcase time="0.170999999999999" classname="count_pct" name="a_freq_j_old_count_pats_case_"/>
    <testcase time="0.180000000000001" classname="count_pct" name="a_freq_j_old_count_pats_case_"/>
    <testcase time="0.502999999999998" classname="count_pct" name="a_freq_j_with_N_subgroup_as_denom"/>
    <testcase time="0.529000000000002" classname="count_pct" name="a_freq_j_with_N_subgroup_as_denom">
      <failure type="failure" message="Snapshot of code has changed: ('test-count_pct.R:287:3')">Snapshot of code has changed:
old[18:27] vs new[18:27]
    M                                                                
      CHN              26/46 (56.5%)   30/48 (62.5%)   25/53 (47.2%) 
      USA               3/46 (6.5%)    5/48 (10.4%)     7/53 (13.2%) 
-     BRA              6/46 (13.0%)     3/48 (6.3%)     5/53 (9.4%)  
+     BRA              6/46 (13.0%)     3/48 (6.2%)     5/53 (9.4%)  
      PAK               3/46 (6.5%)     4/48 (8.3%)     5/53 (9.4%)  
      NGA               3/46 (6.5%)     2/48 (4.2%)     6/53 (11.3%) 
-     RUS               1/46 (2.2%)     3/48 (6.3%)     1/53 (1.9%)  
+     RUS               1/46 (2.2%)     3/48 (6.2%)     1/53 (1.9%)  
      JPN               1/46 (2.2%)     0/48 (0.0%)     2/53 (3.8%)  
      GBR               2/46 (4.3%)     1/48 (2.1%)     1/53 (1.9%)  
      CAN               1/46 (2.2%)     0/48 (0.0%)     1/53 (1.9%)  
</failure>
    </testcase>
    <testcase time="0.527999999999999" classname="count_pct" name="a_freq_j_with_N_subgroup_as_denom"/>
    <testcase time="1.087" classname="count_pct" name="a_freq_j_with_N_trt_as_denom_special_situation"/>
    <testcase time="0.100000000000001" classname="count_pct" name="a_freq_j_with_N_trt_as_denom_special_situation"/>
    <testcase time="0.110999999999999" classname="count_pct" name="a_freq_j_with_keep_levels_CHN_NGA_"/>
    <testcase time="0.00300000000000011" classname="count_pct" name="a_freq_j_with_keep_levels_CHN_NGA_"/>
  </testsuite>
  <testsuite name="count_pct_relrisk" timestamp="2025-12-02T09:26:46Z" hostname="a0e5bcd5a860" tests="14" skipped="0" failures="0" errors="0" time="3.177">
    <testcase time="0.245000000000001" classname="count_pct_relrisk" name="a_freq_j_with_val_NA_and_denom_option"/>
    <testcase time="0.00300000000000011" classname="count_pct_relrisk" name="a_freq_j_with_val_NA_and_denom_option"/>
    <testcase time="0.223999999999998" classname="count_pct_relrisk" name="a_freq_j_with_val_NA_and_denom_option"/>
    <testcase time="0.0120000000000005" classname="count_pct_relrisk" name="a_freq_j_with_val_NA_and_denom_option"/>
    <testcase time="0.206" classname="count_pct_relrisk" name="a_freq_j_with_val_NA_and_denom_option"/>
    <testcase time="0.00400000000000134" classname="count_pct_relrisk" name="a_freq_j_with_val_NA_and_denom_option"/>
    <testcase time="0.224" classname="count_pct_relrisk" name="a_freq_j_with_risk_difference_method_cmh"/>
    <testcase time="0.00699999999999967" classname="count_pct_relrisk" name="a_freq_j_with_risk_difference_method_cmh"/>
    <testcase time="0.734999999999999" classname="count_pct_relrisk" name="a_freq_j_with_N_subgroup_as_denom"/>
    <testcase time="0.00300000000000011" classname="count_pct_relrisk" name="a_freq_j_with_N_subgroup_as_denom"/>
    <testcase time="0.751999999999999" classname="count_pct_relrisk" name="a_freq_j_with_N_subgroup_as_denom"/>
    <testcase time="0.00300000000000011" classname="count_pct_relrisk" name="a_freq_j_with_N_subgroup_as_denom"/>
    <testcase time="0.756" classname="count_pct_relrisk" name="a_freq_j_with_N_subgroup_as_denom"/>
    <testcase time="0.00300000000000011" classname="count_pct_relrisk" name="a_freq_j_with_N_subgroup_as_denom"/>
  </testsuite>
  <testsuite name="coxph_hr" timestamp="2025-12-02T09:26:49Z" hostname="a0e5bcd5a860" tests="8" skipped="0" failures="0" errors="0" time="0.278">
    <testcase time="0.0300000000000011" classname="coxph_hr" name="s_coxph_hr_works_with_default_arguments_and_no_stratification_factors"/>
    <testcase time="0.00700000000000145" classname="coxph_hr" name="s_coxph_hr_works_with_default_arguments_and_no_stratification_factors"/>
    <testcase time="0.00799999999999912" classname="coxph_hr" name="s_coxph_hr_works_with_default_arguments_and_no_stratification_factors"/>
    <testcase time="0.0069999999999979" classname="coxph_hr" name="s_coxph_hr_works_with_default_arguments_and_no_stratification_factors"/>
    <testcase time="0.0740000000000016" classname="coxph_hr" name="a_coxph_hr_works_with_custom_arguments_and_stratification_factors"/>
    <testcase time="0.0399999999999991" classname="coxph_hr" name="a_coxph_hr_works_with_custom_arguments_and_stratification_factors"/>
    <testcase time="0.0609999999999999" classname="coxph_hr" name="a_coxph_hr_works_with_stratification_factors_for_Log_Rank_test"/>
    <testcase time="0.0509999999999984" classname="coxph_hr" name="a_coxph_hr_works_with_stratification_factors_for_Log_Rank_test"/>
  </testsuite>
  <testsuite name="coxreg_multivar" timestamp="2025-12-02T09:26:49Z" hostname="a0e5bcd5a860" tests="15" skipped="0" failures="0" errors="0" time="1.462">
    <testcase time="0.0670000000000002" classname="coxreg_multivar" name="h_extract_coxreg_multivar_works_as_expected"/>
    <testcase time="0.181999999999999" classname="coxreg_multivar" name="tefos03_first_split_fun_works_as_expected"/>
    <testcase time="0.00900000000000034" classname="coxreg_multivar" name="tefos03_first_split_fun_works_as_expected"/>
    <testcase time="0.0259999999999998" classname="coxreg_multivar" name="tefos03_first_split_fun_works_as_expected"/>
    <testcase time="0.425000000000001" classname="coxreg_multivar" name="tefos03_second_split_fun_fct_works_as_expected"/>
    <testcase time="0.00900000000000034" classname="coxreg_multivar" name="tefos03_second_split_fun_fct_works_as_expected"/>
    <testcase time="0.0390000000000015" classname="coxreg_multivar" name="tefos03_second_split_fun_fct_works_as_expected"/>
    <testcase time="0.0229999999999997" classname="coxreg_multivar" name="tefos03_afun_works_as_expected"/>
    <testcase time="0.00799999999999912" classname="coxreg_multivar" name="tefos03_afun_works_as_expected"/>
    <testcase time="0.140999999999998" classname="coxreg_multivar" name="summarize_coxreg_multivar_works_as_expected_with_defaults"/>
    <testcase time="0.0570000000000022" classname="coxreg_multivar" name="summarize_coxreg_multivar_works_as_expected_with_defaults"/>
    <testcase time="0.0939999999999976" classname="coxreg_multivar" name="summarize_coxreg_multivar_works_as_expected_with_custom_options"/>
    <testcase time="0.0600000000000023" classname="coxreg_multivar" name="summarize_coxreg_multivar_works_as_expected_with_custom_options"/>
    <testcase time="0.212999999999997" classname="coxreg_multivar" name="summarize_coxreg_multivar_works_with_row_splits"/>
    <testcase time="0.109000000000002" classname="coxreg_multivar" name="summarize_coxreg_multivar_works_with_row_splits"/>
  </testsuite>
  <testsuite name="estimate_proportion_diff" timestamp="2025-12-02T09:26:51Z" hostname="a0e5bcd5a860" tests="6" skipped="0" failures="0" errors="0" time="0.126">
    <testcase time="0.0109999999999992" classname="estimate_proportion_diff" name="s_proportion_diff_j_works_as_expected"/>
    <testcase time="0.0190000000000019" classname="estimate_proportion_diff" name="s_proportion_diff_j_works_as_expected"/>
    <testcase time="0.00300000000000011" classname="estimate_proportion_diff" name="s_proportion_diff_j_works_as_expected"/>
    <testcase time="0.0179999999999971" classname="estimate_proportion_diff" name="s_proportion_diff_j_works_as_expected"/>
    <testcase time="0.0360000000000014" classname="estimate_proportion_diff" name="a_proportion_diff_j_works_as_expected_in_a_table_layout"/>
    <testcase time="0.0390000000000015" classname="estimate_proportion_diff" name="a_proportion_diff_j_works_as_expected_in_a_table_layout"/>
  </testsuite>
  <testsuite name="event_free" timestamp="2025-12-02T09:26:51Z" hostname="a0e5bcd5a860" tests="8" skipped="0" failures="0" errors="0" time="0.337">
    <testcase time="0.0169999999999995" classname="event_free" name="s_event_free_works_with_default_arguments"/>
    <testcase time="0.00600000000000023" classname="event_free" name="s_event_free_works_with_default_arguments"/>
    <testcase time="0.00999999999999801" classname="event_free" name="s_event_free_works_with_percent_format"/>
    <testcase time="0.00600000000000023" classname="event_free" name="s_event_free_works_with_percent_format"/>
    <testcase time="0.100000000000001" classname="event_free" name="a_event_free_works_with_default_arguments_in_a_table_layout"/>
    <testcase time="0.0500000000000007" classname="event_free" name="a_event_free_works_with_default_arguments_in_a_table_layout"/>
    <testcase time="0.0919999999999987" classname="event_free" name="a_event_free_works_with_customized_arguments_in_a_table_layout"/>
    <testcase time="0.0560000000000009" classname="event_free" name="a_event_free_works_with_customized_arguments_in_a_table_layout"/>
  </testsuite>
  <testsuite name="get_ref_info" timestamp="2025-12-02T09:26:51Z" hostname="a0e5bcd5a860" tests="5" skipped="0" failures="0" errors="0" time="0.444">
    <testcase time="0.0899999999999999" classname="get_ref_info" name="get_ref_info_works_with_a_df_analysis_function"/>
    <testcase time="0.0790000000000006" classname="get_ref_info" name="get_ref_info_works_with_a_df_analysis_function"/>
    <testcase time="0.119" classname="get_ref_info" name="get_ref_info_works_with_a_vector_analysis_function"/>
    <testcase time="0.0869999999999997" classname="get_ref_info" name="get_ref_info_works_with_a_vector_analysis_function"/>
    <testcase time="0.0690000000000026" classname="get_ref_info" name="get_ref_info_works_with_a_vector_analysis_function"/>
  </testsuite>
  <testsuite name="h_freq_funs" timestamp="2025-12-02T09:26:52Z" hostname="a0e5bcd5a860" tests="22" skipped="0" failures="0" errors="0" time="0.095">
    <testcase time="0.0109999999999992" classname="h_freq_funs" name="h_update_factor_works_correctly"/>
    <testcase time="0.00300000000000011" classname="h_freq_funs" name="h_update_factor_works_correctly"/>
    <testcase time="0.00300000000000011" classname="h_freq_funs" name="h_update_factor_works_correctly"/>
    <testcase time="0.00600000000000023" classname="h_freq_funs" name="h_df_add_newlevels_works_correctly"/>
    <testcase time="0.00300000000000011" classname="h_freq_funs" name="h_df_add_newlevels_works_correctly"/>
    <testcase time="0.00300000000000011" classname="h_freq_funs" name="h_df_add_newlevels_works_correctly"/>
    <testcase time="0.00399999999999778" classname="h_freq_funs" name="h_df_add_newlevels_works_correctly"/>
    <testcase time="0.00300000000000011" classname="h_freq_funs" name="h_df_add_newlevels_works_correctly"/>
    <testcase time="0.00500000000000256" classname="h_freq_funs" name="h_colexpr_substr_works_correctly"/>
    <testcase time="0.00199999999999889" classname="h_freq_funs" name="h_colexpr_substr_works_correctly"/>
    <testcase time="0.00300000000000011" classname="h_freq_funs" name="h_colexpr_substr_works_correctly"/>
    <testcase time="0.00600000000000023" classname="h_freq_funs" name="h_get_label_map_works_correctly"/>
    <testcase time="0.00300000000000011" classname="h_freq_funs" name="h_get_label_map_works_correctly"/>
    <testcase time="0.00600000000000023" classname="h_freq_funs" name="h_subset_combo_works_correctly"/>
    <testcase time="0.00399999999999778" classname="h_freq_funs" name="h_subset_combo_works_correctly"/>
    <testcase time="0.00300000000000011" classname="h_freq_funs" name="h_subset_combo_works_correctly"/>
    <testcase time="0.00300000000000011" classname="h_freq_funs" name="h_subset_combo_works_correctly"/>
    <testcase time="0.00400000000000134" classname="h_freq_funs" name="h_subset_combo_works_correctly"/>
    <testcase time="0.00499999999999901" classname="h_freq_funs" name="h_restrict_val_works_if_there_are_more_values_in_df_row_than_in_map"/>
    <testcase time="0.00600000000000023" classname="h_freq_funs" name="h_restrict_val_works_if_there_are_less_values_in_df_row_than_in_map"/>
    <testcase time="0.00700000000000145" classname="h_freq_funs" name="h_restrict_val_works_with_row_split"/>
    <testcase time="0.00199999999999889" classname="h_freq_funs" name="h_restrict_val_works_with_row_split"/>
  </testsuite>
  <testsuite name="jjcs_num_formats" timestamp="2025-12-02T09:26:52Z" hostname="a0e5bcd5a860" tests="16" skipped="0" failures="0" errors="0" time="0.791">
    <testcase time="0.0429999999999993" classname="jjcs_num_formats" name="jjcs_num_formats_works"/>
    <testcase time="0.00499999999999901" classname="jjcs_num_formats" name="jjcs_num_formats_works"/>
    <testcase time="0.00500000000000256" classname="jjcs_num_formats" name="jjcs_num_formats_works"/>
    <testcase time="0.131" classname="jjcs_num_formats" name="jjcs_num_formats_works"/>
    <testcase time="0.204999999999998" classname="jjcs_num_formats" name="jjcs_num_formats_works"/>
    <testcase time="0.00499999999999901" classname="jjcs_num_formats" name="jjcs_num_formats_works"/>
    <testcase time="0.00600000000000023" classname="jjcs_num_formats" name="jjcs_num_formats_works"/>
    <testcase time="0.00700000000000145" classname="jjcs_num_formats" name="jjcs_num_formats_works"/>
    <testcase time="0.0390000000000015" classname="jjcs_num_formats" name="jjcs_num_formats_works"/>
    <testcase time="0.0289999999999999" classname="jjcs_num_formats" name="jjcsformats_NA_works"/>
    <testcase time="0.00799999999999912" classname="jjcs_num_formats" name="jjcsformats_NA_works"/>
    <testcase time="0.0329999999999977" classname="jjcs_num_formats" name="jjcsformats_NA_works"/>
    <testcase time="0.0450000000000017" classname="jjcs_num_formats" name="jjcsformats_NA_works"/>
    <testcase time="0.0229999999999997" classname="jjcs_num_formats" name="jjcsformats_NA_works"/>
    <testcase time="0.0640000000000001" classname="jjcs_num_formats" name="jjcsformats_NA_works"/>
    <testcase time="0.143000000000001" classname="jjcs_num_formats" name="jjcsformats_count_fraction_works"/>
  </testsuite>
  <testsuite name="jjcsformats" timestamp="2025-12-02T09:26:53Z" hostname="a0e5bcd5a860" tests="21" skipped="0" failures="0" errors="0" time="0.492">
    <testcase time="0.178000000000001" classname="jjcsformats" name="jjjcs_formats_work"/>
    <testcase time="0.0189999999999984" classname="jjcsformats" name="jjjcs_formats_work"/>
    <testcase time="0.0210000000000008" classname="jjcsformats" name="jjjcs_formats_work"/>
    <testcase time="0.0670000000000002" classname="jjcsformats" name="jjjcs_formats_work"/>
    <testcase time="0.00600000000000023" classname="jjcsformats" name="round_type_support_works"/>
    <testcase time="0.00300000000000011" classname="jjcsformats" name="round_type_support_works"/>
    <testcase time="0.00300000000000011" classname="jjcsformats" name="round_type_support_works"/>
    <testcase time="0.00300000000000011" classname="jjcsformats" name="round_type_support_works"/>
    <testcase time="0.00300000000000011" classname="jjcsformats" name="round_type_support_works"/>
    <testcase time="0.00300000000000011" classname="jjcsformats" name="round_type_support_works"/>
    <testcase time="0.00300000000000011" classname="jjcsformats" name="round_type_support_works"/>
    <testcase time="0.00300000000000011" classname="jjcsformats" name="round_type_support_works"/>
    <testcase time="0.00300000000000011" classname="jjcsformats" name="round_type_support_works"/>
    <testcase time="0.0289999999999999" classname="jjcsformats" name="jjcsformat_range_fct_is_formatting_ranges_as_expected"/>
    <testcase time="0.0769999999999982" classname="jjcsformats" name="jjcsformat_pval_fct_works"/>
    <testcase time="0.00600000000000023" classname="jjcsformats" name="some_special_cases_for_jjcsformat_pval_fct"/>
    <testcase time="0.00300000000000011" classname="jjcsformats" name="some_special_cases_for_jjcsformat_pval_fct"/>
    <testcase time="0.00600000000000023" classname="jjcsformats" name="some_special_cases_for_jjcsformat_pval_fct"/>
    <testcase time="0.0459999999999994" classname="jjcsformats" name="some_special_cases_for_jjcsformat_pval_fct"/>
    <testcase time="0.00499999999999901" classname="jjcsformats" name="jjcsformat_xx_works_also_for_empty_cells"/>
    <testcase time="0.00500000000000256" classname="jjcsformats" name="jjcsformat_xx_works_also_for_cells_with_0_length_vectors"/>
  </testsuite>
  <testsuite name="junco_utils_default_stats_formats_labels" timestamp="2025-12-02T09:26:53Z" hostname="a0e5bcd5a860" tests="6" skipped="0" failures="1" errors="0" time="0.074">
    <testcase time="0.0139999999999993" classname="junco_utils_default_stats_formats_labels" name="get_stats_works_as_expected"/>
    <testcase time="0.0219999999999985" classname="junco_utils_default_stats_formats_labels" name="get_formats_from_stats_works_as_expected">
      <failure type="failure" message="Snapshot of code has changed: ('test-junco_utils_default_stats_formats_labels.R:18:3')">Snapshot of code has changed:
old[2:51] vs new[2:44]
    res
  Output
    $quantiles_upper
-   function(x,
-                  output,
-                  round_type = c("sas", "iec"),
-                  na_str = na_str_dflt) {
-           if (anyNA(na_str) || (replace_na_dflt &amp;&amp; any(na_str == "NA"))) {
-             na_inds &lt;- which(is.na(na_str) | (replace_na_dflt &amp; na_str == "NA"))
-             na_str[na_inds] &lt;- rep(na_str_dflt, length.out = length(na_str))[na_inds]
-           }
-           if (length(x) == 0 || isTRUE(all(x == ""))) {
-             return(NULL)
-           } else if (!length(positions[[1]]) == length(x)) {
-             stop(
-               "Error: input str in call to jjcsformat_xx must contain same number of xx as the number of stats."
-             )
-           }
-   
-           round_type &lt;- match.arg(round_type)
-   
-           values &lt;- Map(y = x, fun = roundings, na_str = na_str, function(y, fun, na_str, output) {
-             fun(y, na_str = na_str, round_type = round_type)
-           })
-   
-           regmatches(x = str, m = positions)[[1]] &lt;- values
-           return(str)
-         }
+   function (x, output, round_type = c("sas", "iec"), na_str = na_str_dflt) 
+   {
+       if (anyNA(na_str) || (replace_na_dflt &amp;&amp; any(na_str == "NA"))) {
+           na_inds &lt;- which(is.na(na_str) | (replace_na_dflt &amp; na_str == 
+               "NA"))
+           na_str[na_inds] &lt;- rep(na_str_dflt, length.out = length(na_str))[na_inds]
+       }
+       if (length(x) == 0 || isTRUE(all(x == ""))) {
+           return(NULL)
+       }
+       else if (!length(positions[[1]]) == length(x)) {
+           stop("Error: input str in call to jjcsformat_xx must contain same number of xx as the number of stats.")
+       }
+       round_type &lt;- match.arg(round_type)
+       values &lt;- Map(y = x, fun = roundings, na_str = na_str, function(y, 
+           fun, na_str, output) {
+           fun(y, na_str = na_str, round_type = round_type)
+       })
+       regmatches(x = str, m = positions)[[1]] &lt;- values
+       return(str)
+   }
    &lt;environment: base&gt;
    
    $range_with_cens_info
-   function(x, output, round_type = c("iec", "sas"), ...) {
+   function (x, output, round_type = c("iec", "sas"), ...) 
+   {
        round_type &lt;- match.arg(round_type)
-       checkmate::assert_numeric(
-         x,
-         len = 4L,
-         finite = TRUE,
-         any.missing = FALSE
-       )
+       checkmate::assert_numeric(x, len = 4L, finite = TRUE, any.missing = FALSE)
        checkmate::assert_true(all(x[c(3, 4)] %in% c(0, 1)))
-   
        res &lt;- vapply(x[c(1, 2)], FUN = function(x) {
-         format_value(x, format_xx, round_type = round_type)
+           format_value(x, format_xx, round_type = round_type)
        }, character(1))
-       if (x[3] == 1) res[1] &lt;- paste0(res[1], "+")
-       if (x[4] == 1) res[2] &lt;- paste0(res[2], "+")
+       if (x[3] == 1) 
+           res[1] &lt;- paste0(res[1], "+")
+       if (x[4] == 1) 
+           res[2] &lt;- paste0(res[2], "+")
        paste0("(", res[1], ", ", res[2], ")")
-     }
+   }
    &lt;environment: base&gt;
    
</failure>
    </testcase>
    <testcase time="0.0180000000000007" classname="junco_utils_default_stats_formats_labels" name="get_labels_from_stats_works_as_expected"/>
    <testcase time="0.00499999999999901" classname="junco_utils_default_stats_formats_labels" name="get_label_attr_from_stats_works_as_expected"/>
    <testcase time="0.00600000000000023" classname="junco_utils_default_stats_formats_labels" name="get_label_attr_from_stats_works_as_expected"/>
    <testcase time="0.00900000000000034" classname="junco_utils_default_stats_formats_labels" name="get_indents_from_stats_works_as_expected"/>
  </testsuite>
  <testsuite name="kaplan_meier" timestamp="2025-12-02T09:26:53Z" hostname="a0e5bcd5a860" tests="14" skipped="0" failures="0" errors="0" time="0.314">
    <testcase time="0.0169999999999995" classname="kaplan_meier" name="s_kaplan_meier_works_with_default_arguments"/>
    <testcase time="0.00700000000000145" classname="kaplan_meier" name="s_kaplan_meier_works_with_default_arguments"/>
    <testcase time="0.0180000000000007" classname="kaplan_meier" name="s_kaplan_meier_works_with_customized_arguments"/>
    <testcase time="0.00900000000000034" classname="kaplan_meier" name="s_kaplan_meier_works_with_customized_arguments"/>
    <testcase time="0.0139999999999993" classname="kaplan_meier" name="a_kaplan_meier_works_with_default_arguments"/>
    <testcase time="0.000999999999997669" classname="kaplan_meier" name="a_kaplan_meier_works_with_default_arguments"/>
    <testcase time="0.00900000000000034" classname="kaplan_meier" name="a_kaplan_meier_works_with_default_arguments"/>
    <testcase time="0.0120000000000005" classname="kaplan_meier" name="a_kaplan_meier_works_with_customized_arguments"/>
    <testcase time="0.00100000000000122" classname="kaplan_meier" name="a_kaplan_meier_works_with_customized_arguments"/>
    <testcase time="0.00900000000000034" classname="kaplan_meier" name="a_kaplan_meier_works_with_customized_arguments"/>
    <testcase time="0.0579999999999998" classname="kaplan_meier" name="a_kaplan_meier_works_inside_analyze_in_table"/>
    <testcase time="0.0569999999999986" classname="kaplan_meier" name="a_kaplan_meier_works_inside_analyze_in_table"/>
    <testcase time="0.0609999999999999" classname="kaplan_meier" name="a_kaplan_meier_works_inside_analyze_in_table_with_custom_arguments"/>
    <testcase time="0.0410000000000004" classname="kaplan_meier" name="a_kaplan_meier_works_inside_analyze_in_table_with_custom_arguments"/>
  </testsuite>
  <testsuite name="markup_unicodify" timestamp="2025-12-02T09:26:53Z" hostname="a0e5bcd5a860" tests="1" skipped="0" failures="0" errors="0" time="0.014">
    <testcase time="0.0139999999999993" classname="markup_unicodify" name="dps_markup_works_with_and_"/>
  </testsuite>
  <testsuite name="mmrm" timestamp="2025-12-02T09:26:53Z" hostname="a0e5bcd5a860" tests="5" skipped="0" failures="0" errors="0" time="0.233">
    <testcase time="0.122" classname="mmrm" name="get_mmrm_lsmeans_can_calculate_the_LS_mean_results_including_one_and_two_sided_p_values"/>
    <testcase time="0.00400000000000134" classname="mmrm" name="get_mmrm_lsmeans_can_calculate_the_LS_mean_results_including_one_and_two_sided_p_values"/>
    <testcase time="0.00300000000000011" classname="mmrm" name="get_mmrm_lsmeans_can_calculate_the_LS_mean_results_including_one_and_two_sided_p_values"/>
    <testcase time="0.00199999999999889" classname="mmrm" name="get_mmrm_lsmeans_can_calculate_the_LS_mean_results_including_one_and_two_sided_p_values"/>
    <testcase time="0.102" classname="mmrm" name="fit_mmrm_j_works_as_expected"/>
    <testcase time="0.0339999999999989" classname="character(0)" name="_unnamed_">
      <error type="error" message="&lt;packageNotFoundError/error/condition&gt; ('test-mmrm_rbmi.R:1:1')">&lt;packageNotFoundError/error/condition&gt;
Error in `library(rbmi)`: there is no package called 'rbmi'
Backtrace:
    x
 1. +-base::suppressPackageStartupMessages(library(rbmi)) at test-mmrm_rbmi.R:1:1
 2. | \-base::withCallingHandlers(expr, packageStartupMessage = function(c) tryInvokeRestart("muffleMessage"))
 3. \-base::library(rbmi)</error>
    </testcase>
  </testsuite>
  <testsuite name="odds_ratio" timestamp="2025-12-02T09:26:54Z" hostname="a0e5bcd5a860" tests="19" skipped="0" failures="0" errors="1" time="0.344">
    <testcase time="0.0380000000000003" classname="odds_ratio" name="s_odds_ratio_j_returns_NA_when_one_group_has_no_responders_and_option_set"/>
    <testcase time="0.00700000000000145" classname="odds_ratio" name="s_odds_ratio_j_returns_NA_when_one_group_has_no_responders_and_option_set"/>
    <testcase time="0.0169999999999995" classname="odds_ratio" name="s_odds_ratio_j_returns_NA_when_one_group_has_no_responders_and_option_set_with_strata"/>
    <testcase time="0.00499999999999901" classname="odds_ratio" name="s_odds_ratio_j_returns_NA_when_one_group_has_no_responders_and_option_set_with_strata"/>
    <testcase time="0.00900000000000034" classname="odds_ratio" name="s_odds_ratio_j_does_not_fail_with_only_non_responders"/>
    <testcase time="0.00200000000000244" classname="odds_ratio" name="s_odds_ratio_j_does_not_fail_with_only_non_responders"/>
    <testcase time="0.00600000000000023" classname="odds_ratio" name="s_odds_ratio_j_does_not_fail_with_only_one_grp"/>
    <testcase time="0.00199999999999889" classname="odds_ratio" name="s_odds_ratio_j_does_not_fail_with_only_one_grp"/>
    <testcase time="0.00799999999999912" classname="odds_ratio" name="or_glm_j_does_not_fail_with_only_non_responders"/>
    <testcase time="0.00499999999999901" classname="odds_ratio" name="or_glm_j_does_not_fail_with_only_non_responders"/>
    <testcase time="0.0390000000000015" classname="odds_ratio" name="a_odds_ratio_j_works_in_a_table_layout_as_expected_for_unstratified_analysis"/>
    <testcase time="0.032" classname="odds_ratio" name="a_odds_ratio_j_works_in_a_table_layout_as_expected_for_unstratified_analysis"/>
    <testcase time="0.0339999999999989" classname="odds_ratio" name="a_odds_ratio_j_works_in_a_table_layout_as_expected_for_unstratified_analysis"/>
    <testcase time="0.00400000000000134" classname="odds_ratio" name="a_odds_ratio_j_works_in_a_table_layout_as_expected_for_unstratified_analysis"/>
    <testcase time="0.041999999999998" classname="odds_ratio" name="a_odds_ratio_j_works_in_a_table_layout_as_expected_for_CMH_analysis"/>
    <testcase time="0.032" classname="odds_ratio" name="a_odds_ratio_j_works_in_a_table_layout_as_expected_for_CMH_analysis"/>
    <testcase time="0.0250000000000021" classname="odds_ratio" name="a_odds_ratio_j_works_in_a_table_layout_as_expected_for_CMH_analysis"/>
    <testcase time="0.00300000000000011" classname="odds_ratio" name="a_odds_ratio_j_works_in_a_table_layout_as_expected_for_CMH_analysis"/>
  </testsuite>
  <testsuite name="patyrs-eair100" timestamp="2025-12-02T09:26:54Z" hostname="a0e5bcd5a860" tests="4" skipped="0" failures="0" errors="0" time="1.379">
    <testcase time="0.234999999999999" classname="patyrs_eair100" name="Check_patient_years_numbers_are_giving_expected_result"/>
    <testcase time="0.372" classname="patyrs_eair100" name="Check_aeir100_numbers_are_giving_expected_result"/>
    <testcase time="0.385999999999999" classname="patyrs_eair100" name="Check_aeir100_numbers_are_giving_expected_result_when_fup_var_argument_is_changed"/>
    <testcase time="0.385999999999999" classname="patyrs_eair100" name="Check_aeir100_numbers_are_giving_expected_result_when_occ_dy_argument_is_changed"/>
    <testcase time="0.0360000000000014" classname="character(0)" name="_unnamed_">
      <error type="error" message="&lt;packageNotFoundError/error/condition&gt; ('test-pool_rbmi.R:1:1')">&lt;packageNotFoundError/error/condition&gt;
Error in `library(rbmi)`: there is no package called 'rbmi'
Backtrace:
    x
 1. \-base::library(rbmi) at test-pool_rbmi.R:1:1</error>
    </testcase>
  </testsuite>
  <testsuite name="proportions" timestamp="2025-12-02T09:26:55Z" hostname="a0e5bcd5a860" tests="22" skipped="0" failures="0" errors="1" time="0.433">
    <testcase time="0.0350000000000001" classname="proportions" name="s_proportion_factor_works_as_expected"/>
    <testcase time="0.0130000000000017" classname="proportions" name="s_proportion_factor_shows_optional_total_row_on_top"/>
    <testcase time="0.0119999999999969" classname="proportions" name="s_proportion_factor_shows_optional_total_row_in_bottom"/>
    <testcase time="0.0120000000000005" classname="proportions" name="s_proportion_factor_optionally_uses_number_of_non_missing_levels_as_total"/>
    <testcase time="0.0110000000000028" classname="proportions" name="s_proportion_logical_works_as_expected"/>
    <testcase time="0.00999999999999801" classname="proportions" name="c_proportion_logical_works_as_expected"/>
    <testcase time="0.00900000000000034" classname="proportions" name="h_get_design_mat_works_as_expected"/>
    <testcase time="0.00199999999999889" classname="proportions" name="h_get_design_mat_works_as_expected"/>
    <testcase time="0.00600000000000023" classname="proportions" name="a_proportion_ci_logical_works_as_expected"/>
    <testcase time="0.00600000000000023" classname="proportions" name="a_proportion_ci_logical_works_as_expected"/>
    <testcase time="0.00799999999999912" classname="proportions" name="a_proportion_ci_factor_works_as_expected"/>
    <testcase time="0.00800000000000267" classname="proportions" name="a_proportion_ci_factor_works_as_expected"/>
    <testcase time="0.201999999999998" classname="proportions" name="prop_split_fun_works_as_expected"/>
    <testcase time="0.0120000000000005" classname="proportions" name="prop_table_afun_works_as_expected_with_total_row"/>
    <testcase time="0.00799999999999912" classname="proportions" name="prop_table_afun_works_as_expected_with_total_row"/>
    <testcase time="0.00800000000000267" classname="proportions" name="prop_table_afun_works_as_expected_with_total_row"/>
    <testcase time="0.00399999999999778" classname="proportions" name="prop_table_afun_works_as_expected_with_total_row"/>
    <testcase time="0.0109999999999992" classname="proportions" name="prop_table_afun_works_as_expected_by_default_without_total_row"/>
    <testcase time="0.00800000000000267" classname="proportions" name="prop_table_afun_works_as_expected_by_default_without_total_row"/>
    <testcase time="0.00799999999999912" classname="proportions" name="prop_table_afun_works_as_expected_by_default_without_total_row"/>
    <testcase time="0.00400000000000134" classname="proportions" name="prop_table_afun_works_as_expected_by_default_without_total_row"/>
  </testsuite>
  <testsuite name="pruning_functions" timestamp="2025-12-02T09:26:57Z" hostname="a0e5bcd5a860" tests="30" skipped="0" failures="0" errors="0" time="8.791">
    <testcase time="1.427" classname="pruning_functions" name="count_pruner_is_identical_to_standard_pruning_in_cases_where_we_have_all_0_s"/>
    <testcase time="2.516" classname="pruning_functions" name="count_pruner_is_identical_to_standard_pruning_in_cases_where_we_have_all_0_s"/>
    <testcase time="0.922000000000001" classname="pruning_functions" name="count_pruner_keeps_everything_if_0_condition_is_not_met"/>
    <testcase time="0.0339999999999989" classname="pruning_functions" name="count_pruner_with_cat_include_removes_text_correctly"/>
    <testcase time="0.0259999999999998" classname="pruning_functions" name="count_pruner_with_cat_include_does_nothing_if_text_is_supplied_and_it_is_not_text_that_is_in_the_table"/>
    <testcase time="0.0519999999999996" classname="pruning_functions" name="count_pruner_does_remove_if_text_is_supplied_and_all_columns_are_0"/>
    <testcase time="0.0390000000000015" classname="pruning_functions" name="remove_rows_does_remove_if_text_is_supplied_as_fixed_and_text_is_matched"/>
    <testcase time="0.0380000000000003" classname="pruning_functions" name="remove_rows_does_remove_if_text_is_supplied_as_fixed_and_text_is_matched"/>
    <testcase time="0.0659999999999989" classname="pruning_functions" name="remove_rows_does_remove_if_text_is_supplied_as_fixed_and_text_is_matched"/>
    <testcase time="0.00200000000000244" classname="pruning_functions" name="remove_rows_does_remove_if_text_is_supplied_as_fixed_and_text_is_matched"/>
    <testcase time="0.00300000000000011" classname="pruning_functions" name="remove_rows_does_remove_if_text_is_supplied_as_fixed_and_text_is_matched"/>
    <testcase time="0.0069999999999979" classname="pruning_functions" name="keep_non_null_rows_pruning_function_or_via_keep_rows"/>
    <testcase time="0.00199999999999889" classname="pruning_functions" name="keep_non_null_rows_pruning_function_or_via_keep_rows"/>
    <testcase time="0.199000000000002" classname="pruning_functions" name="test_keep_non_null_rows"/>
    <testcase time="0.00900000000000034" classname="pruning_functions" name="bspt_pruner_both_fraction_and_diff_from_control_are_NULL"/>
    <testcase time="0.00700000000000145" classname="pruning_functions" name="bspt_pruner_both_fraction_and_diff_from_control_are_NULL"/>
    <testcase time="0.207999999999998" classname="pruning_functions" name="bspt_pruner_with_fraction"/>
    <testcase time="0.318999999999999" classname="pruning_functions" name="bspt_pruner_with_fraction_and_diff_from_control"/>
    <testcase time="0.535" classname="pruning_functions" name="bspt_pruner_with_fraction_and_diff_from_control_and_keeprowtext"/>
    <testcase time="0.00300000000000011" classname="pruning_functions" name="bspt_pruner_with_fraction_and_diff_from_control_and_keeprowtext"/>
    <testcase time="0.167000000000002" classname="pruning_functions" name="count_pruner_in_small_groups"/>
    <testcase time="1.082" classname="pruning_functions" name="bspt_pruner_in_AE_like_tables"/>
    <testcase time="0.00199999999999534" classname="pruning_functions" name="bspt_pruner_in_AE_like_tables"/>
    <testcase time="0.00300000000000011" classname="pruning_functions" name="bspt_pruner_in_AE_like_tables"/>
    <testcase time="0.183" classname="pruning_functions" name="bspt_pruner_with_less_obvious_control_specifications"/>
    <testcase time="0.866" classname="pruning_functions" name="bspt_pruner_with_less_obvious_control_specifications"/>
    <testcase time="0.00300000000000011" classname="pruning_functions" name="bspt_pruner_with_less_obvious_control_specifications"/>
    <testcase time="0.0459999999999994" classname="pruning_functions" name="check_that_if_all_data_is_pruned_leaving_no_rows_the_outcome_is_the_message"/>
    <testcase time="0.0100000000000051" classname="pruning_functions" name="check_that_if_message_is_changed_this_is_reflected_in_the_final_table_tree"/>
    <testcase time="0.0150000000000006" classname="pruning_functions" name="check_that_when_spancols_TRUE_is_used_then_we_have_expected_behaviour"/>
    <testcase time="0.0279999999999987" classname="character(0)" name="_unnamed_">
      <error type="error" message="&lt;packageNotFoundError/error/condition&gt; ('test-rbmi.R:3:3')">&lt;packageNotFoundError/error/condition&gt;
Error in `library(rbmi)`: there is no package called 'rbmi'
Backtrace:
    x
 1. +-base::suppressPackageStartupMessages(...) at test-rbmi.R:1:1
 2. | \-base::withCallingHandlers(expr, packageStartupMessage = function(c) tryInvokeRestart("muffleMessage"))
 3. \-base::library(rbmi) at test-rbmi.R:3:3</error>
    </testcase>
  </testsuite>
  <testsuite name="relative_risk" timestamp="2025-12-02T09:27:05Z" hostname="a0e5bcd5a860" tests="9" skipped="0" failures="0" errors="1" time="0.155">
    <testcase time="0.0240000000000009" classname="relative_risk" name="s_relative_risk_returns_NA_when_one_group_has_no_responders"/>
    <testcase time="0.00499999999999545" classname="relative_risk" name="s_relative_risk_returns_NA_when_one_group_has_no_responders"/>
    <testcase time="0.00600000000000023" classname="relative_risk" name="prop_ratio_cmh_works_as_expected"/>
    <testcase time="0.00600000000000023" classname="relative_risk" name="prop_ratio_cmh_works_as_expected"/>
    <testcase time="0.00600000000000023" classname="relative_risk" name="prop_ratio_cmh_works_also_with_a_single_stratum"/>
    <testcase time="0.00600000000000023" classname="relative_risk" name="prop_ratio_cmh_works_also_with_a_single_stratum"/>
    <testcase time="0.0630000000000024" classname="relative_risk" name="a_relative_risk_in_table_layout_gives_same_results_as_with_SAS"/>
    <testcase time="0.0109999999999957" classname="relative_risk" name="a_relative_risk_in_table_layout_gives_same_results_as_with_SAS"/>
  </testsuite>
  <testsuite name="remove_col_count" timestamp="2025-12-02T09:27:05Z" hostname="a0e5bcd5a860" tests="1" skipped="0" failures="0" errors="0" time="0.086">
    <testcase time="0.0860000000000056" classname="remove_col_count" name="remove_col_count_works"/>
  </testsuite>
  <testsuite name="resp01_functions" timestamp="2025-12-02T09:27:05Z" hostname="a0e5bcd5a860" tests="13" skipped="0" failures="0" errors="0" time="0.844">
    <testcase time="0.366999999999997" classname="resp01_functions" name="resp01_split_fun_fct_1_works_as_expected"/>
    <testcase time="0.308" classname="resp01_functions" name="resp01_split_fun_fct_2_works_as_expected"/>
    <testcase time="0.0120000000000005" classname="resp01_functions" name="resp01_counts_cfun_1_works_as_expected"/>
    <testcase time="0.00600000000000023" classname="resp01_functions" name="resp01_counts_cfun_2_works_as_expected"/>
    <testcase time="0.00500000000000256" classname="resp01_functions" name="resp01_counts_cfun_3_works_as_expected"/>
    <testcase time="0.0209999999999937" classname="resp01_functions" name="resp01_a_comp_stat_logical_or_cmh_works_as_expected"/>
    <testcase time="0.017000000000003" classname="resp01_functions" name="resp01_a_comp_stat_logical_or_logistic_works_as_expected"/>
    <testcase time="0.0129999999999981" classname="resp01_functions" name="resp01_a_comp_stat_logical_rr_works_as_expected"/>
    <testcase time="0.0210000000000008" classname="resp01_functions" name="resp01_a_comp_stat_factor_or_cmh_works_as_expected"/>
    <testcase time="0.0230000000000032" classname="resp01_functions" name="resp01_a_comp_stat_factor_or_logistic_works_as_expected"/>
    <testcase time="0.0150000000000006" classname="resp01_functions" name="resp01_acfun_works_as_expected"/>
    <testcase time="0.0210000000000008" classname="resp01_functions" name="resp01_acfun_works_2_as_expected"/>
    <testcase time="0.0149999999999935" classname="resp01_functions" name="resp01_acfun_3_works_as_expected"/>
  </testsuite>
  <testsuite name="response_by_var" timestamp="2025-12-02T09:27:06Z" hostname="a0e5bcd5a860" tests="9" skipped="0" failures="0" errors="0" time="0.643">
    <testcase time="0.095000000000006" classname="response_by_var" name="response_by_var_various_scenarios"/>
    <testcase time="0.0539999999999949" classname="response_by_var" name="response_by_var_various_scenarios"/>
    <testcase time="0.114000000000004" classname="response_by_var" name="response_by_var_various_scenarios"/>
    <testcase time="0.0679999999999978" classname="response_by_var" name="response_by_var_various_scenarios"/>
    <testcase time="0.0549999999999997" classname="response_by_var" name="response_by_var_various_scenarios"/>
    <testcase time="0.0700000000000003" classname="response_by_var" name="response_by_var_various_scenarios"/>
    <testcase time="0.0549999999999997" classname="response_by_var" name="response_by_var_various_scenarios"/>
    <testcase time="0.0760000000000005" classname="response_by_var" name="response_by_var_various_scenarios"/>
    <testcase time="0.0559999999999974" classname="response_by_var" name="response_by_var_various_scenarios"/>
  </testsuite>
  <testsuite name="sorting_functions" timestamp="2025-12-02T09:27:07Z" hostname="a0e5bcd5a860" tests="7" skipped="0" failures="0" errors="0" time="7.086">
    <testcase time="0.514000000000003" classname="sorting_functions" name="jj_complex_scorefun_is_identical_to_standard_sorting_spanningheadercolvar_NA"/>
    <testcase time="0.210000000000001" classname="sorting_functions" name="jj_complex_scorefun_is_identical_to_standard_sorting_spanningheadercolvar_spanhead"/>
    <testcase time="0.216000000000001" classname="sorting_functions" name="jj_complex_scorefun_sorts_correctly_with_colpath"/>
    <testcase time="0.274000000000001" classname="sorting_functions" name="jj_complex_scorefun_places_specified_category_at_the_start_firstcat"/>
    <testcase time="0.283999999999999" classname="sorting_functions" name="jj_complex_scorefun_places_specified_category_at_the_end_lastcat"/>
    <testcase time="3.174" classname="sorting_functions" name="jj_complex_scorefun_uses_first_column_to_sort_usefirstcol"/>
    <testcase time="2.414" classname="sorting_functions" name="jj_complex_scorefun_uses_first_column_when_no_spanning_header_usefirstcol"/>
  </testsuite>
  <testsuite name="split_functions" timestamp="2025-12-02T09:27:13Z" hostname="a0e5bcd5a860" tests="14" skipped="0" failures="0" errors="0" time="0.726">
    <testcase time="0.0659999999999954" classname="split_functions" name="cond_rm_facets_works"/>
    <testcase time="0.00400000000000489" classname="split_functions" name="cond_rm_facets_works"/>
    <testcase time="0.00499999999999545" classname="split_functions" name="cond_rm_facets_works"/>
    <testcase time="0.00399999999999778" classname="split_functions" name="cond_rm_facets_works"/>
    <testcase time="0.0980000000000061" classname="split_functions" name="rm_levels_works"/>
    <testcase time="0.116999999999997" classname="split_functions" name="real_add_overall_facet_works"/>
    <testcase time="0.0409999999999968" classname="split_functions" name="make_combo_splitfun_works"/>
    <testcase time="0.00300000000000011" classname="split_functions" name="make_combo_splitfun_works"/>
    <testcase time="0.123000000000005" classname="split_functions" name="combine_nonblank_works"/>
    <testcase time="0.0450000000000017" classname="split_functions" name="combine_nonblank_works"/>
    <testcase time="0.207999999999998" classname="split_functions" name="rm_blank_levels_works"/>
    <testcase time="0.00600000000000023" classname="split_functions" name="do_exclude_split_works"/>
    <testcase time="0.00300000000000011" classname="split_functions" name="do_exclude_split_works"/>
    <testcase time="0.00300000000000011" classname="split_functions" name="do_exclude_split_works"/>
  </testsuite>
  <testsuite name="string_to_title" timestamp="2025-12-02T09:27:14Z" hostname="a0e5bcd5a860" tests="4" skipped="0" failures="0" errors="0" time="0.025">
    <testcase time="0.00900000000000034" classname="string_to_title" name="string_to_title_works_as_expected_for_string"/>
    <testcase time="0.00499999999999545" classname="string_to_title" name="string_to_title_works_as_expected_for_character_vector"/>
    <testcase time="0.00600000000000023" classname="string_to_title" name="string_to_title_works_as_expected_for_factors"/>
    <testcase time="0.00500000000000256" classname="string_to_title" name="string_to_title_works_as_expected_for_factors_missing_levels_"/>
  </testsuite>
  <testsuite name="summarize_ancova" timestamp="2025-12-02T09:27:14Z" hostname="a0e5bcd5a860" tests="9" skipped="0" failures="0" errors="0" time="0.494">
    <testcase time="0.0249999999999986" classname="summarize_ancova" name="h_ancova_works_as_expected"/>
    <testcase time="0.00200000000000244" classname="summarize_ancova" name="h_ancova_works_as_expected"/>
    <testcase time="0.0399999999999991" classname="summarize_ancova" name="s_ancova_j_works_as_expected"/>
    <testcase time="0.00200000000000244" classname="summarize_ancova" name="s_ancova_j_works_as_expected"/>
    <testcase time="0.0219999999999985" classname="summarize_ancova" name="s_ancova_j_works_as_expected"/>
    <testcase time="0.0069999999999979" classname="summarize_ancova" name="s_ancova_j_works_as_expected"/>
    <testcase time="0.00200000000000244" classname="summarize_ancova" name="s_ancova_j_works_as_expected"/>
    <testcase time="0.120999999999995" classname="summarize_ancova" name="s_summarize_ancova_works_as_expected"/>
    <testcase time="0.273000000000003" classname="summarize_ancova" name="a_summarize_ancova_j_works_as_expected_in_table_layout"/>
  </testsuite>
  <testsuite name="summarize_mmrm" timestamp="2025-12-02T09:27:15Z" hostname="a0e5bcd5a860" tests="14" skipped="0" failures="0" errors="0" time="2.192">
    <testcase time="0.170000000000002" classname="summarize_mmrm" name="h_summarize_mmrm_works_with_healthy_input"/>
    <testcase time="0.0349999999999966" classname="summarize_mmrm" name="h_summarize_mmrm_works_with_healthy_input"/>
    <testcase time="0.102000000000004" classname="summarize_mmrm" name="s_summarize_mmrm_works_with_healthy_input_in_non_ref_cell"/>
    <testcase time="0.0229999999999961" classname="summarize_mmrm" name="s_summarize_mmrm_works_with_healthy_input_in_non_ref_cell"/>
    <testcase time="0.00899999999999324" classname="summarize_mmrm" name="s_summarize_mmrm_works_with_healthy_input_in_ref_col_cell"/>
    <testcase time="0.0140000000000029" classname="summarize_mmrm" name="s_summarize_mmrm_works_with_healthy_input_in_ref_col_cell"/>
    <testcase time="0.0069999999999979" classname="summarize_mmrm" name="s_summarize_mmrm_works_with_healthy_input_in_ref_row_cell"/>
    <testcase time="0.007000000000005" classname="summarize_mmrm" name="s_summarize_mmrm_works_with_healthy_input_in_ref_row_cell"/>
    <testcase time="0.321999999999996" classname="summarize_mmrm" name="a_summarize_mmrm_works_as_expected_in_table_layout"/>
    <testcase time="0.103000000000002" classname="summarize_mmrm" name="a_summarize_mmrm_works_as_expected_in_table_layout"/>
    <testcase time="0.103000000000002" classname="summarize_mmrm" name="a_summarize_mmrm_works_as_expected_in_table_layout"/>
    <testcase time="0.757999999999996" classname="summarize_mmrm" name="a_summarize_mmrm_works_as_expected_below_row_splits"/>
    <testcase time="0.286000000000001" classname="summarize_mmrm" name="a_summarize_mmrm_works_as_expected_below_row_splits"/>
    <testcase time="0.253" classname="summarize_mmrm" name="a_summarize_mmrm_works_as_expected_below_row_splits"/>
  </testsuite>
  <testsuite name="summarize_row_counts" timestamp="2025-12-02T09:27:17Z" hostname="a0e5bcd5a860" tests="4" skipped="0" failures="0" errors="0" time="0.484">
    <testcase time="0.179000000000002" classname="summarize_row_counts" name="summarize_row_counts_works_as_expected_without_alt_counts"/>
    <testcase time="0.070999999999998" classname="summarize_row_counts" name="summarize_row_counts_works_as_expected_without_alt_counts"/>
    <testcase time="0.161999999999999" classname="summarize_row_counts" name="summarize_row_counts_works_as_expected_with_alt_counts"/>
    <testcase time="0.0720000000000027" classname="summarize_row_counts" name="summarize_row_counts_works_as_expected_with_alt_counts"/>
  </testsuite>
  <testsuite name="tabulate_lsmeans" timestamp="2025-12-02T09:27:17Z" hostname="a0e5bcd5a860" tests="11" skipped="0" failures="0" errors="0" time="1.476">
    <testcase time="0.100000000000001" classname="tabulate_lsmeans" name="s_lsmeans_works_as_expected_with_MMRM_fit_when_not_in_reference_column"/>
    <testcase time="0.000999999999997669" classname="tabulate_lsmeans" name="s_lsmeans_works_as_expected_with_MMRM_fit_when_not_in_reference_column"/>
    <testcase time="0.00800000000000267" classname="tabulate_lsmeans" name="s_lsmeans_works_as_expected_with_MMRM_fit_when_not_in_reference_column"/>
    <testcase time="0.0069999999999979" classname="tabulate_lsmeans" name="s_lsmeans_works_as_expected_with_MMRM_fit_when_not_in_reference_column"/>
    <testcase time="0.0069999999999979" classname="tabulate_lsmeans" name="s_lsmeans_works_as_expected_with_MMRM_fit_when_not_in_reference_column"/>
    <testcase time="0.102000000000004" classname="tabulate_lsmeans" name="summarize_lsmeans_can_show_two_and_one_sided_p_values_correctly"/>
    <testcase time="0.382999999999996" classname="tabulate_lsmeans" name="summarize_lsmeans_can_show_two_and_one_sided_p_values_correctly"/>
    <testcase time="0.377000000000002" classname="tabulate_lsmeans" name="summarize_lsmeans_can_show_two_and_one_sided_p_values_correctly"/>
    <testcase time="0.387999999999998" classname="tabulate_lsmeans" name="summarize_lsmeans_can_show_two_and_one_sided_p_values_correctly"/>
    <testcase time="0.100999999999999" classname="tabulate_lsmeans" name="s_lsmeans_works_as_expected_with_ANCOVA_fit_when_not_in_reference_column"/>
    <testcase time="0.00200000000000244" classname="tabulate_lsmeans" name="s_lsmeans_works_as_expected_with_ANCOVA_fit_when_not_in_reference_column"/>
  </testsuite>
  <testsuite name="tabulate_lsmeans_wide" timestamp="2025-12-02T09:27:19Z" hostname="a0e5bcd5a860" tests="20" skipped="0" failures="0" errors="0" time="1.643">
    <testcase time="0.0279999999999987" classname="tabulate_lsmeans_wide" name="lsmeans_wide_cfun_works_as_expected"/>
    <testcase time="0.0110000000000028" classname="tabulate_lsmeans_wide" name="lsmeans_wide_cfun_works_as_expected"/>
    <testcase time="0.0110000000000028" classname="tabulate_lsmeans_wide" name="lsmeans_wide_cfun_works_as_expected"/>
    <testcase time="0.0109999999999957" classname="tabulate_lsmeans_wide" name="lsmeans_wide_cfun_works_as_expected"/>
    <testcase time="0.0110000000000028" classname="tabulate_lsmeans_wide" name="lsmeans_wide_cfun_works_as_expected"/>
    <testcase time="0.0069999999999979" classname="tabulate_lsmeans_wide" name="lsmeans_wide_cfun_works_as_expected"/>
    <testcase time="0.0120000000000005" classname="tabulate_lsmeans_wide" name="lsmeans_wide_cfun_works_as_expected_with_more_than_one_treatment_group"/>
    <testcase time="0.00800000000000267" classname="tabulate_lsmeans_wide" name="lsmeans_wide_cfun_works_as_expected_with_more_than_one_treatment_group"/>
    <testcase time="0.00799999999999557" classname="tabulate_lsmeans_wide" name="lsmeans_wide_cfun_works_as_expected_with_more_than_one_treatment_group"/>
    <testcase time="0.0110000000000028" classname="tabulate_lsmeans_wide" name="lsmeans_wide_cfun_works_as_expected_with_more_than_one_treatment_group_for_MMRM_case"/>
    <testcase time="0.00799999999999557" classname="tabulate_lsmeans_wide" name="lsmeans_wide_cfun_works_as_expected_with_more_than_one_treatment_group_for_MMRM_case"/>
    <testcase time="0.007000000000005" classname="tabulate_lsmeans_wide" name="lsmeans_wide_cfun_works_as_expected_with_more_than_one_treatment_group_for_MMRM_case"/>
    <testcase time="0.00799999999999557" classname="tabulate_lsmeans_wide" name="lsmeans_wide_cfun_works_as_expected_with_more_than_one_treatment_group_for_MMRM_case"/>
    <testcase time="0.356999999999999" classname="tabulate_lsmeans_wide" name="summarize_lsmeans_wide_works_as_expected"/>
    <testcase time="0.127000000000002" classname="tabulate_lsmeans_wide" name="summarize_lsmeans_wide_works_as_expected"/>
    <testcase time="0.152000000000001" classname="tabulate_lsmeans_wide" name="summarize_lsmeans_wide_works_as_expected_with_more_than_1_treatment_group"/>
    <testcase time="0.283999999999999" classname="tabulate_lsmeans_wide" name="summarize_lsmeans_wide_works_as_expected_with_more_than_1_treatment_group"/>
    <testcase time="0.146999999999998" classname="tabulate_lsmeans_wide" name="summarize_lsmeans_wide_works_as_expected_with_more_than_1_treatment_group"/>
    <testcase time="0.327000000000005" classname="tabulate_lsmeans_wide" name="summarize_lsmeans_wide_can_omit_variance_and_p_value_columns"/>
    <testcase time="0.107999999999997" classname="tabulate_lsmeans_wide" name="summarize_lsmeans_wide_can_omit_variance_and_p_value_columns"/>
  </testsuite>
  <testsuite name="tabulate_rbmi" timestamp="2025-12-02T09:27:21Z" hostname="a0e5bcd5a860" tests="13" skipped="0" failures="0" errors="0" time="0.28">
    <testcase time="0.0180000000000007" classname="tabulate_rbmi" name="h_tidy_pool_is_produced_correctly_for_ANCOVA_case"/>
    <testcase time="0.00800000000000267" classname="tabulate_rbmi" name="h_tidy_pool_is_produced_correctly_for_MMRM_case"/>
    <testcase time="0.00300000000000011" classname="tabulate_rbmi" name="h_tidy_pool_is_produced_correctly_for_MMRM_case"/>
    <testcase time="0.00300000000000011" classname="tabulate_rbmi" name="h_tidy_pool_is_produced_correctly_for_MMRM_case"/>
    <testcase time="0.0149999999999935" classname="tabulate_rbmi" name="tidy.pool_is_produced_correctly_for_ANCOVA_case"/>
    <testcase time="0.00900000000000034" classname="tabulate_rbmi" name="tidy.pool_is_produced_correctly_for_MMRM_case"/>
    <testcase time="0.00200000000000244" classname="tabulate_rbmi" name="tidy.pool_is_produced_correctly_for_MMRM_case"/>
    <testcase time="0.00300000000000011" classname="tabulate_rbmi" name="tidy.pool_is_produced_correctly_for_MMRM_case"/>
    <testcase time="0.0159999999999982" classname="tabulate_rbmi" name="s_rbmi_lsmeans_works_with_as_expected_with_.in_ref_col_TRUE"/>
    <testcase time="0.0190000000000055" classname="tabulate_rbmi" name="s_rbmi_lsmeans_works_with_as_expected_with_.in_ref_col_FALSE"/>
    <testcase time="0.0189999999999984" classname="tabulate_rbmi" name="s_rbmi_lsmeans_also_works_with_show_relative_increase"/>
    <testcase time="0.088000000000001" classname="tabulate_rbmi" name="a_rbmi_lsmeans_works_as_expected_in_table_layout"/>
    <testcase time="0.0769999999999982" classname="tabulate_rbmi" name="a_rbmi_lsmeans_works_as_expected_in_table_layout"/>
  </testsuite>
  <testsuite name="tern_utils_default_stats_formats_labels" timestamp="2025-12-02T09:27:21Z" hostname="a0e5bcd5a860" tests="52" skipped="0" failures="0" errors="0" time="0.22">
    <testcase time="0.0110000000000028" classname="tern_utils_default_stats_formats_labels" name="tern_get_stats_works_as_expected_for_defaults"/>
    <testcase time="0.00599999999999312" classname="tern_utils_default_stats_formats_labels" name="tern_get_stats_works_as_expected_for_defaults"/>
    <testcase time="0.00200000000000244" classname="tern_utils_default_stats_formats_labels" name="tern_get_stats_works_as_expected_for_defaults"/>
    <testcase time="0.00600000000000023" classname="tern_utils_default_stats_formats_labels" name="tern_get_stats_works_as_expected_for_defaults"/>
    <testcase time="0.00200000000000244" classname="tern_utils_default_stats_formats_labels" name="tern_get_stats_works_as_expected_for_defaults"/>
    <testcase time="0.00600000000000023" classname="tern_utils_default_stats_formats_labels" name="tern_get_stats_works_as_expected_for_defaults"/>
    <testcase time="0.000999999999997669" classname="tern_utils_default_stats_formats_labels" name="tern_get_stats_works_as_expected_for_defaults"/>
    <testcase time="0.0069999999999979" classname="tern_utils_default_stats_formats_labels" name="tern_get_stats_works_as_expected_for_defaults"/>
    <testcase time="0.00400000000000489" classname="tern_utils_default_stats_formats_labels" name="tern_get_stats_works_as_expected_for_defaults"/>
    <testcase time="0.00300000000000011" classname="tern_utils_default_stats_formats_labels" name="tern_get_stats_works_as_expected_for_defaults"/>
    <testcase time="0.00300000000000011" classname="tern_utils_default_stats_formats_labels" name="tern_get_stats_works_as_expected_for_defaults"/>
    <testcase time="0.00499999999999545" classname="tern_utils_default_stats_formats_labels" name="tern_get_stats_works_well_with_pval"/>
    <testcase time="0.00300000000000011" classname="tern_utils_default_stats_formats_labels" name="tern_get_stats_works_well_with_pval"/>
    <testcase time="0.00200000000000244" classname="tern_utils_default_stats_formats_labels" name="tern_get_stats_works_well_with_pval"/>
    <testcase time="0.00500000000000256" classname="tern_utils_default_stats_formats_labels" name="tern_get_stats_works_well_with_pval"/>
    <testcase time="0.00399999999999778" classname="tern_utils_default_stats_formats_labels" name="tern_get_stats_works_well_with_pval"/>
    <testcase time="0.00499999999999545" classname="tern_utils_default_stats_formats_labels" name="tern_get_stats_works_well_with_pval"/>
    <testcase time="0.00400000000000489" classname="tern_utils_default_stats_formats_labels" name="tern_get_stats_works_as_expected_for_selection_of_stats"/>
    <testcase time="0.00300000000000011" classname="tern_utils_default_stats_formats_labels" name="tern_get_stats_works_as_expected_for_selection_of_stats"/>
    <testcase time="0.00399999999999778" classname="tern_utils_default_stats_formats_labels" name="tern_get_stats_works_as_expected_for_selection_of_stats"/>
    <testcase time="0.00399999999999778" classname="tern_utils_default_stats_formats_labels" name="tern_get_stats_works_as_expected_for_selection_of_stats"/>
    <testcase time="0.00500000000000256" classname="tern_utils_default_stats_formats_labels" name="tern_get_formats_from_stats_works_as_expected"/>
    <testcase time="0.00300000000000011" classname="tern_utils_default_stats_formats_labels" name="tern_get_formats_from_stats_works_as_expected"/>
    <testcase time="0.00200000000000244" classname="tern_utils_default_stats_formats_labels" name="tern_get_formats_from_stats_works_as_expected"/>
    <testcase time="0.00300000000000011" classname="tern_utils_default_stats_formats_labels" name="tern_get_formats_from_stats_works_as_expected"/>
    <testcase time="0.00300000000000011" classname="tern_utils_default_stats_formats_labels" name="tern_get_formats_from_stats_works_as_expected"/>
    <testcase time="0.00300000000000011" classname="tern_utils_default_stats_formats_labels" name="tern_get_formats_from_stats_works_as_expected"/>
    <testcase time="0.00199999999999534" classname="tern_utils_default_stats_formats_labels" name="tern_get_formats_from_stats_works_as_expected"/>
    <testcase time="0.00300000000000011" classname="tern_utils_default_stats_formats_labels" name="tern_get_formats_from_stats_works_as_expected"/>
    <testcase time="0.00500000000000256" classname="tern_utils_default_stats_formats_labels" name="tern_get_labels_from_stats_works_as_expected"/>
    <testcase time="0.0069999999999979" classname="tern_utils_default_stats_formats_labels" name="tern_get_labels_from_stats_works_as_expected"/>
    <testcase time="0.00300000000000011" classname="tern_utils_default_stats_formats_labels" name="tern_get_labels_from_stats_works_as_expected"/>
    <testcase time="0.00300000000000011" classname="tern_utils_default_stats_formats_labels" name="tern_get_labels_from_stats_works_as_expected"/>
    <testcase time="0.00200000000000244" classname="tern_utils_default_stats_formats_labels" name="tern_get_labels_from_stats_works_as_expected"/>
    <testcase time="0.00300000000000011" classname="tern_utils_default_stats_formats_labels" name="tern_get_labels_from_stats_works_as_expected"/>
    <testcase time="0.00300000000000011" classname="tern_utils_default_stats_formats_labels" name="tern_get_labels_from_stats_works_as_expected"/>
    <testcase time="0.00600000000000023" classname="tern_utils_default_stats_formats_labels" name="tern_get_labels_from_stats_with_labels_in_works_when_adding_levels_to_stats"/>
    <testcase time="0.00600000000000023" classname="tern_utils_default_stats_formats_labels" name="tern_get_labels_from_stats_works_fine_for_cases_with_levels"/>
    <testcase time="0.00499999999999545" classname="tern_utils_default_stats_formats_labels" name="tern_get_indents_from_stats_works_as_expected"/>
    <testcase time="0.007000000000005" classname="tern_utils_default_stats_formats_labels" name="tern_get_indents_from_stats_works_as_expected"/>
    <testcase time="0.00199999999999534" classname="tern_utils_default_stats_formats_labels" name="tern_get_indents_from_stats_works_as_expected"/>
    <testcase time="0.00300000000000011" classname="tern_utils_default_stats_formats_labels" name="tern_get_indents_from_stats_works_as_expected"/>
    <testcase time="0.00300000000000011" classname="tern_utils_default_stats_formats_labels" name="tern_get_indents_from_stats_works_as_expected"/>
    <testcase time="0.00600000000000023" classname="tern_utils_default_stats_formats_labels" name="tern_get_labels_from_stats_correctly_combines_labels_in_and_label_attr_from_stats"/>
    <testcase time="0.00600000000000023" classname="tern_utils_default_stats_formats_labels" name=".unlist_keep_nulls_works_as_expected_non_recursively"/>
    <testcase time="0.00500000000000256" classname="tern_utils_default_stats_formats_labels" name=".unlist_keep_nulls_works_as_expected_non_recursively_with_NA"/>
    <testcase time="0.00600000000000023" classname="tern_utils_default_stats_formats_labels" name=".split_std_from_custom_stats_works_as_expected_with_a_list"/>
    <testcase time="0.000999999999997669" classname="tern_utils_default_stats_formats_labels" name=".split_std_from_custom_stats_works_as_expected_with_a_list"/>
    <testcase time="0.00300000000000011" classname="tern_utils_default_stats_formats_labels" name=".split_std_from_custom_stats_works_as_expected_with_a_list"/>
    <testcase time="0.00999999999999801" classname="tern_utils_default_stats_formats_labels" name=".split_std_from_custom_stats_works_as_expected_with_a_single_input"/>
    <testcase time="0.00500000000000256" classname="tern_utils_default_stats_formats_labels" name=".apply_stat_functions_works_as_expected_without_custom_stat_functions"/>
    <testcase time="0.00600000000000023" classname="tern_utils_default_stats_formats_labels" name=".apply_stat_functions_works_as_expected_with_custom_stat_functions"/>
  </testsuite>
  <testsuite name="test_proportion_diff" timestamp="2025-12-02T09:27:21Z" hostname="a0e5bcd5a860" tests="32" skipped="0" failures="0" errors="0" time="0.229">
    <testcase time="0.017000000000003" classname="test_proportion_diff" name="s_test_proportion_diff_works_as_expected"/>
    <testcase time="0.00799999999999557" classname="test_proportion_diff" name="s_test_proportion_diff_works_as_expected"/>
    <testcase time="0.00600000000000023" classname="test_proportion_diff" name="s_test_proportion_diff_works_as_expected"/>
    <testcase time="0.0350000000000037" classname="test_proportion_diff" name="a_test_proportion_diff_works_as_expected_in_table_layout"/>
    <testcase time="0.0300000000000011" classname="test_proportion_diff" name="a_test_proportion_diff_works_as_expected_in_table_layout"/>
    <testcase time="0.00499999999999545" classname="test_proportion_diff" name="prop_chisq_returns_right_result"/>
    <testcase time="0.0069999999999979" classname="test_proportion_diff" name="prop_chisq_returns_right_result"/>
    <testcase time="0.00100000000000477" classname="test_proportion_diff" name="prop_chisq_returns_right_result"/>
    <testcase time="0.0069999999999979" classname="test_proportion_diff" name="prop_chisq_returns_right_result"/>
    <testcase time="0.00200000000000244" classname="test_proportion_diff" name="prop_chisq_returns_right_result"/>
    <testcase time="0.0139999999999958" classname="test_proportion_diff" name="prop_chisq_returns_right_result"/>
    <testcase time="0.00600000000000023" classname="test_proportion_diff" name="prop_cmh_returns_right_result"/>
    <testcase time="0.00600000000000023" classname="test_proportion_diff" name="prop_cmh_returns_right_result"/>
    <testcase time="0.00300000000000011" classname="test_proportion_diff" name="prop_cmh_returns_right_result"/>
    <testcase time="0.00600000000000023" classname="test_proportion_diff" name="prop_cmh_returns_right_result"/>
    <testcase time="0.00200000000000244" classname="test_proportion_diff" name="prop_cmh_returns_right_result"/>
    <testcase time="0.00600000000000023" classname="test_proportion_diff" name="prop_cmh_returns_right_result"/>
    <testcase time="0.00799999999999557" classname="test_proportion_diff" name="prop_cmh_also_works_when_there_are_strata_with_just_one_observation"/>
    <testcase time="0.00200000000000244" classname="test_proportion_diff" name="prop_cmh_also_works_when_there_are_strata_with_just_one_observation"/>
    <testcase time="0.00600000000000023" classname="test_proportion_diff" name="prop_cmh_also_works_when_there_are_strata_with_just_one_observation"/>
    <testcase time="0.00500000000000256" classname="test_proportion_diff" name="prop_cmh_also_works_when_there_are_strata_with_just_one_observation"/>
    <testcase time="0.00199999999999534" classname="test_proportion_diff" name="prop_cmh_also_works_when_there_are_strata_with_just_one_observation"/>
    <testcase time="0.00600000000000023" classname="test_proportion_diff" name="prop_cmh_also_works_when_there_are_strata_with_just_one_observation"/>
    <testcase time="0.00500000000000256" classname="test_proportion_diff" name="prop_cmh_also_works_when_there_are_strata_with_just_one_observation"/>
    <testcase time="0.000999999999997669" classname="test_proportion_diff" name="prop_cmh_also_works_when_there_are_strata_with_just_one_observation"/>
    <testcase time="0.00600000000000023" classname="test_proportion_diff" name="prop_cmh_also_works_when_there_are_strata_with_just_one_observation"/>
    <testcase time="0.00500000000000256" classname="test_proportion_diff" name="prop_fisher_returns_right_result"/>
    <testcase time="0.0069999999999979" classname="test_proportion_diff" name="prop_fisher_returns_right_result"/>
    <testcase time="0.00100000000000477" classname="test_proportion_diff" name="prop_fisher_returns_right_result"/>
    <testcase time="0.00600000000000023" classname="test_proportion_diff" name="prop_fisher_returns_right_result"/>
    <testcase time="0.00199999999999534" classname="test_proportion_diff" name="prop_fisher_returns_right_result"/>
    <testcase time="0.00600000000000023" classname="test_proportion_diff" name="prop_fisher_returns_right_result"/>
  </testsuite>
  <testsuite name="titles_file" timestamp="2025-12-02T09:27:21Z" hostname="a0e5bcd5a860" tests="6" skipped="0" failures="0" errors="0" time="0.049">
    <testcase time="0.0120000000000005" classname="titles_file" name="title_files_work"/>
    <testcase time="0.00399999999999778" classname="titles_file" name="title_files_work"/>
    <testcase time="0.0230000000000032" classname="titles_file" name="title_files_work"/>
    <testcase time="0.00300000000000011" classname="titles_file" name="title_files_work"/>
    <testcase time="0.00200000000000244" classname="titles_file" name="title_files_work"/>
    <testcase time="0.00499999999999545" classname="titles_file" name="title_files_work"/>
  </testsuite>
  <testsuite name="tt_to_tblfile" timestamp="2025-12-02T09:27:21Z" hostname="a0e5bcd5a860" tests="21" skipped="0" failures="2" errors="7" time="7.697">
    <testcase time="1.63500000000001" classname="tt_to_tblfile" name="tt_to_tlgrtf_works_with_input_Table_and_fontspec_size_8">
      <failure type="failure" message="Expected `rtf_out_wrapper(tbl_wide, &quot;testfontsize8&quot;, fontspec = fontspec)` not to throw any errors. ('test-tt_to_tblfile.R:47:3')">Expected `rtf_out_wrapper(tbl_wide, "testfontsize8", fontspec = fontspec)` not to throw any errors.
Actually got a &lt;simpleError&gt; with message:
  could not find function "round_type"</failure>
    </testcase>
    <testcase time="0.224999999999994" classname="tt_to_tblfile" name="tt_to_tlgrtf_works_with_an_empty_listing">
      <failure type="failure" message="Adding new file snapshot: 'tests/testthat/_snaps/tt_to_tblfile/testemptylisting.rtf' ('test-tt_to_tblfile.R:52:3')">Adding new file snapshot: 'tests/testthat/_snaps/tt_to_tblfile/testemptylisting.rtf'</failure>
    </testcase>
    <testcase time="0.0100000000000051" classname="tt_to_tblfile" name="tt_to_tlgrtf_works_with_an_empty_listing"/>
    <testcase time="0.00399999999999778" classname="tt_to_tblfile" name="tt_to_tlgrtf_works_with_an_empty_listing"/>
    <testcase time="0.0110000000000028" classname="tt_to_tblfile" name="get_ncol_works_as_expected"/>
    <testcase time="1.65199999999999" classname="tt_to_tblfile" name="get_ncol_works_as_expected"/>
    <testcase time="0.347000000000001" classname="tt_to_tblfile" name="get_ncol_works_as_expected"/>
    <testcase time="0.00300000000000011" classname="tt_to_tblfile" name="get_ncol_works_as_expected"/>
    <testcase time="0.00400000000000489" classname="tt_to_tblfile" name="get_ncol_works_as_expected"/>
    <testcase time="1.67899999999999" classname="tt_to_tblfile" name="tt_to_tlgrtf_works_with_wide_table">
      <error type="error" message="Error in `round_type(tt)`: could not find function &quot;round_type&quot; ('test-tt_to_tblfile.R:96:3')">Error in `round_type(tt)`: could not find function "round_type"
Backtrace:
     x
  1. +-testthat::expect_silent(...) at test-tt_to_tblfile.R:96:3
  2. | \-testthat:::quasi_capture(enquo(object), NULL, evaluate_promise)
  3. |   +-testthat (local) .capture(...)
  4. |   | +-withr::with_output_sink(...)
  5. |   | | \-base::force(code)
  6. |   | +-base::withCallingHandlers(...)
  7. |   | \-base::withVisible(code)
  8. |   \-rlang::eval_bare(quo_get_expr(.quo), quo_get_env(.quo))
  9. +-base::suppressMessages(...)
 10. | \-base::withCallingHandlers(...)
 11. \-junco (local) rtf_out_wrapper(tbl_wide, "test2", part = NA)
 12.   \-junco::tt_to_tlgrtf(tt, file = fullfl, ..., combined_rtf = combined) at test-tt_to_tblfile.R:22:3</error>
    </testcase>
    <testcase time="1.686" classname="tt_to_tblfile" name="tt_to_tlgrtf_works_with_argument_combined_rtf_TRUE">
      <error type="error" message="Error in `round_type(tt)`: could not find function &quot;round_type&quot; ('test-tt_to_tblfile.R:115:3')">Error in `round_type(tt)`: could not find function "round_type"
Backtrace:
     x
  1. +-testthat::expect_silent(...) at test-tt_to_tblfile.R:115:3
  2. | \-testthat:::quasi_capture(enquo(object), NULL, evaluate_promise)
  3. |   +-testthat (local) .capture(...)
  4. |   | +-withr::with_output_sink(...)
  5. |   | | \-base::force(code)
  6. |   | +-base::withCallingHandlers(...)
  7. |   | \-base::withVisible(code)
  8. |   \-rlang::eval_bare(quo_get_expr(.quo), quo_get_env(.quo))
  9. +-base::suppressMessages(...)
 10. | \-base::withCallingHandlers(...)
 11. \-junco (local) rtf_out_wrapper(tbl_wide, "test3", combined = TRUE)
 12.   \-junco::tt_to_tlgrtf(tt, file = fullfl, ..., combined_rtf = combined) at test-tt_to_tblfile.R:22:3</error>
    </testcase>
    <testcase time="0.0760000000000005" classname="tt_to_tblfile" name="tt_to_tlgrtf_converts_table_tree_to_tlg_without_error">
      <error type="error" message="Error in `round_type(tt)`: could not find function &quot;round_type&quot; ('test-tt_to_tblfile.R:131:3')">Error in `round_type(tt)`: could not find function "round_type"
Backtrace:
    x
 1. +-testthat::expect_snapshot_file(...) at test-tt_to_tblfile.R:131:3
 2. | \-testthat:::check_string(path)
 3. |   \-testthat:::.rlang_check_is_string(...)
 4. |     \-rlang::is_string(x)
 5. \-junco (local) rtf_out_wrapper(tbl, "test1")
 6.   \-junco::tt_to_tlgrtf(tt, file = fullfl, ..., combined_rtf = combined) at test-tt_to_tblfile.R:22:3</error>
    </testcase>
    <testcase time="0.0200000000000031" classname="tt_to_tblfile" name="cwidths_final_adj_calculates_adjusted_column_widths_correctly"/>
    <testcase time="0.00399999999999778" classname="tt_to_tblfile" name="cwidths_final_adj_calculates_adjusted_column_widths_correctly"/>
    <testcase time="0.00500000000000256" classname="tt_to_tblfile" name="make_bordmat_row_creates_border_matrix_row_correctly"/>
    <testcase time="0.000999999999997669" classname="tt_to_tblfile" name="make_bordmat_row_creates_border_matrix_row_correctly"/>
    <testcase time="0.00300000000000011" classname="tt_to_tblfile" name="make_bordmat_row_creates_border_matrix_row_correctly"/>
    <testcase time="0.0619999999999976" classname="tt_to_tblfile" name="tt_to_tlgrtf_validates_table_structure_correctly">
      <error type="error" message="Error in `round_type(tt)`: could not find function &quot;round_type&quot; ('test-tt_to_tblfile.R:210:3')">Error in `round_type(tt)`: could not find function "round_type"
Backtrace:
    x
 1. +-testthat::expect_warning(...) at test-tt_to_tblfile.R:210:3
 2. | \-testthat:::expect_condition_matching_(...)
 3. |   \-testthat:::quasi_capture(...)
 4. |     +-testthat (local) .capture(...)
 5. |     | \-base::withCallingHandlers(...)
 6. |     \-rlang::eval_bare(quo_get_expr(.quo), quo_get_env(.quo))
 7. \-junco::tt_to_tlgrtf(badtbl, file = NULL, validate = TRUE)</error>
    </testcase>
    <testcase time="0.0640000000000001" classname="tt_to_tblfile" name="tt_to_tlgrtf_does_not_warn_for_valid_table_structures">
      <error type="error" message="Error in `round_type(tt)`: could not find function &quot;round_type&quot; ('test-tt_to_tblfile.R:237:3')">Error in `round_type(tt)`: could not find function "round_type"
Backtrace:
     x
  1. +-testthat::expect_no_warning(tt_to_tlgrtf(tbl, file = NULL, validate = TRUE)) at test-tt_to_tblfile.R:237:3
  2. | \-testthat:::expect_no_(...)
  3. |   \-testthat:::quasi_capture(enquo(object), NULL, capture)
  4. |     +-testthat (local) .capture(...)
  5. |     | +-base::withRestarts(...)
  6. |     | | \-base (local) withOneRestart(expr, restarts[[1L]])
  7. |     | |   \-base (local) doWithOneRestart(return(expr), restart)
  8. |     | \-base::withCallingHandlers(...)
  9. |     \-rlang::eval_bare(quo_get_expr(.quo), quo_get_env(.quo))
 10. \-junco::tt_to_tlgrtf(tbl, file = NULL, validate = TRUE)</error>
    </testcase>
    <testcase time="0.0749999999999957" classname="tt_to_tblfile" name="tt_to_tlgrtf_respects_JUNCO_DISABLE_VALIDATION_environment_variable">
      <error type="error" message="Error in `round_type(tt)`: could not find function &quot;round_type&quot; ('test-tt_to_tblfile.R:258:3')">Error in `round_type(tt)`: could not find function "round_type"
Backtrace:
     x
  1. +-testthat::expect_no_warning(...) at test-tt_to_tblfile.R:258:3
  2. | \-testthat:::expect_no_(...)
  3. |   \-testthat:::quasi_capture(enquo(object), NULL, capture)
  4. |     +-testthat (local) .capture(...)
  5. |     | +-base::withRestarts(...)
  6. |     | | \-base (local) withOneRestart(expr, restarts[[1L]])
  7. |     | |   \-base (local) doWithOneRestart(return(expr), restart)
  8. |     | \-base::withCallingHandlers(...)
  9. |     \-rlang::eval_bare(quo_get_expr(.quo), quo_get_env(.quo))
 10. \-junco::tt_to_tlgrtf(badtbl, file = NULL, validate = TRUE)</error>
    </testcase>
    <testcase time="0.131" classname="tt_to_tblfile" name="more_top_left_than_col_headers_works">
      <error type="error" message="Error in `round_type(tt)`: could not find function &quot;round_type&quot; ('test-tt_to_tblfile.R:290:3')">Error in `round_type(tt)`: could not find function "round_type"
Backtrace:
    x
 1. +-testthat::expect_silent(tt_to_tlgrtf(tbl, file = tmpfile)) at test-tt_to_tblfile.R:290:3
 2. | \-testthat:::quasi_capture(enquo(object), NULL, evaluate_promise)
 3. |   +-testthat (local) .capture(...)
 4. |   | +-withr::with_output_sink(...)
 5. |   | | \-base::force(code)
 6. |   | +-base::withCallingHandlers(...)
 7. |   | \-base::withVisible(code)
 8. |   \-rlang::eval_bare(quo_get_expr(.quo), quo_get_env(.quo))
 9. \-junco::tt_to_tlgrtf(tbl, file = tmpfile)</error>
    </testcase>
  </testsuite>
  <testsuite name="varia" timestamp="2025-12-02T09:27:29Z" hostname="a0e5bcd5a860" tests="16" skipped="0" failures="0" errors="0" time="2.64">
    <testcase time="0.0609999999999999" classname="varia" name="a_freq_j_works_old_count_unq_case_"/>
    <testcase time="0.0360000000000014" classname="varia" name="a_freq_j_works_old_count_unq_case_"/>
    <testcase time="0.145000000000003" classname="varia" name="a_freq_subcol_j_works_old_case_of_cpct_subcol_"/>
    <testcase time="0.549999999999997" classname="varia" name="a_freq_combos_j_old_cpct_filter_combos_case_works"/>
    <testcase time="0.628999999999998" classname="varia" name="_a_freq_j_works"/>
    <testcase time="0.234000000000002" classname="varia" name="a_freq_j_works_old_count_subject_case_"/>
    <testcase time="0.515999999999998" classname="varia" name="a_freq_j_works_old_count_subject_case_"/>
    <testcase time="0.0100000000000051" classname="varia" name="a_freq_j_works_old_count_subject_case_"/>
    <testcase time="0.0109999999999957" classname="varia" name="a_freq_j_works_old_count_subject_case_"/>
    <testcase time="0.0750000000000028" classname="varia" name="_a_freq_j_works"/>
    <testcase time="0.0899999999999963" classname="varia" name="a_freq_j_works_old_a_countpat_newlevels_case_"/>
    <testcase time="0.0140000000000029" classname="varia" name="a_freq_j_works_old_a_countpat_newlevels_case_"/>
    <testcase time="0.00300000000000011" classname="varia" name="a_freq_j_works_old_a_countpat_newlevels_case_"/>
    <testcase time="0.204999999999998" classname="varia" name="a_summarize_ex_j_works"/>
    <testcase time="0.0260000000000034" classname="varia" name="a_summarize_ex_j_works"/>
    <testcase time="0.0349999999999966" classname="varia" name="a_summarize_ex_j_works"/>
  </testsuite>
  <testsuite name="visit_levels" timestamp="2025-12-02T09:27:32Z" hostname="a0e5bcd5a860" tests="8" skipped="0" failures="0" errors="0" time="0.044">
    <testcase time="0.0110000000000028" classname="visit_levels" name="get_visit_levels_returns_visit_levels_in_correct_order"/>
    <testcase time="0.00300000000000011" classname="visit_levels" name="get_visit_levels_returns_visit_levels_in_correct_order"/>
    <testcase time="0.00399999999999778" classname="visit_levels" name="get_visit_levels_returns_visit_levels_in_correct_order"/>
    <testcase time="0.00300000000000011" classname="visit_levels" name="get_visit_levels_returns_visit_levels_in_correct_order"/>
    <testcase time="0.00900000000000034" classname="visit_levels" name="get_visit_levels_validates_input_correctly"/>
    <testcase time="0.00500000000000256" classname="visit_levels" name="get_visit_levels_validates_input_correctly"/>
    <testcase time="0.00399999999999778" classname="visit_levels" name="get_visit_levels_validates_input_correctly"/>
    <testcase time="0.00500000000000256" classname="visit_levels" name="get_visit_levels_validates_input_correctly"/>
  </testsuite>
</testsuites>
