<?xml version="1.0" encoding="UTF-8"?>
<testsuites>
  <testsuite name="a_freq_j" timestamp="2025-12-04T10:20:19Z" hostname="0752ec0cabab" tests="3" skipped="3" failures="0" errors="0" time="0.757">
    <testcase time="0.29" classname="a_freq_j" name="a_freq_j_with_label_map_works_in_a_table_layout_as_expected">
      <skipped message="Reason: On CRAN ('test-a_freq_j.R:1:1')"/>
    </testcase>
    <testcase time="0.283" classname="a_freq_j" name="a_freq_j_with_label_map_restricts_the_values_according_to_row_split_and_label_map">
      <skipped message="Reason: On CRAN ('test-a_freq_j.R:26:1')"/>
    </testcase>
    <testcase time="0.184" classname="a_freq_j" name="a_freq_j_with_exclude_allows_to_exclude_row_split_levels_from_the_analysis">
      <skipped message="Reason: On CRAN ('test-a_freq_j.R:54:1')"/>
    </testcase>
  </testsuite>
  <testsuite name="a_freq_resp_var_j" timestamp="2025-12-04T10:20:20Z" hostname="0752ec0cabab" tests="7" skipped="0" failures="0" errors="7" time="0.447">
    <testcase time="0.0509999999999997" classname="a_freq_resp_var_j" name="a_freq_resp_var_j_works_as_expected_with_basic_usage">
      <error type="error" message="Error in `h(simpleError(msg, call))`: error in evaluating the argument 'obj' in selecting a method for function 'last_rowsplit': error in evaluating the argument 'obj' in selecting a method for function 'next_cpos': unused argument (round_type = &quot;sas&quot;) ('test-a_freq_resp_var_j.R:19:3')">Error in `h(simpleError(msg, call))`: error in evaluating the argument 'obj' in selecting a method for function 'last_rowsplit': error in evaluating the argument 'obj' in selecting a method for function 'next_cpos': unused argument (round_type = "sas")
Backtrace:
     x
  1. +-... %&gt;% ... at test-a_freq_resp_var_j.R:19:3
  2. +-rtables::analyze(...)
  3. | +-methods::is(last_rowsplit(lyt), "VAnalyzeSplit")
  4. | \-rtables:::last_rowsplit(lyt)
  5. +-rtables::split_cols_by(., "ARM")
  6. | \-rtables:::next_cpos(lyt, nested)
  7. +-base::.handleSimpleError(...)
  8. | \-base (local) h(simpleError(msg, call))
  9. \-base::.handleSimpleError(...)
 10.   \-base (local) h(simpleError(msg, call))</error>
    </testcase>
    <testcase time="0.081" classname="a_freq_resp_var_j" name="a_freq_resp_var_j_works_with_factor_responses">
      <error type="error" message="Error in `h(simpleError(msg, call))`: error in evaluating the argument 'obj' in selecting a method for function 'last_rowsplit': error in evaluating the argument 'obj' in selecting a method for function 'next_cpos': unused argument (round_type = &quot;sas&quot;) ('test-a_freq_resp_var_j.R:57:3')">Error in `h(simpleError(msg, call))`: error in evaluating the argument 'obj' in selecting a method for function 'last_rowsplit': error in evaluating the argument 'obj' in selecting a method for function 'next_cpos': unused argument (round_type = "sas")
Backtrace:
     x
  1. +-... %&gt;% ... at test-a_freq_resp_var_j.R:57:3
  2. +-rtables::analyze(...)
  3. | +-methods::is(last_rowsplit(lyt), "VAnalyzeSplit")
  4. | \-rtables:::last_rowsplit(lyt)
  5. +-rtables::split_cols_by(., "ARM")
  6. | \-rtables:::next_cpos(lyt, nested)
  7. +-base::.handleSimpleError(...)
  8. | \-base (local) h(simpleError(msg, call))
  9. \-base::.handleSimpleError(...)
 10.   \-base (local) h(simpleError(msg, call))</error>
    </testcase>
    <testcase time="0.0630000000000002" classname="a_freq_resp_var_j" name="a_freq_resp_var_j_handles_missing_values_correctly">
      <error type="error" message="Error in `h(simpleError(msg, call))`: error in evaluating the argument 'obj' in selecting a method for function 'last_rowsplit': error in evaluating the argument 'obj' in selecting a method for function 'next_cpos': unused argument (round_type = &quot;sas&quot;) ('test-a_freq_resp_var_j.R:89:3')">Error in `h(simpleError(msg, call))`: error in evaluating the argument 'obj' in selecting a method for function 'last_rowsplit': error in evaluating the argument 'obj' in selecting a method for function 'next_cpos': unused argument (round_type = "sas")
Backtrace:
     x
  1. +-... %&gt;% ... at test-a_freq_resp_var_j.R:89:3
  2. +-rtables::analyze(...)
  3. | +-methods::is(last_rowsplit(lyt), "VAnalyzeSplit")
  4. | \-rtables:::last_rowsplit(lyt)
  5. +-rtables::split_cols_by(., "ARM")
  6. | \-rtables:::next_cpos(lyt, nested)
  7. +-base::.handleSimpleError(...)
  8. | \-base (local) h(simpleError(msg, call))
  9. \-base::.handleSimpleError(...)
 10.   \-base (local) h(simpleError(msg, call))</error>
    </testcase>
    <testcase time="0.0630000000000002" classname="a_freq_resp_var_j" name="a_freq_resp_var_j_errors_on_invalid_responses">
      <error type="error" message="Error in `h(simpleError(msg, call))`: error in evaluating the argument 'obj' in selecting a method for function 'last_rowsplit': error in evaluating the argument 'obj' in selecting a method for function 'next_cpos': unused argument (round_type = &quot;sas&quot;) ('test-a_freq_resp_var_j.R:120:3')">Error in `h(simpleError(msg, call))`: error in evaluating the argument 'obj' in selecting a method for function 'last_rowsplit': error in evaluating the argument 'obj' in selecting a method for function 'next_cpos': unused argument (round_type = "sas")
Backtrace:
     x
  1. +-... %&gt;% ... at test-a_freq_resp_var_j.R:120:3
  2. +-rtables::analyze(...)
  3. | +-methods::is(last_rowsplit(lyt), "VAnalyzeSplit")
  4. | \-rtables:::last_rowsplit(lyt)
  5. +-rtables::split_cols_by(., "ARM")
  6. | \-rtables:::next_cpos(lyt, nested)
  7. +-base::.handleSimpleError(...)
  8. | \-base (local) h(simpleError(msg, call))
  9. \-base::.handleSimpleError(...)
 10.   \-base (local) h(simpleError(msg, call))</error>
    </testcase>
    <testcase time="0.0679999999999996" classname="a_freq_resp_var_j" name="a_freq_resp_var_j_errors_when_resp_var_is_null">
      <error type="error" message="Error in `h(simpleError(msg, call))`: error in evaluating the argument 'obj' in selecting a method for function 'last_rowsplit': error in evaluating the argument 'obj' in selecting a method for function 'next_cpos': unused argument (round_type = &quot;sas&quot;) ('test-a_freq_resp_var_j.R:151:3')">Error in `h(simpleError(msg, call))`: error in evaluating the argument 'obj' in selecting a method for function 'last_rowsplit': error in evaluating the argument 'obj' in selecting a method for function 'next_cpos': unused argument (round_type = "sas")
Backtrace:
     x
  1. +-... %&gt;% analyze("SEX", afun = a_freq_resp_var_j) at test-a_freq_resp_var_j.R:151:3
  2. +-rtables::analyze(., "SEX", afun = a_freq_resp_var_j)
  3. | +-methods::is(last_rowsplit(lyt), "VAnalyzeSplit")
  4. | \-rtables:::last_rowsplit(lyt)
  5. +-rtables::split_cols_by(., "ARM")
  6. | \-rtables:::next_cpos(lyt, nested)
  7. +-base::.handleSimpleError(...)
  8. | \-base (local) h(simpleError(msg, call))
  9. \-base::.handleSimpleError(...)
 10.   \-base (local) h(simpleError(msg, call))</error>
    </testcase>
    <testcase time="0.0550000000000002" classname="a_freq_resp_var_j" name="a_freq_resp_var_j_works_with_drop_levels_parameter">
      <error type="error" message="Error in `h(simpleError(msg, call))`: error in evaluating the argument 'obj' in selecting a method for function 'last_rowsplit': error in evaluating the argument 'obj' in selecting a method for function 'next_cpos': unused argument (round_type = &quot;sas&quot;) ('test-a_freq_resp_var_j.R:181:3')">Error in `h(simpleError(msg, call))`: error in evaluating the argument 'obj' in selecting a method for function 'last_rowsplit': error in evaluating the argument 'obj' in selecting a method for function 'next_cpos': unused argument (round_type = "sas")
Backtrace:
     x
  1. +-... %&gt;% ... at test-a_freq_resp_var_j.R:181:3
  2. +-rtables::analyze(...)
  3. | +-methods::is(last_rowsplit(lyt), "VAnalyzeSplit")
  4. | \-rtables:::last_rowsplit(lyt)
  5. +-rtables::split_cols_by(., "ARM")
  6. | \-rtables:::next_cpos(lyt, nested)
  7. +-base::.handleSimpleError(...)
  8. | \-base (local) h(simpleError(msg, call))
  9. \-base::.handleSimpleError(...)
 10.   \-base (local) h(simpleError(msg, call))</error>
    </testcase>
    <testcase time="0.0659999999999998" classname="a_freq_resp_var_j" name="a_freq_resp_var_j_works_with_riskdiff_parameter">
      <error type="error" message="Error in `h(simpleError(msg, call))`: error in evaluating the argument 'obj' in selecting a method for function 'last_rowsplit': error in evaluating the argument 'obj' in selecting a method for function 'next_cpos': unused argument (round_type = &quot;sas&quot;) ('test-a_freq_resp_var_j.R:213:3')">Error in `h(simpleError(msg, call))`: error in evaluating the argument 'obj' in selecting a method for function 'last_rowsplit': error in evaluating the argument 'obj' in selecting a method for function 'next_cpos': unused argument (round_type = "sas")
Backtrace:
     x
  1. +-... %&gt;% ... at test-a_freq_resp_var_j.R:213:3
  2. +-rtables::analyze(...)
  3. | +-methods::is(last_rowsplit(lyt), "VAnalyzeSplit")
  4. | \-rtables:::last_rowsplit(lyt)
  5. +-rtables::split_cols_by(., "ARM")
  6. | \-rtables:::next_cpos(lyt, nested)
  7. +-base::.handleSimpleError(...)
  8. | \-base (local) h(simpleError(msg, call))
  9. \-base::.handleSimpleError(...)
 10.   \-base (local) h(simpleError(msg, call))</error>
    </testcase>
  </testsuite>
  <testsuite name="a_maxlev" timestamp="2025-12-04T10:20:20Z" hostname="0752ec0cabab" tests="8" skipped="0" failures="0" errors="1" time="0.577">
    <testcase time="0.104" classname="a_maxlev" name="a_maxlev_produces_correct_numbers_for_single_treatment_per_subject">
      <error type="error" message="Error in `h(simpleError(msg, call))`: error in evaluating the argument 'obj' in selecting a method for function 'last_rowsplit': error in evaluating the argument 'lyt' in selecting a method for function '.add_row_summary': error in evaluating the argument 'obj' in selecting a method for function 'next_rpos': error in evaluating the argument 'lyt' in selecting a method for function 'split_cols': error in evaluating the argument 'obj' in selecting a method for function 'next_cpos': unused argument (round_type = &quot;sas&quot;) ('test-a_maxlev.R:19:3')">Error in `h(simpleError(msg, call))`: error in evaluating the argument 'obj' in selecting a method for function 'last_rowsplit': error in evaluating the argument 'lyt' in selecting a method for function '.add_row_summary': error in evaluating the argument 'obj' in selecting a method for function 'next_rpos': error in evaluating the argument 'lyt' in selecting a method for function 'split_cols': error in evaluating the argument 'obj' in selecting a method for function 'next_cpos': unused argument (round_type = "sas")
Backtrace:
     x
  1. +-rtables::analyze(...) at test-a_maxlev.R:19:3
  2. | +-methods::is(last_rowsplit(lyt), "VAnalyzeSplit")
  3. | \-rtables:::last_rowsplit(lyt)
  4. +-rtables::summarize_row_groups(...)
  5. | \-rtables::.add_row_summary(...)
  6. +-rtables::split_rows_by(...)
  7. | \-rtables:::next_rpos(lyt, nested)
  8. +-rtables::add_overall_col(...)
  9. | \-rtables:::split_cols(lyt, spl, next_cpos(lyt, FALSE))
 10. +-rtables::split_cols_by(basic_table(round_type = "sas"), "ARM")
 11. | \-rtables:::next_cpos(lyt, nested)
 12. +-base::.handleSimpleError(...)
 13. | \-base (local) h(simpleError(msg, call))
 14. +-base::.handleSimpleError(...)
 15. | \-base (local) h(simpleError(msg, call))
 16. +-base::.handleSimpleError(...)
 17. | \-base (local) h(simpleError(msg, call))
 18. +-base::.handleSimpleError(...)
 19. | \-base (local) h(simpleError(msg, call))
 20. \-base::.handleSimpleError(...)
 21.   \-base (local) h(simpleError(msg, call))</error>
    </testcase>
    <testcase time="0.119" classname="a_maxlev" name="a_maxlev_produces_correct_numbers_for_sequence_of_treatments_missing_values_"/>
    <testcase time="0.0549999999999997" classname="a_maxlev" name="a_maxlev_produces_correct_numbers_for_sequence_of_treatments_missing_values_"/>
    <testcase time="0.0940000000000003" classname="a_maxlev" name="a_maxlev_produces_correct_numbers_for_sequence_of_treatments_all_values_are_missing_for_one_treatement_"/>
    <testcase time="0.0569999999999999" classname="a_maxlev" name="a_maxlev_produces_correct_numbers_for_sequence_of_treatments_all_values_are_missing_for_one_treatement_"/>
    <testcase time="0.0600000000000001" classname="a_maxlev" name="a_maxlev_produces_correct_numbers_when_any_level_is_active_for_custom_level_excl._"/>
    <testcase time="0.0349999999999997" classname="a_maxlev" name="a_maxlev_produces_correct_numbers_when_any_level_is_active_for_custom_level_excl._"/>
    <testcase time="0.0530000000000004" classname="a_maxlev" name="a_maxlev_throws_an_error_for_not_ordered_variable"/>
  </testsuite>
  <testsuite name="a_summarize_aval_chg_diff" timestamp="2025-12-04T10:20:21Z" hostname="0752ec0cabab" tests="3" skipped="0" failures="0" errors="2" time="0.248">
    <testcase time="0.0219999999999998" classname="a_summarize_aval_chg_diff" name="a_summarize_aval_chg_diff_j_works_as_expected"/>
    <testcase time="0.0219999999999998" classname="a_summarize_aval_chg_diff" name="a_summarize_aval_chg_diff_j_works_as_expected">
      <error type="error" message="Error in `h(simpleError(msg, call))`: error in evaluating the argument 'obj' in selecting a method for function 'last_rowsplit': error in evaluating the argument 'obj' in selecting a method for function 'next_cpos': error in evaluating the argument 'obj' in selecting a method for function 'next_cpos': error in evaluating the argument 'obj' in selecting a method for function 'next_cpos': error in evaluating the argument 'obj' in selecting a method for function 'next_cpos': error in evaluating the argument 'obj' in selecting a method for function 'next_rpos': error in evaluating the argument 'obj' in selecting a method for function 'next_rpos': error in evaluating the argument 'obj' in selecting a method for function 'next_cpos': error in evaluating the argument 'obj' in selecting a method for function 'next_cpos': unused argument (round_type = &quot;sas&quot;) ('test-a_summarize_aval_chg_diff.R:97:3')">Error in `h(simpleError(msg, call))`: error in evaluating the argument 'obj' in selecting a method for function 'last_rowsplit': error in evaluating the argument 'obj' in selecting a method for function 'next_cpos': error in evaluating the argument 'obj' in selecting a method for function 'next_cpos': error in evaluating the argument 'obj' in selecting a method for function 'next_cpos': error in evaluating the argument 'obj' in selecting a method for function 'next_cpos': error in evaluating the argument 'obj' in selecting a method for function 'next_rpos': error in evaluating the argument 'obj' in selecting a method for function 'next_rpos': error in evaluating the argument 'obj' in selecting a method for function 'next_cpos': error in evaluating the argument 'obj' in selecting a method for function 'next_cpos': unused argument (round_type = "sas")
Backtrace:
     x
  1. +-... %&gt;% ... at test-a_summarize_aval_chg_diff.R:97:3
  2. +-rtables::analyze(...)
  3. | +-methods::is(last_rowsplit(lyt), "VAnalyzeSplit")
  4. | \-rtables:::last_rowsplit(lyt)
  5. +-rtables::split_cols_by_multivar(., c("CHG"), varlabels = c(" "))
  6. | \-rtables:::next_cpos(lyt, nested)
  7. +-rtables::split_cols_by(...)
  8. | \-rtables:::next_cpos(lyt, nested)
  9. +-rtables::split_cols_by(., "rrisk_header", nested = FALSE)
 10. | \-rtables:::next_cpos(lyt, nested)
 11. +-rtables::split_cols_by_multivar(...)
 12. | \-rtables:::next_cpos(lyt, nested)
 13. +-rtables::split_rows_by(...)
 14. | \-rtables:::next_rpos(lyt, nested)
 15. +-rtables::split_rows_by(...)
 16. | \-rtables:::next_rpos(lyt, nested)
 17. +-rtables::split_cols_by(., "TRT01A")
 18. | \-rtables:::next_cpos(lyt, nested)
 19. +-rtables::split_cols_by(., "colspan_trt", split_fun = trim_levels_to_map(map = colspan_trt_map))
 20. | \-rtables:::next_cpos(lyt, nested)
 21. +-base::.handleSimpleError(...)
 22. | \-base (local) h(simpleError(msg, call))
 23. +-base::.handleSimpleError(...)
 24. | \-base (local) h(simpleError(msg, call))
 25. +-base::.handleSimpleError(...)
 26. | \-base (local) h(simpleError(msg, call))
 27. +-base::.handleSimpleError(...)
 28. | \-base (local) h(simpleError(msg, call))
 29. +-base::.handleSimpleError(...)
 30. | \-base (local) h(simpleError(msg, call))
 31. +-base::.handleSimpleError(...)
 32. | \-base (local) h(simpleError(msg, call))
 33. +-base::.handleSimpleError(...)
 34. | \-base (local) h(simpleError(msg, call))
 35. +-base::.handleSimpleError(...)
 36. | \-base (local) h(simpleError(msg, call))
 37. \-base::.handleSimpleError(...)
 38.   \-base (local) h(simpleError(msg, call))</error>
    </testcase>
    <testcase time="0.204000000000001" classname="a_summarize_aval_chg_diff" name="a_summarize_aval_chg_diff_j_works_with_ancova_TRUE">
      <error type="error" message="Error in `h(simpleError(msg, call))`: error in evaluating the argument 'obj' in selecting a method for function 'last_rowsplit': error in evaluating the argument 'obj' in selecting a method for function 'next_cpos': error in evaluating the argument 'obj' in selecting a method for function 'next_cpos': error in evaluating the argument 'obj' in selecting a method for function 'next_cpos': error in evaluating the argument 'obj' in selecting a method for function 'next_cpos': error in evaluating the argument 'obj' in selecting a method for function 'next_rpos': error in evaluating the argument 'obj' in selecting a method for function 'next_rpos': error in evaluating the argument 'obj' in selecting a method for function 'next_cpos': error in evaluating the argument 'obj' in selecting a method for function 'next_cpos': unused argument (round_type = &quot;sas&quot;) ('test-a_summarize_aval_chg_diff.R:233:3')">Error in `h(simpleError(msg, call))`: error in evaluating the argument 'obj' in selecting a method for function 'last_rowsplit': error in evaluating the argument 'obj' in selecting a method for function 'next_cpos': error in evaluating the argument 'obj' in selecting a method for function 'next_cpos': error in evaluating the argument 'obj' in selecting a method for function 'next_cpos': error in evaluating the argument 'obj' in selecting a method for function 'next_cpos': error in evaluating the argument 'obj' in selecting a method for function 'next_rpos': error in evaluating the argument 'obj' in selecting a method for function 'next_rpos': error in evaluating the argument 'obj' in selecting a method for function 'next_cpos': error in evaluating the argument 'obj' in selecting a method for function 'next_cpos': unused argument (round_type = "sas")
Backtrace:
     x
  1. +-... %&gt;% ... at test-a_summarize_aval_chg_diff.R:233:3
  2. +-rtables::analyze(...)
  3. | +-methods::is(last_rowsplit(lyt), "VAnalyzeSplit")
  4. | \-rtables:::last_rowsplit(lyt)
  5. +-rtables::split_cols_by_multivar(., c("CHG"), varlabels = c(" "))
  6. | \-rtables:::next_cpos(lyt, nested)
  7. +-rtables::split_cols_by(...)
  8. | \-rtables:::next_cpos(lyt, nested)
  9. +-rtables::split_cols_by(., "rrisk_header", nested = FALSE)
 10. | \-rtables:::next_cpos(lyt, nested)
 11. +-rtables::split_cols_by_multivar(...)
 12. | \-rtables:::next_cpos(lyt, nested)
 13. +-rtables::split_rows_by(...)
 14. | \-rtables:::next_rpos(lyt, nested)
 15. +-rtables::split_rows_by(...)
 16. | \-rtables:::next_rpos(lyt, nested)
 17. +-rtables::split_cols_by(., "TRT01A")
 18. | \-rtables:::next_cpos(lyt, nested)
 19. +-rtables::split_cols_by(., "colspan_trt", split_fun = trim_levels_to_map(map = colspan_trt_map))
 20. | \-rtables:::next_cpos(lyt, nested)
 21. +-base::.handleSimpleError(...)
 22. | \-base (local) h(simpleError(msg, call))
 23. +-base::.handleSimpleError(...)
 24. | \-base (local) h(simpleError(msg, call))
 25. +-base::.handleSimpleError(...)
 26. | \-base (local) h(simpleError(msg, call))
 27. +-base::.handleSimpleError(...)
 28. | \-base (local) h(simpleError(msg, call))
 29. +-base::.handleSimpleError(...)
 30. | \-base (local) h(simpleError(msg, call))
 31. +-base::.handleSimpleError(...)
 32. | \-base (local) h(simpleError(msg, call))
 33. +-base::.handleSimpleError(...)
 34. | \-base (local) h(simpleError(msg, call))
 35. +-base::.handleSimpleError(...)
 36. | \-base (local) h(simpleError(msg, call))
 37. \-base::.handleSimpleError(...)
 38.   \-base (local) h(simpleError(msg, call))</error>
    </testcase>
  </testsuite>
  <testsuite name="analyze_values" timestamp="2025-12-04T10:20:21Z" hostname="0752ec0cabab" tests="1" skipped="0" failures="0" errors="1" time="0.186">
    <testcase time="0.186" classname="analyze_values" name="analyze_values_correctly_modifies_layout_with_proper_formats">
      <error type="error" message="Error in `h(simpleError(msg, call))`: error in evaluating the argument 'obj' in selecting a method for function 'next_cpos': unused argument (round_type = &quot;sas&quot;) ('test-analyze_values.R:5:3')">Error in `h(simpleError(msg, call))`: error in evaluating the argument 'obj' in selecting a method for function 'next_cpos': unused argument (round_type = "sas")
Backtrace:
    x
 1. +-basic_table(round_type = "sas") %&gt;% split_cols_by("ARM") at test-analyze_values.R:5:3
 2. +-rtables::split_cols_by(., "ARM")
 3. | \-rtables:::next_cpos(lyt, nested)
 4. \-base::.handleSimpleError(...)
 5.   \-base (local) h(simpleError(msg, call))</error>
    </testcase>
  </testsuite>
  <testsuite name="ancova" timestamp="2025-12-04T10:20:21Z" hostname="0752ec0cabab" tests="3" skipped="1" failures="0" errors="0" time="0.427">
    <testcase time="0.252999999999999" classname="ancova" name="fit_ancova_works_as_expected"/>
    <testcase time="0.00200000000000067" classname="ancova" name="fit_ancova_works_as_expected"/>
    <testcase time="0.172" classname="ancova" name="fit_ancova_works_as_expected">
      <skipped message="Reason: On CRAN ('test-ancova.R:4:1')"/>
    </testcase>
  </testsuite>
  <testsuite name="ancova_rbmi" timestamp="2025-12-04T10:20:22Z" hostname="0752ec0cabab" tests="2" skipped="2" failures="0" errors="0" time="0.05">
    <testcase time="0.0339999999999998" classname="ancova_rbmi" name="rbmi_ancova_single_works_also_with_multiple_treatment_arms">
      <skipped message="Reason: {rbmi} is not installed. ('test-ancova_rbmi.R:16:3')"/>
    </testcase>
    <testcase time="0.016" classname="ancova_rbmi" name="ancova_now_works_also_with_multiple_treatment_arms">
      <skipped message="Reason: {rbmi} is not installed. ('test-ancova_rbmi.R:44:3')"/>
    </testcase>
  </testsuite>
  <testsuite name="blank_line" timestamp="2025-12-04T10:20:22Z" hostname="0752ec0cabab" tests="2" skipped="0" failures="0" errors="2" time="0.079">
    <testcase time="0.0330000000000004" classname="blank_line" name="insert_blank_line_works_as_expected">
      <error type="error" message="Error in `h(simpleError(msg, call))`: error in evaluating the argument 'obj' in selecting a method for function 'last_rowsplit': error in evaluating the argument 'lyt' in selecting a method for function 'vars_in_layout': error in evaluating the argument 'obj' in selecting a method for function 'last_rowsplit': error in evaluating the argument 'lyt' in selecting a method for function 'vars_in_layout': error in evaluating the argument 'obj' in selecting a method for function 'last_rowsplit': error in evaluating the argument 'obj' in selecting a method for function 'next_rpos': error in evaluating the argument 'obj' in selecting a method for function 'next_cpos': unused argument (round_type = &quot;sas&quot;) ('test-blank_line.R:4:3')">Error in `h(simpleError(msg, call))`: error in evaluating the argument 'obj' in selecting a method for function 'last_rowsplit': error in evaluating the argument 'lyt' in selecting a method for function 'vars_in_layout': error in evaluating the argument 'obj' in selecting a method for function 'last_rowsplit': error in evaluating the argument 'lyt' in selecting a method for function 'vars_in_layout': error in evaluating the argument 'obj' in selecting a method for function 'last_rowsplit': error in evaluating the argument 'obj' in selecting a method for function 'next_rpos': error in evaluating the argument 'obj' in selecting a method for function 'next_cpos': unused argument (round_type = "sas")
Backtrace:
     x
  1. +-rtables::analyze(...) at test-blank_line.R:4:3
  2. | +-methods::is(last_rowsplit(lyt), "VAnalyzeSplit")
  3. | \-rtables:::last_rowsplit(lyt)
  4. +-junco::insert_blank_line(...)
  5. | \-rtables::vars_in_layout(lyt@row_layout)
  6. +-rtables::analyze(...)
  7. | +-methods::is(last_rowsplit(lyt), "VAnalyzeSplit")
  8. | \-rtables:::last_rowsplit(lyt)
  9. +-junco::insert_blank_line(...)
 10. | \-rtables::vars_in_layout(lyt@row_layout)
 11. +-rtables::analyze(...)
 12. | +-methods::is(last_rowsplit(lyt), "VAnalyzeSplit")
 13. | \-rtables:::last_rowsplit(lyt)
 14. +-rtables::split_rows_by(...)
 15. | \-rtables:::next_rpos(lyt, nested)
 16. +-rtables::split_cols_by(basic_table(round_type = "sas"), "ARM")
 17. | \-rtables:::next_cpos(lyt, nested)
 18. +-base::.handleSimpleError(...)
 19. | \-base (local) h(simpleError(msg, call))
 20. +-base::.handleSimpleError(...)
 21. | \-base (local) h(simpleError(msg, call))
 22. +-base::.handleSimpleError(...)
 23. | \-base (local) h(simpleError(msg, call))
 24. +-base::.handleSimpleError(...)
 25. | \-base (local) h(simpleError(msg, call))
 26. +-base::.handleSimpleError(...)
 27. | \-base (local) h(simpleError(msg, call))
 28. +-base::.handleSimpleError(...)
 29. | \-base (local) h(simpleError(msg, call))
 30. \-base::.handleSimpleError(...)
 31.   \-base (local) h(simpleError(msg, call))</error>
    </testcase>
    <testcase time="0.0460000000000003" classname="blank_line" name="insert_blank_line_optionally_uses_custom_table_names">
      <error type="error" message="Error in `h(simpleError(msg, call))`: error in evaluating the argument 'obj' in selecting a method for function 'last_rowsplit': error in evaluating the argument 'lyt' in selecting a method for function 'vars_in_layout': error in evaluating the argument 'obj' in selecting a method for function 'last_rowsplit': error in evaluating the argument 'lyt' in selecting a method for function 'vars_in_layout': error in evaluating the argument 'obj' in selecting a method for function 'last_rowsplit': error in evaluating the argument 'obj' in selecting a method for function 'next_rpos': error in evaluating the argument 'obj' in selecting a method for function 'next_cpos': unused argument (round_type = &quot;sas&quot;) ('test-blank_line.R:37:3')">Error in `h(simpleError(msg, call))`: error in evaluating the argument 'obj' in selecting a method for function 'last_rowsplit': error in evaluating the argument 'lyt' in selecting a method for function 'vars_in_layout': error in evaluating the argument 'obj' in selecting a method for function 'last_rowsplit': error in evaluating the argument 'lyt' in selecting a method for function 'vars_in_layout': error in evaluating the argument 'obj' in selecting a method for function 'last_rowsplit': error in evaluating the argument 'obj' in selecting a method for function 'next_rpos': error in evaluating the argument 'obj' in selecting a method for function 'next_cpos': unused argument (round_type = "sas")
Backtrace:
     x
  1. +-rtables::analyze(...) at test-blank_line.R:37:3
  2. | +-methods::is(last_rowsplit(lyt), "VAnalyzeSplit")
  3. | \-rtables:::last_rowsplit(lyt)
  4. +-junco::insert_blank_line(...)
  5. | \-rtables::vars_in_layout(lyt@row_layout)
  6. +-rtables::analyze(...)
  7. | +-methods::is(last_rowsplit(lyt), "VAnalyzeSplit")
  8. | \-rtables:::last_rowsplit(lyt)
  9. +-junco::insert_blank_line(...)
 10. | \-rtables::vars_in_layout(lyt@row_layout)
 11. +-rtables::analyze(...)
 12. | +-methods::is(last_rowsplit(lyt), "VAnalyzeSplit")
 13. | \-rtables:::last_rowsplit(lyt)
 14. +-rtables::split_rows_by(...)
 15. | \-rtables:::next_rpos(lyt, nested)
 16. +-rtables::split_cols_by(basic_table(round_type = "sas"), "ARM")
 17. | \-rtables:::next_cpos(lyt, nested)
 18. +-base::.handleSimpleError(...)
 19. | \-base (local) h(simpleError(msg, call))
 20. +-base::.handleSimpleError(...)
 21. | \-base (local) h(simpleError(msg, call))
 22. +-base::.handleSimpleError(...)
 23. | \-base (local) h(simpleError(msg, call))
 24. +-base::.handleSimpleError(...)
 25. | \-base (local) h(simpleError(msg, call))
 26. +-base::.handleSimpleError(...)
 27. | \-base (local) h(simpleError(msg, call))
 28. +-base::.handleSimpleError(...)
 29. | \-base (local) h(simpleError(msg, call))
 30. \-base::.handleSimpleError(...)
 31.   \-base (local) h(simpleError(msg, call))</error>
    </testcase>
  </testsuite>
  <testsuite name="cmhrms" timestamp="2025-12-04T10:20:22Z" hostname="0752ec0cabab" tests="10" skipped="0" failures="0" errors="2" time="0.322">
    <testcase time="0.125999999999999" classname="cmhrms" name="s_cmhrms_j_works_as_expected_with_and_without_strata"/>
    <testcase time="0.00600000000000023" classname="cmhrms" name="s_cmhrms_j_works_as_expected_with_and_without_strata"/>
    <testcase time="0.00499999999999989" classname="cmhrms" name="s_cmhrms_j_works_as_expected_with_and_without_strata"/>
    <testcase time="0.00600000000000023" classname="cmhrms" name="s_cmhrms_j_works_as_expected_with_and_without_strata"/>
    <testcase time="0.00600000000000023" classname="cmhrms" name="s_cmhrms_j_works_as_expected_with_empty_data_set_or_in_reference_column"/>
    <testcase time="0.00299999999999923" classname="cmhrms" name="s_cmhrms_j_works_as_expected_with_empty_data_set_or_in_reference_column"/>
    <testcase time="0.00300000000000011" classname="cmhrms" name="s_cmhrms_j_works_as_expected_with_empty_data_set_or_in_reference_column"/>
    <testcase time="0.00300000000000011" classname="cmhrms" name="s_cmhrms_j_works_as_expected_with_empty_data_set_or_in_reference_column"/>
    <testcase time="0.056" classname="cmhrms" name="a_cmhrms_j_works_in_a_table_layout_as_expected">
      <error type="error" message="Error in `eval(formal.args[[as.character(substitute(arg))]], envir = sys.frame(sysP))`: object 'valid_round_type' not found ('test-cmhrms.R:81:3')">Error in `eval(formal.args[[as.character(substitute(arg))]], envir = sys.frame(sysP))`: object 'valid_round_type' not found
Backtrace:
     x
  1. +-testthat::expect_silent(build_table(lyt, df = dta)) at test-cmhrms.R:81:3
  2. | \-testthat:::quasi_capture(enquo(object), NULL, evaluate_promise)
  3. |   +-testthat (local) .capture(...)
  4. |   | +-withr::with_output_sink(...)
  5. |   | | \-base::force(code)
  6. |   | +-base::withCallingHandlers(...)
  7. |   | \-base::withVisible(code)
  8. |   \-rlang::eval_bare(quo_get_expr(.quo), quo_get_env(.quo))
  9. \-rtables::build_table(lyt, df = dta)
 10.   \-rtables::update_ref_indexing(tab)
 11.     +-formatters::make_row_df(tt)
 12.     \-rtables::make_row_df(tt)
 13.       \-rtables (local) .local(...)
 14.         +-formatters::make_row_df(...)
 15.         \-rtables::make_row_df(...)
 16.           \-rtables (local) .local(...)
 17.             +-formatters::pagdfrow(...)
 18.             | \-base::data.frame(...)
 19.             +-formatters::nlines(...)
 20.             \-rtables::nlines(...)
 21.               +-base::as.vector(get_formatted_cells(x))
 22.               +-rtables::get_formatted_cells(x)
 23.               \-rtables::get_formatted_cells(x)
 24.                 +-base::matrix(...)
 25.                 +-base::unlist(...)
 26.                 \-base::Map(...)
 27.                   \-base::mapply(FUN = f, ..., SIMPLIFY = FALSE)
 28.                     \-rtables (local) `&lt;fn&gt;`(val = dots[[1L]][[2L]], spn = dots[[2L]][[2L]], shelli = dots[[3L]][[1L]])
 29.                       \-rtables::format_rcell(...)
 30.                         \-formatters::format_value(...)
 31.                           \-formatters:::call_format_fun(...)
 32.                             +-base::do.call(f, args)
 33.                             \-junco (local) `&lt;fn&gt;`(`&lt;dbl&gt;`, na_str = "NA", round_type = "iec")</error>
    </testcase>
    <testcase time="0.108" classname="cmhrms" name="a_cmhrms_j_with_exclude_works_in_a_table_layout_as_expected">
      <error type="error" message="Error in `eval(formal.args[[as.character(substitute(arg))]], envir = sys.frame(sysP))`: object 'valid_round_type' not found ('test-cmhrms.R:107:3')">Error in `eval(formal.args[[as.character(substitute(arg))]], envir = sys.frame(sysP))`: object 'valid_round_type' not found
Backtrace:
     x
  1. +-junco::safe_prune_table(...) at test-cmhrms.R:107:3
  2. | \-rtables::prune_table(...)
  3. |   \-methods::is(tt, "TableRow")
  4. +-testthat::expect_silent(build_table(lyt, df = dta))
  5. | \-testthat:::quasi_capture(enquo(object), NULL, evaluate_promise)
  6. |   +-testthat (local) .capture(...)
  7. |   | +-withr::with_output_sink(...)
  8. |   | | \-base::force(code)
  9. |   | +-base::withCallingHandlers(...)
 10. |   | \-base::withVisible(code)
 11. |   \-rlang::eval_bare(quo_get_expr(.quo), quo_get_env(.quo))
 12. \-rtables::build_table(lyt, df = dta)
 13.   \-rtables::update_ref_indexing(tab)
 14.     +-formatters::make_row_df(tt)
 15.     \-rtables::make_row_df(tt)
 16.       \-rtables (local) .local(...)
 17.         +-formatters::make_row_df(...)
 18.         \-rtables::make_row_df(...)
 19.           \-rtables (local) .local(...)
 20.             +-formatters::make_row_df(...)
 21.             \-rtables::make_row_df(...)
 22.               \-rtables (local) .local(...)
 23.                 +-formatters::make_row_df(...)
 24.                 \-rtables::make_row_df(...)
 25.                   \-rtables (local) .local(...)
 26.                     +-formatters::pagdfrow(...)
 27.                     | \-base::data.frame(...)
 28.                     +-formatters::nlines(...)
 29.                     \-rtables::nlines(...)
 30.                       +-base::as.vector(get_formatted_cells(x))
 31.                       +-rtables::get_formatted_cells(x)
 32.                       \-rtables::get_formatted_cells(x)
 33.                         +-base::matrix(...)
 34.                         +-base::unlist(...)
 35.                         \-base::Map(...)
 36.                           \-base::mapply(FUN = f, ..., SIMPLIFY = FALSE)
 37.                             \-rtables (local) `&lt;fn&gt;`(val = dots[[1L]][[2L]], spn = dots[[2L]][[2L]], shelli = dots[[3L]][[1L]])
 38.                               \-rtables::format_rcell(...)
 39.                                 \-formatters::format_value(...)
 40.                                   \-formatters:::call_format_fun(...)
 41.                                     +-base::do.call(f, args)
 42.                                     \-junco (local) `&lt;fn&gt;`(`&lt;dbl&gt;`, na_str = "NA", round_type = "iec")</error>
    </testcase>
  </testsuite>
  <testsuite name="cmp_functions" timestamp="2025-12-04T10:20:22Z" hostname="0752ec0cabab" tests="4" skipped="3" failures="0" errors="1" time="0.123">
    <testcase time="0.0410000000000004" classname="cmp_functions" name="cmp_split_fun_works_as_expected">
      <error type="error" message="Error in `h(simpleError(msg, call))`: error in evaluating the argument 'obj' in selecting a method for function 'next_cpos': unused argument (round_type = &quot;sas&quot;) ('test-cmp_functions.R:2:3')">Error in `h(simpleError(msg, call))`: error in evaluating the argument 'obj' in selecting a method for function 'next_cpos': unused argument (round_type = "sas")
Backtrace:
    x
 1. +-rtables::build_table(...) at test-cmp_functions.R:2:3
 2. | \-methods::is(lyt, "PreDataTableLayouts")
 3. +-basic_table(round_type = "sas") %&gt;% ...
 4. +-rtables::split_cols_by(., "ID", split_fun = cmp_split_fun)
 5. | \-rtables:::next_cpos(lyt, nested)
 6. \-base::.handleSimpleError(...)
 7.   \-base (local) h(simpleError(msg, call))</error>
    </testcase>
    <testcase time="0.0440000000000005" classname="cmp_functions" name="cmp_cfun_works_correctly_for_expected_column">
      <skipped message="Reason: On CRAN ('test-cmp_functions.R:8:1')"/>
    </testcase>
    <testcase time="0.0189999999999992" classname="cmp_functions" name="cmp_cfun_works_correctly_for_received_column">
      <skipped message="Reason: On CRAN ('test-cmp_functions.R:23:1')"/>
    </testcase>
    <testcase time="0.0190000000000001" classname="cmp_functions" name="cmp_cfun_works_correctly_for_missing_column">
      <skipped message="Reason: On CRAN ('test-cmp_functions.R:41:1')"/>
    </testcase>
  </testsuite>
  <testsuite name="column_stats" timestamp="2025-12-04T10:20:22Z" hostname="0752ec0cabab" tests="29" skipped="0" failures="0" errors="0" time="0.134">
    <testcase time="0.0270000000000001" classname="column_stats" name="column_stats_returns_correct_row_values_for_AVAL_mean"/>
    <testcase time="0.00300000000000011" classname="column_stats" name="column_stats_returns_correct_row_values_for_AVAL_mean"/>
    <testcase time="0.00300000000000011" classname="column_stats" name="column_stats_returns_correct_row_values_for_AVAL_mean"/>
    <testcase time="0.000999999999999446" classname="column_stats" name="column_stats_returns_correct_row_values_for_AVAL_mean"/>
    <testcase time="0.00100000000000033" classname="column_stats" name="column_stats_returns_correct_row_values_for_AVAL_mean"/>
    <testcase time="0.00199999999999978" classname="column_stats" name="column_stats_returns_correct_row_values_for_AVAL_mean"/>
    <testcase time="0.00600000000000023" classname="column_stats" name="column_stats_excludes_Baseline_for_CHG_stat_N"/>
    <testcase time="0.00300000000000011" classname="column_stats" name="column_stats_excludes_Baseline_for_CHG_stat_N"/>
    <testcase time="0.00199999999999978" classname="column_stats" name="column_stats_excludes_Baseline_for_CHG_stat_N"/>
    <testcase time="0.00199999999999978" classname="column_stats" name="column_stats_excludes_Baseline_for_CHG_stat_N"/>
    <testcase time="0.00200000000000067" classname="column_stats" name="column_stats_excludes_Baseline_for_CHG_stat_N"/>
    <testcase time="0.00700000000000056" classname="column_stats" name="column_stats_calculates_SD_statistic_correctly"/>
    <testcase time="0.00699999999999967" classname="column_stats" name="column_stats_calculates_mean_sd_statistic_correctly"/>
    <testcase time="0.00699999999999967" classname="column_stats" name="column_stats_calculates_SE_statistic_correctly"/>
    <testcase time="0.00800000000000001" classname="column_stats" name="column_stats_calculates_Med_Min_Max_correctly"/>
    <testcase time="0.00300000000000011" classname="column_stats" name="column_stats_calculates_Med_Min_Max_correctly"/>
    <testcase time="0.00300000000000011" classname="column_stats" name="column_stats_calculates_Med_Min_Max_correctly"/>
    <testcase time="0.00699999999999967" classname="column_stats" name="column_stats_handles_BASE_variable_correctly"/>
    <testcase time="0.00300000000000011" classname="column_stats" name="column_stats_handles_BASE_variable_correctly"/>
    <testcase time="0.00699999999999967" classname="column_stats" name="column_stats_handles_iec_round_type_correctly"/>
    <testcase time="0.00300000000000011" classname="column_stats" name="column_stats_handles_iec_round_type_correctly"/>
    <testcase time="0.00300000000000011" classname="column_stats" name="column_stats_handles_iec_round_type_correctly"/>
    <testcase time="0.00300000000000011" classname="column_stats" name="column_stats_handles_iec_round_type_correctly"/>
    <testcase time="0.00300000000000011" classname="column_stats" name="column_stats_handles_iec_round_type_correctly"/>
    <testcase time="0.00300000000000011" classname="column_stats" name="column_stats_handles_iec_round_type_correctly"/>
    <testcase time="0.00300000000000011" classname="column_stats" name="column_stats_handles_iec_round_type_correctly"/>
    <testcase time="0.00299999999999923" classname="column_stats" name="column_stats_handles_iec_round_type_correctly"/>
    <testcase time="0.00300000000000011" classname="column_stats" name="column_stats_handles_iec_round_type_correctly"/>
    <testcase time="0.00600000000000023" classname="column_stats" name="calc_N_returns_NULL_for_non_AVAL_variables"/>
    <testcase time="0.048" classname="character(0)" name="_unnamed_">
      <error type="error" message="Error in `h(simpleError(msg, call))`: error in evaluating the argument 'obj' in selecting a method for function 'last_rowsplit': error in evaluating the argument 'obj' in selecting a method for function 'last_rowsplit': error in evaluating the argument 'obj' in selecting a method for function 'last_rowsplit': error in evaluating the argument 'lyt' in selecting a method for function 'split_cols': error in evaluating the argument 'obj' in selecting a method for function 'next_cpos': unused argument (round_type = &quot;sas&quot;) ('test-colwidths.R:18:1')">Error in `h(simpleError(msg, call))`: error in evaluating the argument 'obj' in selecting a method for function 'last_rowsplit': error in evaluating the argument 'obj' in selecting a method for function 'last_rowsplit': error in evaluating the argument 'obj' in selecting a method for function 'last_rowsplit': error in evaluating the argument 'lyt' in selecting a method for function 'split_cols': error in evaluating the argument 'obj' in selecting a method for function 'next_cpos': unused argument (round_type = "sas")
Backtrace:
     x
  1. +-rtables::analyze(...) at test-colwidths.R:18:1
  2. | +-methods::is(last_rowsplit(lyt), "VAnalyzeSplit")
  3. | \-rtables:::last_rowsplit(lyt)
  4. +-rtables::analyze(...)
  5. | +-methods::is(last_rowsplit(lyt), "VAnalyzeSplit")
  6. | \-rtables:::last_rowsplit(lyt)
  7. +-rtables::analyze(...)
  8. | +-methods::is(last_rowsplit(lyt), "VAnalyzeSplit")
  9. | \-rtables:::last_rowsplit(lyt)
 10. +-rtables::add_overall_col(...)
 11. | \-rtables:::split_cols(lyt, spl, next_cpos(lyt, FALSE))
 12. +-rtables::split_cols_by(basic_table(round_type = "sas"), "TRT01P")
 13. | \-rtables:::next_cpos(lyt, nested)
 14. +-base::.handleSimpleError(...)
 15. | \-base (local) h(simpleError(msg, call))
 16. +-base::.handleSimpleError(...)
 17. | \-base (local) h(simpleError(msg, call))
 18. +-base::.handleSimpleError(...)
 19. | \-base (local) h(simpleError(msg, call))
 20. +-base::.handleSimpleError(...)
 21. | \-base (local) h(simpleError(msg, call))
 22. \-base::.handleSimpleError(...)
 23.   \-base (local) h(simpleError(msg, call))</error>
    </testcase>
  </testsuite>
  <testsuite name="count_pct" timestamp="2025-12-04T10:20:22Z" hostname="0752ec0cabab" tests="11" skipped="0" failures="0" errors="11" time="1.079">
    <testcase time="0.0389999999999997" classname="count_pct" name="a_freq_j_with_val_NA_and_denom_option">
      <error type="error" message="Error in `h(simpleError(msg, call))`: error in evaluating the argument 'obj' in selecting a method for function 'last_rowsplit': error in evaluating the argument 'obj' in selecting a method for function 'next_cpos': unused argument (round_type = &quot;sas&quot;) ('test-count_pct.R:15:3')">Error in `h(simpleError(msg, call))`: error in evaluating the argument 'obj' in selecting a method for function 'last_rowsplit': error in evaluating the argument 'obj' in selecting a method for function 'next_cpos': unused argument (round_type = "sas")
Backtrace:
     x
  1. +-... %&gt;% ... at test-count_pct.R:15:3
  2. +-rtables::analyze(., vars = "COUNTRY", afun = a_freq_j, extra_args = extra_args_1)
  3. | +-methods::is(last_rowsplit(lyt), "VAnalyzeSplit")
  4. | \-rtables:::last_rowsplit(lyt)
  5. +-rtables::split_cols_by(., "ARM")
  6. | \-rtables:::next_cpos(lyt, nested)
  7. +-base::.handleSimpleError(...)
  8. | \-base (local) h(simpleError(msg, call))
  9. \-base::.handleSimpleError(...)
 10.   \-base (local) h(simpleError(msg, call))</error>
    </testcase>
    <testcase time="0.0630000000000006" classname="count_pct" name="a_freq_j_with_specific_val_CHN_and_denom_option">
      <error type="error" message="Error in `h(simpleError(msg, call))`: error in evaluating the argument 'obj' in selecting a method for function 'last_rowsplit': error in evaluating the argument 'obj' in selecting a method for function 'next_cpos': unused argument (round_type = &quot;sas&quot;) ('test-count_pct.R:54:3')">Error in `h(simpleError(msg, call))`: error in evaluating the argument 'obj' in selecting a method for function 'last_rowsplit': error in evaluating the argument 'obj' in selecting a method for function 'next_cpos': unused argument (round_type = "sas")
Backtrace:
     x
  1. +-... %&gt;% ... at test-count_pct.R:54:3
  2. +-rtables::analyze(., vars = "COUNTRY", afun = a_freq_j, extra_args = extra_args_1)
  3. | +-methods::is(last_rowsplit(lyt), "VAnalyzeSplit")
  4. | \-rtables:::last_rowsplit(lyt)
  5. +-rtables::split_cols_by(., "ARM")
  6. | \-rtables:::next_cpos(lyt, nested)
  7. +-base::.handleSimpleError(...)
  8. | \-base (local) h(simpleError(msg, call))
  9. \-base::.handleSimpleError(...)
 10.   \-base (local) h(simpleError(msg, call))</error>
    </testcase>
    <testcase time="0.0569999999999995" classname="count_pct" name="a_freq_j_with_N_only">
      <error type="error" message="Error in `h(simpleError(msg, call))`: error in evaluating the argument 'obj' in selecting a method for function 'last_rowsplit': error in evaluating the argument 'obj' in selecting a method for function 'next_cpos': unused argument (round_type = &quot;sas&quot;) ('test-count_pct.R:94:3')">Error in `h(simpleError(msg, call))`: error in evaluating the argument 'obj' in selecting a method for function 'last_rowsplit': error in evaluating the argument 'obj' in selecting a method for function 'next_cpos': unused argument (round_type = "sas")
Backtrace:
     x
  1. +-... %&gt;% ... at test-count_pct.R:94:3
  2. +-rtables::analyze(., vars = "COUNTRY", afun = a_freq_j, extra_args = extra_args_1)
  3. | +-methods::is(last_rowsplit(lyt), "VAnalyzeSplit")
  4. | \-rtables:::last_rowsplit(lyt)
  5. +-rtables::split_cols_by(., "ARM")
  6. | \-rtables:::next_cpos(lyt, nested)
  7. +-base::.handleSimpleError(...)
  8. | \-base (local) h(simpleError(msg, call))
  9. \-base::.handleSimpleError(...)
 10.   \-base (local) h(simpleError(msg, call))</error>
    </testcase>
    <testcase time="0.0579999999999998" classname="count_pct" name="a_freq_j_with_TotCol_only">
      <error type="error" message="Error in `h(simpleError(msg, call))`: error in evaluating the argument 'obj' in selecting a method for function 'last_rowsplit': error in evaluating the argument 'lyt' in selecting a method for function 'split_cols': error in evaluating the argument 'obj' in selecting a method for function 'next_cpos': unused argument (round_type = &quot;sas&quot;) ('test-count_pct.R:118:3')">Error in `h(simpleError(msg, call))`: error in evaluating the argument 'obj' in selecting a method for function 'last_rowsplit': error in evaluating the argument 'lyt' in selecting a method for function 'split_cols': error in evaluating the argument 'obj' in selecting a method for function 'next_cpos': unused argument (round_type = "sas")
Backtrace:
     x
  1. +-... %&gt;% ... at test-count_pct.R:118:3
  2. +-rtables::analyze(., vars = "COUNTRY", afun = a_freq_j, extra_args = extra_args_1)
  3. | +-methods::is(last_rowsplit(lyt), "VAnalyzeSplit")
  4. | \-rtables:::last_rowsplit(lyt)
  5. +-rtables::add_overall_col(., "Total")
  6. | \-rtables:::split_cols(lyt, spl, next_cpos(lyt, FALSE))
  7. +-rtables::split_cols_by(., "ARM")
  8. | \-rtables:::next_cpos(lyt, nested)
  9. +-base::.handleSimpleError(...)
 10. | \-base (local) h(simpleError(msg, call))
 11. +-base::.handleSimpleError(...)
 12. | \-base (local) h(simpleError(msg, call))
 13. \-base::.handleSimpleError(...)
 14.   \-base (local) h(simpleError(msg, call))</error>
    </testcase>
    <testcase time="0.0750000000000002" classname="count_pct" name="a_freq_j_as_cfun">
      <error type="error" message="Error in `h(simpleError(msg, call))`: error in evaluating the argument 'obj' in selecting a method for function 'last_rowsplit': error in evaluating the argument 'lyt' in selecting a method for function '.add_row_summary': error in evaluating the argument 'obj' in selecting a method for function 'next_rpos': error in evaluating the argument 'obj' in selecting a method for function 'next_cpos': unused argument (round_type = &quot;sas&quot;) ('test-count_pct.R:145:3')">Error in `h(simpleError(msg, call))`: error in evaluating the argument 'obj' in selecting a method for function 'last_rowsplit': error in evaluating the argument 'lyt' in selecting a method for function '.add_row_summary': error in evaluating the argument 'obj' in selecting a method for function 'next_rpos': error in evaluating the argument 'obj' in selecting a method for function 'next_cpos': unused argument (round_type = "sas")
Backtrace:
     x
  1. +-... %&gt;% ... at test-count_pct.R:145:3
  2. +-rtables::analyze(., vars = "AEDECOD", afun = a_freq_j, extra_args = extra_args_1)
  3. | +-methods::is(last_rowsplit(lyt), "VAnalyzeSplit")
  4. | \-rtables:::last_rowsplit(lyt)
  5. +-rtables::summarize_row_groups(...)
  6. | \-rtables::.add_row_summary(...)
  7. +-rtables::split_rows_by(., "AEBODSYS")
  8. | \-rtables:::next_rpos(lyt, nested)
  9. +-rtables::split_cols_by(., "ARM")
 10. | \-rtables:::next_cpos(lyt, nested)
 11. +-base::.handleSimpleError(...)
 12. | \-base (local) h(simpleError(msg, call))
 13. +-base::.handleSimpleError(...)
 14. | \-base (local) h(simpleError(msg, call))
 15. +-base::.handleSimpleError(...)
 16. | \-base (local) h(simpleError(msg, call))
 17. \-base::.handleSimpleError(...)
 18.   \-base (local) h(simpleError(msg, call))</error>
    </testcase>
    <testcase time="0.0789999999999997" classname="count_pct" name="a_freq_j_with_label_map">
      <error type="error" message="Error in `h(simpleError(msg, call))`: error in evaluating the argument 'obj' in selecting a method for function 'last_rowsplit': error in evaluating the argument 'obj' in selecting a method for function 'next_cpos': unused argument (round_type = &quot;sas&quot;) ('test-count_pct.R:201:3')">Error in `h(simpleError(msg, call))`: error in evaluating the argument 'obj' in selecting a method for function 'last_rowsplit': error in evaluating the argument 'obj' in selecting a method for function 'next_cpos': unused argument (round_type = "sas")
Backtrace:
     x
  1. +-... %&gt;% ... at test-count_pct.R:201:3
  2. +-rtables::analyze(., vars = "TRTEMFL", afun = a_freq_j, extra_args = extra_args_1)
  3. | +-methods::is(last_rowsplit(lyt), "VAnalyzeSplit")
  4. | \-rtables:::last_rowsplit(lyt)
  5. +-rtables::split_cols_by(., "ARM")
  6. | \-rtables:::next_cpos(lyt, nested)
  7. +-base::.handleSimpleError(...)
  8. | \-base (local) h(simpleError(msg, call))
  9. \-base::.handleSimpleError(...)
 10.   \-base (local) h(simpleError(msg, call))</error>
    </testcase>
    <testcase time="0.0620000000000003" classname="count_pct" name="a_freq_j_old_count_pats_case_">
      <error type="error" message="Error in `h(simpleError(msg, call))`: error in evaluating the argument 'obj' in selecting a method for function 'last_rowsplit': error in evaluating the argument 'obj' in selecting a method for function 'next_cpos': unused argument (round_type = &quot;sas&quot;) ('test-count_pct.R:233:3')">Error in `h(simpleError(msg, call))`: error in evaluating the argument 'obj' in selecting a method for function 'last_rowsplit': error in evaluating the argument 'obj' in selecting a method for function 'next_cpos': unused argument (round_type = "sas")
Backtrace:
     x
  1. +-... %&gt;% ... at test-count_pct.R:233:3
  2. +-rtables::analyze(., vars = "COUNTRY", afun = a_freq_j, extra_args = extra_args_1)
  3. | +-methods::is(last_rowsplit(lyt), "VAnalyzeSplit")
  4. | \-rtables:::last_rowsplit(lyt)
  5. +-rtables::split_cols_by(., "ARM")
  6. | \-rtables:::next_cpos(lyt, nested)
  7. +-base::.handleSimpleError(...)
  8. | \-base (local) h(simpleError(msg, call))
  9. \-base::.handleSimpleError(...)
 10.   \-base (local) h(simpleError(msg, call))</error>
    </testcase>
    <testcase time="0.0579999999999998" classname="count_pct" name="a_freq_j_with_N_subgroup_as_denom">
      <error type="error" message="Error in `h(simpleError(msg, call))`: error in evaluating the argument 'obj' in selecting a method for function 'last_rowsplit': error in evaluating the argument 'obj' in selecting a method for function 'next_rpos': error in evaluating the argument 'obj' in selecting a method for function 'next_cpos': unused argument (round_type = &quot;sas&quot;) ('test-count_pct.R:271:3')">Error in `h(simpleError(msg, call))`: error in evaluating the argument 'obj' in selecting a method for function 'last_rowsplit': error in evaluating the argument 'obj' in selecting a method for function 'next_rpos': error in evaluating the argument 'obj' in selecting a method for function 'next_cpos': unused argument (round_type = "sas")
Backtrace:
     x
  1. +-... %&gt;% ... at test-count_pct.R:271:3
  2. +-rtables::analyze(., vars = "COUNTRY", afun = a_freq_j, extra_args = extra_args_1)
  3. | +-methods::is(last_rowsplit(lyt), "VAnalyzeSplit")
  4. | \-rtables:::last_rowsplit(lyt)
  5. +-rtables::split_rows_by(., "SEX")
  6. | \-rtables:::next_rpos(lyt, nested)
  7. +-rtables::split_cols_by(., "ARM")
  8. | \-rtables:::next_cpos(lyt, nested)
  9. +-base::.handleSimpleError(...)
 10. | \-base (local) h(simpleError(msg, call))
 11. +-base::.handleSimpleError(...)
 12. | \-base (local) h(simpleError(msg, call))
 13. \-base::.handleSimpleError(...)
 14.   \-base (local) h(simpleError(msg, call))</error>
    </testcase>
    <testcase time="0.431" classname="count_pct" name="a_freq_j_with_N_trt_as_denom_special_situation">
      <error type="error" message="Error in `h(simpleError(msg, call))`: error in evaluating the argument 'lyt' in selecting a method for function '.add_row_summary': error in evaluating the argument 'obj' in selecting a method for function 'next_rpos': error in evaluating the argument 'obj' in selecting a method for function 'next_cpos': error in evaluating the argument 'obj' in selecting a method for function 'next_cpos': error in evaluating the argument 'obj' in selecting a method for function 'next_cpos': unused argument (round_type = &quot;sas&quot;) ('test-count_pct.R:420:3')">Error in `h(simpleError(msg, call))`: error in evaluating the argument 'lyt' in selecting a method for function '.add_row_summary': error in evaluating the argument 'obj' in selecting a method for function 'next_rpos': error in evaluating the argument 'obj' in selecting a method for function 'next_cpos': error in evaluating the argument 'obj' in selecting a method for function 'next_cpos': error in evaluating the argument 'obj' in selecting a method for function 'next_cpos': unused argument (round_type = "sas")
Backtrace:
     x
  1. +-... %&gt;% ... at test-count_pct.R:420:3
  2. +-rtables::summarize_row_groups(...)
  3. | \-rtables::.add_row_summary(...)
  4. +-rtables::split_rows_by(...)
  5. | \-rtables:::next_rpos(lyt, nested)
  6. +-rtables::split_cols_by(., "ASEV", show_colcounts = TRUE)
  7. | \-rtables:::next_cpos(lyt, nested)
  8. +-rtables::split_cols_by(., "spanheader", split_fun = trim_levels_in_group("ASEV"))
  9. | \-rtables:::next_cpos(lyt, nested)
 10. +-rtables::split_cols_by(., trtvar, show_colcounts = TRUE)
 11. | \-rtables:::next_cpos(lyt, nested)
 12. +-base::.handleSimpleError(...)
 13. | \-base (local) h(simpleError(msg, call))
 14. +-base::.handleSimpleError(...)
 15. | \-base (local) h(simpleError(msg, call))
 16. +-base::.handleSimpleError(...)
 17. | \-base (local) h(simpleError(msg, call))
 18. +-base::.handleSimpleError(...)
 19. | \-base (local) h(simpleError(msg, call))
 20. \-base::.handleSimpleError(...)
 21.   \-base (local) h(simpleError(msg, call))</error>
    </testcase>
    <testcase time="0.109" classname="count_pct" name="a_freq_j_with_keep_levels_CHN_NGA_">
      <error type="error" message="Error in `h(simpleError(msg, call))`: error in evaluating the argument 'obj' in selecting a method for function 'last_rowsplit': error in evaluating the argument 'obj' in selecting a method for function 'next_cpos': unused argument (round_type = &quot;sas&quot;) ('test-count_pct.R:459:3')">Error in `h(simpleError(msg, call))`: error in evaluating the argument 'obj' in selecting a method for function 'last_rowsplit': error in evaluating the argument 'obj' in selecting a method for function 'next_cpos': unused argument (round_type = "sas")
Backtrace:
     x
  1. +-... %&gt;% ... at test-count_pct.R:459:3
  2. +-rtables::analyze(., vars = "COUNTRY", afun = a_freq_j, extra_args = extra_args_1)
  3. | +-methods::is(last_rowsplit(lyt), "VAnalyzeSplit")
  4. | \-rtables:::last_rowsplit(lyt)
  5. +-rtables::split_cols_by(., "ARM")
  6. | \-rtables:::next_cpos(lyt, nested)
  7. +-base::.handleSimpleError(...)
  8. | \-base (local) h(simpleError(msg, call))
  9. \-base::.handleSimpleError(...)
 10.   \-base (local) h(simpleError(msg, call))</error>
    </testcase>
    <testcase time="0.0990000000000002" classname="character(0)" name="_unnamed_">
      <error type="error" message="Error in `h(simpleError(msg, call))`: error in evaluating the argument 'obj' in selecting a method for function 'next_cpos': error in evaluating the argument 'obj' in selecting a method for function 'next_cpos': error in evaluating the argument 'obj' in selecting a method for function 'next_cpos': error in evaluating the argument 'obj' in selecting a method for function 'next_cpos': unused argument (round_type = &quot;sas&quot;) ('test-count_pct_relrisk.R:24:1')">Error in `h(simpleError(msg, call))`: error in evaluating the argument 'obj' in selecting a method for function 'next_cpos': error in evaluating the argument 'obj' in selecting a method for function 'next_cpos': error in evaluating the argument 'obj' in selecting a method for function 'next_cpos': error in evaluating the argument 'obj' in selecting a method for function 'next_cpos': unused argument (round_type = "sas")
Backtrace:
     x
  1. +-... %&gt;% ... at test-count_pct_relrisk.R:24:1
  2. +-rtables::split_cols_by(...)
  3. | \-rtables:::next_cpos(lyt, nested)
  4. +-rtables::split_cols_by(., "rrisk_header", nested = FALSE)
  5. | \-rtables:::next_cpos(lyt, nested)
  6. +-rtables::split_cols_by(., "ARM")
  7. | \-rtables:::next_cpos(lyt, nested)
  8. +-rtables::split_cols_by(., "colspan_trt", split_fun = trim_levels_in_group("ARM"))
  9. | \-rtables:::next_cpos(lyt, nested)
 10. +-base::.handleSimpleError(...)
 11. | \-base (local) h(simpleError(msg, call))
 12. +-base::.handleSimpleError(...)
 13. | \-base (local) h(simpleError(msg, call))
 14. +-base::.handleSimpleError(...)
 15. | \-base (local) h(simpleError(msg, call))
 16. \-base::.handleSimpleError(...)
 17.   \-base (local) h(simpleError(msg, call))</error>
    </testcase>
  </testsuite>
  <testsuite name="coxph_hr" timestamp="2025-12-04T10:20:24Z" hostname="0752ec0cabab" tests="7" skipped="1" failures="0" errors="3" time="0.432">
    <testcase time="0.103" classname="coxph_hr" name="s_coxph_hr_works_with_default_arguments_and_no_stratification_factors"/>
    <testcase time="0.0140000000000002" classname="coxph_hr" name="s_coxph_hr_works_with_default_arguments_and_no_stratification_factors"/>
    <testcase time="0.00899999999999945" classname="coxph_hr" name="s_coxph_hr_works_with_default_arguments_and_no_stratification_factors"/>
    <testcase time="0.00200000000000067" classname="coxph_hr" name="s_coxph_hr_works_with_default_arguments_and_no_stratification_factors">
      <skipped message="Reason: On CRAN ('test-coxph_hr.R:5:1')"/>
    </testcase>
    <testcase time="0.0249999999999995" classname="coxph_hr" name="a_coxph_hr_works_with_custom_arguments_and_stratification_factors">
      <error type="error" message="Error in `h(simpleError(msg, call))`: error in evaluating the argument 'obj' in selecting a method for function 'last_rowsplit': error in evaluating the argument 'obj' in selecting a method for function 'next_cpos': unused argument (round_type = &quot;sas&quot;) ('test-coxph_hr.R:53:3')">Error in `h(simpleError(msg, call))`: error in evaluating the argument 'obj' in selecting a method for function 'last_rowsplit': error in evaluating the argument 'obj' in selecting a method for function 'next_cpos': unused argument (round_type = "sas")
Backtrace:
     x
  1. +-... %&gt;% build_table(df = adtte_f) at test-coxph_hr.R:53:3
  2. +-rtables::build_table(., df = adtte_f)
  3. | \-methods::is(lyt, "PreDataTableLayouts")
  4. +-rtables::analyze(...)
  5. | +-methods::is(last_rowsplit(lyt), "VAnalyzeSplit")
  6. | \-rtables:::last_rowsplit(lyt)
  7. +-rtables::split_cols_by(., var = "ARMCD")
  8. | \-rtables:::next_cpos(lyt, nested)
  9. +-base::.handleSimpleError(...)
 10. | \-base (local) h(simpleError(msg, call))
 11. \-base::.handleSimpleError(...)
 12.   \-base (local) h(simpleError(msg, call))</error>
    </testcase>
    <testcase time="0.180000000000001" classname="coxph_hr" name="a_coxph_hr_works_with_stratification_factors_for_Log_Rank_test">
      <error type="error" message="Error in `h(simpleError(msg, call))`: error in evaluating the argument 'obj' in selecting a method for function 'last_rowsplit': error in evaluating the argument 'obj' in selecting a method for function 'next_cpos': unused argument (round_type = &quot;sas&quot;) ('test-coxph_hr.R:84:3')">Error in `h(simpleError(msg, call))`: error in evaluating the argument 'obj' in selecting a method for function 'last_rowsplit': error in evaluating the argument 'obj' in selecting a method for function 'next_cpos': unused argument (round_type = "sas")
Backtrace:
     x
  1. +-... %&gt;% build_table(df = adtte_f) at test-coxph_hr.R:84:3
  2. +-rtables::build_table(., df = adtte_f)
  3. | \-methods::is(lyt, "PreDataTableLayouts")
  4. +-rtables::analyze(...)
  5. | +-methods::is(last_rowsplit(lyt), "VAnalyzeSplit")
  6. | \-rtables:::last_rowsplit(lyt)
  7. +-rtables::split_cols_by(., var = "ARMCD")
  8. | \-rtables:::next_cpos(lyt, nested)
  9. +-base::.handleSimpleError(...)
 10. | \-base (local) h(simpleError(msg, call))
 11. \-base::.handleSimpleError(...)
 12.   \-base (local) h(simpleError(msg, call))</error>
    </testcase>
  </testsuite>
  <testsuite name="coxreg_multivar" timestamp="2025-12-04T10:20:24Z" hostname="0752ec0cabab" tests="10" skipped="2" failures="0" errors="4" time="1.431">
    <testcase time="0.17" classname="coxreg_multivar" name="h_extract_coxreg_multivar_works_as_expected"/>
    <testcase time="0.202999999999999" classname="coxreg_multivar" name="tefos03_first_split_fun_works_as_expected"/>
    <testcase time="0.032" classname="coxreg_multivar" name="tefos03_first_split_fun_works_as_expected">
      <skipped message="Reason: On CRAN ('test-coxreg_multivar.R:29:1')"/>
    </testcase>
    <testcase time="0.481000000000001" classname="coxreg_multivar" name="tefos03_second_split_fun_fct_works_as_expected"/>
    <testcase time="0.0589999999999993" classname="coxreg_multivar" name="tefos03_second_split_fun_fct_works_as_expected">
      <skipped message="Reason: On CRAN ('test-coxreg_multivar.R:37:1')"/>
    </testcase>
    <testcase time="0.0359999999999996" classname="coxreg_multivar" name="tefos03_afun_works_as_expected"/>
    <testcase time="0.0210000000000008" classname="coxreg_multivar" name="tefos03_afun_works_as_expected">
      <error type="error" message="Error in `h(simpleError(msg, call))`: error in evaluating the argument 'x' in selecting a method for function 'print': object 'valid_round_type' not found ('test-coxreg_multivar.R:73:3')">Error in `h(simpleError(msg, call))`: error in evaluating the argument 'x' in selecting a method for function 'print': object 'valid_round_type' not found
Backtrace:
     x
  1. +-testthat::expect_snapshot(result) at test-coxreg_multivar.R:73:3
  2. | \-testthat:::expect_snapshot_(...)
  3. |   +-testthat:::with_is_snapshotting(...)
  4. |   \-testthat:::verify_exec(quo_get_expr(x), quo_get_env(x), replay)
  5. |     \-evaluate::evaluate(source, envir = env, new_device = FALSE, output_handler = handler)
  6. |       +-base::withRestarts(...)
  7. |       | \-base (local) withRestartList(expr, restarts)
  8. |       |   +-base (local) withOneRestart(withRestartList(expr, restarts[-nr]), restarts[[nr]])
  9. |       |   | \-base (local) doWithOneRestart(return(expr), restart)
 10. |       |   \-base (local) withRestartList(expr, restarts[-nr])
 11. |       |     \-base (local) withOneRestart(expr, restarts[[1L]])
 12. |       |       \-base (local) doWithOneRestart(return(expr), restart)
 13. |       +-evaluate:::with_handlers(...)
 14. |       | +-base::eval(call)
 15. |       | | \-base::eval(call)
 16. |       | \-base::withCallingHandlers(...)
 17. |       \-watcher$print_value(ev$value, ev$visible, envir)
 18. |         +-base::withVisible(handle_value(handler, value, visible, envir))
 19. |         \-evaluate:::handle_value(handler, value, visible, envir)
 20. |           +-handler$value(value)
 21. |           \-testthat:::testthat_print.default(value)
 22. |             +-base::print(x)
 23. |             \-rtables:::print.RowsVerticalSection(x)
 24. |               +-base::print(...)
 25. |               +-base::data.frame(...)
 26. |               \-base::vapply(x, format_rcell, character(1))
 27. |                 \-rtables (local) FUN(X[[i]], ...)
 28. |                   \-formatters::format_value(...)
 29. |                     \-formatters:::call_format_fun(...)
 30. |                       +-base::do.call(f, args)
 31. |                       \-junco (local) `&lt;fn&gt;`(8.89093549580603e-06, na_str = "NA", round_type = "iec")
 32. |                         \-base::match.arg(round_type)
 33. |                           \-base::eval(formal.args[[as.character(substitute(arg))]], envir = sys.frame(sysP))
 34. |                             \-base::eval(formal.args[[as.character(substitute(arg))]], envir = sys.frame(sysP))
 35. \-base::.handleSimpleError(...)
 36.   \-base (local) h(simpleError(msg, call))</error>
    </testcase>
    <testcase time="0.169" classname="coxreg_multivar" name="summarize_coxreg_multivar_works_as_expected_with_defaults">
      <error type="error" message="Error in `eval(formal.args[[as.character(substitute(arg))]], envir = sys.frame(sysP))`: object 'valid_round_type' not found ('test-coxreg_multivar.R:90:3')">Error in `eval(formal.args[[as.character(substitute(arg))]], envir = sys.frame(sysP))`: object 'valid_round_type' not found
Backtrace:
     x
  1. +-testthat::expect_silent(build_table(lyt, anl)) at test-coxreg_multivar.R:90:3
  2. | \-testthat:::quasi_capture(enquo(object), NULL, evaluate_promise)
  3. |   +-testthat (local) .capture(...)
  4. |   | +-withr::with_output_sink(...)
  5. |   | | \-base::force(code)
  6. |   | +-base::withCallingHandlers(...)
  7. |   | \-base::withVisible(code)
  8. |   \-rlang::eval_bare(quo_get_expr(.quo), quo_get_env(.quo))
  9. \-rtables::build_table(lyt, anl)
 10.   \-rtables::update_ref_indexing(tab)
 11.     +-formatters::make_row_df(tt)
 12.     \-rtables::make_row_df(tt)
 13.       \-rtables (local) .local(...)
 14.         +-formatters::make_row_df(...)
 15.         \-rtables::make_row_df(...)
 16.           \-rtables (local) .local(...)
 17.             +-formatters::pagdfrow(...)
 18.             | \-base::data.frame(...)
 19.             +-formatters::nlines(...)
 20.             \-rtables::nlines(...)
 21.               +-base::as.vector(get_formatted_cells(x))
 22.               +-rtables::get_formatted_cells(x)
 23.               \-rtables::get_formatted_cells(x)
 24.                 +-base::matrix(...)
 25.                 +-base::unlist(...)
 26.                 \-base::Map(...)
 27.                   \-base::mapply(FUN = f, ..., SIMPLIFY = FALSE)
 28.                     \-rtables (local) `&lt;fn&gt;`(val = dots[[1L]][[2L]], spn = dots[[2L]][[2L]], shelli = dots[[3L]][[1L]])
 29.                       \-rtables::format_rcell(...)
 30.                         \-formatters::format_value(...)
 31.                           \-formatters:::call_format_fun(...)
 32.                             +-base::do.call(f, args)
 33.                             \-junco (local) `&lt;fn&gt;`(8.61721978119802e-06, na_str = "NA", round_type = "iec")</error>
    </testcase>
    <testcase time="0.0409999999999986" classname="coxreg_multivar" name="summarize_coxreg_multivar_works_as_expected_with_custom_options">
      <error type="error" message="Error in `h(simpleError(msg, call))`: error in evaluating the argument 'obj' in selecting a method for function 'last_rowsplit': error in evaluating the argument 'obj' in selecting a method for function 'next_cpos': error in evaluating the argument 'obj' in selecting a method for function 'next_cpos': unused argument (round_type = &quot;sas&quot;) ('test-coxreg_multivar.R:103:3')">Error in `h(simpleError(msg, call))`: error in evaluating the argument 'obj' in selecting a method for function 'last_rowsplit': error in evaluating the argument 'obj' in selecting a method for function 'next_cpos': error in evaluating the argument 'obj' in selecting a method for function 'next_cpos': unused argument (round_type = "sas")
Backtrace:
     x
  1. +-junco::summarize_coxreg_multivar(...) at test-coxreg_multivar.R:103:3
  2. | +-rtables::analyze(...)
  3. | | +-methods::is(last_rowsplit(lyt), "VAnalyzeSplit")
  4. | | \-rtables:::last_rowsplit(lyt)
  5. | +-rtables::split_cols_by(...)
  6. | | \-rtables:::next_cpos(lyt, nested)
  7. | \-rtables::split_cols_by(lyt, var = var, split_fun = tefos03_first_split_fun)
  8. |   \-rtables:::next_cpos(lyt, nested)
  9. +-base::.handleSimpleError(...)
 10. | \-base (local) h(simpleError(msg, call))
 11. +-base::.handleSimpleError(...)
 12. | \-base (local) h(simpleError(msg, call))
 13. \-base::.handleSimpleError(...)
 14.   \-base (local) h(simpleError(msg, call))</error>
    </testcase>
    <testcase time="0.219000000000001" classname="coxreg_multivar" name="summarize_coxreg_multivar_works_with_row_splits">
      <error type="error" message="Error in `eval(formal.args[[as.character(substitute(arg))]], envir = sys.frame(sysP))`: object 'valid_round_type' not found ('test-coxreg_multivar.R:138:3')">Error in `eval(formal.args[[as.character(substitute(arg))]], envir = sys.frame(sysP))`: object 'valid_round_type' not found
Backtrace:
     x
  1. +-testthat::expect_silent(build_table(lyt, anl)) at test-coxreg_multivar.R:138:3
  2. | \-testthat:::quasi_capture(enquo(object), NULL, evaluate_promise)
  3. |   +-testthat (local) .capture(...)
  4. |   | +-withr::with_output_sink(...)
  5. |   | | \-base::force(code)
  6. |   | +-base::withCallingHandlers(...)
  7. |   | \-base::withVisible(code)
  8. |   \-rlang::eval_bare(quo_get_expr(.quo), quo_get_env(.quo))
  9. \-rtables::build_table(lyt, anl)
 10.   \-rtables::update_ref_indexing(tab)
 11.     +-formatters::make_row_df(tt)
 12.     \-rtables::make_row_df(tt)
 13.       \-rtables (local) .local(...)
 14.         +-formatters::make_row_df(...)
 15.         \-rtables::make_row_df(...)
 16.           \-rtables (local) .local(...)
 17.             +-formatters::make_row_df(...)
 18.             \-rtables::make_row_df(...)
 19.               \-rtables (local) .local(...)
 20.                 +-formatters::make_row_df(...)
 21.                 \-rtables::make_row_df(...)
 22.                   \-rtables (local) .local(...)
 23.                     +-formatters::pagdfrow(...)
 24.                     | \-base::data.frame(...)
 25.                     +-formatters::nlines(...)
 26.                     \-rtables::nlines(...)
 27.                       +-base::as.vector(get_formatted_cells(x))
 28.                       +-rtables::get_formatted_cells(x)
 29.                       \-rtables::get_formatted_cells(x)
 30.                         +-base::matrix(...)
 31.                         +-base::unlist(...)
 32.                         \-base::Map(...)
 33.                           \-base::mapply(FUN = f, ..., SIMPLIFY = FALSE)
 34.                             \-rtables (local) `&lt;fn&gt;`(val = dots[[1L]][[2L]], spn = dots[[2L]][[2L]], shelli = dots[[3L]][[1L]])
 35.                               \-rtables::format_rcell(...)
 36.                                 \-formatters::format_value(...)
 37.                                   \-formatters:::call_format_fun(...)
 38.                                     +-base::do.call(f, args)
 39.                                     \-junco (local) `&lt;fn&gt;`(0.0163917309329948, na_str = "NA", round_type = "iec")</error>
    </testcase>
  </testsuite>
  <testsuite name="estimate_proportion_diff" timestamp="2025-12-04T10:20:25Z" hostname="0752ec0cabab" tests="5" skipped="2" failures="0" errors="0" time="0.143">
    <testcase time="0.0389999999999997" classname="estimate_proportion_diff" name="s_proportion_diff_j_works_as_expected"/>
    <testcase time="0.0139999999999993" classname="estimate_proportion_diff" name="s_proportion_diff_j_works_as_expected"/>
    <testcase time="0.011000000000001" classname="estimate_proportion_diff" name="s_proportion_diff_j_works_as_expected">
      <skipped message="Reason: On CRAN ('test-estimate_proportion_diff.R:1:1')"/>
    </testcase>
    <testcase time="0.048" classname="estimate_proportion_diff" name="a_proportion_diff_j_works_as_expected_in_a_table_layout"/>
    <testcase time="0.0309999999999988" classname="estimate_proportion_diff" name="a_proportion_diff_j_works_as_expected_in_a_table_layout">
      <skipped message="Reason: On CRAN ('test-estimate_proportion_diff.R:36:1')"/>
    </testcase>
  </testsuite>
  <testsuite name="event_free" timestamp="2025-12-04T10:20:25Z" hostname="0752ec0cabab" tests="6" skipped="2" failures="0" errors="2" time="0.128">
    <testcase time="0.0370000000000008" classname="event_free" name="s_event_free_works_with_default_arguments"/>
    <testcase time="0.00699999999999967" classname="event_free" name="s_event_free_works_with_default_arguments">
      <skipped message="Reason: On CRAN ('test-event_free.R:1:1')"/>
    </testcase>
    <testcase time="0.0199999999999996" classname="event_free" name="s_event_free_works_with_percent_format"/>
    <testcase time="0.00600000000000023" classname="event_free" name="s_event_free_works_with_percent_format">
      <skipped message="Reason: On CRAN ('test-event_free.R:21:1')"/>
    </testcase>
    <testcase time="0.0229999999999997" classname="event_free" name="a_event_free_works_with_default_arguments_in_a_table_layout">
      <error type="error" message="Error in `h(simpleError(msg, call))`: error in evaluating the argument 'obj' in selecting a method for function 'next_cpos': unused argument (round_type = &quot;sas&quot;) ('test-event_free.R:50:3')">Error in `h(simpleError(msg, call))`: error in evaluating the argument 'obj' in selecting a method for function 'next_cpos': unused argument (round_type = "sas")
Backtrace:
    x
 1. +-basic_table(round_type = "sas") %&gt;% split_cols_by(var = "ARMCD") at test-event_free.R:50:3
 2. +-rtables::split_cols_by(., var = "ARMCD")
 3. | \-rtables:::next_cpos(lyt, nested)
 4. \-base::.handleSimpleError(...)
 5.   \-base (local) h(simpleError(msg, call))</error>
    </testcase>
    <testcase time="0.0350000000000001" classname="event_free" name="a_event_free_works_with_customized_arguments_in_a_table_layout">
      <error type="error" message="Error in `h(simpleError(msg, call))`: error in evaluating the argument 'obj' in selecting a method for function 'next_cpos': unused argument (round_type = &quot;sas&quot;) ('test-event_free.R:82:3')">Error in `h(simpleError(msg, call))`: error in evaluating the argument 'obj' in selecting a method for function 'next_cpos': unused argument (round_type = "sas")
Backtrace:
    x
 1. +-basic_table(round_type = "sas") %&gt;% split_cols_by(var = "ARMCD") at test-event_free.R:82:3
 2. +-rtables::split_cols_by(., var = "ARMCD")
 3. | \-rtables:::next_cpos(lyt, nested)
 4. \-base::.handleSimpleError(...)
 5.   \-base (local) h(simpleError(msg, call))</error>
    </testcase>
  </testsuite>
  <testsuite name="get_ref_info" timestamp="2025-12-04T10:20:26Z" hostname="0752ec0cabab" tests="2" skipped="0" failures="0" errors="2" time="0.076">
    <testcase time="0.0410000000000004" classname="get_ref_info" name="get_ref_info_works_with_a_df_analysis_function">
      <error type="error" message="Error in `h(simpleError(msg, call))`: error in evaluating the argument 'obj' in selecting a method for function 'last_rowsplit': error in evaluating the argument 'obj' in selecting a method for function 'next_cpos': error in evaluating the argument 'obj' in selecting a method for function 'next_cpos': unused argument (round_type = &quot;sas&quot;) ('test-get_ref_info.R:50:3')">Error in `h(simpleError(msg, call))`: error in evaluating the argument 'obj' in selecting a method for function 'last_rowsplit': error in evaluating the argument 'obj' in selecting a method for function 'next_cpos': error in evaluating the argument 'obj' in selecting a method for function 'next_cpos': unused argument (round_type = "sas")
Backtrace:
     x
  1. +-rtables::analyze(...) at test-get_ref_info.R:50:3
  2. | +-methods::is(last_rowsplit(lyt), "VAnalyzeSplit")
  3. | \-rtables:::last_rowsplit(lyt)
  4. +-rtables::split_cols_by(...)
  5. | \-rtables:::next_cpos(lyt, nested)
  6. +-rtables::split_cols_by(...)
  7. | \-rtables:::next_cpos(lyt, nested)
  8. +-base::.handleSimpleError(...)
  9. | \-base (local) h(simpleError(msg, call))
 10. +-base::.handleSimpleError(...)
 11. | \-base (local) h(simpleError(msg, call))
 12. \-base::.handleSimpleError(...)
 13.   \-base (local) h(simpleError(msg, call))</error>
    </testcase>
    <testcase time="0.0350000000000001" classname="get_ref_info" name="get_ref_info_works_with_a_vector_analysis_function">
      <error type="error" message="Error in `h(simpleError(msg, call))`: error in evaluating the argument 'obj' in selecting a method for function 'last_rowsplit': error in evaluating the argument 'obj' in selecting a method for function 'next_cpos': error in evaluating the argument 'obj' in selecting a method for function 'next_cpos': unused argument (round_type = &quot;sas&quot;) ('test-get_ref_info.R:112:3')">Error in `h(simpleError(msg, call))`: error in evaluating the argument 'obj' in selecting a method for function 'last_rowsplit': error in evaluating the argument 'obj' in selecting a method for function 'next_cpos': error in evaluating the argument 'obj' in selecting a method for function 'next_cpos': unused argument (round_type = "sas")
Backtrace:
     x
  1. +-rtables::analyze(...) at test-get_ref_info.R:112:3
  2. | +-methods::is(last_rowsplit(lyt), "VAnalyzeSplit")
  3. | \-rtables:::last_rowsplit(lyt)
  4. +-rtables::split_cols_by(...)
  5. | \-rtables:::next_cpos(lyt, nested)
  6. +-rtables::split_cols_by(...)
  7. | \-rtables:::next_cpos(lyt, nested)
  8. +-base::.handleSimpleError(...)
  9. | \-base (local) h(simpleError(msg, call))
 10. +-base::.handleSimpleError(...)
 11. | \-base (local) h(simpleError(msg, call))
 12. \-base::.handleSimpleError(...)
 13.   \-base (local) h(simpleError(msg, call))</error>
    </testcase>
  </testsuite>
  <testsuite name="h_freq_funs" timestamp="2025-12-04T10:20:26Z" hostname="0752ec0cabab" tests="22" skipped="0" failures="0" errors="0" time="0.134">
    <testcase time="0.0289999999999999" classname="h_freq_funs" name="h_update_factor_works_correctly"/>
    <testcase time="0.00300000000000011" classname="h_freq_funs" name="h_update_factor_works_correctly"/>
    <testcase time="0.00300000000000011" classname="h_freq_funs" name="h_update_factor_works_correctly"/>
    <testcase time="0.016" classname="h_freq_funs" name="h_df_add_newlevels_works_correctly"/>
    <testcase time="0.00399999999999956" classname="h_freq_funs" name="h_df_add_newlevels_works_correctly"/>
    <testcase time="0.00300000000000011" classname="h_freq_funs" name="h_df_add_newlevels_works_correctly"/>
    <testcase time="0.00399999999999956" classname="h_freq_funs" name="h_df_add_newlevels_works_correctly"/>
    <testcase time="0.00300000000000011" classname="h_freq_funs" name="h_df_add_newlevels_works_correctly"/>
    <testcase time="0.00700000000000145" classname="h_freq_funs" name="h_colexpr_substr_works_correctly"/>
    <testcase time="0.00199999999999889" classname="h_freq_funs" name="h_colexpr_substr_works_correctly"/>
    <testcase time="0.00300000000000011" classname="h_freq_funs" name="h_colexpr_substr_works_correctly"/>
    <testcase time="0.00699999999999967" classname="h_freq_funs" name="h_get_label_map_works_correctly"/>
    <testcase time="0.00300000000000011" classname="h_freq_funs" name="h_get_label_map_works_correctly"/>
    <testcase time="0.0080000000000009" classname="h_freq_funs" name="h_subset_combo_works_correctly"/>
    <testcase time="0.00399999999999956" classname="h_freq_funs" name="h_subset_combo_works_correctly"/>
    <testcase time="0.00399999999999956" classname="h_freq_funs" name="h_subset_combo_works_correctly"/>
    <testcase time="0.00300000000000011" classname="h_freq_funs" name="h_subset_combo_works_correctly"/>
    <testcase time="0.00399999999999956" classname="h_freq_funs" name="h_subset_combo_works_correctly"/>
    <testcase time="0.00700000000000145" classname="h_freq_funs" name="h_restrict_val_works_if_there_are_more_values_in_df_row_than_in_map"/>
    <testcase time="0.00599999999999845" classname="h_freq_funs" name="h_restrict_val_works_if_there_are_less_values_in_df_row_than_in_map"/>
    <testcase time="0.00700000000000145" classname="h_freq_funs" name="h_restrict_val_works_with_row_split"/>
    <testcase time="0.00399999999999956" classname="h_freq_funs" name="h_restrict_val_works_with_row_split"/>
  </testsuite>
  <testsuite name="jjcs_num_formats" timestamp="2025-12-04T10:20:26Z" hostname="0752ec0cabab" tests="9" skipped="3" failures="0" errors="0" time="0.833">
    <testcase time="0.0389999999999997" classname="jjcs_num_formats" name="jjcs_num_formats_works"/>
    <testcase time="0.00500000000000078" classname="jjcs_num_formats" name="jjcs_num_formats_works"/>
    <testcase time="0.362" classname="jjcs_num_formats" name="jjcs_num_formats_works"/>
    <testcase time="0.00499999999999901" classname="jjcs_num_formats" name="jjcs_num_formats_works"/>
    <testcase time="0.00699999999999967" classname="jjcs_num_formats" name="jjcs_num_formats_works"/>
    <testcase time="0.0410000000000004" classname="jjcs_num_formats" name="jjcs_num_formats_works">
      <skipped message="Reason: On CRAN ('test-jjcs_num_formats.R:10:1')"/>
    </testcase>
    <testcase time="0.0410000000000004" classname="jjcs_num_formats" name="jjcsformats_NA_works"/>
    <testcase time="0.17" classname="jjcs_num_formats" name="jjcsformats_NA_works">
      <skipped message="Reason: On CRAN ('test-jjcs_num_formats.R:124:1')"/>
    </testcase>
    <testcase time="0.163" classname="jjcs_num_formats" name="jjcsformats_count_fraction_works">
      <skipped message="Reason: On CRAN ('test-jjcs_num_formats.R:219:1')"/>
    </testcase>
  </testsuite>
  <testsuite name="jjcsformats" timestamp="2025-12-04T10:20:27Z" hostname="0752ec0cabab" tests="17" skipped="1" failures="0" errors="3" time="0.676">
    <testcase time="0.300000000000001" classname="jjcsformats" name="jjjcs_formats_work">
      <skipped message="Reason: On CRAN ('test-jjcsformats.R:12:1')"/>
    </testcase>
    <testcase time="0.0169999999999995" classname="jjcsformats" name="round_type_support_works"/>
    <testcase time="0.00300000000000011" classname="jjcsformats" name="round_type_support_works"/>
    <testcase time="0.00300000000000011" classname="jjcsformats" name="round_type_support_works"/>
    <testcase time="0.00399999999999956" classname="jjcsformats" name="round_type_support_works"/>
    <testcase time="0.00300000000000011" classname="jjcsformats" name="round_type_support_works"/>
    <testcase time="0.00300000000000011" classname="jjcsformats" name="round_type_support_works"/>
    <testcase time="0.00399999999999956" classname="jjcsformats" name="round_type_support_works"/>
    <testcase time="0.00300000000000011" classname="jjcsformats" name="round_type_support_works"/>
    <testcase time="0.00999999999999979" classname="jjcsformats" name="round_type_support_works"/>
    <testcase time="0.0620000000000012" classname="jjcsformats" name="jjcsformat_range_fct_is_formatting_ranges_as_expected">
      <error type="error" message="Error in `eval(formal.args[[as.character(substitute(arg))]], envir = sys.frame(sysP))`: object 'valid_round_type' not found ('test-jjcsformats.R:157:3')">Error in `eval(formal.args[[as.character(substitute(arg))]], envir = sys.frame(sysP))`: object 'valid_round_type' not found
Backtrace:
    x
 1. \-junco (local) my_range_format(c(0.35235, 99.2342, 1, 1))</error>
    </testcase>
    <testcase time="0.205" classname="jjcsformats" name="jjcsformat_pval_fct_works">
      <error type="error" message="Error in `eval(formal.args[[as.character(substitute(arg))]], envir = sys.frame(sysP))`: object 'valid_round_type' not found ('test-jjcsformats.R:166:3')">Error in `eval(formal.args[[as.character(substitute(arg))]], envir = sys.frame(sysP))`: object 'valid_round_type' not found
Backtrace:
    x
 1. \-jjcsformat_pval_fct(0.005)(0.00499999999)</error>
    </testcase>
    <testcase time="0.0199999999999996" classname="jjcsformats" name="some_special_cases_for_jjcsformat_pval_fct"/>
    <testcase time="0.00300000000000011" classname="jjcsformats" name="some_special_cases_for_jjcsformat_pval_fct"/>
    <testcase time="0.00799999999999912" classname="jjcsformats" name="some_special_cases_for_jjcsformat_pval_fct">
      <error type="error" message="Error in `eval(formal.args[[as.character(substitute(arg))]], envir = sys.frame(sysP))`: object 'valid_round_type' not found ('test-jjcsformats.R:196:3')">Error in `eval(formal.args[[as.character(substitute(arg))]], envir = sys.frame(sysP))`: object 'valid_round_type' not found
Backtrace:
     x
  1. +-testthat::expect_error(...) at test-jjcsformats.R:196:3
  2. | \-testthat:::expect_condition_matching_(...)
  3. |   \-testthat:::quasi_capture(...)
  4. |     +-testthat (local) .capture(...)
  5. |     | \-base::withCallingHandlers(...)
  6. |     \-rlang::eval_bare(quo_get_expr(.quo), quo_get_env(.quo))
  7. \-formatters::format_value(...)
  8.   \-formatters:::call_format_fun(...)
  9.     +-base::do.call(f, args)
 10.     \-junco (local) `&lt;fn&gt;`(1.23e-06, na_str = "NE", round_type = "iec")</error>
    </testcase>
    <testcase time="0.0220000000000002" classname="jjcsformats" name="jjcsformat_xx_works_also_for_empty_cells"/>
    <testcase time="0.00600000000000023" classname="jjcsformats" name="jjcsformat_xx_works_also_for_cells_with_0_length_vectors"/>
  </testsuite>
  <testsuite name="junco_utils_default_stats_formats_labels" timestamp="2025-12-04T10:20:27Z" hostname="0752ec0cabab" tests="6" skipped="5" failures="0" errors="0" time="0.097">
    <testcase time="0.0139999999999993" classname="junco_utils_default_stats_formats_labels" name="get_stats_works_as_expected">
      <skipped message="Reason: On CRAN ('test-junco_utils_default_stats_formats_labels.R:6:1')"/>
    </testcase>
    <testcase time="0.0180000000000007" classname="junco_utils_default_stats_formats_labels" name="get_formats_from_stats_works_as_expected">
      <skipped message="Reason: On CRAN ('test-junco_utils_default_stats_formats_labels.R:11:1')"/>
    </testcase>
    <testcase time="0.0259999999999998" classname="junco_utils_default_stats_formats_labels" name="get_labels_from_stats_works_as_expected">
      <skipped message="Reason: On CRAN ('test-junco_utils_default_stats_formats_labels.R:21:1')"/>
    </testcase>
    <testcase time="0.0150000000000006" classname="junco_utils_default_stats_formats_labels" name="get_label_attr_from_stats_works_as_expected"/>
    <testcase time="0.00600000000000023" classname="junco_utils_default_stats_formats_labels" name="get_label_attr_from_stats_works_as_expected">
      <skipped message="Reason: On CRAN ('test-junco_utils_default_stats_formats_labels.R:27:1')"/>
    </testcase>
    <testcase time="0.0179999999999989" classname="junco_utils_default_stats_formats_labels" name="get_indents_from_stats_works_as_expected">
      <skipped message="Reason: On CRAN ('test-junco_utils_default_stats_formats_labels.R:36:1')"/>
    </testcase>
  </testsuite>
  <testsuite name="kaplan_meier" timestamp="2025-12-04T10:20:27Z" hostname="0752ec0cabab" tests="12" skipped="2" failures="0" errors="4" time="0.305">
    <testcase time="0.027000000000001" classname="kaplan_meier" name="s_kaplan_meier_works_with_default_arguments"/>
    <testcase time="0.00600000000000023" classname="kaplan_meier" name="s_kaplan_meier_works_with_default_arguments">
      <skipped message="Reason: On CRAN ('test-kaplan_meier.R:3:1')"/>
    </testcase>
    <testcase time="0.0190000000000001" classname="kaplan_meier" name="s_kaplan_meier_works_with_customized_arguments"/>
    <testcase time="0.00499999999999901" classname="kaplan_meier" name="s_kaplan_meier_works_with_customized_arguments">
      <skipped message="Reason: On CRAN ('test-kaplan_meier.R:20:1')"/>
    </testcase>
    <testcase time="0.0210000000000008" classname="kaplan_meier" name="a_kaplan_meier_works_with_default_arguments"/>
    <testcase time="0.000999999999999446" classname="kaplan_meier" name="a_kaplan_meier_works_with_default_arguments"/>
    <testcase time="0.0210000000000008" classname="kaplan_meier" name="a_kaplan_meier_works_with_default_arguments">
      <error type="error" message="Error in `h(simpleError(msg, call))`: error in evaluating the argument 'x' in selecting a method for function 'print': object 'valid_round_type' not found ('test-kaplan_meier.R:60:3')">Error in `h(simpleError(msg, call))`: error in evaluating the argument 'x' in selecting a method for function 'print': object 'valid_round_type' not found
Backtrace:
     x
  1. +-testthat::expect_snapshot(res) at test-kaplan_meier.R:60:3
  2. | \-testthat:::expect_snapshot_(...)
  3. |   +-testthat:::with_is_snapshotting(...)
  4. |   \-testthat:::verify_exec(quo_get_expr(x), quo_get_env(x), replay)
  5. |     \-evaluate::evaluate(source, envir = env, new_device = FALSE, output_handler = handler)
  6. |       +-base::withRestarts(...)
  7. |       | \-base (local) withRestartList(expr, restarts)
  8. |       |   +-base (local) withOneRestart(withRestartList(expr, restarts[-nr]), restarts[[nr]])
  9. |       |   | \-base (local) doWithOneRestart(return(expr), restart)
 10. |       |   \-base (local) withRestartList(expr, restarts[-nr])
 11. |       |     \-base (local) withOneRestart(expr, restarts[[1L]])
 12. |       |       \-base (local) doWithOneRestart(return(expr), restart)
 13. |       +-evaluate:::with_handlers(...)
 14. |       | +-base::eval(call)
 15. |       | | \-base::eval(call)
 16. |       | \-base::withCallingHandlers(...)
 17. |       \-watcher$print_value(ev$value, ev$visible, envir)
 18. |         +-base::withVisible(handle_value(handler, value, visible, envir))
 19. |         \-evaluate:::handle_value(handler, value, visible, envir)
 20. |           +-handler$value(value)
 21. |           \-testthat:::testthat_print.default(value)
 22. |             +-base::print(x)
 23. |             \-rtables:::print.RowsVerticalSection(x)
 24. |               +-base::print(...)
 25. |               +-base::data.frame(...)
 26. |               \-base::vapply(x, format_rcell, character(1))
 27. |                 \-rtables (local) FUN(X[[i]], ...)
 28. |                   \-formatters::format_value(...)
 29. |                     \-formatters:::call_format_fun(...)
 30. |                       +-base::do.call(f, args)
 31. |                       \-junco (local) `&lt;fn&gt;`(`&lt;dbl&gt;`, round_type = "iec", output = "ascii")
 32. |                         \-base::match.arg(round_type)
 33. |                           \-base::eval(formal.args[[as.character(substitute(arg))]], envir = sys.frame(sysP))
 34. |                             \-base::eval(formal.args[[as.character(substitute(arg))]], envir = sys.frame(sysP))
 35. \-base::.handleSimpleError(...)
 36.   \-base (local) h(simpleError(msg, call))</error>
    </testcase>
    <testcase time="0.0350000000000001" classname="kaplan_meier" name="a_kaplan_meier_works_with_customized_arguments"/>
    <testcase time="0.00199999999999889" classname="kaplan_meier" name="a_kaplan_meier_works_with_customized_arguments"/>
    <testcase time="0.0490000000000013" classname="kaplan_meier" name="a_kaplan_meier_works_with_customized_arguments">
      <error type="error" message="Error in `h(simpleError(msg, call))`: error in evaluating the argument 'x' in selecting a method for function 'print': object 'valid_round_type' not found ('test-kaplan_meier.R:84:3')">Error in `h(simpleError(msg, call))`: error in evaluating the argument 'x' in selecting a method for function 'print': object 'valid_round_type' not found
Backtrace:
     x
  1. +-testthat::expect_snapshot(res) at test-kaplan_meier.R:84:3
  2. | \-testthat:::expect_snapshot_(...)
  3. |   +-testthat:::with_is_snapshotting(...)
  4. |   \-testthat:::verify_exec(quo_get_expr(x), quo_get_env(x), replay)
  5. |     \-evaluate::evaluate(source, envir = env, new_device = FALSE, output_handler = handler)
  6. |       +-base::withRestarts(...)
  7. |       | \-base (local) withRestartList(expr, restarts)
  8. |       |   +-base (local) withOneRestart(withRestartList(expr, restarts[-nr]), restarts[[nr]])
  9. |       |   | \-base (local) doWithOneRestart(return(expr), restart)
 10. |       |   \-base (local) withRestartList(expr, restarts[-nr])
 11. |       |     \-base (local) withOneRestart(expr, restarts[[1L]])
 12. |       |       \-base (local) doWithOneRestart(return(expr), restart)
 13. |       +-evaluate:::with_handlers(...)
 14. |       | +-base::eval(call)
 15. |       | | \-base::eval(call)
 16. |       | \-base::withCallingHandlers(...)
 17. |       \-watcher$print_value(ev$value, ev$visible, envir)
 18. |         +-base::withVisible(handle_value(handler, value, visible, envir))
 19. |         \-evaluate:::handle_value(handler, value, visible, envir)
 20. |           +-handler$value(value)
 21. |           \-testthat:::testthat_print.default(value)
 22. |             +-base::print(x)
 23. |             \-rtables:::print.RowsVerticalSection(x)
 24. |               +-base::print(...)
 25. |               +-base::data.frame(...)
 26. |               \-base::vapply(x, format_rcell, character(1))
 27. |                 \-rtables (local) FUN(X[[i]], ...)
 28. |                   \-formatters::format_value(...)
 29. |                     \-formatters:::call_format_fun(...)
 30. |                       +-base::do.call(f, args)
 31. |                       \-junco (local) `&lt;fn&gt;`(`&lt;dbl&gt;`, round_type = "iec", output = "ascii")
 32. |                         \-base::match.arg(round_type)
 33. |                           \-base::eval(formal.args[[as.character(substitute(arg))]], envir = sys.frame(sysP))
 34. |                             \-base::eval(formal.args[[as.character(substitute(arg))]], envir = sys.frame(sysP))
 35. \-base::.handleSimpleError(...)
 36.   \-base (local) h(simpleError(msg, call))</error>
    </testcase>
    <testcase time="0.0399999999999991" classname="kaplan_meier" name="a_kaplan_meier_works_inside_analyze_in_table">
      <error type="error" message="Error in `h(simpleError(msg, call))`: error in evaluating the argument 'obj' in selecting a method for function 'last_rowsplit': error in evaluating the argument 'obj' in selecting a method for function 'next_cpos': unused argument (round_type = &quot;sas&quot;) ('test-kaplan_meier.R:98:3')">Error in `h(simpleError(msg, call))`: error in evaluating the argument 'obj' in selecting a method for function 'last_rowsplit': error in evaluating the argument 'obj' in selecting a method for function 'next_cpos': unused argument (round_type = "sas")
Backtrace:
     x
  1. +-... %&gt;% build_table(df = adtte_f) at test-kaplan_meier.R:98:3
  2. +-rtables::build_table(., df = adtte_f)
  3. | \-methods::is(lyt, "PreDataTableLayouts")
  4. +-rtables::analyze(...)
  5. | +-methods::is(last_rowsplit(lyt), "VAnalyzeSplit")
  6. | \-rtables:::last_rowsplit(lyt)
  7. +-rtables::split_cols_by(., var = "ARMCD")
  8. | \-rtables:::next_cpos(lyt, nested)
  9. +-base::.handleSimpleError(...)
 10. | \-base (local) h(simpleError(msg, call))
 11. \-base::.handleSimpleError(...)
 12.   \-base (local) h(simpleError(msg, call))</error>
    </testcase>
    <testcase time="0.0790000000000006" classname="kaplan_meier" name="a_kaplan_meier_works_inside_analyze_in_table_with_custom_arguments">
      <error type="error" message="Error in `h(simpleError(msg, call))`: error in evaluating the argument 'obj' in selecting a method for function 'last_rowsplit': error in evaluating the argument 'obj' in selecting a method for function 'next_cpos': unused argument (round_type = &quot;sas&quot;) ('test-kaplan_meier.R:128:3')">Error in `h(simpleError(msg, call))`: error in evaluating the argument 'obj' in selecting a method for function 'last_rowsplit': error in evaluating the argument 'obj' in selecting a method for function 'next_cpos': unused argument (round_type = "sas")
Backtrace:
     x
  1. +-... %&gt;% build_table(df = adtte_f) at test-kaplan_meier.R:128:3
  2. +-rtables::build_table(., df = adtte_f)
  3. | \-methods::is(lyt, "PreDataTableLayouts")
  4. +-rtables::analyze(...)
  5. | +-methods::is(last_rowsplit(lyt), "VAnalyzeSplit")
  6. | \-rtables:::last_rowsplit(lyt)
  7. +-rtables::split_cols_by(., var = "ARMCD")
  8. | \-rtables:::next_cpos(lyt, nested)
  9. +-base::.handleSimpleError(...)
 10. | \-base (local) h(simpleError(msg, call))
 11. \-base::.handleSimpleError(...)
 12.   \-base (local) h(simpleError(msg, call))</error>
    </testcase>
  </testsuite>
  <testsuite name="markup_unicodify" timestamp="2025-12-04T10:20:28Z" hostname="0752ec0cabab" tests="1" skipped="1" failures="0" errors="0" time="0.132">
    <testcase time="0.132" classname="markup_unicodify" name="dps_markup_works_with_and_">
      <skipped message="Reason: On CRAN ('test-markup_unicodify.R:1:1')"/>
    </testcase>
  </testsuite>
  <testsuite name="mmrm" timestamp="2025-12-04T10:20:28Z" hostname="0752ec0cabab" tests="5" skipped="2" failures="0" errors="0" time="0.265">
    <testcase time="0.125999999999999" classname="mmrm" name="get_mmrm_lsmeans_can_calculate_the_LS_mean_results_including_one_and_two_sided_p_values"/>
    <testcase time="0.00300000000000011" classname="mmrm" name="get_mmrm_lsmeans_can_calculate_the_LS_mean_results_including_one_and_two_sided_p_values"/>
    <testcase time="0.00300000000000011" classname="mmrm" name="get_mmrm_lsmeans_can_calculate_the_LS_mean_results_including_one_and_two_sided_p_values"/>
    <testcase time="0.000999999999999446" classname="mmrm" name="get_mmrm_lsmeans_can_calculate_the_LS_mean_results_including_one_and_two_sided_p_values">
      <skipped message="Reason: On CRAN ('test-mmrm.R:3:1')"/>
    </testcase>
    <testcase time="0.132000000000001" classname="mmrm" name="fit_mmrm_j_works_as_expected">
      <skipped message="Reason: On CRAN ('test-mmrm.R:42:1')"/>
    </testcase>
    <testcase time="0.0179999999999989" classname="character(0)" name="_unnamed_">
      <skipped message="Reason: {rbmi} is not installed. ('test-mmrm_rbmi.R:1:1')"/>
    </testcase>
  </testsuite>
  <testsuite name="odds_ratio" timestamp="2025-12-04T10:20:28Z" hostname="0752ec0cabab" tests="13" skipped="1" failures="0" errors="2" time="0.463">
    <testcase time="0.0240000000000009" classname="odds_ratio" name="s_odds_ratio_j_returns_NA_when_one_group_has_no_responders_and_option_set"/>
    <testcase time="0.00600000000000023" classname="odds_ratio" name="s_odds_ratio_j_returns_NA_when_one_group_has_no_responders_and_option_set"/>
    <testcase time="0.016" classname="odds_ratio" name="s_odds_ratio_j_returns_NA_when_one_group_has_no_responders_and_option_set_with_strata"/>
    <testcase time="0.00499999999999901" classname="odds_ratio" name="s_odds_ratio_j_returns_NA_when_one_group_has_no_responders_and_option_set_with_strata"/>
    <testcase time="0.00999999999999979" classname="odds_ratio" name="s_odds_ratio_j_does_not_fail_with_only_non_responders"/>
    <testcase time="0.00300000000000011" classname="odds_ratio" name="s_odds_ratio_j_does_not_fail_with_only_non_responders"/>
    <testcase time="0.00600000000000023" classname="odds_ratio" name="s_odds_ratio_j_does_not_fail_with_only_one_grp"/>
    <testcase time="0.00300000000000011" classname="odds_ratio" name="s_odds_ratio_j_does_not_fail_with_only_one_grp"/>
    <testcase time="0.0080000000000009" classname="odds_ratio" name="or_glm_j_does_not_fail_with_only_non_responders"/>
    <testcase time="0.00599999999999845" classname="odds_ratio" name="or_glm_j_does_not_fail_with_only_non_responders"/>
    <testcase time="0.048" classname="odds_ratio" name="a_odds_ratio_j_works_in_a_table_layout_as_expected_for_unstratified_analysis">
      <error type="error" message="Error in `eval(formal.args[[as.character(substitute(arg))]], envir = sys.frame(sysP))`: object 'valid_round_type' not found ('test-odds_ratio.R:134:3')">Error in `eval(formal.args[[as.character(substitute(arg))]], envir = sys.frame(sysP))`: object 'valid_round_type' not found
Backtrace:
     x
  1. +-testthat::expect_silent(build_table(lyt, df = dta)) at test-odds_ratio.R:134:3
  2. | \-testthat:::quasi_capture(enquo(object), NULL, evaluate_promise)
  3. |   +-testthat (local) .capture(...)
  4. |   | +-withr::with_output_sink(...)
  5. |   | | \-base::force(code)
  6. |   | +-base::withCallingHandlers(...)
  7. |   | \-base::withVisible(code)
  8. |   \-rlang::eval_bare(quo_get_expr(.quo), quo_get_env(.quo))
  9. \-rtables::build_table(lyt, df = dta)
 10.   \-rtables::update_ref_indexing(tab)
 11.     +-formatters::make_row_df(tt)
 12.     \-rtables::make_row_df(tt)
 13.       \-rtables (local) .local(...)
 14.         +-formatters::make_row_df(...)
 15.         \-rtables::make_row_df(...)
 16.           \-rtables (local) .local(...)
 17.             +-formatters::pagdfrow(...)
 18.             | \-base::data.frame(...)
 19.             +-formatters::nlines(...)
 20.             \-rtables::nlines(...)
 21.               +-base::as.vector(get_formatted_cells(x))
 22.               +-rtables::get_formatted_cells(x)
 23.               \-rtables::get_formatted_cells(x)
 24.                 +-base::matrix(...)
 25.                 +-base::unlist(...)
 26.                 \-base::Map(...)
 27.                   \-base::mapply(FUN = f, ..., SIMPLIFY = FALSE)
 28.                     \-rtables (local) `&lt;fn&gt;`(val = dots[[1L]][[2L]], spn = dots[[2L]][[2L]], shelli = dots[[3L]][[1L]])
 29.                       \-rtables::format_rcell(...)
 30.                         \-formatters::format_value(...)
 31.                           \-formatters:::call_format_fun(...)
 32.                             +-base::do.call(f, args)
 33.                             \-junco (local) `&lt;fn&gt;`(0.685405666682906, na_str = "NA", round_type = "iec")</error>
    </testcase>
    <testcase time="0.31" classname="odds_ratio" name="a_odds_ratio_j_works_in_a_table_layout_as_expected_for_CMH_analysis">
      <error type="error" message="Error in `eval(formal.args[[as.character(substitute(arg))]], envir = sys.frame(sysP))`: object 'valid_round_type' not found ('test-odds_ratio.R:175:3')">Error in `eval(formal.args[[as.character(substitute(arg))]], envir = sys.frame(sysP))`: object 'valid_round_type' not found
Backtrace:
     x
  1. +-testthat::expect_silent(build_table(lyt, df = dta)) at test-odds_ratio.R:175:3
  2. | \-testthat:::quasi_capture(enquo(object), NULL, evaluate_promise)
  3. |   +-testthat (local) .capture(...)
  4. |   | +-withr::with_output_sink(...)
  5. |   | | \-base::force(code)
  6. |   | +-base::withCallingHandlers(...)
  7. |   | \-base::withVisible(code)
  8. |   \-rlang::eval_bare(quo_get_expr(.quo), quo_get_env(.quo))
  9. \-rtables::build_table(lyt, df = dta)
 10.   \-rtables::update_ref_indexing(tab)
 11.     +-formatters::make_row_df(tt)
 12.     \-rtables::make_row_df(tt)
 13.       \-rtables (local) .local(...)
 14.         +-formatters::make_row_df(...)
 15.         \-rtables::make_row_df(...)
 16.           \-rtables (local) .local(...)
 17.             +-formatters::pagdfrow(...)
 18.             | \-base::data.frame(...)
 19.             +-formatters::nlines(...)
 20.             \-rtables::nlines(...)
 21.               +-base::as.vector(get_formatted_cells(x))
 22.               +-rtables::get_formatted_cells(x)
 23.               \-rtables::get_formatted_cells(x)
 24.                 +-base::matrix(...)
 25.                 +-base::unlist(...)
 26.                 \-base::Map(...)
 27.                   \-base::mapply(FUN = f, ..., SIMPLIFY = FALSE)
 28.                     \-rtables (local) `&lt;fn&gt;`(val = dots[[1L]][[2L]], spn = dots[[2L]][[2L]], shelli = dots[[3L]][[1L]])
 29.                       \-rtables::format_rcell(...)
 30.                         \-formatters::format_value(...)
 31.                           \-formatters:::call_format_fun(...)
 32.                             +-base::do.call(f, args)
 33.                             \-junco (local) `&lt;fn&gt;`(0.52414187539191, na_str = "NA", round_type = "iec")</error>
    </testcase>
    <testcase time="0.165000000000001" classname="character(0)" name="_unnamed_">
      <error type="error" message="Error in `h(simpleError(msg, call))`: error in evaluating the argument 'obj' in selecting a method for function 'next_cpos': error in evaluating the argument 'obj' in selecting a method for function 'next_cpos': error in evaluating the argument 'obj' in selecting a method for function 'next_cpos': error in evaluating the argument 'obj' in selecting a method for function 'next_cpos': unused argument (round_type = &quot;sas&quot;) ('test-patyrs-eair100.R:50:1')">Error in `h(simpleError(msg, call))`: error in evaluating the argument 'obj' in selecting a method for function 'next_cpos': error in evaluating the argument 'obj' in selecting a method for function 'next_cpos': error in evaluating the argument 'obj' in selecting a method for function 'next_cpos': error in evaluating the argument 'obj' in selecting a method for function 'next_cpos': unused argument (round_type = "sas")
Backtrace:
     x
  1. +-... %&gt;% ... at test-patyrs-eair100.R:50:1
  2. +-rtables::split_cols_by(...)
  3. | \-rtables:::next_cpos(lyt, nested)
  4. +-rtables::split_cols_by(., "rrisk_header", nested = FALSE)
  5. | \-rtables:::next_cpos(lyt, nested)
  6. +-rtables::split_cols_by(., "ARM")
  7. | \-rtables:::next_cpos(lyt, nested)
  8. +-rtables::split_cols_by(., "colspan_trt", split_fun = trim_levels_in_group("ARM"))
  9. | \-rtables:::next_cpos(lyt, nested)
 10. +-base::.handleSimpleError(...)
 11. | \-base (local) h(simpleError(msg, call))
 12. +-base::.handleSimpleError(...)
 13. | \-base (local) h(simpleError(msg, call))
 14. +-base::.handleSimpleError(...)
 15. | \-base (local) h(simpleError(msg, call))
 16. \-base::.handleSimpleError(...)
 17.   \-base (local) h(simpleError(msg, call))</error>
    </testcase>
    <testcase time="0.0709999999999997" classname="character(0)" name="_unnamed_">
      <skipped message="Reason: {rbmi} is not installed. ('test-pool_rbmi.R:1:1')"/>
    </testcase>
  </testsuite>
  <testsuite name="proportions" timestamp="2025-12-04T10:20:29Z" hostname="0752ec0cabab" tests="19" skipped="11" failures="0" errors="2" time="0.619">
    <testcase time="0.0239999999999991" classname="proportions" name="s_proportion_factor_works_as_expected">
      <skipped message="Reason: On CRAN ('test-proportions.R:1:1')"/>
    </testcase>
    <testcase time="0.0210000000000008" classname="proportions" name="s_proportion_factor_shows_optional_total_row_on_top">
      <skipped message="Reason: On CRAN ('test-proportions.R:9:1')"/>
    </testcase>
    <testcase time="0.0269999999999992" classname="proportions" name="s_proportion_factor_shows_optional_total_row_in_bottom">
      <skipped message="Reason: On CRAN ('test-proportions.R:18:1')"/>
    </testcase>
    <testcase time="0.0229999999999997" classname="proportions" name="s_proportion_factor_optionally_uses_number_of_non_missing_levels_as_total">
      <skipped message="Reason: On CRAN ('test-proportions.R:28:1')"/>
    </testcase>
    <testcase time="0.0210000000000008" classname="proportions" name="s_proportion_logical_works_as_expected">
      <skipped message="Reason: On CRAN ('test-proportions.R:39:1')"/>
    </testcase>
    <testcase time="0.0220000000000002" classname="proportions" name="c_proportion_logical_works_as_expected">
      <skipped message="Reason: On CRAN ('test-proportions.R:47:1')"/>
    </testcase>
    <testcase time="0.0789999999999988" classname="proportions" name="h_get_design_mat_works_as_expected"/>
    <testcase time="0.00400000000000134" classname="proportions" name="h_get_design_mat_works_as_expected"/>
    <testcase time="0.00499999999999901" classname="proportions" name="a_proportion_ci_logical_works_as_expected"/>
    <testcase time="0.00699999999999967" classname="proportions" name="a_proportion_ci_logical_works_as_expected">
      <skipped message="Reason: On CRAN ('test-proportions.R:80:1')"/>
    </testcase>
    <testcase time="0.0170000000000012" classname="proportions" name="a_proportion_ci_factor_works_as_expected"/>
    <testcase time="0.00799999999999912" classname="proportions" name="a_proportion_ci_factor_works_as_expected">
      <skipped message="Reason: On CRAN ('test-proportions.R:92:1')"/>
    </testcase>
    <testcase time="0.0199999999999996" classname="proportions" name="prop_split_fun_works_as_expected">
      <error type="error" message="Error in `h(simpleError(msg, call))`: error in evaluating the argument 'obj' in selecting a method for function 'next_cpos': unused argument (round_type = &quot;sas&quot;) ('test-proportions.R:106:3')">Error in `h(simpleError(msg, call))`: error in evaluating the argument 'obj' in selecting a method for function 'next_cpos': unused argument (round_type = "sas")
Backtrace:
    x
 1. +-rtables::build_table(...) at test-proportions.R:106:3
 2. | \-methods::is(lyt, "PreDataTableLayouts")
 3. +-basic_table(round_type = "sas") %&gt;% ...
 4. +-rtables::split_cols_by(., "ID", split_fun = prop_split_fun)
 5. | \-rtables:::next_cpos(lyt, nested)
 6. \-base::.handleSimpleError(...)
 7.   \-base (local) h(simpleError(msg, call))</error>
    </testcase>
    <testcase time="0.0690000000000008" classname="proportions" name="prop_table_afun_works_as_expected_with_total_row"/>
    <testcase time="0.000999999999999446" classname="proportions" name="prop_table_afun_works_as_expected_with_total_row">
      <skipped message="Reason: On CRAN ('test-proportions.R:112:1')"/>
    </testcase>
    <testcase time="0.0340000000000007" classname="proportions" name="prop_table_afun_works_as_expected_by_default_without_total_row"/>
    <testcase time="0.000999999999999446" classname="proportions" name="prop_table_afun_works_as_expected_by_default_without_total_row">
      <skipped message="Reason: On CRAN ('test-proportions.R:170:1')"/>
    </testcase>
    <testcase time="0.0540000000000003" classname="character(0)" name="_unnamed_">
      <error type="error" message="Error in `h(simpleError(msg, call))`: error in evaluating the argument 'obj' in selecting a method for function 'last_rowsplit': error in evaluating the argument 'lyt' in selecting a method for function '.add_row_summary': error in evaluating the argument 'obj' in selecting a method for function 'next_rpos': error in evaluating the argument 'obj' in selecting a method for function 'next_rpos': error in evaluating the argument 'obj' in selecting a method for function 'next_cpos': unused argument (round_type = &quot;sas&quot;) ('test-pruning_functions.R:5:1')">Error in `h(simpleError(msg, call))`: error in evaluating the argument 'obj' in selecting a method for function 'last_rowsplit': error in evaluating the argument 'lyt' in selecting a method for function '.add_row_summary': error in evaluating the argument 'obj' in selecting a method for function 'next_rpos': error in evaluating the argument 'obj' in selecting a method for function 'next_rpos': error in evaluating the argument 'obj' in selecting a method for function 'next_cpos': unused argument (round_type = "sas")
Backtrace:
     x
  1. +-... %&gt;% build_table(formatters::DM) at test-pruning_functions.R:5:1
  2. +-rtables::build_table(., formatters::DM)
  3. | \-methods::is(lyt, "PreDataTableLayouts")
  4. +-tern::analyze_vars(., "COUNTRY", .stats = "count_fraction")
  5. | \-rtables::analyze(...)
  6. |   +-methods::is(last_rowsplit(lyt), "VAnalyzeSplit")
  7. |   \-rtables:::last_rowsplit(lyt)
  8. +-rtables::summarize_row_groups(.)
  9. | \-rtables::.add_row_summary(...)
 10. +-rtables::split_rows_by(., "STRATA1")
 11. | \-rtables:::next_rpos(lyt, nested)
 12. +-rtables::split_rows_by(., "RACE")
 13. | \-rtables:::next_rpos(lyt, nested)
 14. +-rtables::split_cols_by(., "ARM")
 15. | \-rtables:::next_cpos(lyt, nested)
 16. +-base::.handleSimpleError(...)
 17. | \-base (local) h(simpleError(msg, call))
 18. +-base::.handleSimpleError(...)
 19. | \-base (local) h(simpleError(msg, call))
 20. +-base::.handleSimpleError(...)
 21. | \-base (local) h(simpleError(msg, call))
 22. +-base::.handleSimpleError(...)
 23. | \-base (local) h(simpleError(msg, call))
 24. \-base::.handleSimpleError(...)
 25.   \-base (local) h(simpleError(msg, call))</error>
    </testcase>
    <testcase time="0.0760000000000005" classname="character(0)" name="_unnamed_">
      <skipped message="Reason: {rbmi} is not installed. ('test-rbmi.R:3:3')"/>
    </testcase>
  </testsuite>
  <testsuite name="relative_risk" timestamp="2025-12-04T10:20:29Z" hostname="0752ec0cabab" tests="9" skipped="1" failures="0" errors="2" time="0.193">
    <testcase time="0.0199999999999996" classname="relative_risk" name="s_relative_risk_returns_NA_when_one_group_has_no_responders"/>
    <testcase time="0.00500000000000078" classname="relative_risk" name="s_relative_risk_returns_NA_when_one_group_has_no_responders"/>
    <testcase time="0.00699999999999967" classname="relative_risk" name="prop_ratio_cmh_works_as_expected"/>
    <testcase time="0.00600000000000023" classname="relative_risk" name="prop_ratio_cmh_works_as_expected"/>
    <testcase time="0.00600000000000023" classname="relative_risk" name="prop_ratio_cmh_works_also_with_a_single_stratum"/>
    <testcase time="0.00599999999999845" classname="relative_risk" name="prop_ratio_cmh_works_also_with_a_single_stratum"/>
    <testcase time="0.0129999999999999" classname="relative_risk" name="a_relative_risk_in_table_layout_gives_same_results_as_with_SAS">
      <error type="error" message="Error in `h(simpleError(msg, call))`: error in evaluating the argument 'obj' in selecting a method for function 'last_rowsplit': error in evaluating the argument 'obj' in selecting a method for function 'next_cpos': unused argument (round_type = &quot;sas&quot;) ('test-relative_risk.R:344:3')">Error in `h(simpleError(msg, call))`: error in evaluating the argument 'obj' in selecting a method for function 'last_rowsplit': error in evaluating the argument 'obj' in selecting a method for function 'next_cpos': unused argument (round_type = "sas")
Backtrace:
    x
 1. +-rtables::analyze(...) at test-relative_risk.R:344:3
 2. | +-methods::is(last_rowsplit(lyt), "VAnalyzeSplit")
 3. | \-rtables:::last_rowsplit(lyt)
 4. +-rtables::split_cols_by(basic_table(round_type = "sas"), "Treatment")
 5. | \-rtables:::next_cpos(lyt, nested)
 6. +-base::.handleSimpleError(...)
 7. | \-base (local) h(simpleError(msg, call))
 8. \-base::.handleSimpleError(...)
 9.   \-base (local) h(simpleError(msg, call))</error>
    </testcase>
  </testsuite>
  <testsuite name="remove_col_count" timestamp="2025-12-04T10:20:29Z" hostname="0752ec0cabab" tests="1" skipped="0" failures="0" errors="1" time="0.036">
    <testcase time="0.0360000000000014" classname="remove_col_count" name="remove_col_count_works">
      <error type="error" message="Error in `h(simpleError(msg, call))`: error in evaluating the argument 'obj' in selecting a method for function 'next_cpos': error in evaluating the argument 'obj' in selecting a method for function 'next_cpos': error in evaluating the argument 'obj' in selecting a method for function 'next_cpos': error in evaluating the argument 'obj' in selecting a method for function 'next_cpos': unused argument (round_type = &quot;sas&quot;) ('test-remove_col_count.R:12:3')">Error in `h(simpleError(msg, call))`: error in evaluating the argument 'obj' in selecting a method for function 'next_cpos': error in evaluating the argument 'obj' in selecting a method for function 'next_cpos': error in evaluating the argument 'obj' in selecting a method for function 'next_cpos': error in evaluating the argument 'obj' in selecting a method for function 'next_cpos': unused argument (round_type = "sas")
Backtrace:
     x
  1. +-... %&gt;% ... at test-remove_col_count.R:12:3
  2. +-rtables::split_cols_by(., "ARM", split_fun = remove_split_levels("B: Placebo"))
  3. | \-rtables:::next_cpos(lyt, nested)
  4. +-rtables::split_cols_by(., "set2", nested = FALSE)
  5. | \-rtables:::next_cpos(lyt, nested)
  6. +-rtables::split_cols_by(., "ARM")
  7. | \-rtables:::next_cpos(lyt, nested)
  8. +-rtables::split_cols_by(., "colspan_trt", split_fun = trim_levels_in_group("ARM"))
  9. | \-rtables:::next_cpos(lyt, nested)
 10. +-base::.handleSimpleError(...)
 11. | \-base (local) h(simpleError(msg, call))
 12. +-base::.handleSimpleError(...)
 13. | \-base (local) h(simpleError(msg, call))
 14. +-base::.handleSimpleError(...)
 15. | \-base (local) h(simpleError(msg, call))
 16. \-base::.handleSimpleError(...)
 17.   \-base (local) h(simpleError(msg, call))</error>
    </testcase>
  </testsuite>
  <testsuite name="resp01_functions" timestamp="2025-12-04T10:20:29Z" hostname="0752ec0cabab" tests="13" skipped="7" failures="0" errors="4" time="0.502">
    <testcase time="0.0939999999999994" classname="resp01_functions" name="resp01_split_fun_fct_1_works_as_expected">
      <error type="error" message="Error in `h(simpleError(msg, call))`: error in evaluating the argument 'obj' in selecting a method for function 'next_cpos': error in evaluating the argument 'obj' in selecting a method for function 'next_cpos': unused argument (round_type = &quot;sas&quot;) ('test-resp01_functions.R:8:3')">Error in `h(simpleError(msg, call))`: error in evaluating the argument 'obj' in selecting a method for function 'next_cpos': error in evaluating the argument 'obj' in selecting a method for function 'next_cpos': unused argument (round_type = "sas")
Backtrace:
     x
  1. +-rtables::build_table(...) at test-resp01_functions.R:8:3
  2. | \-methods::is(lyt, "PreDataTableLayouts")
  3. +-... %&gt;% split_cols_by("ID", split_fun = split_fun)
  4. +-rtables::split_cols_by(., "ID", split_fun = split_fun)
  5. | \-rtables:::next_cpos(lyt, nested)
  6. +-rtables::split_cols_by(., "ARM", split_fun = add_overall_level("Overall"))
  7. | \-rtables:::next_cpos(lyt, nested)
  8. +-base::.handleSimpleError(...)
  9. | \-base (local) h(simpleError(msg, call))
 10. \-base::.handleSimpleError(...)
 11.   \-base (local) h(simpleError(msg, call))</error>
    </testcase>
    <testcase time="0.0589999999999993" classname="resp01_functions" name="resp01_split_fun_fct_2_works_as_expected">
      <error type="error" message="Error in `h(simpleError(msg, call))`: error in evaluating the argument 'obj' in selecting a method for function 'next_cpos': error in evaluating the argument 'obj' in selecting a method for function 'next_cpos': unused argument (round_type = &quot;sas&quot;) ('test-resp01_functions.R:20:3')">Error in `h(simpleError(msg, call))`: error in evaluating the argument 'obj' in selecting a method for function 'next_cpos': error in evaluating the argument 'obj' in selecting a method for function 'next_cpos': unused argument (round_type = "sas")
Backtrace:
     x
  1. +-rtables::build_table(...) at test-resp01_functions.R:20:3
  2. | \-methods::is(lyt, "PreDataTableLayouts")
  3. +-... %&gt;% split_cols_by("ID", split_fun = split_fun)
  4. +-rtables::split_cols_by(., "ID", split_fun = split_fun)
  5. | \-rtables:::next_cpos(lyt, nested)
  6. +-rtables::split_cols_by(., "ARM", split_fun = add_overall_level("Overall"))
  7. | \-rtables:::next_cpos(lyt, nested)
  8. +-base::.handleSimpleError(...)
  9. | \-base (local) h(simpleError(msg, call))
 10. \-base::.handleSimpleError(...)
 11.   \-base (local) h(simpleError(msg, call))</error>
    </testcase>
    <testcase time="0.0620000000000012" classname="resp01_functions" name="resp01_counts_cfun_1_works_as_expected">
      <skipped message="Reason: On CRAN ('test-resp01_functions.R:27:1')"/>
    </testcase>
    <testcase time="0.016" classname="resp01_functions" name="resp01_counts_cfun_2_works_as_expected"/>
    <testcase time="0.00699999999999967" classname="resp01_functions" name="resp01_counts_cfun_3_works_as_expected"/>
    <testcase time="0.0139999999999993" classname="resp01_functions" name="resp01_a_comp_stat_logical_or_cmh_works_as_expected">
      <skipped message="Reason: On CRAN ('test-resp01_functions.R:70:1')"/>
    </testcase>
    <testcase time="0.0370000000000008" classname="resp01_functions" name="resp01_a_comp_stat_logical_or_logistic_works_as_expected">
      <error type="error" message="Error in `eval(formal.args[[as.character(substitute(arg))]], envir = sys.frame(sysP))`: object 'valid_round_type' not found ('test-resp01_functions.R:123:3')">Error in `eval(formal.args[[as.character(substitute(arg))]], envir = sys.frame(sysP))`: object 'valid_round_type' not found
Backtrace:
     x
  1. \-testthat::expect_snapshot(result) at test-resp01_functions.R:123:3
  2.   \-testthat:::expect_snapshot_(...)
  3.     +-testthat:::with_is_snapshotting(...)
  4.     \-testthat:::verify_exec(quo_get_expr(x), quo_get_env(x), replay)
  5.       \-evaluate::evaluate(source, envir = env, new_device = FALSE, output_handler = handler)
  6.         +-base::withRestarts(...)
  7.         | \-base (local) withRestartList(expr, restarts)
  8.         |   +-base (local) withOneRestart(withRestartList(expr, restarts[-nr]), restarts[[nr]])
  9.         |   | \-base (local) doWithOneRestart(return(expr), restart)
 10.         |   \-base (local) withRestartList(expr, restarts[-nr])
 11.         |     \-base (local) withOneRestart(expr, restarts[[1L]])
 12.         |       \-base (local) doWithOneRestart(return(expr), restart)
 13.         +-evaluate:::with_handlers(...)
 14.         | +-base::eval(call)
 15.         | | \-base::eval(call)
 16.         | \-base::withCallingHandlers(...)
 17.         \-watcher$print_value(ev$value, ev$visible, envir)
 18.           +-base::withVisible(handle_value(handler, value, visible, envir))
 19.           \-evaluate:::handle_value(handler, value, visible, envir)
 20.             +-handler$value(value)
 21.             \-testthat:::testthat_print.default(value)
 22.               +-base::print(x)
 23.               \-rtables:::print.CellValue(x)
 24.                 +-base::cat(paste("rcell:", format_rcell(x), "\n"))
 25.                 +-base::paste("rcell:", format_rcell(x), "\n")
 26.                 \-rtables::format_rcell(x)
 27.                   \-formatters::format_value(...)
 28.                     \-formatters:::call_format_fun(...)
 29.                       +-base::do.call(f, args)
 30.                       \-junco (local) `&lt;fn&gt;`(`&lt;dbl&gt;`, na_str = "NA", round_type = "iec")</error>
    </testcase>
    <testcase time="0.0350000000000001" classname="resp01_functions" name="resp01_a_comp_stat_logical_rr_works_as_expected">
      <skipped message="Reason: On CRAN ('test-resp01_functions.R:126:1')"/>
    </testcase>
    <testcase time="0.032" classname="resp01_functions" name="resp01_a_comp_stat_factor_or_cmh_works_as_expected">
      <skipped message="Reason: On CRAN ('test-resp01_functions.R:155:1')"/>
    </testcase>
    <testcase time="0.0519999999999996" classname="resp01_functions" name="resp01_a_comp_stat_factor_or_logistic_works_as_expected">
      <error type="error" message="Error in `h(simpleError(msg, call))`: error in evaluating the argument 'x' in selecting a method for function 'print': object 'valid_round_type' not found ('test-resp01_functions.R:197:3')">Error in `h(simpleError(msg, call))`: error in evaluating the argument 'x' in selecting a method for function 'print': object 'valid_round_type' not found
Backtrace:
     x
  1. +-testthat::expect_snapshot(result) at test-resp01_functions.R:197:3
  2. | \-testthat:::expect_snapshot_(...)
  3. |   +-testthat:::with_is_snapshotting(...)
  4. |   \-testthat:::verify_exec(quo_get_expr(x), quo_get_env(x), replay)
  5. |     \-evaluate::evaluate(source, envir = env, new_device = FALSE, output_handler = handler)
  6. |       +-base::withRestarts(...)
  7. |       | \-base (local) withRestartList(expr, restarts)
  8. |       |   +-base (local) withOneRestart(withRestartList(expr, restarts[-nr]), restarts[[nr]])
  9. |       |   | \-base (local) doWithOneRestart(return(expr), restart)
 10. |       |   \-base (local) withRestartList(expr, restarts[-nr])
 11. |       |     \-base (local) withOneRestart(expr, restarts[[1L]])
 12. |       |       \-base (local) doWithOneRestart(return(expr), restart)
 13. |       +-evaluate:::with_handlers(...)
 14. |       | +-base::eval(call)
 15. |       | | \-base::eval(call)
 16. |       | \-base::withCallingHandlers(...)
 17. |       \-watcher$print_value(ev$value, ev$visible, envir)
 18. |         +-base::withVisible(handle_value(handler, value, visible, envir))
 19. |         \-evaluate:::handle_value(handler, value, visible, envir)
 20. |           +-handler$value(value)
 21. |           \-testthat:::testthat_print.default(value)
 22. |             +-base::print(x)
 23. |             \-rtables:::print.RowsVerticalSection(x)
 24. |               +-base::print(...)
 25. |               +-base::data.frame(...)
 26. |               \-base::vapply(x, format_rcell, character(1))
 27. |                 \-rtables (local) FUN(X[[i]], ...)
 28. |                   \-formatters::format_value(...)
 29. |                     \-formatters:::call_format_fun(...)
 30. |                       +-base::do.call(f, args)
 31. |                       \-junco (local) `&lt;fn&gt;`(`&lt;dbl&gt;`, na_str = "NA", round_type = "iec")
 32. |                         \-base::match.arg(round_type)
 33. |                           \-base::eval(formal.args[[as.character(substitute(arg))]], envir = sys.frame(sysP))
 34. |                             \-base::eval(formal.args[[as.character(substitute(arg))]], envir = sys.frame(sysP))
 35. \-base::.handleSimpleError(...)
 36.   \-base (local) h(simpleError(msg, call))</error>
    </testcase>
    <testcase time="0.0389999999999997" classname="resp01_functions" name="resp01_acfun_works_as_expected">
      <skipped message="Reason: On CRAN ('test-resp01_functions.R:200:1')"/>
    </testcase>
    <testcase time="0.0310000000000006" classname="resp01_functions" name="resp01_acfun_works_2_as_expected">
      <skipped message="Reason: On CRAN ('test-resp01_functions.R:224:1')"/>
    </testcase>
    <testcase time="0.0239999999999991" classname="resp01_functions" name="resp01_acfun_3_works_as_expected">
      <skipped message="Reason: On CRAN ('test-resp01_functions.R:256:1')"/>
    </testcase>
  </testsuite>
  <testsuite name="response_by_var" timestamp="2025-12-04T10:20:30Z" hostname="0752ec0cabab" tests="1" skipped="0" failures="0" errors="1" time="0.035">
    <testcase time="0.0350000000000001" classname="response_by_var" name="response_by_var_various_scenarios">
      <error type="error" message="Error in `h(simpleError(msg, call))`: error in evaluating the argument 'obj' in selecting a method for function 'next_rpos': error in evaluating the argument 'obj' in selecting a method for function 'next_cpos': unused argument (round_type = &quot;sas&quot;) ('test-response_by_var.R:19:3')">Error in `h(simpleError(msg, call))`: error in evaluating the argument 'obj' in selecting a method for function 'next_rpos': error in evaluating the argument 'obj' in selecting a method for function 'next_cpos': unused argument (round_type = "sas")
Backtrace:
    x
 1. +-... %&gt;% ... at test-response_by_var.R:19:3
 2. +-rtables::analyze(...)
 3. | \-rtables:::next_rpos(lyt, nested)
 4. +-rtables::split_cols_by(., "ARM")
 5. | \-rtables:::next_cpos(lyt, nested)
 6. +-base::.handleSimpleError(...)
 7. | \-base (local) h(simpleError(msg, call))
 8. \-base::.handleSimpleError(...)
 9.   \-base (local) h(simpleError(msg, call))</error>
    </testcase>
    <testcase time="0.108000000000001" classname="character(0)" name="_unnamed_">
      <error type="error" message="Error in `h(simpleError(msg, call))`: error in evaluating the argument 'obj' in selecting a method for function 'last_rowsplit': error in evaluating the argument 'lyt' in selecting a method for function '.add_row_summary': error in evaluating the argument 'obj' in selecting a method for function 'next_rpos': error in evaluating the argument 'obj' in selecting a method for function 'next_cpos': error in evaluating the argument 'obj' in selecting a method for function 'next_cpos': unused argument (round_type = &quot;sas&quot;) ('test-sorting_functions.R:13:1')">Error in `h(simpleError(msg, call))`: error in evaluating the argument 'obj' in selecting a method for function 'last_rowsplit': error in evaluating the argument 'lyt' in selecting a method for function '.add_row_summary': error in evaluating the argument 'obj' in selecting a method for function 'next_rpos': error in evaluating the argument 'obj' in selecting a method for function 'next_cpos': error in evaluating the argument 'obj' in selecting a method for function 'next_cpos': unused argument (round_type = "sas")
Backtrace:
     x
  1. +-... %&gt;% build_table(DM2) at test-sorting_functions.R:13:1
  2. +-rtables::build_table(., DM2)
  3. | \-methods::is(lyt, "PreDataTableLayouts")
  4. +-tern::analyze_vars(., "COUNTRY", .stats = "count_fraction")
  5. | \-rtables::analyze(...)
  6. |   +-methods::is(last_rowsplit(lyt), "VAnalyzeSplit")
  7. |   \-rtables:::last_rowsplit(lyt)
  8. +-rtables::summarize_row_groups(.)
  9. | \-rtables::.add_row_summary(...)
 10. +-rtables::split_rows_by(., "STRATA1")
 11. | \-rtables:::next_rpos(lyt, nested)
 12. +-rtables::split_cols_by(., "ARM")
 13. | \-rtables:::next_cpos(lyt, nested)
 14. +-rtables::split_cols_by(., "spanhead", split_fun = trim_levels_in_group("ARM"))
 15. | \-rtables:::next_cpos(lyt, nested)
 16. +-base::.handleSimpleError(...)
 17. | \-base (local) h(simpleError(msg, call))
 18. +-base::.handleSimpleError(...)
 19. | \-base (local) h(simpleError(msg, call))
 20. +-base::.handleSimpleError(...)
 21. | \-base (local) h(simpleError(msg, call))
 22. +-base::.handleSimpleError(...)
 23. | \-base (local) h(simpleError(msg, call))
 24. \-base::.handleSimpleError(...)
 25.   \-base (local) h(simpleError(msg, call))</error>
    </testcase>
  </testsuite>
  <testsuite name="split_functions" timestamp="2025-12-04T10:20:30Z" hostname="0752ec0cabab" tests="10" skipped="0" failures="0" errors="7" time="0.514">
    <testcase time="0.0869999999999997" classname="split_functions" name="cond_rm_facets_works">
      <error type="error" message="Error in `h(simpleError(msg, call))`: error in evaluating the argument 'obj' in selecting a method for function 'next_cpos': error in evaluating the argument 'obj' in selecting a method for function 'next_cpos': unused argument (round_type = &quot;sas&quot;) ('test-split_functions.R:25:3')">Error in `h(simpleError(msg, call))`: error in evaluating the argument 'obj' in selecting a method for function 'next_cpos': error in evaluating the argument 'obj' in selecting a method for function 'next_cpos': unused argument (round_type = "sas")
Backtrace:
    x
 1. +-... %&gt;% split_cols_by("ARM", split_fun = mysplit) at test-split_functions.R:25:3
 2. +-rtables::split_cols_by(., "ARM", split_fun = mysplit)
 3. | \-rtables:::next_cpos(lyt, nested)
 4. +-rtables::split_cols_by(., "colspan_trt", split_fun = trim_levels_in_group("ARM"))
 5. | \-rtables:::next_cpos(lyt, nested)
 6. +-base::.handleSimpleError(...)
 7. | \-base (local) h(simpleError(msg, call))
 8. \-base::.handleSimpleError(...)
 9.   \-base (local) h(simpleError(msg, call))</error>
    </testcase>
    <testcase time="0.0640000000000001" classname="split_functions" name="rm_levels_works">
      <error type="error" message="Error in `h(simpleError(msg, call))`: error in evaluating the argument 'lyt' in selecting a method for function '.add_row_summary': error in evaluating the argument 'obj' in selecting a method for function 'next_rpos': unused argument (round_type = &quot;sas&quot;) ('test-split_functions.R:59:3')">Error in `h(simpleError(msg, call))`: error in evaluating the argument 'lyt' in selecting a method for function '.add_row_summary': error in evaluating the argument 'obj' in selecting a method for function 'next_rpos': unused argument (round_type = "sas")
Backtrace:
    x
 1. +-... %&gt;% summarize_row_groups() at test-split_functions.R:59:3
 2. +-rtables::summarize_row_groups(.)
 3. | \-rtables::.add_row_summary(...)
 4. +-rtables::split_rows_by(., "COUNTRY", split_fun = split_fun)
 5. | \-rtables:::next_rpos(lyt, nested)
 6. +-base::.handleSimpleError(...)
 7. | \-base (local) h(simpleError(msg, call))
 8. \-base::.handleSimpleError(...)
 9.   \-base (local) h(simpleError(msg, call))</error>
    </testcase>
    <testcase time="0.0489999999999995" classname="split_functions" name="real_add_overall_facet_works">
      <error type="error" message="Error in `h(simpleError(msg, call))`: error in evaluating the argument 'lyt' in selecting a method for function '.add_row_summary': error in evaluating the argument 'obj' in selecting a method for function 'next_rpos': unused argument (round_type = &quot;sas&quot;) ('test-split_functions.R:80:3')">Error in `h(simpleError(msg, call))`: error in evaluating the argument 'lyt' in selecting a method for function '.add_row_summary': error in evaluating the argument 'obj' in selecting a method for function 'next_rpos': unused argument (round_type = "sas")
Backtrace:
    x
 1. +-... %&gt;% summarize_row_groups() at test-split_functions.R:80:3
 2. +-rtables::summarize_row_groups(.)
 3. | \-rtables::.add_row_summary(...)
 4. +-rtables::split_rows_by(., "COUNTRY", split_fun = split_fun)
 5. | \-rtables:::next_rpos(lyt, nested)
 6. +-base::.handleSimpleError(...)
 7. | \-base (local) h(simpleError(msg, call))
 8. \-base::.handleSimpleError(...)
 9.   \-base (local) h(simpleError(msg, call))</error>
    </testcase>
    <testcase time="0.0540000000000003" classname="split_functions" name="make_combo_splitfun_works">
      <error type="error" message="Error in `h(simpleError(msg, call))`: error in evaluating the argument 'lyt' in selecting a method for function '.add_row_summary': error in evaluating the argument 'obj' in selecting a method for function 'next_rpos': unused argument (round_type = &quot;sas&quot;) ('test-split_functions.R:104:3')">Error in `h(simpleError(msg, call))`: error in evaluating the argument 'lyt' in selecting a method for function '.add_row_summary': error in evaluating the argument 'obj' in selecting a method for function 'next_rpos': unused argument (round_type = "sas")
Backtrace:
    x
 1. +-... %&gt;% summarize_row_groups() at test-split_functions.R:104:3
 2. +-rtables::summarize_row_groups(.)
 3. | \-rtables::.add_row_summary(...)
 4. +-rtables::split_rows_by(., "COUNTRY", split_fun = split_fun)
 5. | \-rtables:::next_rpos(lyt, nested)
 6. +-base::.handleSimpleError(...)
 7. | \-base (local) h(simpleError(msg, call))
 8. \-base::.handleSimpleError(...)
 9.   \-base (local) h(simpleError(msg, call))</error>
    </testcase>
    <testcase time="0.0519999999999996" classname="split_functions" name="combine_nonblank_works">
      <error type="error" message="Error in `h(simpleError(msg, call))`: error in evaluating the argument 'lyt' in selecting a method for function '.add_row_summary': error in evaluating the argument 'obj' in selecting a method for function 'next_rpos': unused argument (round_type = &quot;sas&quot;) ('test-split_functions.R:141:3')">Error in `h(simpleError(msg, call))`: error in evaluating the argument 'lyt' in selecting a method for function '.add_row_summary': error in evaluating the argument 'obj' in selecting a method for function 'next_rpos': unused argument (round_type = "sas")
Backtrace:
    x
 1. +-... %&gt;% summarize_row_groups() at test-split_functions.R:141:3
 2. +-rtables::summarize_row_groups(.)
 3. | \-rtables::.add_row_summary(...)
 4. +-rtables::split_rows_by(., "COUNTRY", split_fun = split_fun)
 5. | \-rtables:::next_rpos(lyt, nested)
 6. +-base::.handleSimpleError(...)
 7. | \-base (local) h(simpleError(msg, call))
 8. \-base::.handleSimpleError(...)
 9.   \-base (local) h(simpleError(msg, call))</error>
    </testcase>
    <testcase time="0.0490000000000013" classname="split_functions" name="rm_blank_levels_works">
      <error type="error" message="Error in `h(simpleError(msg, call))`: error in evaluating the argument 'lyt' in selecting a method for function '.add_row_summary': error in evaluating the argument 'obj' in selecting a method for function 'next_rpos': unused argument (round_type = &quot;sas&quot;) ('test-split_functions.R:176:3')">Error in `h(simpleError(msg, call))`: error in evaluating the argument 'lyt' in selecting a method for function '.add_row_summary': error in evaluating the argument 'obj' in selecting a method for function 'next_rpos': unused argument (round_type = "sas")
Backtrace:
    x
 1. +-... %&gt;% summarize_row_groups() at test-split_functions.R:176:3
 2. +-rtables::summarize_row_groups(.)
 3. | \-rtables::.add_row_summary(...)
 4. +-rtables::split_rows_by(., "COUNTRY")
 5. | \-rtables:::next_rpos(lyt, nested)
 6. +-base::.handleSimpleError(...)
 7. | \-base (local) h(simpleError(msg, call))
 8. \-base::.handleSimpleError(...)
 9.   \-base (local) h(simpleError(msg, call))</error>
    </testcase>
    <testcase time="0.0449999999999999" classname="split_functions" name="do_exclude_split_works"/>
    <testcase time="0.00300000000000011" classname="split_functions" name="do_exclude_split_works"/>
    <testcase time="0.00300000000000011" classname="split_functions" name="do_exclude_split_works"/>
  </testsuite>
  <testsuite name="string_to_title" timestamp="2025-12-04T10:20:30Z" hostname="0752ec0cabab" tests="4" skipped="0" failures="0" errors="0" time="0.028">
    <testcase time="0.00999999999999979" classname="string_to_title" name="string_to_title_works_as_expected_for_string"/>
    <testcase time="0.00600000000000023" classname="string_to_title" name="string_to_title_works_as_expected_for_character_vector"/>
    <testcase time="0.00599999999999845" classname="string_to_title" name="string_to_title_works_as_expected_for_factors"/>
    <testcase time="0.00600000000000023" classname="string_to_title" name="string_to_title_works_as_expected_for_factors_missing_levels_"/>
  </testsuite>
  <testsuite name="summarize_ancova" timestamp="2025-12-04T10:20:30Z" hostname="0752ec0cabab" tests="9" skipped="1" failures="0" errors="1" time="0.156">
    <testcase time="0.027000000000001" classname="summarize_ancova" name="h_ancova_works_as_expected"/>
    <testcase time="0.000999999999999446" classname="summarize_ancova" name="h_ancova_works_as_expected"/>
    <testcase time="0.0210000000000008" classname="summarize_ancova" name="s_ancova_j_works_as_expected"/>
    <testcase time="0.00199999999999889" classname="summarize_ancova" name="s_ancova_j_works_as_expected"/>
    <testcase time="0.0150000000000006" classname="summarize_ancova" name="s_ancova_j_works_as_expected"/>
    <testcase time="0.00499999999999901" classname="summarize_ancova" name="s_ancova_j_works_as_expected"/>
    <testcase time="0.00100000000000122" classname="summarize_ancova" name="s_ancova_j_works_as_expected"/>
    <testcase time="0.0540000000000003" classname="summarize_ancova" name="s_summarize_ancova_works_as_expected">
      <skipped message="Reason: On CRAN ('test-summarize_ancova.R:126:1')"/>
    </testcase>
    <testcase time="0.0299999999999994" classname="summarize_ancova" name="a_summarize_ancova_j_works_as_expected_in_table_layout">
      <error type="error" message="Error in `h(simpleError(msg, call))`: error in evaluating the argument 'obj' in selecting a method for function 'last_rowsplit': error in evaluating the argument 'obj' in selecting a method for function 'last_rowsplit': error in evaluating the argument 'obj' in selecting a method for function 'next_cpos': unused argument (round_type = &quot;sas&quot;) ('test-summarize_ancova.R:146:3')">Error in `h(simpleError(msg, call))`: error in evaluating the argument 'obj' in selecting a method for function 'last_rowsplit': error in evaluating the argument 'obj' in selecting a method for function 'last_rowsplit': error in evaluating the argument 'obj' in selecting a method for function 'next_cpos': unused argument (round_type = "sas")
Backtrace:
     x
  1. +-... %&gt;% build_table(iris) at test-summarize_ancova.R:146:3
  2. +-rtables::build_table(., iris)
  3. | \-methods::is(lyt, "PreDataTableLayouts")
  4. +-rtables::analyze(...)
  5. | +-methods::is(last_rowsplit(lyt), "VAnalyzeSplit")
  6. | \-rtables:::last_rowsplit(lyt)
  7. +-rtables::analyze(...)
  8. | +-methods::is(last_rowsplit(lyt), "VAnalyzeSplit")
  9. | \-rtables:::last_rowsplit(lyt)
 10. +-rtables::add_colcounts(.)
 11. +-rtables::split_cols_by(., "Species")
 12. | \-rtables:::next_cpos(lyt, nested)
 13. +-base::.handleSimpleError(...)
 14. | \-base (local) h(simpleError(msg, call))
 15. +-base::.handleSimpleError(...)
 16. | \-base (local) h(simpleError(msg, call))
 17. \-base::.handleSimpleError(...)
 18.   \-base (local) h(simpleError(msg, call))</error>
    </testcase>
  </testsuite>
  <testsuite name="summarize_mmrm" timestamp="2025-12-04T10:20:31Z" hostname="0752ec0cabab" tests="10" skipped="4" failures="0" errors="2" time="1.729">
    <testcase time="0.372" classname="summarize_mmrm" name="h_summarize_mmrm_works_with_healthy_input"/>
    <testcase time="0.0199999999999996" classname="summarize_mmrm" name="h_summarize_mmrm_works_with_healthy_input">
      <skipped message="Reason: On CRAN ('test-summarize_mmrm.R:15:1')"/>
    </testcase>
    <testcase time="0.132000000000001" classname="summarize_mmrm" name="s_summarize_mmrm_works_with_healthy_input_in_non_ref_cell"/>
    <testcase time="0.0129999999999999" classname="summarize_mmrm" name="s_summarize_mmrm_works_with_healthy_input_in_non_ref_cell">
      <skipped message="Reason: On CRAN ('test-summarize_mmrm.R:33:1')"/>
    </testcase>
    <testcase time="0.0199999999999996" classname="summarize_mmrm" name="s_summarize_mmrm_works_with_healthy_input_in_ref_col_cell"/>
    <testcase time="0.00399999999999956" classname="summarize_mmrm" name="s_summarize_mmrm_works_with_healthy_input_in_ref_col_cell">
      <skipped message="Reason: On CRAN ('test-summarize_mmrm.R:70:1')"/>
    </testcase>
    <testcase time="0.0169999999999995" classname="summarize_mmrm" name="s_summarize_mmrm_works_with_healthy_input_in_ref_row_cell"/>
    <testcase time="0.00500000000000078" classname="summarize_mmrm" name="s_summarize_mmrm_works_with_healthy_input_in_ref_row_cell">
      <skipped message="Reason: On CRAN ('test-summarize_mmrm.R:107:1')"/>
    </testcase>
    <testcase time="0.378" classname="summarize_mmrm" name="a_summarize_mmrm_works_as_expected_in_table_layout">
      <error type="error" message="Error in `eval(formal.args[[as.character(substitute(arg))]], envir = sys.frame(sysP))`: object 'valid_round_type' not found ('test-summarize_mmrm.R:167:3')">Error in `eval(formal.args[[as.character(substitute(arg))]], envir = sys.frame(sysP))`: object 'valid_round_type' not found
Backtrace:
     x
  1. \-rtables::build_table(lyt, longdat) at test-summarize_mmrm.R:167:3
  2.   \-rtables::update_ref_indexing(tab)
  3.     +-formatters::make_row_df(tt)
  4.     \-rtables::make_row_df(tt)
  5.       \-rtables (local) .local(...)
  6.         +-formatters::make_row_df(...)
  7.         \-rtables::make_row_df(...)
  8.           \-rtables (local) .local(...)
  9.             +-formatters::make_row_df(...)
 10.             \-rtables::make_row_df(...)
 11.               \-rtables (local) .local(...)
 12.                 +-formatters::make_row_df(...)
 13.                 \-rtables::make_row_df(...)
 14.                   \-rtables (local) .local(...)
 15.                     +-formatters::pagdfrow(...)
 16.                     | \-base::data.frame(...)
 17.                     +-formatters::nlines(...)
 18.                     \-rtables::nlines(...)
 19.                       +-base::as.vector(get_formatted_cells(x))
 20.                       +-rtables::get_formatted_cells(x)
 21.                       \-rtables::get_formatted_cells(x)
 22.                         +-base::matrix(...)
 23.                         +-base::unlist(...)
 24.                         \-base::Map(...)
 25.                           \-base::mapply(FUN = f, ..., SIMPLIFY = FALSE)
 26.                             \-rtables (local) `&lt;fn&gt;`(val = dots[[1L]][[1L]], spn = dots[[2L]][[1L]], shelli = dots[[3L]][[1L]])
 27.                               \-rtables::format_rcell(...)
 28.                                 \-formatters::format_value(...)
 29.                                   \-formatters:::call_format_fun(...)
 30.                                     +-base::do.call(f, args)
 31.                                     \-junco (local) `&lt;fn&gt;`(`&lt;dbl&gt;`, na_str = "NA", round_type = "iec")</error>
    </testcase>
    <testcase time="0.767999999999999" classname="summarize_mmrm" name="a_summarize_mmrm_works_as_expected_below_row_splits">
      <error type="error" message="Error in `eval(formal.args[[as.character(substitute(arg))]], envir = sys.frame(sysP))`: object 'valid_round_type' not found ('test-summarize_mmrm.R:201:3')">Error in `eval(formal.args[[as.character(substitute(arg))]], envir = sys.frame(sysP))`: object 'valid_round_type' not found
Backtrace:
     x
  1. \-rtables::build_table(lyt, longdat) at test-summarize_mmrm.R:201:3
  2.   \-rtables::update_ref_indexing(tab)
  3.     +-formatters::make_row_df(tt)
  4.     \-rtables::make_row_df(tt)
  5.       \-rtables (local) .local(...)
  6.         +-formatters::make_row_df(...)
  7.         \-rtables::make_row_df(...)
  8.           \-rtables (local) .local(...)
  9.             +-formatters::make_row_df(...)
 10.             \-rtables::make_row_df(...)
 11.               \-rtables (local) .local(...)
 12.                 +-formatters::make_row_df(...)
 13.                 \-rtables::make_row_df(...)
 14.                   \-rtables (local) .local(...)
 15.                     +-formatters::make_row_df(...)
 16.                     \-rtables::make_row_df(...)
 17.                       \-rtables (local) .local(...)
 18.                         +-formatters::make_row_df(...)
 19.                         \-rtables::make_row_df(...)
 20.                           \-rtables (local) .local(...)
 21.                             +-formatters::pagdfrow(...)
 22.                             | \-base::data.frame(...)
 23.                             +-formatters::nlines(...)
 24.                             \-rtables::nlines(...)
 25.                               +-base::as.vector(get_formatted_cells(x))
 26.                               +-rtables::get_formatted_cells(x)
 27.                               \-rtables::get_formatted_cells(x)
 28.                                 +-base::matrix(...)
 29.                                 +-base::unlist(...)
 30.                                 \-base::Map(...)
 31.                                   \-base::mapply(FUN = f, ..., SIMPLIFY = FALSE)
 32.                                     \-rtables (local) `&lt;fn&gt;`(val = dots[[1L]][[1L]], spn = dots[[2L]][[1L]], shelli = dots[[3L]][[1L]])
 33.                                       \-rtables::format_rcell(...)
 34.                                         \-formatters::format_value(...)
 35.                                           \-formatters:::call_format_fun(...)
 36.                                             +-base::do.call(f, args)
 37.                                             \-junco (local) `&lt;fn&gt;`(`&lt;dbl&gt;`, na_str = "NA", round_type = "iec")</error>
    </testcase>
  </testsuite>
  <testsuite name="summarize_row_counts" timestamp="2025-12-04T10:20:32Z" hostname="0752ec0cabab" tests="4" skipped="0" failures="0" errors="0" time="0.556">
    <testcase time="0.199000000000002" classname="summarize_row_counts" name="summarize_row_counts_works_as_expected_without_alt_counts"/>
    <testcase time="0.109" classname="summarize_row_counts" name="summarize_row_counts_works_as_expected_without_alt_counts"/>
    <testcase time="0.169999999999998" classname="summarize_row_counts" name="summarize_row_counts_works_as_expected_with_alt_counts"/>
    <testcase time="0.0779999999999994" classname="summarize_row_counts" name="summarize_row_counts_works_as_expected_with_alt_counts"/>
  </testsuite>
  <testsuite name="tabulate_lsmeans" timestamp="2025-12-04T10:20:33Z" hostname="0752ec0cabab" tests="7" skipped="1" failures="0" errors="1" time="0.523">
    <testcase time="0.118000000000002" classname="tabulate_lsmeans" name="s_lsmeans_works_as_expected_with_MMRM_fit_when_not_in_reference_column"/>
    <testcase time="0.00199999999999889" classname="tabulate_lsmeans" name="s_lsmeans_works_as_expected_with_MMRM_fit_when_not_in_reference_column"/>
    <testcase time="0.0120000000000005" classname="tabulate_lsmeans" name="s_lsmeans_works_as_expected_with_MMRM_fit_when_not_in_reference_column">
      <skipped message="Reason: On CRAN ('test-tabulate_lsmeans.R:1:1')"/>
    </testcase>
    <testcase time="0.114000000000001" classname="tabulate_lsmeans" name="summarize_lsmeans_can_show_two_and_one_sided_p_values_correctly"/>
    <testcase time="0.167999999999999" classname="tabulate_lsmeans" name="summarize_lsmeans_can_show_two_and_one_sided_p_values_correctly">
      <error type="error" message="Error in `eval(formal.args[[as.character(substitute(arg))]], envir = sys.frame(sysP))`: object 'valid_round_type' not found ('test-tabulate_lsmeans.R:89:3')">Error in `eval(formal.args[[as.character(substitute(arg))]], envir = sys.frame(sysP))`: object 'valid_round_type' not found
Backtrace:
     x
  1. \-rtables::build_table(lyt_two_sided, df = df, alt_counts_df = dat_adsl) at test-tabulate_lsmeans.R:89:3
  2.   \-rtables::update_ref_indexing(tab)
  3.     +-formatters::make_row_df(tt)
  4.     \-rtables::make_row_df(tt)
  5.       \-rtables (local) .local(...)
  6.         +-formatters::make_row_df(...)
  7.         \-rtables::make_row_df(...)
  8.           \-rtables (local) .local(...)
  9.             +-formatters::make_row_df(...)
 10.             \-rtables::make_row_df(...)
 11.               \-rtables (local) .local(...)
 12.                 +-formatters::make_row_df(...)
 13.                 \-rtables::make_row_df(...)
 14.                   \-rtables (local) .local(...)
 15.                     +-formatters::pagdfrow(...)
 16.                     | \-base::data.frame(...)
 17.                     +-formatters::nlines(...)
 18.                     \-rtables::nlines(...)
 19.                       +-base::as.vector(get_formatted_cells(x))
 20.                       +-rtables::get_formatted_cells(x)
 21.                       \-rtables::get_formatted_cells(x)
 22.                         +-base::matrix(...)
 23.                         +-base::unlist(...)
 24.                         \-base::Map(...)
 25.                           \-base::mapply(FUN = f, ..., SIMPLIFY = FALSE)
 26.                             \-rtables (local) `&lt;fn&gt;`(val = dots[[1L]][[2L]], spn = dots[[2L]][[2L]], shelli = dots[[3L]][[1L]])
 27.                               \-rtables::format_rcell(...)
 28.                                 \-formatters::format_value(...)
 29.                                   \-formatters:::call_format_fun(...)
 30.                                     +-base::do.call(f, args)
 31.                                     \-junco (local) `&lt;fn&gt;`(`&lt;dbl&gt;`, na_str = "NA", round_type = "iec")</error>
    </testcase>
    <testcase time="0.106999999999999" classname="tabulate_lsmeans" name="s_lsmeans_works_as_expected_with_ANCOVA_fit_when_not_in_reference_column"/>
    <testcase time="0.00200000000000244" classname="tabulate_lsmeans" name="s_lsmeans_works_as_expected_with_ANCOVA_fit_when_not_in_reference_column"/>
  </testsuite>
  <testsuite name="tabulate_lsmeans_wide" timestamp="2025-12-04T10:20:33Z" hostname="0752ec0cabab" tests="8" skipped="4" failures="0" errors="2" time="1.293">
    <testcase time="0.0459999999999994" classname="tabulate_lsmeans_wide" name="lsmeans_wide_cfun_works_as_expected">
      <skipped message="Reason: On CRAN ('test-tabulate_lsmeans_wide.R:3:1')"/>
    </testcase>
    <testcase time="0.0329999999999977" classname="tabulate_lsmeans_wide" name="lsmeans_wide_cfun_works_as_expected_with_more_than_one_treatment_group">
      <skipped message="Reason: On CRAN ('test-tabulate_lsmeans_wide.R:121:1')"/>
    </testcase>
    <testcase time="0.0450000000000017" classname="tabulate_lsmeans_wide" name="lsmeans_wide_cfun_works_as_expected_with_more_than_one_treatment_group_for_MMRM_case">
      <skipped message="Reason: On CRAN ('test-tabulate_lsmeans_wide.R:194:1')"/>
    </testcase>
    <testcase time="0.343" classname="tabulate_lsmeans_wide" name="summarize_lsmeans_wide_works_as_expected">
      <error type="error" message="Error in `eval(formal.args[[as.character(substitute(arg))]], envir = sys.frame(sysP))`: object 'valid_round_type' not found ('test-tabulate_lsmeans_wide.R:306:3')">Error in `eval(formal.args[[as.character(substitute(arg))]], envir = sys.frame(sysP))`: object 'valid_round_type' not found
Backtrace:
     x
  1. +-testthat::expect_silent(build_table(lyt, df = anl)) at test-tabulate_lsmeans_wide.R:306:3
  2. | \-testthat:::quasi_capture(enquo(object), NULL, evaluate_promise)
  3. |   +-testthat (local) .capture(...)
  4. |   | +-withr::with_output_sink(...)
  5. |   | | \-base::force(code)
  6. |   | +-base::withCallingHandlers(...)
  7. |   | \-base::withVisible(code)
  8. |   \-rlang::eval_bare(quo_get_expr(.quo), quo_get_env(.quo))
  9. \-rtables::build_table(lyt, df = anl)
 10.   \-rtables::update_ref_indexing(tab)
 11.     +-formatters::make_row_df(tt)
 12.     \-rtables::make_row_df(tt)
 13.       \-rtables (local) .local(...)
 14.         +-formatters::make_row_df(...)
 15.         \-rtables::make_row_df(...)
 16.           \-rtables (local) .local(...)
 17.             +-formatters::make_row_df(...)
 18.             \-rtables::make_row_df(...)
 19.               \-rtables (local) .local(...)
 20.                 +-formatters::make_row_df(...)
 21.                 \-rtables::make_row_df(...)
 22.                   \-rtables (local) .local(...)
 23.                     +-formatters::pagdfrow(...)
 24.                     | \-base::data.frame(...)
 25.                     +-formatters::nlines(...)
 26.                     \-rtables::nlines(...)
 27.                       +-base::as.vector(get_formatted_cells(x))
 28.                       +-rtables::get_formatted_cells(x)
 29.                       \-rtables::get_formatted_cells(x)
 30.                         +-base::matrix(...)
 31.                         +-base::unlist(...)
 32.                         \-base::Map(...)
 33.                           \-base::mapply(FUN = f, ..., SIMPLIFY = FALSE)
 34.                             \-rtables (local) `&lt;fn&gt;`(val = dots[[1L]][[14L]], spn = dots[[2L]][[14L]], shelli = dots[[3L]][[1L]])
 35.                               \-rtables::format_rcell(...)
 36.                                 \-formatters::format_value(...)
 37.                                   \-formatters:::call_format_fun(...)
 38.                                     +-base::do.call(f, args)
 39.                                     \-junco (local) `&lt;fn&gt;`(0.00149127890654534, na_str = "", round_type = "iec")</error>
    </testcase>
    <testcase time="0.132000000000001" classname="tabulate_lsmeans_wide" name="summarize_lsmeans_wide_works_as_expected_with_more_than_1_treatment_group"/>
    <testcase time="0.268999999999998" classname="tabulate_lsmeans_wide" name="summarize_lsmeans_wide_works_as_expected_with_more_than_1_treatment_group">
      <error type="error" message="Error in `eval(formal.args[[as.character(substitute(arg))]], envir = sys.frame(sysP))`: object 'valid_round_type' not found ('test-tabulate_lsmeans_wide.R:351:3')">Error in `eval(formal.args[[as.character(substitute(arg))]], envir = sys.frame(sysP))`: object 'valid_round_type' not found
Backtrace:
     x
  1. +-testthat::expect_silent(build_table(lyt, df = anl)) at test-tabulate_lsmeans_wide.R:351:3
  2. | \-testthat:::quasi_capture(enquo(object), NULL, evaluate_promise)
  3. |   +-testthat (local) .capture(...)
  4. |   | +-withr::with_output_sink(...)
  5. |   | | \-base::force(code)
  6. |   | +-base::withCallingHandlers(...)
  7. |   | \-base::withVisible(code)
  8. |   \-rlang::eval_bare(quo_get_expr(.quo), quo_get_env(.quo))
  9. \-rtables::build_table(lyt, df = anl)
 10.   \-rtables::update_ref_indexing(tab)
 11.     +-formatters::make_row_df(tt)
 12.     \-rtables::make_row_df(tt)
 13.       \-rtables (local) .local(...)
 14.         +-formatters::make_row_df(...)
 15.         \-rtables::make_row_df(...)
 16.           \-rtables (local) .local(...)
 17.             +-formatters::make_row_df(...)
 18.             \-rtables::make_row_df(...)
 19.               \-rtables (local) .local(...)
 20.                 +-formatters::make_row_df(...)
 21.                 \-rtables::make_row_df(...)
 22.                   \-rtables (local) .local(...)
 23.                     +-formatters::pagdfrow(...)
 24.                     | \-base::data.frame(...)
 25.                     +-formatters::nlines(...)
 26.                     \-rtables::nlines(...)
 27.                       +-base::as.vector(get_formatted_cells(x))
 28.                       +-rtables::get_formatted_cells(x)
 29.                       \-rtables::get_formatted_cells(x)
 30.                         +-base::matrix(...)
 31.                         +-base::unlist(...)
 32.                         \-base::Map(...)
 33.                           \-base::mapply(FUN = f, ..., SIMPLIFY = FALSE)
 34.                             \-rtables (local) `&lt;fn&gt;`(val = dots[[1L]][[14L]], spn = dots[[2L]][[14L]], shelli = dots[[3L]][[1L]])
 35.                               \-rtables::format_rcell(...)
 36.                                 \-formatters::format_value(...)
 37.                                   \-formatters:::call_format_fun(...)
 38.                                     +-base::do.call(f, args)
 39.                                     \-junco (local) `&lt;fn&gt;`(0.0435100319641615, na_str = "", round_type = "iec")</error>
    </testcase>
    <testcase time="0.309999999999999" classname="tabulate_lsmeans_wide" name="summarize_lsmeans_wide_can_omit_variance_and_p_value_columns"/>
    <testcase time="0.115000000000002" classname="tabulate_lsmeans_wide" name="summarize_lsmeans_wide_can_omit_variance_and_p_value_columns">
      <skipped message="Reason: On CRAN ('test-tabulate_lsmeans_wide.R:355:1')"/>
    </testcase>
  </testsuite>
  <testsuite name="tabulate_rbmi" timestamp="2025-12-04T10:20:35Z" hostname="0752ec0cabab" tests="12" skipped="0" failures="0" errors="1" time="0.24">
    <testcase time="0.0309999999999988" classname="tabulate_rbmi" name="h_tidy_pool_is_produced_correctly_for_ANCOVA_case"/>
    <testcase time="0.00900000000000034" classname="tabulate_rbmi" name="h_tidy_pool_is_produced_correctly_for_MMRM_case"/>
    <testcase time="0.00300000000000011" classname="tabulate_rbmi" name="h_tidy_pool_is_produced_correctly_for_MMRM_case"/>
    <testcase time="0.00300000000000011" classname="tabulate_rbmi" name="h_tidy_pool_is_produced_correctly_for_MMRM_case"/>
    <testcase time="0.0249999999999986" classname="tabulate_rbmi" name="tidy.pool_is_produced_correctly_for_ANCOVA_case"/>
    <testcase time="0.0110000000000028" classname="tabulate_rbmi" name="tidy.pool_is_produced_correctly_for_MMRM_case"/>
    <testcase time="0.00300000000000011" classname="tabulate_rbmi" name="tidy.pool_is_produced_correctly_for_MMRM_case"/>
    <testcase time="0.00199999999999889" classname="tabulate_rbmi" name="tidy.pool_is_produced_correctly_for_MMRM_case"/>
    <testcase time="0.0169999999999995" classname="tabulate_rbmi" name="s_rbmi_lsmeans_works_with_as_expected_with_.in_ref_col_TRUE"/>
    <testcase time="0.0199999999999996" classname="tabulate_rbmi" name="s_rbmi_lsmeans_works_with_as_expected_with_.in_ref_col_FALSE"/>
    <testcase time="0.0199999999999996" classname="tabulate_rbmi" name="s_rbmi_lsmeans_also_works_with_show_relative_increase"/>
    <testcase time="0.0960000000000001" classname="tabulate_rbmi" name="a_rbmi_lsmeans_works_as_expected_in_table_layout">
      <error type="error" message="Error in `eval(formal.args[[as.character(substitute(arg))]], envir = sys.frame(sysP))`: object 'valid_round_type' not found ('test-tabulate_rbmi.R:306:3')">Error in `eval(formal.args[[as.character(substitute(arg))]], envir = sys.frame(sysP))`: object 'valid_round_type' not found
Backtrace:
     x
  1. +-testthat::expect_silent(build_table(lyt, df)) at test-tabulate_rbmi.R:306:3
  2. | \-testthat:::quasi_capture(enquo(object), NULL, evaluate_promise)
  3. |   +-testthat (local) .capture(...)
  4. |   | +-withr::with_output_sink(...)
  5. |   | | \-base::force(code)
  6. |   | +-base::withCallingHandlers(...)
  7. |   | \-base::withVisible(code)
  8. |   \-rlang::eval_bare(quo_get_expr(.quo), quo_get_env(.quo))
  9. \-rtables::build_table(lyt, df)
 10.   \-rtables::update_ref_indexing(tab)
 11.     +-formatters::make_row_df(tt)
 12.     \-rtables::make_row_df(tt)
 13.       \-rtables (local) .local(...)
 14.         +-formatters::make_row_df(...)
 15.         \-rtables::make_row_df(...)
 16.           \-rtables (local) .local(...)
 17.             +-formatters::make_row_df(...)
 18.             \-rtables::make_row_df(...)
 19.               \-rtables (local) .local(...)
 20.                 +-formatters::make_row_df(...)
 21.                 \-rtables::make_row_df(...)
 22.                   \-rtables (local) .local(...)
 23.                     +-formatters::pagdfrow(...)
 24.                     | \-base::data.frame(...)
 25.                     +-formatters::nlines(...)
 26.                     \-rtables::nlines(...)
 27.                       +-base::as.vector(get_formatted_cells(x))
 28.                       +-rtables::get_formatted_cells(x)
 29.                       \-rtables::get_formatted_cells(x)
 30.                         +-base::matrix(...)
 31.                         +-base::unlist(...)
 32.                         \-base::Map(...)
 33.                           \-base::mapply(FUN = f, ..., SIMPLIFY = FALSE)
 34.                             \-rtables (local) `&lt;fn&gt;`(val = dots[[1L]][[2L]], spn = dots[[2L]][[2L]], shelli = dots[[3L]][[1L]])
 35.                               \-rtables::format_rcell(...)
 36.                                 \-formatters::format_value(...)
 37.                                   \-formatters:::call_format_fun(...)
 38.                                     +-base::do.call(f, args)
 39.                                     \-junco (local) `&lt;fn&gt;`(0.893177242657404, na_str = "NA", round_type = "iec")</error>
    </testcase>
  </testsuite>
  <testsuite name="tern_utils_default_stats_formats_labels" timestamp="2025-12-04T10:20:35Z" hostname="0752ec0cabab" tests="49" skipped="4" failures="0" errors="0" time="0.297">
    <testcase time="0.036999999999999" classname="tern_utils_default_stats_formats_labels" name="tern_get_stats_works_as_expected_for_defaults"/>
    <testcase time="0.00600000000000023" classname="tern_utils_default_stats_formats_labels" name="tern_get_stats_works_as_expected_for_defaults"/>
    <testcase time="0.00500000000000256" classname="tern_utils_default_stats_formats_labels" name="tern_get_stats_works_as_expected_for_defaults"/>
    <testcase time="0.00600000000000023" classname="tern_utils_default_stats_formats_labels" name="tern_get_stats_works_as_expected_for_defaults"/>
    <testcase time="0.00900000000000034" classname="tern_utils_default_stats_formats_labels" name="tern_get_stats_works_as_expected_for_defaults"/>
    <testcase time="0.00300000000000011" classname="tern_utils_default_stats_formats_labels" name="tern_get_stats_works_as_expected_for_defaults"/>
    <testcase time="0.00299999999999656" classname="tern_utils_default_stats_formats_labels" name="tern_get_stats_works_as_expected_for_defaults"/>
    <testcase time="0.00100000000000122" classname="tern_utils_default_stats_formats_labels" name="tern_get_stats_works_as_expected_for_defaults">
      <skipped message="Reason: On CRAN ('test-tern_utils_default_stats_formats_labels.R:15:1')"/>
    </testcase>
    <testcase time="0.0150000000000006" classname="tern_utils_default_stats_formats_labels" name="tern_get_stats_works_well_with_pval"/>
    <testcase time="0.00300000000000011" classname="tern_utils_default_stats_formats_labels" name="tern_get_stats_works_well_with_pval"/>
    <testcase time="0.00300000000000011" classname="tern_utils_default_stats_formats_labels" name="tern_get_stats_works_well_with_pval"/>
    <testcase time="0.00499999999999901" classname="tern_utils_default_stats_formats_labels" name="tern_get_stats_works_well_with_pval"/>
    <testcase time="0.00499999999999901" classname="tern_utils_default_stats_formats_labels" name="tern_get_stats_works_well_with_pval"/>
    <testcase time="0.00400000000000134" classname="tern_utils_default_stats_formats_labels" name="tern_get_stats_works_well_with_pval"/>
    <testcase time="0.00499999999999901" classname="tern_utils_default_stats_formats_labels" name="tern_get_stats_works_as_expected_for_selection_of_stats"/>
    <testcase time="0.00300000000000011" classname="tern_utils_default_stats_formats_labels" name="tern_get_stats_works_as_expected_for_selection_of_stats"/>
    <testcase time="0.00500000000000256" classname="tern_utils_default_stats_formats_labels" name="tern_get_stats_works_as_expected_for_selection_of_stats"/>
    <testcase time="0.00399999999999778" classname="tern_utils_default_stats_formats_labels" name="tern_get_stats_works_as_expected_for_selection_of_stats"/>
    <testcase time="0.00600000000000023" classname="tern_utils_default_stats_formats_labels" name="tern_get_formats_from_stats_works_as_expected"/>
    <testcase time="0.00300000000000011" classname="tern_utils_default_stats_formats_labels" name="tern_get_formats_from_stats_works_as_expected"/>
    <testcase time="0.00300000000000011" classname="tern_utils_default_stats_formats_labels" name="tern_get_formats_from_stats_works_as_expected"/>
    <testcase time="0.00300000000000011" classname="tern_utils_default_stats_formats_labels" name="tern_get_formats_from_stats_works_as_expected"/>
    <testcase time="0.00300000000000011" classname="tern_utils_default_stats_formats_labels" name="tern_get_formats_from_stats_works_as_expected"/>
    <testcase time="0.00300000000000011" classname="tern_utils_default_stats_formats_labels" name="tern_get_formats_from_stats_works_as_expected"/>
    <testcase time="0.00300000000000011" classname="tern_utils_default_stats_formats_labels" name="tern_get_formats_from_stats_works_as_expected"/>
    <testcase time="0.00300000000000011" classname="tern_utils_default_stats_formats_labels" name="tern_get_formats_from_stats_works_as_expected"/>
    <testcase time="0.0120000000000005" classname="tern_utils_default_stats_formats_labels" name="tern_get_labels_from_stats_works_as_expected"/>
    <testcase time="0.00900000000000034" classname="tern_utils_default_stats_formats_labels" name="tern_get_labels_from_stats_works_as_expected"/>
    <testcase time="0.00399999999999778" classname="tern_utils_default_stats_formats_labels" name="tern_get_labels_from_stats_works_as_expected"/>
    <testcase time="0.00300000000000011" classname="tern_utils_default_stats_formats_labels" name="tern_get_labels_from_stats_works_as_expected"/>
    <testcase time="0.00300000000000011" classname="tern_utils_default_stats_formats_labels" name="tern_get_labels_from_stats_works_as_expected"/>
    <testcase time="0.00300000000000011" classname="tern_utils_default_stats_formats_labels" name="tern_get_labels_from_stats_works_as_expected"/>
    <testcase time="0.00100000000000122" classname="tern_utils_default_stats_formats_labels" name="tern_get_labels_from_stats_works_as_expected">
      <skipped message="Reason: On CRAN ('test-tern_utils_default_stats_formats_labels.R:142:1')"/>
    </testcase>
    <testcase time="0.0159999999999982" classname="tern_utils_default_stats_formats_labels" name="tern_get_labels_from_stats_with_labels_in_works_when_adding_levels_to_stats"/>
    <testcase time="0.00600000000000023" classname="tern_utils_default_stats_formats_labels" name="tern_get_labels_from_stats_works_fine_for_cases_with_levels"/>
    <testcase time="0.00600000000000023" classname="tern_utils_default_stats_formats_labels" name="tern_get_indents_from_stats_works_as_expected"/>
    <testcase time="0.00700000000000145" classname="tern_utils_default_stats_formats_labels" name="tern_get_indents_from_stats_works_as_expected"/>
    <testcase time="0.00300000000000011" classname="tern_utils_default_stats_formats_labels" name="tern_get_indents_from_stats_works_as_expected"/>
    <testcase time="0.00300000000000011" classname="tern_utils_default_stats_formats_labels" name="tern_get_indents_from_stats_works_as_expected"/>
    <testcase time="0.000999999999997669" classname="tern_utils_default_stats_formats_labels" name="tern_get_indents_from_stats_works_as_expected">
      <skipped message="Reason: On CRAN ('test-tern_utils_default_stats_formats_labels.R:253:1')"/>
    </testcase>
    <testcase time="0.0160000000000018" classname="tern_utils_default_stats_formats_labels" name="tern_get_labels_from_stats_correctly_combines_labels_in_and_label_attr_from_stats"/>
    <testcase time="0.00600000000000023" classname="tern_utils_default_stats_formats_labels" name=".unlist_keep_nulls_works_as_expected_non_recursively"/>
    <testcase time="0.00700000000000145" classname="tern_utils_default_stats_formats_labels" name=".unlist_keep_nulls_works_as_expected_non_recursively_with_NA"/>
    <testcase time="0.00599999999999667" classname="tern_utils_default_stats_formats_labels" name=".split_std_from_custom_stats_works_as_expected_with_a_list"/>
    <testcase time="0.00200000000000244" classname="tern_utils_default_stats_formats_labels" name=".split_std_from_custom_stats_works_as_expected_with_a_list"/>
    <testcase time="0.00300000000000011" classname="tern_utils_default_stats_formats_labels" name=".split_std_from_custom_stats_works_as_expected_with_a_list"/>
    <testcase time="0.00900000000000034" classname="tern_utils_default_stats_formats_labels" name=".split_std_from_custom_stats_works_as_expected_with_a_single_input">
      <skipped message="Reason: On CRAN ('test-tern_utils_default_stats_formats_labels.R:315:1')"/>
    </testcase>
    <testcase time="0.0159999999999982" classname="tern_utils_default_stats_formats_labels" name=".apply_stat_functions_works_as_expected_without_custom_stat_functions"/>
    <testcase time="0.00600000000000023" classname="tern_utils_default_stats_formats_labels" name=".apply_stat_functions_works_as_expected_with_custom_stat_functions"/>
  </testsuite>
  <testsuite name="test_proportion_diff" timestamp="2025-12-04T10:20:35Z" hostname="0752ec0cabab" tests="21" skipped="5" failures="0" errors="1" time="0.267">
    <testcase time="0.0279999999999987" classname="test_proportion_diff" name="s_test_proportion_diff_works_as_expected">
      <skipped message="Reason: On CRAN ('test-test_proportion_diff.R:1:1')"/>
    </testcase>
    <testcase time="0.0630000000000024" classname="test_proportion_diff" name="a_test_proportion_diff_works_as_expected_in_table_layout">
      <error type="error" message="Error in `eval(formal.args[[as.character(substitute(arg))]], envir = sys.frame(sysP))`: object 'valid_round_type' not found ('test-test_proportion_diff.R:61:3')">Error in `eval(formal.args[[as.character(substitute(arg))]], envir = sys.frame(sysP))`: object 'valid_round_type' not found
Backtrace:
     x
  1. +-testthat::expect_silent(build_table(l, df = dta)) at test-test_proportion_diff.R:61:3
  2. | \-testthat:::quasi_capture(enquo(object), NULL, evaluate_promise)
  3. |   +-testthat (local) .capture(...)
  4. |   | +-withr::with_output_sink(...)
  5. |   | | \-base::force(code)
  6. |   | +-base::withCallingHandlers(...)
  7. |   | \-base::withVisible(code)
  8. |   \-rlang::eval_bare(quo_get_expr(.quo), quo_get_env(.quo))
  9. \-rtables::build_table(l, df = dta)
 10.   \-rtables::update_ref_indexing(tab)
 11.     +-formatters::make_row_df(tt)
 12.     \-rtables::make_row_df(tt)
 13.       \-rtables (local) .local(...)
 14.         +-formatters::make_row_df(...)
 15.         \-rtables::make_row_df(...)
 16.           \-rtables (local) .local(...)
 17.             +-formatters::pagdfrow(...)
 18.             | \-base::data.frame(...)
 19.             +-formatters::nlines(...)
 20.             \-rtables::nlines(...)
 21.               +-base::as.vector(get_formatted_cells(x))
 22.               +-rtables::get_formatted_cells(x)
 23.               \-rtables::get_formatted_cells(x)
 24.                 +-base::matrix(...)
 25.                 +-base::unlist(...)
 26.                 \-base::Map(...)
 27.                   \-base::mapply(FUN = f, ..., SIMPLIFY = FALSE)
 28.                     \-rtables (local) `&lt;fn&gt;`(val = dots[[1L]][[1L]], spn = dots[[2L]][[1L]], shelli = dots[[3L]][[1L]])
 29.                       \-rtables::format_rcell(...)
 30.                         \-formatters::format_value(...)
 31.                           \-formatters:::call_format_fun(...)
 32.                             +-base::do.call(f, args)
 33.                             \-junco (local) `&lt;fn&gt;`(`&lt;dbl&gt;`, na_str = "NA", round_type = "iec")</error>
    </testcase>
    <testcase time="0.0289999999999999" classname="test_proportion_diff" name="prop_chisq_returns_right_result"/>
    <testcase time="0.00600000000000023" classname="test_proportion_diff" name="prop_chisq_returns_right_result"/>
    <testcase time="0.00600000000000023" classname="test_proportion_diff" name="prop_chisq_returns_right_result"/>
    <testcase time="0.00500000000000256" classname="test_proportion_diff" name="prop_chisq_returns_right_result">
      <skipped message="Reason: On CRAN ('test-test_proportion_diff.R:68:1')"/>
    </testcase>
    <testcase time="0.0159999999999982" classname="test_proportion_diff" name="prop_cmh_returns_right_result"/>
    <testcase time="0.00700000000000145" classname="test_proportion_diff" name="prop_cmh_returns_right_result"/>
    <testcase time="0.0069999999999979" classname="test_proportion_diff" name="prop_cmh_returns_right_result"/>
    <testcase time="0.00500000000000256" classname="test_proportion_diff" name="prop_cmh_returns_right_result">
      <skipped message="Reason: On CRAN ('test-test_proportion_diff.R:91:1')"/>
    </testcase>
    <testcase time="0.0189999999999984" classname="test_proportion_diff" name="prop_cmh_also_works_when_there_are_strata_with_just_one_observation"/>
    <testcase time="0.00199999999999889" classname="test_proportion_diff" name="prop_cmh_also_works_when_there_are_strata_with_just_one_observation"/>
    <testcase time="0.0100000000000016" classname="test_proportion_diff" name="prop_cmh_also_works_when_there_are_strata_with_just_one_observation"/>
    <testcase time="0.00199999999999889" classname="test_proportion_diff" name="prop_cmh_also_works_when_there_are_strata_with_just_one_observation"/>
    <testcase time="0.0100000000000016" classname="test_proportion_diff" name="prop_cmh_also_works_when_there_are_strata_with_just_one_observation"/>
    <testcase time="0.00199999999999889" classname="test_proportion_diff" name="prop_cmh_also_works_when_there_are_strata_with_just_one_observation"/>
    <testcase time="0.0120000000000005" classname="test_proportion_diff" name="prop_cmh_also_works_when_there_are_strata_with_just_one_observation">
      <skipped message="Reason: On CRAN ('test-test_proportion_diff.R:112:1')"/>
    </testcase>
    <testcase time="0.0180000000000007" classname="test_proportion_diff" name="prop_fisher_returns_right_result"/>
    <testcase time="0.0069999999999979" classname="test_proportion_diff" name="prop_fisher_returns_right_result"/>
    <testcase time="0.00700000000000145" classname="test_proportion_diff" name="prop_fisher_returns_right_result"/>
    <testcase time="0.00600000000000023" classname="test_proportion_diff" name="prop_fisher_returns_right_result">
      <skipped message="Reason: On CRAN ('test-test_proportion_diff.R:171:1')"/>
    </testcase>
  </testsuite>
  <testsuite name="titles_file" timestamp="2025-12-04T10:20:36Z" hostname="0752ec0cabab" tests="6" skipped="0" failures="0" errors="0" time="0.071">
    <testcase time="0.0249999999999986" classname="titles_file" name="title_files_work"/>
    <testcase time="0.00600000000000023" classname="titles_file" name="title_files_work"/>
    <testcase time="0.0279999999999987" classname="titles_file" name="title_files_work"/>
    <testcase time="0.00300000000000011" classname="titles_file" name="title_files_work"/>
    <testcase time="0.00300000000000011" classname="titles_file" name="title_files_work"/>
    <testcase time="0.00600000000000023" classname="titles_file" name="title_files_work"/>
  </testsuite>
  <testsuite name="tt_to_tblfile" timestamp="2025-12-04T10:20:36Z" hostname="0752ec0cabab" tests="19" skipped="0" failures="1" errors="8" time="10.716">
    <testcase time="2.398" classname="tt_to_tblfile" name="tt_to_tlgrtf_works_with_input_Table_and_fontspec_size_8">
      <failure type="failure" message="Expected `rtf_out_wrapper(tbl_wide, &quot;testfontsize8&quot;, fontspec = fontspec)` not to throw any errors. ('test-tt_to_tblfile.R:47:3')">Expected `rtf_out_wrapper(tbl_wide, "testfontsize8", fontspec = fontspec)` not to throw any errors.
Actually got a &lt;simpleError&gt; with message:
  could not find function "obj_round_type"</failure>
    </testcase>
    <testcase time="0.148" classname="tt_to_tblfile" name="tt_to_tlgrtf_works_with_an_empty_listing">
      <error type="error" message="Error in `obj_round_type(tt)`: could not find function &quot;obj_round_type&quot; ('test-tt_to_tblfile.R:52:3')">Error in `obj_round_type(tt)`: could not find function "obj_round_type"
Backtrace:
     x
  1. +-testthat::expect_snapshot_file(...) at test-tt_to_tblfile.R:52:3
  2. | \-testthat:::check_string(path)
  3. |   \-testthat:::.rlang_check_is_string(...)
  4. |     \-rlang::is_string(x)
  5. \-junco (local) rtf_out_wrapper(empty_lsting, "testemptylisting")
  6.   \-junco::tt_to_tlgrtf(tt, file = fullfl, ..., combined_rtf = combined) at test-tt_to_tblfile.R:22:3
  7.     +-formatters::matrix_form(...)
  8.     \-rlistings::matrix_form(...)
  9.       \-rlistings (local) .local(...)
 10.         \-base::vapply(...)
 11.           \-formatters (local) FUN(X[[i]], ...)
 12.             \-base::match.arg(round_type)</error>
    </testcase>
    <testcase time="0.0370000000000026" classname="tt_to_tblfile" name="get_ncol_works_as_expected"/>
    <testcase time="1.862" classname="tt_to_tblfile" name="get_ncol_works_as_expected"/>
    <testcase time="0.433" classname="tt_to_tblfile" name="get_ncol_works_as_expected"/>
    <testcase time="0.00400000000000134" classname="tt_to_tblfile" name="get_ncol_works_as_expected"/>
    <testcase time="0.00399999999999778" classname="tt_to_tblfile" name="get_ncol_works_as_expected"/>
    <testcase time="2.413" classname="tt_to_tblfile" name="tt_to_tlgrtf_works_with_wide_table">
      <error type="error" message="Error in `obj_round_type(tt)`: could not find function &quot;obj_round_type&quot; ('test-tt_to_tblfile.R:96:3')">Error in `obj_round_type(tt)`: could not find function "obj_round_type"
Backtrace:
     x
  1. +-testthat::expect_silent(...) at test-tt_to_tblfile.R:96:3
  2. | \-testthat:::quasi_capture(enquo(object), NULL, evaluate_promise)
  3. |   +-testthat (local) .capture(...)
  4. |   | +-withr::with_output_sink(...)
  5. |   | | \-base::force(code)
  6. |   | +-base::withCallingHandlers(...)
  7. |   | \-base::withVisible(code)
  8. |   \-rlang::eval_bare(quo_get_expr(.quo), quo_get_env(.quo))
  9. +-base::suppressMessages(...)
 10. | \-base::withCallingHandlers(...)
 11. \-junco (local) rtf_out_wrapper(tbl_wide, "test2", part = NA)
 12.   \-junco::tt_to_tlgrtf(tt, file = fullfl, ..., combined_rtf = combined) at test-tt_to_tblfile.R:22:3
 13.     +-formatters::matrix_form(tt[1, , keep_topleft = TRUE], round_type = round_type)
 14.     \-rtables::matrix_form(tt[1, , keep_topleft = TRUE], round_type = round_type)
 15.       +-base::cbind(...)
 16.       +-rtables::get_formatted_cells(obj, round_type = round_type)
 17.       \-rtables::get_formatted_cells(obj, round_type = round_type)
 18.         \-base::lapply(...)
 19.           +-rtables (local) FUN(X[[i]], ...)
 20.           \-rtables (local) FUN(X[[i]], ...)
 21.             +-rtables::get_formatted_cells(...)
 22.             \-rtables::get_formatted_cells(...)
 23.               \-base::lapply(...)
 24.                 +-rtables (local) FUN(X[[i]], ...)
 25.                 \-rtables (local) FUN(X[[i]], ...)
 26.                   +-base::matrix(...)
 27.                   +-base::unlist(...)
 28.                   \-base::Map(...)
 29.                     \-base::mapply(FUN = f, ..., SIMPLIFY = FALSE)
 30.                       \-rtables (local) `&lt;fn&gt;`(val = dots[[1L]][[1L]], spn = dots[[2L]][[1L]], shelli = dots[[3L]][[1L]])
 31.                         \-rtables::format_rcell(...)
 32.                           \-formatters::format_value(...)
 33.                             \-base::match.arg(round_type)</error>
    </testcase>
    <testcase time="2.742" classname="tt_to_tblfile" name="tt_to_tlgrtf_works_with_argument_combined_rtf_TRUE">
      <error type="error" message="Error in `obj_round_type(tt)`: could not find function &quot;obj_round_type&quot; ('test-tt_to_tblfile.R:115:3')">Error in `obj_round_type(tt)`: could not find function "obj_round_type"
Backtrace:
     x
  1. +-testthat::expect_silent(...) at test-tt_to_tblfile.R:115:3
  2. | \-testthat:::quasi_capture(enquo(object), NULL, evaluate_promise)
  3. |   +-testthat (local) .capture(...)
  4. |   | +-withr::with_output_sink(...)
  5. |   | | \-base::force(code)
  6. |   | +-base::withCallingHandlers(...)
  7. |   | \-base::withVisible(code)
  8. |   \-rlang::eval_bare(quo_get_expr(.quo), quo_get_env(.quo))
  9. +-base::suppressMessages(...)
 10. | \-base::withCallingHandlers(...)
 11. \-junco (local) rtf_out_wrapper(tbl_wide, "test3", combined = TRUE)
 12.   \-junco::tt_to_tlgrtf(tt, file = fullfl, ..., combined_rtf = combined) at test-tt_to_tblfile.R:22:3
 13.     +-formatters::matrix_form(tt[1, , keep_topleft = TRUE], round_type = round_type)
 14.     \-rtables::matrix_form(tt[1, , keep_topleft = TRUE], round_type = round_type)
 15.       +-base::cbind(...)
 16.       +-rtables::get_formatted_cells(obj, round_type = round_type)
 17.       \-rtables::get_formatted_cells(obj, round_type = round_type)
 18.         \-base::lapply(...)
 19.           +-rtables (local) FUN(X[[i]], ...)
 20.           \-rtables (local) FUN(X[[i]], ...)
 21.             +-rtables::get_formatted_cells(...)
 22.             \-rtables::get_formatted_cells(...)
 23.               \-base::lapply(...)
 24.                 +-rtables (local) FUN(X[[i]], ...)
 25.                 \-rtables (local) FUN(X[[i]], ...)
 26.                   +-base::matrix(...)
 27.                   +-base::unlist(...)
 28.                   \-base::Map(...)
 29.                     \-base::mapply(FUN = f, ..., SIMPLIFY = FALSE)
 30.                       \-rtables (local) `&lt;fn&gt;`(val = dots[[1L]][[1L]], spn = dots[[2L]][[1L]], shelli = dots[[3L]][[1L]])
 31.                         \-rtables::format_rcell(...)
 32.                           \-formatters::format_value(...)
 33.                             \-base::match.arg(round_type)</error>
    </testcase>
    <testcase time="0.138999999999999" classname="tt_to_tblfile" name="tt_to_tlgrtf_converts_table_tree_to_tlg_without_error">
      <error type="error" message="Error in `obj_round_type(tt)`: could not find function &quot;obj_round_type&quot; ('test-tt_to_tblfile.R:131:3')">Error in `obj_round_type(tt)`: could not find function "obj_round_type"
Backtrace:
     x
  1. +-testthat::expect_snapshot_file(...) at test-tt_to_tblfile.R:131:3
  2. | \-testthat:::check_string(path)
  3. |   \-testthat:::.rlang_check_is_string(...)
  4. |     \-rlang::is_string(x)
  5. \-junco (local) rtf_out_wrapper(tbl, "test1")
  6.   \-junco::tt_to_tlgrtf(tt, file = fullfl, ..., combined_rtf = combined) at test-tt_to_tblfile.R:22:3
  7.     +-formatters::matrix_form(tt[1, , keep_topleft = TRUE], round_type = round_type)
  8.     \-rtables::matrix_form(tt[1, , keep_topleft = TRUE], round_type = round_type)
  9.       +-base::cbind(...)
 10.       +-rtables::get_formatted_cells(obj, round_type = round_type)
 11.       \-rtables::get_formatted_cells(obj, round_type = round_type)
 12.         \-base::lapply(...)
 13.           +-rtables (local) FUN(X[[i]], ...)
 14.           \-rtables (local) FUN(X[[i]], ...)
 15.             +-base::matrix(...)
 16.             +-base::unlist(...)
 17.             \-base::Map(...)
 18.               \-base::mapply(FUN = f, ..., SIMPLIFY = FALSE)
 19.                 \-rtables (local) `&lt;fn&gt;`(val = dots[[1L]][[1L]], spn = dots[[2L]][[1L]], shelli = dots[[3L]][[1L]])
 20.                   \-rtables::format_rcell(...)
 21.                     \-formatters::format_value(...)
 22.                       \-base::match.arg(round_type)</error>
    </testcase>
    <testcase time="0.0340000000000025" classname="tt_to_tblfile" name="cwidths_final_adj_calculates_adjusted_column_widths_correctly"/>
    <testcase time="0.0109999999999992" classname="tt_to_tblfile" name="cwidths_final_adj_calculates_adjusted_column_widths_correctly"/>
    <testcase time="0.0069999999999979" classname="tt_to_tblfile" name="make_bordmat_row_creates_border_matrix_row_correctly"/>
    <testcase time="0.00100000000000122" classname="tt_to_tblfile" name="make_bordmat_row_creates_border_matrix_row_correctly"/>
    <testcase time="0.00300000000000011" classname="tt_to_tblfile" name="make_bordmat_row_creates_border_matrix_row_correctly"/>
    <testcase time="0.0970000000000013" classname="tt_to_tblfile" name="tt_to_tlgrtf_validates_table_structure_correctly">
      <error type="error" message="Error in `obj_round_type(tt)`: could not find function &quot;obj_round_type&quot; ('test-tt_to_tblfile.R:210:3')">Error in `obj_round_type(tt)`: could not find function "obj_round_type"
Backtrace:
     x
  1. +-testthat::expect_warning(...) at test-tt_to_tblfile.R:210:3
  2. | \-testthat:::expect_condition_matching_(...)
  3. |   \-testthat:::quasi_capture(...)
  4. |     +-testthat (local) .capture(...)
  5. |     | \-base::withCallingHandlers(...)
  6. |     \-rlang::eval_bare(quo_get_expr(.quo), quo_get_env(.quo))
  7. \-junco::tt_to_tlgrtf(badtbl, file = NULL, validate = TRUE)
  8.   +-formatters::matrix_form(tt[1, , keep_topleft = TRUE], round_type = round_type)
  9.   \-rtables::matrix_form(tt[1, , keep_topleft = TRUE], round_type = round_type)
 10.     +-base::cbind(...)
 11.     +-rtables::get_formatted_cells(obj, round_type = round_type)
 12.     \-rtables::get_formatted_cells(obj, round_type = round_type)
 13.       \-base::lapply(...)
 14.         +-rtables (local) FUN(X[[i]], ...)
 15.         \-rtables (local) FUN(X[[i]], ...)
 16.           +-rtables::get_formatted_cells(...)
 17.           \-rtables::get_formatted_cells(...)
 18.             \-base::lapply(...)
 19.               +-rtables (local) FUN(X[[i]], ...)
 20.               \-rtables (local) FUN(X[[i]], ...)
 21.                 +-base::matrix(...)
 22.                 +-base::unlist(...)
 23.                 \-base::Map(...)
 24.                   \-base::mapply(FUN = f, ..., SIMPLIFY = FALSE)
 25.                     \-rtables (local) `&lt;fn&gt;`(val = dots[[1L]][[1L]], spn = dots[[2L]][[1L]], shelli = dots[[3L]][[1L]])
 26.                       \-rtables::format_rcell(...)
 27.                         \-formatters::format_value(...)
 28.                           \-base::match.arg(round_type)</error>
    </testcase>
    <testcase time="0.109999999999999" classname="tt_to_tblfile" name="tt_to_tlgrtf_does_not_warn_for_valid_table_structures">
      <error type="error" message="Error in `obj_round_type(tt)`: could not find function &quot;obj_round_type&quot; ('test-tt_to_tblfile.R:237:3')">Error in `obj_round_type(tt)`: could not find function "obj_round_type"
Backtrace:
     x
  1. +-testthat::expect_no_warning(tt_to_tlgrtf(tbl, file = NULL, validate = TRUE)) at test-tt_to_tblfile.R:237:3
  2. | \-testthat:::expect_no_(...)
  3. |   \-testthat:::quasi_capture(enquo(object), NULL, capture)
  4. |     +-testthat (local) .capture(...)
  5. |     | +-base::withRestarts(...)
  6. |     | | \-base (local) withOneRestart(expr, restarts[[1L]])
  7. |     | |   \-base (local) doWithOneRestart(return(expr), restart)
  8. |     | \-base::withCallingHandlers(...)
  9. |     \-rlang::eval_bare(quo_get_expr(.quo), quo_get_env(.quo))
 10. \-junco::tt_to_tlgrtf(tbl, file = NULL, validate = TRUE)
 11.   +-formatters::matrix_form(tt[1, , keep_topleft = TRUE], round_type = round_type)
 12.   \-rtables::matrix_form(tt[1, , keep_topleft = TRUE], round_type = round_type)
 13.     +-base::cbind(...)
 14.     +-rtables::get_formatted_cells(obj, round_type = round_type)
 15.     \-rtables::get_formatted_cells(obj, round_type = round_type)
 16.       \-base::lapply(...)
 17.         +-rtables (local) FUN(X[[i]], ...)
 18.         \-rtables (local) FUN(X[[i]], ...)
 19.           +-base::matrix(...)
 20.           +-base::unlist(...)
 21.           \-base::Map(...)
 22.             \-base::mapply(FUN = f, ..., SIMPLIFY = FALSE)
 23.               \-rtables (local) `&lt;fn&gt;`(val = dots[[1L]][[1L]], spn = dots[[2L]][[1L]], shelli = dots[[3L]][[1L]])
 24.                 \-rtables::format_rcell(...)
 25.                   \-formatters::format_value(...)
 26.                     \-base::match.arg(round_type)</error>
    </testcase>
    <testcase time="0.116" classname="tt_to_tblfile" name="tt_to_tlgrtf_respects_JUNCO_DISABLE_VALIDATION_environment_variable">
      <error type="error" message="Error in `obj_round_type(tt)`: could not find function &quot;obj_round_type&quot; ('test-tt_to_tblfile.R:258:3')">Error in `obj_round_type(tt)`: could not find function "obj_round_type"
Backtrace:
     x
  1. +-testthat::expect_no_warning(...) at test-tt_to_tblfile.R:258:3
  2. | \-testthat:::expect_no_(...)
  3. |   \-testthat:::quasi_capture(enquo(object), NULL, capture)
  4. |     +-testthat (local) .capture(...)
  5. |     | +-base::withRestarts(...)
  6. |     | | \-base (local) withOneRestart(expr, restarts[[1L]])
  7. |     | |   \-base (local) doWithOneRestart(return(expr), restart)
  8. |     | \-base::withCallingHandlers(...)
  9. |     \-rlang::eval_bare(quo_get_expr(.quo), quo_get_env(.quo))
 10. \-junco::tt_to_tlgrtf(badtbl, file = NULL, validate = TRUE)
 11.   +-formatters::matrix_form(tt[1, , keep_topleft = TRUE], round_type = round_type)
 12.   \-rtables::matrix_form(tt[1, , keep_topleft = TRUE], round_type = round_type)
 13.     +-base::cbind(...)
 14.     +-rtables::get_formatted_cells(obj, round_type = round_type)
 15.     \-rtables::get_formatted_cells(obj, round_type = round_type)
 16.       \-base::lapply(...)
 17.         +-rtables (local) FUN(X[[i]], ...)
 18.         \-rtables (local) FUN(X[[i]], ...)
 19.           +-rtables::get_formatted_cells(...)
 20.           \-rtables::get_formatted_cells(...)
 21.             \-base::lapply(...)
 22.               +-rtables (local) FUN(X[[i]], ...)
 23.               \-rtables (local) FUN(X[[i]], ...)
 24.                 +-base::matrix(...)
 25.                 +-base::unlist(...)
 26.                 \-base::Map(...)
 27.                   \-base::mapply(FUN = f, ..., SIMPLIFY = FALSE)
 28.                     \-rtables (local) `&lt;fn&gt;`(val = dots[[1L]][[1L]], spn = dots[[2L]][[1L]], shelli = dots[[3L]][[1L]])
 29.                       \-rtables::format_rcell(...)
 30.                         \-formatters::format_value(...)
 31.                           \-base::match.arg(round_type)</error>
    </testcase>
    <testcase time="0.157" classname="tt_to_tblfile" name="more_top_left_than_col_headers_works">
      <error type="error" message="Error in `obj_round_type(tt)`: could not find function &quot;obj_round_type&quot; ('test-tt_to_tblfile.R:290:3')">Error in `obj_round_type(tt)`: could not find function "obj_round_type"
Backtrace:
     x
  1. +-testthat::expect_silent(tt_to_tlgrtf(tbl, file = tmpfile)) at test-tt_to_tblfile.R:290:3
  2. | \-testthat:::quasi_capture(enquo(object), NULL, evaluate_promise)
  3. |   +-testthat (local) .capture(...)
  4. |   | +-withr::with_output_sink(...)
  5. |   | | \-base::force(code)
  6. |   | +-base::withCallingHandlers(...)
  7. |   | \-base::withVisible(code)
  8. |   \-rlang::eval_bare(quo_get_expr(.quo), quo_get_env(.quo))
  9. \-junco::tt_to_tlgrtf(tbl, file = tmpfile)
 10.   \-formatters::paginate_to_mpfs(...)
 11.     +-formatters::matrix_form(...)
 12.     \-rtables::matrix_form(...)
 13.       +-base::cbind(...)
 14.       +-rtables::get_formatted_cells(obj, round_type = round_type)
 15.       \-rtables::get_formatted_cells(obj, round_type = round_type)
 16.         \-base::lapply(...)
 17.           +-rtables (local) FUN(X[[i]], ...)
 18.           \-rtables (local) FUN(X[[i]], ...)
 19.             \-base::lapply(...)
 20.               +-rtables (local) FUN(X[[i]], ...)
 21.               \-rtables (local) FUN(X[[i]], ...)
 22.                 \-base::lapply(...)
 23.                   +-rtables (local) FUN(X[[i]], ...)
 24.                   \-rtables (local) FUN(X[[i]], ...)
 25.                     \-base::lapply(...)
 26.                       +-rtables (local) FUN(X[[i]], ...)
 27.                       \-rtables (local) FUN(X[[i]], ...)
 28.                         \-base::lapply(...)
 29.                           +-rtables (local) FUN(X[[i]], ...)
 30.                           \-rtables (local) FUN(X[[i]], ...)
 31.                             \-base::lapply(...)
 32.                               +-rtables (local) FUN(X[[i]], ...)
 33.                               \-rtables (local) FUN(X[[i]], ...)
 34.                                 \-base::lapply(...)
 35.                                   +-rtables (local) FUN(X[[i]], ...)
 36.                                   \-rtables (local) FUN(X[[i]], ...)
 37.                                     +-base::matrix(...)
 38.                                     +-base::unlist(...)
 39.                                     \-base::Map(...)
 40.                                       \-base::mapply(FUN = f, ..., SIMPLIFY = FALSE)
 41.                                         \-rtables (local) `&lt;fn&gt;`(val = dots[[1L]][[1L]], spn = dots[[2L]][[1L]], shelli = dots[[3L]][[1L]])
 42.                                           \-rtables::format_rcell(...)
 43.                                             \-formatters::format_value(...)
 44.                                               \-base::match.arg(round_type)</error>
    </testcase>
  </testsuite>
  <testsuite name="varia" timestamp="2025-12-04T10:20:46Z" hostname="0752ec0cabab" tests="16" skipped="0" failures="0" errors="0" time="2.592">
    <testcase time="0.0779999999999994" classname="varia" name="a_freq_j_works_old_count_unq_case_"/>
    <testcase time="0.0399999999999991" classname="varia" name="a_freq_j_works_old_count_unq_case_"/>
    <testcase time="0.164000000000001" classname="varia" name="a_freq_subcol_j_works_old_case_of_cpct_subcol_"/>
    <testcase time="0.536999999999999" classname="varia" name="a_freq_combos_j_old_cpct_filter_combos_case_works"/>
    <testcase time="0.613" classname="varia" name="_a_freq_j_works"/>
    <testcase time="0.228000000000002" classname="varia" name="a_freq_j_works_old_count_subject_case_"/>
    <testcase time="0.483999999999998" classname="varia" name="a_freq_j_works_old_count_subject_case_"/>
    <testcase time="0.00900000000000034" classname="varia" name="a_freq_j_works_old_count_subject_case_"/>
    <testcase time="0.00900000000000034" classname="varia" name="a_freq_j_works_old_count_subject_case_"/>
    <testcase time="0.0770000000000017" classname="varia" name="_a_freq_j_works"/>
    <testcase time="0.0859999999999985" classname="varia" name="a_freq_j_works_old_a_countpat_newlevels_case_"/>
    <testcase time="0.0130000000000017" classname="varia" name="a_freq_j_works_old_a_countpat_newlevels_case_"/>
    <testcase time="0.00300000000000011" classname="varia" name="a_freq_j_works_old_a_countpat_newlevels_case_"/>
    <testcase time="0.193999999999999" classname="varia" name="a_summarize_ex_j_works"/>
    <testcase time="0.0240000000000009" classname="varia" name="a_summarize_ex_j_works"/>
    <testcase time="0.0330000000000013" classname="varia" name="a_summarize_ex_j_works"/>
  </testsuite>
  <testsuite name="visit_levels" timestamp="2025-12-04T10:20:49Z" hostname="0752ec0cabab" tests="8" skipped="0" failures="0" errors="0" time="0.043">
    <testcase time="0.0120000000000005" classname="visit_levels" name="get_visit_levels_returns_visit_levels_in_correct_order"/>
    <testcase time="0.00300000000000011" classname="visit_levels" name="get_visit_levels_returns_visit_levels_in_correct_order"/>
    <testcase time="0.00300000000000011" classname="visit_levels" name="get_visit_levels_returns_visit_levels_in_correct_order"/>
    <testcase time="0.00300000000000011" classname="visit_levels" name="get_visit_levels_returns_visit_levels_in_correct_order"/>
    <testcase time="0.00899999999999324" classname="visit_levels" name="get_visit_levels_validates_input_correctly"/>
    <testcase time="0.00500000000000256" classname="visit_levels" name="get_visit_levels_validates_input_correctly"/>
    <testcase time="0.00300000000000011" classname="visit_levels" name="get_visit_levels_validates_input_correctly"/>
    <testcase time="0.00500000000000256" classname="visit_levels" name="get_visit_levels_validates_input_correctly"/>
  </testsuite>
</testsuites>
