<?xml version="1.0" encoding="UTF-8"?>
<testsuites>
  <testsuite name="a_freq_j" timestamp="2025-12-04T13:24:43Z" hostname="d31950739cb9" tests="3" skipped="0" failures="0" errors="0" time="0.725">
    <testcase time="0.304" classname="a_freq_j" name="a_freq_j_with_label_map_works_in_a_table_layout_as_expected"/>
    <testcase time="0.249" classname="a_freq_j" name="a_freq_j_with_label_map_restricts_the_values_according_to_row_split_and_label_map"/>
    <testcase time="0.172" classname="a_freq_j" name="a_freq_j_with_exclude_allows_to_exclude_row_split_levels_from_the_analysis"/>
  </testsuite>
  <testsuite name="a_freq_resp_var_j" timestamp="2025-12-04T13:24:43Z" hostname="d31950739cb9" tests="9" skipped="0" failures="0" errors="0" time="0.508">
    <testcase time="0.0979999999999999" classname="a_freq_resp_var_j" name="a_freq_resp_var_j_works_as_expected_with_basic_usage"/>
    <testcase time="0.04" classname="a_freq_resp_var_j" name="a_freq_resp_var_j_works_as_expected_with_basic_usage"/>
    <testcase time="0.004" classname="a_freq_resp_var_j" name="a_freq_resp_var_j_works_as_expected_with_basic_usage"/>
    <testcase time="0.0699999999999998" classname="a_freq_resp_var_j" name="a_freq_resp_var_j_works_with_factor_responses"/>
    <testcase time="0.069" classname="a_freq_resp_var_j" name="a_freq_resp_var_j_handles_missing_values_correctly"/>
    <testcase time="0.0470000000000002" classname="a_freq_resp_var_j" name="a_freq_resp_var_j_errors_on_invalid_responses"/>
    <testcase time="0.0499999999999998" classname="a_freq_resp_var_j" name="a_freq_resp_var_j_errors_when_resp_var_is_null"/>
    <testcase time="0.0649999999999999" classname="a_freq_resp_var_j" name="a_freq_resp_var_j_works_with_drop_levels_parameter"/>
    <testcase time="0.0650000000000004" classname="a_freq_resp_var_j" name="a_freq_resp_var_j_works_with_riskdiff_parameter"/>
  </testsuite>
  <testsuite name="a_maxlev" timestamp="2025-12-04T13:24:44Z" hostname="d31950739cb9" tests="9" skipped="0" failures="0" errors="0" time="0.682">
    <testcase time="0.191" classname="a_maxlev" name="a_maxlev_produces_correct_numbers_for_single_treatment_per_subject"/>
    <testcase time="0.0529999999999999" classname="a_maxlev" name="a_maxlev_produces_correct_numbers_for_single_treatment_per_subject"/>
    <testcase time="0.0979999999999999" classname="a_maxlev" name="a_maxlev_produces_correct_numbers_for_sequence_of_treatments_missing_values_"/>
    <testcase time="0.052" classname="a_maxlev" name="a_maxlev_produces_correct_numbers_for_sequence_of_treatments_missing_values_"/>
    <testcase time="0.089" classname="a_maxlev" name="a_maxlev_produces_correct_numbers_for_sequence_of_treatments_all_values_are_missing_for_one_treatement_"/>
    <testcase time="0.0510000000000002" classname="a_maxlev" name="a_maxlev_produces_correct_numbers_for_sequence_of_treatments_all_values_are_missing_for_one_treatement_"/>
    <testcase time="0.0640000000000001" classname="a_maxlev" name="a_maxlev_produces_correct_numbers_when_any_level_is_active_for_custom_level_excl._"/>
    <testcase time="0.0330000000000004" classname="a_maxlev" name="a_maxlev_produces_correct_numbers_when_any_level_is_active_for_custom_level_excl._"/>
    <testcase time="0.0509999999999993" classname="a_maxlev" name="a_maxlev_throws_an_error_for_not_ordered_variable"/>
  </testsuite>
  <testsuite name="a_summarize_aval_chg_diff" timestamp="2025-12-04T13:24:44Z" hostname="d31950739cb9" tests="7" skipped="0" failures="0" errors="0" time="0.436">
    <testcase time="0.016" classname="a_summarize_aval_chg_diff" name="a_summarize_aval_chg_diff_j_works_as_expected"/>
    <testcase time="0.142" classname="a_summarize_aval_chg_diff" name="a_summarize_aval_chg_diff_j_works_as_expected"/>
    <testcase time="0.00199999999999978" classname="a_summarize_aval_chg_diff" name="a_summarize_aval_chg_diff_j_works_as_expected"/>
    <testcase time="0.00400000000000045" classname="a_summarize_aval_chg_diff" name="a_summarize_aval_chg_diff_j_works_as_expected"/>
    <testcase time="0.266" classname="a_summarize_aval_chg_diff" name="a_summarize_aval_chg_diff_j_works_with_ancova_TRUE"/>
    <testcase time="0.00199999999999978" classname="a_summarize_aval_chg_diff" name="a_summarize_aval_chg_diff_j_works_with_ancova_TRUE"/>
    <testcase time="0.00399999999999956" classname="a_summarize_aval_chg_diff" name="a_summarize_aval_chg_diff_j_works_with_ancova_TRUE"/>
  </testsuite>
  <testsuite name="analyze_values" timestamp="2025-12-04T13:24:45Z" hostname="d31950739cb9" tests="7" skipped="0" failures="0" errors="0" time="0.123">
    <testcase time="0.0190000000000001" classname="analyze_values" name="analyze_values_correctly_modifies_layout_with_proper_formats"/>
    <testcase time="0.0889999999999995" classname="analyze_values" name="analyze_values_correctly_modifies_layout_with_proper_formats"/>
    <testcase time="0.00300000000000011" classname="analyze_values" name="analyze_values_correctly_modifies_layout_with_proper_formats"/>
    <testcase time="0.00300000000000011" classname="analyze_values" name="analyze_values_correctly_modifies_layout_with_proper_formats"/>
    <testcase time="0.00300000000000011" classname="analyze_values" name="analyze_values_correctly_modifies_layout_with_proper_formats"/>
    <testcase time="0.00300000000000011" classname="analyze_values" name="analyze_values_correctly_modifies_layout_with_proper_formats"/>
    <testcase time="0.00300000000000011" classname="analyze_values" name="analyze_values_correctly_modifies_layout_with_proper_formats"/>
  </testsuite>
  <testsuite name="ancova" timestamp="2025-12-04T13:24:45Z" hostname="d31950739cb9" tests="3" skipped="0" failures="0" errors="0" time="0.734">
    <testcase time="0.209" classname="ancova" name="fit_ancova_works_as_expected"/>
    <testcase time="0.00199999999999978" classname="ancova" name="fit_ancova_works_as_expected"/>
    <testcase time="0.523000000000001" classname="ancova" name="fit_ancova_works_as_expected"/>
  </testsuite>
  <testsuite name="ancova_rbmi" timestamp="2025-12-04T13:24:46Z" hostname="d31950739cb9" tests="2" skipped="0" failures="0" errors="2" time="0.103">
    <testcase time="0.0329999999999995" classname="ancova_rbmi" name="rbmi_ancova_single_works_also_with_multiple_treatment_arms">
      <error type="error" message="&lt;packageNotFoundError/error/condition&gt; ('test-ancova_rbmi.R:16:3')">&lt;packageNotFoundError/error/condition&gt;
Error in `loadNamespace(name)`: there is no package called 'rbmi'
Backtrace:
     x
  1. \-junco::rbmi_ancova_single(...) at test-ancova_rbmi.R:16:3
  2.   +-...[]
  3.   +-tibble:::`[.tbl_df`(...)
  4.   \-utils::getFromNamespace("extract_covariates", "rbmi")
  5.     \-base::asNamespace(ns)
  6.       \-base::getNamespace(ns)
  7.         +-.Internal(getRegisteredNamespace(name)) %||% ...
  8.         \-base::loadNamespace(name)
  9.           \-base::withRestarts(stop(cond), retry_loadNamespace = function() NULL)
 10.             \-base (local) withOneRestart(expr, restarts[[1L]])
 11.               \-base (local) doWithOneRestart(return(expr), restart)</error>
    </testcase>
    <testcase time="0.0700000000000003" classname="ancova_rbmi" name="ancova_now_works_also_with_multiple_treatment_arms">
      <error type="error" message="&lt;packageNotFoundError/error/condition&gt; ('test-ancova_rbmi.R:44:3')">&lt;packageNotFoundError/error/condition&gt;
Error in `loadNamespace(name)`: there is no package called 'rbmi'
Backtrace:
    x
 1. \-junco::rbmi_ancova(...) at test-ancova_rbmi.R:44:3
 2.   \-utils::getFromNamespace("extract_covariates", "rbmi")
 3.     \-base::asNamespace(ns)
 4.       \-base::getNamespace(ns)
 5.         +-.Internal(getRegisteredNamespace(name)) %||% ...
 6.         \-base::loadNamespace(name)
 7.           \-base::withRestarts(stop(cond), retry_loadNamespace = function() NULL)
 8.             \-base (local) withOneRestart(expr, restarts[[1L]])
 9.               \-base (local) doWithOneRestart(return(expr), restart)</error>
    </testcase>
  </testsuite>
  <testsuite name="blank_line" timestamp="2025-12-04T13:24:46Z" hostname="d31950739cb9" tests="15" skipped="0" failures="0" errors="0" time="0.816">
    <testcase time="0.335" classname="blank_line" name="insert_blank_line_works_as_expected"/>
    <testcase time="0.0880000000000001" classname="blank_line" name="insert_blank_line_works_as_expected"/>
    <testcase time="0.248" classname="blank_line" name="insert_blank_line_optionally_uses_custom_table_names"/>
    <testcase time="0.124" classname="blank_line" name="insert_blank_line_optionally_uses_custom_table_names"/>
    <testcase time="0.00300000000000011" classname="blank_line" name="insert_blank_line_optionally_uses_custom_table_names"/>
    <testcase time="0.00199999999999978" classname="blank_line" name="insert_blank_line_optionally_uses_custom_table_names"/>
    <testcase time="0.00300000000000011" classname="blank_line" name="insert_blank_line_optionally_uses_custom_table_names"/>
    <testcase time="0.00300000000000011" classname="blank_line" name="insert_blank_line_optionally_uses_custom_table_names"/>
    <testcase time="0.00300000000000011" classname="blank_line" name="insert_blank_line_optionally_uses_custom_table_names"/>
    <testcase time="0.00100000000000033" classname="blank_line" name="insert_blank_line_optionally_uses_custom_table_names"/>
    <testcase time="0.000999999999999446" classname="blank_line" name="insert_blank_line_optionally_uses_custom_table_names"/>
    <testcase time="0.00100000000000033" classname="blank_line" name="insert_blank_line_optionally_uses_custom_table_names"/>
    <testcase time="0.000999999999999446" classname="blank_line" name="insert_blank_line_optionally_uses_custom_table_names"/>
    <testcase time="0.00100000000000033" classname="blank_line" name="insert_blank_line_optionally_uses_custom_table_names"/>
    <testcase time="0.00199999999999978" classname="blank_line" name="insert_blank_line_optionally_uses_custom_table_names"/>
  </testsuite>
  <testsuite name="cmhrms" timestamp="2025-12-04T13:24:47Z" hostname="d31950739cb9" tests="12" skipped="0" failures="0" errors="0" time="0.291">
    <testcase time="0.0899999999999999" classname="cmhrms" name="s_cmhrms_j_works_as_expected_with_and_without_strata"/>
    <testcase time="0.00600000000000023" classname="cmhrms" name="s_cmhrms_j_works_as_expected_with_and_without_strata"/>
    <testcase time="0.00400000000000045" classname="cmhrms" name="s_cmhrms_j_works_as_expected_with_and_without_strata"/>
    <testcase time="0.00499999999999989" classname="cmhrms" name="s_cmhrms_j_works_as_expected_with_and_without_strata"/>
    <testcase time="0.00600000000000023" classname="cmhrms" name="s_cmhrms_j_works_as_expected_with_empty_data_set_or_in_reference_column"/>
    <testcase time="0.00299999999999923" classname="cmhrms" name="s_cmhrms_j_works_as_expected_with_empty_data_set_or_in_reference_column"/>
    <testcase time="0.00200000000000067" classname="cmhrms" name="s_cmhrms_j_works_as_expected_with_empty_data_set_or_in_reference_column"/>
    <testcase time="0.00300000000000011" classname="cmhrms" name="s_cmhrms_j_works_as_expected_with_empty_data_set_or_in_reference_column"/>
    <testcase time="0.0429999999999993" classname="cmhrms" name="a_cmhrms_j_works_in_a_table_layout_as_expected"/>
    <testcase time="0.0300000000000002" classname="cmhrms" name="a_cmhrms_j_works_in_a_table_layout_as_expected"/>
    <testcase time="0.0650000000000004" classname="cmhrms" name="a_cmhrms_j_with_exclude_works_in_a_table_layout_as_expected"/>
    <testcase time="0.0339999999999998" classname="cmhrms" name="a_cmhrms_j_with_exclude_works_in_a_table_layout_as_expected"/>
  </testsuite>
  <testsuite name="cmp_functions" timestamp="2025-12-04T13:24:47Z" hostname="d31950739cb9" tests="4" skipped="0" failures="0" errors="0" time="0.25">
    <testcase time="0.21" classname="cmp_functions" name="cmp_split_fun_works_as_expected"/>
    <testcase time="0.0140000000000002" classname="cmp_functions" name="cmp_cfun_works_correctly_for_expected_column"/>
    <testcase time="0.0129999999999999" classname="cmp_functions" name="cmp_cfun_works_correctly_for_received_column"/>
    <testcase time="0.0129999999999999" classname="cmp_functions" name="cmp_cfun_works_correctly_for_missing_column"/>
  </testsuite>
  <testsuite name="column_stats" timestamp="2025-12-04T13:24:47Z" hostname="d31950739cb9" tests="29" skipped="0" failures="0" errors="0" time="0.118">
    <testcase time="0.0110000000000001" classname="column_stats" name="column_stats_returns_correct_row_values_for_AVAL_mean"/>
    <testcase time="0.00399999999999956" classname="column_stats" name="column_stats_returns_correct_row_values_for_AVAL_mean"/>
    <testcase time="0.00300000000000011" classname="column_stats" name="column_stats_returns_correct_row_values_for_AVAL_mean"/>
    <testcase time="0.00100000000000033" classname="column_stats" name="column_stats_returns_correct_row_values_for_AVAL_mean"/>
    <testcase time="0.000999999999999446" classname="column_stats" name="column_stats_returns_correct_row_values_for_AVAL_mean"/>
    <testcase time="0.00100000000000033" classname="column_stats" name="column_stats_returns_correct_row_values_for_AVAL_mean"/>
    <testcase time="0.00600000000000023" classname="column_stats" name="column_stats_excludes_Baseline_for_CHG_stat_N"/>
    <testcase time="0.00300000000000011" classname="column_stats" name="column_stats_excludes_Baseline_for_CHG_stat_N"/>
    <testcase time="0.00299999999999923" classname="column_stats" name="column_stats_excludes_Baseline_for_CHG_stat_N"/>
    <testcase time="0.00100000000000033" classname="column_stats" name="column_stats_excludes_Baseline_for_CHG_stat_N"/>
    <testcase time="0.00300000000000011" classname="column_stats" name="column_stats_excludes_Baseline_for_CHG_stat_N"/>
    <testcase time="0.00699999999999967" classname="column_stats" name="column_stats_calculates_SD_statistic_correctly"/>
    <testcase time="0.00700000000000056" classname="column_stats" name="column_stats_calculates_mean_sd_statistic_correctly"/>
    <testcase time="0.00599999999999934" classname="column_stats" name="column_stats_calculates_SE_statistic_correctly"/>
    <testcase time="0.00800000000000001" classname="column_stats" name="column_stats_calculates_Med_Min_Max_correctly"/>
    <testcase time="0.00300000000000011" classname="column_stats" name="column_stats_calculates_Med_Min_Max_correctly"/>
    <testcase time="0.00400000000000045" classname="column_stats" name="column_stats_calculates_Med_Min_Max_correctly"/>
    <testcase time="0.00699999999999967" classname="column_stats" name="column_stats_handles_BASE_variable_correctly"/>
    <testcase time="0.00300000000000011" classname="column_stats" name="column_stats_handles_BASE_variable_correctly"/>
    <testcase time="0.00600000000000023" classname="column_stats" name="column_stats_handles_iec_round_type_correctly"/>
    <testcase time="0.00300000000000011" classname="column_stats" name="column_stats_handles_iec_round_type_correctly"/>
    <testcase time="0.00300000000000011" classname="column_stats" name="column_stats_handles_iec_round_type_correctly"/>
    <testcase time="0.00299999999999923" classname="column_stats" name="column_stats_handles_iec_round_type_correctly"/>
    <testcase time="0.00300000000000011" classname="column_stats" name="column_stats_handles_iec_round_type_correctly"/>
    <testcase time="0.00300000000000011" classname="column_stats" name="column_stats_handles_iec_round_type_correctly"/>
    <testcase time="0.00300000000000011" classname="column_stats" name="column_stats_handles_iec_round_type_correctly"/>
    <testcase time="0.00300000000000011" classname="column_stats" name="column_stats_handles_iec_round_type_correctly"/>
    <testcase time="0.00300000000000011" classname="column_stats" name="column_stats_handles_iec_round_type_correctly"/>
    <testcase time="0.00600000000000023" classname="column_stats" name="calc_N_returns_NULL_for_non_AVAL_variables"/>
  </testsuite>
  <testsuite name="colwidths" timestamp="2025-12-04T13:24:48Z" hostname="d31950739cb9" tests="11" skipped="0" failures="0" errors="0" time="0.585">
    <testcase time="0.207999999999999" classname="colwidths" name="ttype_wrap_vec_works_as_expected"/>
    <testcase time="0.0540000000000003" classname="colwidths" name="check_wrap_nobreak_works_as_expected"/>
    <testcase time="0.0499999999999998" classname="colwidths" name="check_wrap_nobreak_works_as_expected"/>
    <testcase time="0.0750000000000002" classname="colwidths" name="def_colwidths_works_as_expected"/>
    <testcase time="0.105" classname="colwidths" name="listing_column_widths_works_as_expected"/>
    <testcase time="0.00299999999999923" classname="colwidths" name="listing_column_widths_works_as_expected"/>
    <testcase time="0.0600000000000005" classname="colwidths" name="find_free_colspc_works_as_expected"/>
    <testcase time="0.00999999999999979" classname="colwidths" name="smart_colwidths_1page_works_as_expected"/>
    <testcase time="0.00400000000000045" classname="colwidths" name="smart_colwidths_1page_works_as_expected"/>
    <testcase time="0.00800000000000001" classname="colwidths" name="smart_colwidths_1page_works_as_expected"/>
    <testcase time="0.00800000000000001" classname="colwidths" name="spaces_to_inches_works_as_expected"/>
  </testsuite>
  <testsuite name="count_pct" timestamp="2025-12-04T13:24:48Z" hostname="d31950739cb9" tests="24" skipped="0" failures="0" errors="0" time="7.956">
    <testcase time="0.194999999999999" classname="count_pct" name="a_freq_j_with_val_NA_and_denom_option"/>
    <testcase time="0.184" classname="count_pct" name="a_freq_j_with_val_NA_and_denom_option"/>
    <testcase time="0.175999999999999" classname="count_pct" name="a_freq_j_with_val_NA_and_denom_option"/>
    <testcase time="0.109" classname="count_pct" name="a_freq_j_with_specific_val_CHN_and_denom_option"/>
    <testcase time="0.104000000000001" classname="count_pct" name="a_freq_j_with_specific_val_CHN_and_denom_option"/>
    <testcase time="0.113999999999999" classname="count_pct" name="a_freq_j_with_specific_val_CHN_and_denom_option"/>
    <testcase time="0.154000000000002" classname="count_pct" name="a_freq_j_with_N_only"/>
    <testcase time="0.151" classname="count_pct" name="a_freq_j_with_N_only"/>
    <testcase time="0.171999999999999" classname="count_pct" name="a_freq_j_with_TotCol_only"/>
    <testcase time="0.168000000000001" classname="count_pct" name="a_freq_j_with_TotCol_only"/>
    <testcase time="1.121" classname="count_pct" name="a_freq_j_as_cfun"/>
    <testcase time="1.124" classname="count_pct" name="a_freq_j_as_cfun"/>
    <testcase time="0.120999999999999" classname="count_pct" name="a_freq_j_with_label_map"/>
    <testcase time="0.110000000000001" classname="count_pct" name="a_freq_j_with_label_map"/>
    <testcase time="0.186" classname="count_pct" name="a_freq_j_old_count_pats_case_"/>
    <testcase time="0.183999999999999" classname="count_pct" name="a_freq_j_old_count_pats_case_"/>
    <testcase time="0.186999999999999" classname="count_pct" name="a_freq_j_old_count_pats_case_"/>
    <testcase time="0.545" classname="count_pct" name="a_freq_j_with_N_subgroup_as_denom"/>
    <testcase time="0.558000000000002" classname="count_pct" name="a_freq_j_with_N_subgroup_as_denom"/>
    <testcase time="0.574" classname="count_pct" name="a_freq_j_with_N_subgroup_as_denom"/>
    <testcase time="1.49" classname="count_pct" name="a_freq_j_with_N_trt_as_denom_special_situation"/>
    <testcase time="0.109" classname="count_pct" name="a_freq_j_with_N_trt_as_denom_special_situation"/>
    <testcase time="0.116" classname="count_pct" name="a_freq_j_with_keep_levels_CHN_NGA_"/>
    <testcase time="0.00399999999999956" classname="count_pct" name="a_freq_j_with_keep_levels_CHN_NGA_"/>
  </testsuite>
  <testsuite name="count_pct_relrisk" timestamp="2025-12-04T13:24:56Z" hostname="d31950739cb9" tests="14" skipped="0" failures="0" errors="0" time="3.464">
    <testcase time="0.265000000000001" classname="count_pct_relrisk" name="a_freq_j_with_val_NA_and_denom_option"/>
    <testcase time="0.00300000000000011" classname="count_pct_relrisk" name="a_freq_j_with_val_NA_and_denom_option"/>
    <testcase time="0.251999999999999" classname="count_pct_relrisk" name="a_freq_j_with_val_NA_and_denom_option"/>
    <testcase time="0.0160000000000018" classname="count_pct_relrisk" name="a_freq_j_with_val_NA_and_denom_option"/>
    <testcase time="0.224999999999998" classname="count_pct_relrisk" name="a_freq_j_with_val_NA_and_denom_option"/>
    <testcase time="0.00400000000000134" classname="count_pct_relrisk" name="a_freq_j_with_val_NA_and_denom_option"/>
    <testcase time="0.241" classname="count_pct_relrisk" name="a_freq_j_with_risk_difference_method_cmh"/>
    <testcase time="0.00700000000000145" classname="count_pct_relrisk" name="a_freq_j_with_risk_difference_method_cmh"/>
    <testcase time="0.805" classname="count_pct_relrisk" name="a_freq_j_with_N_subgroup_as_denom"/>
    <testcase time="0.00300000000000011" classname="count_pct_relrisk" name="a_freq_j_with_N_subgroup_as_denom"/>
    <testcase time="0.821999999999999" classname="count_pct_relrisk" name="a_freq_j_with_N_subgroup_as_denom"/>
    <testcase time="0.00300000000000011" classname="count_pct_relrisk" name="a_freq_j_with_N_subgroup_as_denom"/>
    <testcase time="0.814999999999998" classname="count_pct_relrisk" name="a_freq_j_with_N_subgroup_as_denom"/>
    <testcase time="0.00300000000000011" classname="count_pct_relrisk" name="a_freq_j_with_N_subgroup_as_denom"/>
  </testsuite>
  <testsuite name="coxph_hr" timestamp="2025-12-04T13:24:59Z" hostname="d31950739cb9" tests="8" skipped="0" failures="0" errors="0" time="0.287">
    <testcase time="0.032" classname="coxph_hr" name="s_coxph_hr_works_with_default_arguments_and_no_stratification_factors"/>
    <testcase time="0.00800000000000267" classname="coxph_hr" name="s_coxph_hr_works_with_default_arguments_and_no_stratification_factors"/>
    <testcase time="0.00900000000000034" classname="coxph_hr" name="s_coxph_hr_works_with_default_arguments_and_no_stratification_factors"/>
    <testcase time="0.00899999999999679" classname="coxph_hr" name="s_coxph_hr_works_with_default_arguments_and_no_stratification_factors"/>
    <testcase time="0.0690000000000026" classname="coxph_hr" name="a_coxph_hr_works_with_custom_arguments_and_stratification_factors"/>
    <testcase time="0.0489999999999995" classname="coxph_hr" name="a_coxph_hr_works_with_custom_arguments_and_stratification_factors"/>
    <testcase time="0.0679999999999978" classname="coxph_hr" name="a_coxph_hr_works_with_stratification_factors_for_Log_Rank_test"/>
    <testcase time="0.0430000000000028" classname="coxph_hr" name="a_coxph_hr_works_with_stratification_factors_for_Log_Rank_test"/>
  </testsuite>
  <testsuite name="coxreg_multivar" timestamp="2025-12-04T13:25:00Z" hostname="d31950739cb9" tests="15" skipped="0" failures="0" errors="0" time="1.612">
    <testcase time="0.0719999999999992" classname="coxreg_multivar" name="h_extract_coxreg_multivar_works_as_expected"/>
    <testcase time="0.198999999999998" classname="coxreg_multivar" name="tefos03_first_split_fun_works_as_expected"/>
    <testcase time="0.0100000000000016" classname="coxreg_multivar" name="tefos03_first_split_fun_works_as_expected"/>
    <testcase time="0.0339999999999989" classname="coxreg_multivar" name="tefos03_first_split_fun_works_as_expected"/>
    <testcase time="0.484000000000002" classname="coxreg_multivar" name="tefos03_second_split_fun_fct_works_as_expected"/>
    <testcase time="0.00999999999999801" classname="coxreg_multivar" name="tefos03_second_split_fun_fct_works_as_expected"/>
    <testcase time="0.0430000000000028" classname="coxreg_multivar" name="tefos03_second_split_fun_fct_works_as_expected"/>
    <testcase time="0.0259999999999998" classname="coxreg_multivar" name="tefos03_afun_works_as_expected"/>
    <testcase time="0.00999999999999801" classname="coxreg_multivar" name="tefos03_afun_works_as_expected"/>
    <testcase time="0.140000000000001" classname="coxreg_multivar" name="summarize_coxreg_multivar_works_as_expected_with_defaults"/>
    <testcase time="0.0740000000000016" classname="coxreg_multivar" name="summarize_coxreg_multivar_works_as_expected_with_defaults"/>
    <testcase time="0.0939999999999976" classname="coxreg_multivar" name="summarize_coxreg_multivar_works_as_expected_with_custom_options"/>
    <testcase time="0.0730000000000004" classname="coxreg_multivar" name="summarize_coxreg_multivar_works_as_expected_with_custom_options"/>
    <testcase time="0.242000000000001" classname="coxreg_multivar" name="summarize_coxreg_multivar_works_with_row_splits"/>
    <testcase time="0.100999999999999" classname="coxreg_multivar" name="summarize_coxreg_multivar_works_with_row_splits"/>
  </testsuite>
  <testsuite name="estimate_proportion_diff" timestamp="2025-12-04T13:25:01Z" hostname="d31950739cb9" tests="6" skipped="0" failures="0" errors="0" time="0.14">
    <testcase time="0.0130000000000017" classname="estimate_proportion_diff" name="s_proportion_diff_j_works_as_expected"/>
    <testcase time="0.0199999999999996" classname="estimate_proportion_diff" name="s_proportion_diff_j_works_as_expected"/>
    <testcase time="0.00399999999999778" classname="estimate_proportion_diff" name="s_proportion_diff_j_works_as_expected"/>
    <testcase time="0.0280000000000022" classname="estimate_proportion_diff" name="s_proportion_diff_j_works_as_expected"/>
    <testcase time="0.0429999999999993" classname="estimate_proportion_diff" name="a_proportion_diff_j_works_as_expected_in_a_table_layout"/>
    <testcase time="0.032" classname="estimate_proportion_diff" name="a_proportion_diff_j_works_as_expected_in_a_table_layout"/>
  </testsuite>
  <testsuite name="event_free" timestamp="2025-12-04T13:25:01Z" hostname="d31950739cb9" tests="8" skipped="0" failures="0" errors="0" time="0.377">
    <testcase time="0.0199999999999996" classname="event_free" name="s_event_free_works_with_default_arguments"/>
    <testcase time="0.00700000000000145" classname="event_free" name="s_event_free_works_with_default_arguments"/>
    <testcase time="0.0120000000000005" classname="event_free" name="s_event_free_works_with_percent_format"/>
    <testcase time="0.0069999999999979" classname="event_free" name="s_event_free_works_with_percent_format"/>
    <testcase time="0.116" classname="event_free" name="a_event_free_works_with_default_arguments_in_a_table_layout"/>
    <testcase time="0.0500000000000007" classname="event_free" name="a_event_free_works_with_default_arguments_in_a_table_layout"/>
    <testcase time="0.103000000000002" classname="event_free" name="a_event_free_works_with_customized_arguments_in_a_table_layout"/>
    <testcase time="0.0619999999999976" classname="event_free" name="a_event_free_works_with_customized_arguments_in_a_table_layout"/>
  </testsuite>
  <testsuite name="get_ref_info" timestamp="2025-12-04T13:25:02Z" hostname="d31950739cb9" tests="5" skipped="0" failures="0" errors="0" time="0.478">
    <testcase time="0.0990000000000002" classname="get_ref_info" name="get_ref_info_works_with_a_df_analysis_function"/>
    <testcase time="0.0869999999999997" classname="get_ref_info" name="get_ref_info_works_with_a_df_analysis_function"/>
    <testcase time="0.121000000000002" classname="get_ref_info" name="get_ref_info_works_with_a_vector_analysis_function"/>
    <testcase time="0.108000000000001" classname="get_ref_info" name="get_ref_info_works_with_a_vector_analysis_function"/>
    <testcase time="0.0629999999999988" classname="get_ref_info" name="get_ref_info_works_with_a_vector_analysis_function"/>
  </testsuite>
  <testsuite name="h_freq_funs" timestamp="2025-12-04T13:25:02Z" hostname="d31950739cb9" tests="22" skipped="0" failures="0" errors="0" time="0.132">
    <testcase time="0.0139999999999993" classname="h_freq_funs" name="h_update_factor_works_correctly"/>
    <testcase time="0.00400000000000134" classname="h_freq_funs" name="h_update_factor_works_correctly"/>
    <testcase time="0.00300000000000011" classname="h_freq_funs" name="h_update_factor_works_correctly"/>
    <testcase time="0.00799999999999912" classname="h_freq_funs" name="h_df_add_newlevels_works_correctly"/>
    <testcase time="0.00400000000000134" classname="h_freq_funs" name="h_df_add_newlevels_works_correctly"/>
    <testcase time="0.00399999999999778" classname="h_freq_funs" name="h_df_add_newlevels_works_correctly"/>
    <testcase time="0.00400000000000134" classname="h_freq_funs" name="h_df_add_newlevels_works_correctly"/>
    <testcase time="0.00399999999999778" classname="h_freq_funs" name="h_df_add_newlevels_works_correctly"/>
    <testcase time="0.00600000000000023" classname="h_freq_funs" name="h_colexpr_substr_works_correctly"/>
    <testcase time="0.00300000000000011" classname="h_freq_funs" name="h_colexpr_substr_works_correctly"/>
    <testcase time="0.00300000000000011" classname="h_freq_funs" name="h_colexpr_substr_works_correctly"/>
    <testcase time="0.00700000000000145" classname="h_freq_funs" name="h_get_label_map_works_correctly"/>
    <testcase time="0.00399999999999778" classname="h_freq_funs" name="h_get_label_map_works_correctly"/>
    <testcase time="0.00900000000000034" classname="h_freq_funs" name="h_subset_combo_works_correctly"/>
    <testcase time="0.00400000000000134" classname="h_freq_funs" name="h_subset_combo_works_correctly"/>
    <testcase time="0.00400000000000134" classname="h_freq_funs" name="h_subset_combo_works_correctly"/>
    <testcase time="0.00499999999999901" classname="h_freq_funs" name="h_subset_combo_works_correctly"/>
    <testcase time="0.00400000000000134" classname="h_freq_funs" name="h_subset_combo_works_correctly"/>
    <testcase time="0.0159999999999982" classname="h_freq_funs" name="h_restrict_val_works_if_there_are_more_values_in_df_row_than_in_map"/>
    <testcase time="0.0100000000000016" classname="h_freq_funs" name="h_restrict_val_works_if_there_are_less_values_in_df_row_than_in_map"/>
    <testcase time="0.00799999999999912" classname="h_freq_funs" name="h_restrict_val_works_with_row_split"/>
    <testcase time="0.00399999999999778" classname="h_freq_funs" name="h_restrict_val_works_with_row_split"/>
  </testsuite>
  <testsuite name="jjcs_num_formats" timestamp="2025-12-04T13:25:02Z" hostname="d31950739cb9" tests="16" skipped="0" failures="0" errors="0" time="0.843">
    <testcase time="0.0360000000000014" classname="jjcs_num_formats" name="jjcs_num_formats_works"/>
    <testcase time="0.00600000000000023" classname="jjcs_num_formats" name="jjcs_num_formats_works"/>
    <testcase time="0.00499999999999901" classname="jjcs_num_formats" name="jjcs_num_formats_works"/>
    <testcase time="0.138000000000002" classname="jjcs_num_formats" name="jjcs_num_formats_works"/>
    <testcase time="0.23" classname="jjcs_num_formats" name="jjcs_num_formats_works"/>
    <testcase time="0.00499999999999901" classname="jjcs_num_formats" name="jjcs_num_formats_works"/>
    <testcase time="0.00700000000000145" classname="jjcs_num_formats" name="jjcs_num_formats_works"/>
    <testcase time="0.00799999999999912" classname="jjcs_num_formats" name="jjcs_num_formats_works"/>
    <testcase time="0.0380000000000003" classname="jjcs_num_formats" name="jjcs_num_formats_works"/>
    <testcase time="0.0239999999999974" classname="jjcs_num_formats" name="jjcsformats_NA_works"/>
    <testcase time="0.0150000000000006" classname="jjcs_num_formats" name="jjcsformats_NA_works"/>
    <testcase time="0.0410000000000004" classname="jjcs_num_formats" name="jjcsformats_NA_works"/>
    <testcase time="0.0530000000000008" classname="jjcs_num_formats" name="jjcsformats_NA_works"/>
    <testcase time="0.0249999999999986" classname="jjcs_num_formats" name="jjcsformats_NA_works"/>
    <testcase time="0.0670000000000002" classname="jjcs_num_formats" name="jjcsformats_NA_works"/>
    <testcase time="0.145" classname="jjcs_num_formats" name="jjcsformats_count_fraction_works"/>
  </testsuite>
  <testsuite name="jjcsformats" timestamp="2025-12-04T13:25:03Z" hostname="d31950739cb9" tests="20" skipped="0" failures="0" errors="0" time="0.506">
    <testcase time="0.204000000000001" classname="jjcsformats" name="jjjcs_formats_work"/>
    <testcase time="0.0210000000000008" classname="jjcsformats" name="jjjcs_formats_work"/>
    <testcase time="0.0229999999999997" classname="jjcsformats" name="jjjcs_formats_work"/>
    <testcase time="0.0590000000000011" classname="jjcsformats" name="jjjcs_formats_work"/>
    <testcase time="0.0069999999999979" classname="jjcsformats" name="round_type_support_works"/>
    <testcase time="0.00300000000000011" classname="jjcsformats" name="round_type_support_works"/>
    <testcase time="0.00400000000000134" classname="jjcsformats" name="round_type_support_works"/>
    <testcase time="0.00399999999999778" classname="jjcsformats" name="round_type_support_works"/>
    <testcase time="0.00300000000000011" classname="jjcsformats" name="round_type_support_works"/>
    <testcase time="0.00400000000000134" classname="jjcsformats" name="round_type_support_works"/>
    <testcase time="0.00400000000000134" classname="jjcsformats" name="round_type_support_works"/>
    <testcase time="0.00300000000000011" classname="jjcsformats" name="round_type_support_works"/>
    <testcase time="0.00399999999999778" classname="jjcsformats" name="round_type_support_works"/>
    <testcase time="0.0459999999999994" classname="jjcsformats" name="jjcsformat_range_fct_is_formatting_ranges_as_expected"/>
    <testcase time="0.088000000000001" classname="jjcsformats" name="jjcsformat_pval_fct_works"/>
    <testcase time="0.00600000000000023" classname="jjcsformats" name="some_special_cases_for_jjcsformat_pval_fct"/>
    <testcase time="0.00400000000000134" classname="jjcsformats" name="some_special_cases_for_jjcsformat_pval_fct"/>
    <testcase time="0.00600000000000023" classname="jjcsformats" name="some_special_cases_for_jjcsformat_pval_fct"/>
    <testcase time="0.00599999999999667" classname="jjcsformats" name="jjcsformat_xx_works_also_for_empty_cells"/>
    <testcase time="0.00700000000000145" classname="jjcsformats" name="jjcsformat_xx_works_also_for_cells_with_0_length_vectors"/>
  </testsuite>
  <testsuite name="junco_utils_default_stats_formats_labels" timestamp="2025-12-04T13:25:04Z" hostname="d31950739cb9" tests="6" skipped="0" failures="1" errors="0" time="0.168">
    <testcase time="0.0160000000000018" classname="junco_utils_default_stats_formats_labels" name="get_stats_works_as_expected"/>
    <testcase time="0.104999999999997" classname="junco_utils_default_stats_formats_labels" name="get_formats_from_stats_works_as_expected">
      <failure type="failure" message="Snapshot of code has changed: ('test-junco_utils_default_stats_formats_labels.R:18:3')">Snapshot of code has changed:
old[2:51] vs new[2:44]
    res
  Output
    $quantiles_upper
-   function(x,
-                  output,
-                  round_type = valid_round_type,
-                  na_str = na_str_dflt) {
-           if (anyNA(na_str) || (replace_na_dflt &amp;&amp; any(na_str == "NA"))) {
-             na_inds &lt;- which(is.na(na_str) | (replace_na_dflt &amp; na_str == "NA"))
-             na_str[na_inds] &lt;- rep(na_str_dflt, length.out = length(na_str))[na_inds]
-           }
-           if (length(x) == 0 || isTRUE(all(x == ""))) {
-             return(NULL)
-           } else if (!length(positions[[1]]) == length(x)) {
-             stop(
-               "Error: input str in call to jjcsformat_xx must contain same number of xx as the number of stats."
-             )
-           }
-   
-           round_type &lt;- match.arg(round_type)
-   
-           values &lt;- Map(y = x, fun = roundings, na_str = na_str, function(y, fun, na_str, output) {
-             fun(y, na_str = na_str, round_type = round_type)
-           })
-   
-           regmatches(x = str, m = positions)[[1]] &lt;- values
-           return(str)
-         }
+   function (x, output, round_type = valid_round_type, na_str = na_str_dflt) 
+   {
+       if (anyNA(na_str) || (replace_na_dflt &amp;&amp; any(na_str == "NA"))) {
+           na_inds &lt;- which(is.na(na_str) | (replace_na_dflt &amp; na_str == 
+               "NA"))
+           na_str[na_inds] &lt;- rep(na_str_dflt, length.out = length(na_str))[na_inds]
+       }
+       if (length(x) == 0 || isTRUE(all(x == ""))) {
+           return(NULL)
+       }
+       else if (!length(positions[[1]]) == length(x)) {
+           stop("Error: input str in call to jjcsformat_xx must contain same number of xx as the number of stats.")
+       }
+       round_type &lt;- match.arg(round_type)
+       values &lt;- Map(y = x, fun = roundings, na_str = na_str, function(y, 
+           fun, na_str, output) {
+           fun(y, na_str = na_str, round_type = round_type)
+       })
+       regmatches(x = str, m = positions)[[1]] &lt;- values
+       return(str)
+   }
    &lt;environment: base&gt;
    
    $range_with_cens_info
-   function(x, output, round_type = valid_round_type, ...) {
+   function (x, output, round_type = valid_round_type, ...) 
+   {
        round_type &lt;- match.arg(round_type)
-       checkmate::assert_numeric(
-         x,
-         len = 4L,
-         finite = TRUE,
-         any.missing = FALSE
-       )
+       checkmate::assert_numeric(x, len = 4L, finite = TRUE, any.missing = FALSE)
        checkmate::assert_true(all(x[c(3, 4)] %in% c(0, 1)))
-   
        res &lt;- vapply(x[c(1, 2)], FUN = function(x) {
-         format_value(x, format_xx, round_type = round_type)
+           format_value(x, format_xx, round_type = round_type)
        }, character(1))
-       if (x[3] == 1) res[1] &lt;- paste0(res[1], "+")
-       if (x[4] == 1) res[2] &lt;- paste0(res[2], "+")
+       if (x[3] == 1) 
+           res[1] &lt;- paste0(res[1], "+")
+       if (x[4] == 1) 
+           res[2] &lt;- paste0(res[2], "+")
        paste0("(", res[1], ", ", res[2], ")")
-     }
+   }
    &lt;environment: base&gt;
    
</failure>
    </testcase>
    <testcase time="0.022000000000002" classname="junco_utils_default_stats_formats_labels" name="get_labels_from_stats_works_as_expected"/>
    <testcase time="0.00600000000000023" classname="junco_utils_default_stats_formats_labels" name="get_label_attr_from_stats_works_as_expected"/>
    <testcase time="0.00799999999999912" classname="junco_utils_default_stats_formats_labels" name="get_label_attr_from_stats_works_as_expected"/>
    <testcase time="0.0109999999999992" classname="junco_utils_default_stats_formats_labels" name="get_indents_from_stats_works_as_expected"/>
  </testsuite>
  <testsuite name="kaplan_meier" timestamp="2025-12-04T13:25:04Z" hostname="d31950739cb9" tests="14" skipped="0" failures="0" errors="0" time="0.343">
    <testcase time="0.0190000000000019" classname="kaplan_meier" name="s_kaplan_meier_works_with_default_arguments"/>
    <testcase time="0.00799999999999912" classname="kaplan_meier" name="s_kaplan_meier_works_with_default_arguments"/>
    <testcase time="0.0109999999999992" classname="kaplan_meier" name="s_kaplan_meier_works_with_customized_arguments"/>
    <testcase time="0.00799999999999912" classname="kaplan_meier" name="s_kaplan_meier_works_with_customized_arguments"/>
    <testcase time="0.0120000000000005" classname="kaplan_meier" name="a_kaplan_meier_works_with_default_arguments"/>
    <testcase time="0.00200000000000244" classname="kaplan_meier" name="a_kaplan_meier_works_with_default_arguments"/>
    <testcase time="0.00999999999999801" classname="kaplan_meier" name="a_kaplan_meier_works_with_default_arguments"/>
    <testcase time="0.0130000000000017" classname="kaplan_meier" name="a_kaplan_meier_works_with_customized_arguments"/>
    <testcase time="0.00199999999999889" classname="kaplan_meier" name="a_kaplan_meier_works_with_customized_arguments"/>
    <testcase time="0.0100000000000016" classname="kaplan_meier" name="a_kaplan_meier_works_with_customized_arguments"/>
    <testcase time="0.0829999999999984" classname="kaplan_meier" name="a_kaplan_meier_works_inside_analyze_in_table"/>
    <testcase time="0.0519999999999996" classname="kaplan_meier" name="a_kaplan_meier_works_inside_analyze_in_table"/>
    <testcase time="0.0590000000000011" classname="kaplan_meier" name="a_kaplan_meier_works_inside_analyze_in_table_with_custom_arguments"/>
    <testcase time="0.0539999999999985" classname="kaplan_meier" name="a_kaplan_meier_works_inside_analyze_in_table_with_custom_arguments"/>
  </testsuite>
  <testsuite name="markup_unicodify" timestamp="2025-12-04T13:25:04Z" hostname="d31950739cb9" tests="1" skipped="0" failures="0" errors="0" time="0.017">
    <testcase time="0.0169999999999995" classname="markup_unicodify" name="dps_markup_works_with_and_"/>
  </testsuite>
  <testsuite name="mmrm" timestamp="2025-12-04T13:25:04Z" hostname="d31950739cb9" tests="5" skipped="0" failures="0" errors="0" time="0.279">
    <testcase time="0.116000000000003" classname="mmrm" name="get_mmrm_lsmeans_can_calculate_the_LS_mean_results_including_one_and_two_sided_p_values"/>
    <testcase time="0.00300000000000011" classname="mmrm" name="get_mmrm_lsmeans_can_calculate_the_LS_mean_results_including_one_and_two_sided_p_values"/>
    <testcase time="0.00299999999999656" classname="mmrm" name="get_mmrm_lsmeans_can_calculate_the_LS_mean_results_including_one_and_two_sided_p_values"/>
    <testcase time="0.00300000000000011" classname="mmrm" name="get_mmrm_lsmeans_can_calculate_the_LS_mean_results_including_one_and_two_sided_p_values"/>
    <testcase time="0.154" classname="mmrm" name="fit_mmrm_j_works_as_expected"/>
    <testcase time="0.0350000000000001" classname="character(0)" name="_unnamed_">
      <error type="error" message="&lt;packageNotFoundError/error/condition&gt; ('test-mmrm_rbmi.R:1:1')">&lt;packageNotFoundError/error/condition&gt;
Error in `library(rbmi)`: there is no package called 'rbmi'
Backtrace:
    x
 1. +-base::suppressPackageStartupMessages(library(rbmi)) at test-mmrm_rbmi.R:1:1
 2. | \-base::withCallingHandlers(expr, packageStartupMessage = function(c) tryInvokeRestart("muffleMessage"))
 3. \-base::library(rbmi)</error>
    </testcase>
  </testsuite>
  <testsuite name="odds_ratio" timestamp="2025-12-04T13:25:05Z" hostname="d31950739cb9" tests="19" skipped="0" failures="0" errors="1" time="0.368">
    <testcase time="0.0289999999999999" classname="odds_ratio" name="s_odds_ratio_j_returns_NA_when_one_group_has_no_responders_and_option_set"/>
    <testcase time="0.00500000000000256" classname="odds_ratio" name="s_odds_ratio_j_returns_NA_when_one_group_has_no_responders_and_option_set"/>
    <testcase time="0.0150000000000006" classname="odds_ratio" name="s_odds_ratio_j_returns_NA_when_one_group_has_no_responders_and_option_set_with_strata"/>
    <testcase time="0.00499999999999901" classname="odds_ratio" name="s_odds_ratio_j_returns_NA_when_one_group_has_no_responders_and_option_set_with_strata"/>
    <testcase time="0.00900000000000034" classname="odds_ratio" name="s_odds_ratio_j_does_not_fail_with_only_non_responders"/>
    <testcase time="0.00300000000000011" classname="odds_ratio" name="s_odds_ratio_j_does_not_fail_with_only_non_responders"/>
    <testcase time="0.00499999999999901" classname="odds_ratio" name="s_odds_ratio_j_does_not_fail_with_only_one_grp"/>
    <testcase time="0.00300000000000011" classname="odds_ratio" name="s_odds_ratio_j_does_not_fail_with_only_one_grp"/>
    <testcase time="0.00799999999999912" classname="odds_ratio" name="or_glm_j_does_not_fail_with_only_non_responders"/>
    <testcase time="0.00600000000000023" classname="odds_ratio" name="or_glm_j_does_not_fail_with_only_non_responders"/>
    <testcase time="0.054000000000002" classname="odds_ratio" name="a_odds_ratio_j_works_in_a_table_layout_as_expected_for_unstratified_analysis"/>
    <testcase time="0.0339999999999989" classname="odds_ratio" name="a_odds_ratio_j_works_in_a_table_layout_as_expected_for_unstratified_analysis"/>
    <testcase time="0.0330000000000013" classname="odds_ratio" name="a_odds_ratio_j_works_in_a_table_layout_as_expected_for_unstratified_analysis"/>
    <testcase time="0.00300000000000011" classname="odds_ratio" name="a_odds_ratio_j_works_in_a_table_layout_as_expected_for_unstratified_analysis"/>
    <testcase time="0.041999999999998" classname="odds_ratio" name="a_odds_ratio_j_works_in_a_table_layout_as_expected_for_CMH_analysis"/>
    <testcase time="0.0410000000000004" classname="odds_ratio" name="a_odds_ratio_j_works_in_a_table_layout_as_expected_for_CMH_analysis"/>
    <testcase time="0.0350000000000001" classname="odds_ratio" name="a_odds_ratio_j_works_in_a_table_layout_as_expected_for_CMH_analysis"/>
    <testcase time="0.00300000000000011" classname="odds_ratio" name="a_odds_ratio_j_works_in_a_table_layout_as_expected_for_CMH_analysis"/>
  </testsuite>
  <testsuite name="patyrs-eair100" timestamp="2025-12-04T13:25:05Z" hostname="d31950739cb9" tests="4" skipped="0" failures="0" errors="0" time="1.478">
    <testcase time="0.245999999999999" classname="patyrs_eair100" name="Check_patient_years_numbers_are_giving_expected_result"/>
    <testcase time="0.411000000000001" classname="patyrs_eair100" name="Check_aeir100_numbers_are_giving_expected_result"/>
    <testcase time="0.408000000000001" classname="patyrs_eair100" name="Check_aeir100_numbers_are_giving_expected_result_when_fup_var_argument_is_changed"/>
    <testcase time="0.412999999999997" classname="patyrs_eair100" name="Check_aeir100_numbers_are_giving_expected_result_when_occ_dy_argument_is_changed"/>
    <testcase time="0.0340000000000025" classname="character(0)" name="_unnamed_">
      <error type="error" message="&lt;packageNotFoundError/error/condition&gt; ('test-pool_rbmi.R:1:1')">&lt;packageNotFoundError/error/condition&gt;
Error in `library(rbmi)`: there is no package called 'rbmi'
Backtrace:
    x
 1. \-base::library(rbmi) at test-pool_rbmi.R:1:1</error>
    </testcase>
  </testsuite>
  <testsuite name="proportions" timestamp="2025-12-04T13:25:06Z" hostname="d31950739cb9" tests="22" skipped="0" failures="0" errors="1" time="0.468">
    <testcase time="0.032" classname="proportions" name="s_proportion_factor_works_as_expected"/>
    <testcase time="0.0150000000000006" classname="proportions" name="s_proportion_factor_shows_optional_total_row_on_top"/>
    <testcase time="0.0139999999999993" classname="proportions" name="s_proportion_factor_shows_optional_total_row_in_bottom"/>
    <testcase time="0.0129999999999981" classname="proportions" name="s_proportion_factor_optionally_uses_number_of_non_missing_levels_as_total"/>
    <testcase time="0.0110000000000028" classname="proportions" name="s_proportion_logical_works_as_expected"/>
    <testcase time="0.0119999999999969" classname="proportions" name="c_proportion_logical_works_as_expected"/>
    <testcase time="0.00900000000000034" classname="proportions" name="h_get_design_mat_works_as_expected"/>
    <testcase time="0.00300000000000011" classname="proportions" name="h_get_design_mat_works_as_expected"/>
    <testcase time="0.00600000000000023" classname="proportions" name="a_proportion_ci_logical_works_as_expected"/>
    <testcase time="0.00799999999999912" classname="proportions" name="a_proportion_ci_logical_works_as_expected"/>
    <testcase time="0.00800000000000267" classname="proportions" name="a_proportion_ci_factor_works_as_expected"/>
    <testcase time="0.00999999999999801" classname="proportions" name="a_proportion_ci_factor_works_as_expected"/>
    <testcase time="0.220000000000002" classname="proportions" name="prop_split_fun_works_as_expected"/>
    <testcase time="0.0129999999999981" classname="proportions" name="prop_table_afun_works_as_expected_with_total_row"/>
    <testcase time="0.00900000000000034" classname="proportions" name="prop_table_afun_works_as_expected_with_total_row"/>
    <testcase time="0.00900000000000034" classname="proportions" name="prop_table_afun_works_as_expected_with_total_row"/>
    <testcase time="0.00600000000000023" classname="proportions" name="prop_table_afun_works_as_expected_with_total_row"/>
    <testcase time="0.0129999999999981" classname="proportions" name="prop_table_afun_works_as_expected_by_default_without_total_row"/>
    <testcase time="0.00900000000000034" classname="proportions" name="prop_table_afun_works_as_expected_by_default_without_total_row"/>
    <testcase time="0.00900000000000034" classname="proportions" name="prop_table_afun_works_as_expected_by_default_without_total_row"/>
    <testcase time="0.00499999999999901" classname="proportions" name="prop_table_afun_works_as_expected_by_default_without_total_row"/>
  </testsuite>
  <testsuite name="pruning_functions" timestamp="2025-12-04T13:25:09Z" hostname="d31950739cb9" tests="30" skipped="0" failures="0" errors="0" time="10.19">
    <testcase time="1.69" classname="pruning_functions" name="count_pruner_is_identical_to_standard_pruning_in_cases_where_we_have_all_0_s"/>
    <testcase time="2.668" classname="pruning_functions" name="count_pruner_is_identical_to_standard_pruning_in_cases_where_we_have_all_0_s"/>
    <testcase time="1.136" classname="pruning_functions" name="count_pruner_keeps_everything_if_0_condition_is_not_met"/>
    <testcase time="0.0339999999999989" classname="pruning_functions" name="count_pruner_with_cat_include_removes_text_correctly"/>
    <testcase time="0.0300000000000011" classname="pruning_functions" name="count_pruner_with_cat_include_does_nothing_if_text_is_supplied_and_it_is_not_text_that_is_in_the_table"/>
    <testcase time="0.070999999999998" classname="pruning_functions" name="count_pruner_does_remove_if_text_is_supplied_and_all_columns_are_0"/>
    <testcase time="0.0489999999999995" classname="pruning_functions" name="remove_rows_does_remove_if_text_is_supplied_as_fixed_and_text_is_matched"/>
    <testcase time="0.0420000000000016" classname="pruning_functions" name="remove_rows_does_remove_if_text_is_supplied_as_fixed_and_text_is_matched"/>
    <testcase time="0.0790000000000006" classname="pruning_functions" name="remove_rows_does_remove_if_text_is_supplied_as_fixed_and_text_is_matched"/>
    <testcase time="0.00300000000000011" classname="pruning_functions" name="remove_rows_does_remove_if_text_is_supplied_as_fixed_and_text_is_matched"/>
    <testcase time="0.00300000000000011" classname="pruning_functions" name="remove_rows_does_remove_if_text_is_supplied_as_fixed_and_text_is_matched"/>
    <testcase time="0.00800000000000267" classname="pruning_functions" name="keep_non_null_rows_pruning_function_or_via_keep_rows"/>
    <testcase time="0.00300000000000011" classname="pruning_functions" name="keep_non_null_rows_pruning_function_or_via_keep_rows"/>
    <testcase time="0.242999999999995" classname="pruning_functions" name="test_keep_non_null_rows"/>
    <testcase time="0.00900000000000034" classname="pruning_functions" name="bspt_pruner_both_fraction_and_diff_from_control_are_NULL"/>
    <testcase time="0.0160000000000053" classname="pruning_functions" name="bspt_pruner_both_fraction_and_diff_from_control_are_NULL"/>
    <testcase time="0.251999999999995" classname="pruning_functions" name="bspt_pruner_with_fraction"/>
    <testcase time="0.384" classname="pruning_functions" name="bspt_pruner_with_fraction_and_diff_from_control"/>
    <testcase time="0.640999999999998" classname="pruning_functions" name="bspt_pruner_with_fraction_and_diff_from_control_and_keeprowtext"/>
    <testcase time="0.00300000000000011" classname="pruning_functions" name="bspt_pruner_with_fraction_and_diff_from_control_and_keeprowtext"/>
    <testcase time="0.430000000000007" classname="pruning_functions" name="count_pruner_in_small_groups"/>
    <testcase time="1.202" classname="pruning_functions" name="bspt_pruner_in_AE_like_tables"/>
    <testcase time="0.00300000000000011" classname="pruning_functions" name="bspt_pruner_in_AE_like_tables"/>
    <testcase time="0.00300000000000011" classname="pruning_functions" name="bspt_pruner_in_AE_like_tables"/>
    <testcase time="0.192" classname="pruning_functions" name="bspt_pruner_with_less_obvious_control_specifications"/>
    <testcase time="0.919999999999995" classname="pruning_functions" name="bspt_pruner_with_less_obvious_control_specifications"/>
    <testcase time="0.00300000000000011" classname="pruning_functions" name="bspt_pruner_with_less_obvious_control_specifications"/>
    <testcase time="0.0460000000000065" classname="pruning_functions" name="check_that_if_all_data_is_pruned_leaving_no_rows_the_outcome_is_the_message"/>
    <testcase time="0.0109999999999957" classname="pruning_functions" name="check_that_if_message_is_changed_this_is_reflected_in_the_final_table_tree"/>
    <testcase time="0.0159999999999982" classname="pruning_functions" name="check_that_when_spancols_TRUE_is_used_then_we_have_expected_behaviour"/>
    <testcase time="0.0290000000000035" classname="character(0)" name="_unnamed_">
      <error type="error" message="&lt;packageNotFoundError/error/condition&gt; ('test-rbmi.R:3:3')">&lt;packageNotFoundError/error/condition&gt;
Error in `library(rbmi)`: there is no package called 'rbmi'
Backtrace:
    x
 1. +-base::suppressPackageStartupMessages(...) at test-rbmi.R:1:1
 2. | \-base::withCallingHandlers(expr, packageStartupMessage = function(c) tryInvokeRestart("muffleMessage"))
 3. \-base::library(rbmi) at test-rbmi.R:3:3</error>
    </testcase>
  </testsuite>
  <testsuite name="relative_risk" timestamp="2025-12-04T13:25:17Z" hostname="d31950739cb9" tests="9" skipped="0" failures="0" errors="1" time="0.161">
    <testcase time="0.0300000000000011" classname="relative_risk" name="s_relative_risk_returns_NA_when_one_group_has_no_responders"/>
    <testcase time="0.00499999999999545" classname="relative_risk" name="s_relative_risk_returns_NA_when_one_group_has_no_responders"/>
    <testcase time="0.007000000000005" classname="relative_risk" name="prop_ratio_cmh_works_as_expected"/>
    <testcase time="0.00600000000000023" classname="relative_risk" name="prop_ratio_cmh_works_as_expected"/>
    <testcase time="0.0069999999999979" classname="relative_risk" name="prop_ratio_cmh_works_also_with_a_single_stratum"/>
    <testcase time="0.00600000000000023" classname="relative_risk" name="prop_ratio_cmh_works_also_with_a_single_stratum"/>
    <testcase time="0.0660000000000025" classname="relative_risk" name="a_relative_risk_in_table_layout_gives_same_results_as_with_SAS"/>
    <testcase time="0.00499999999999545" classname="relative_risk" name="a_relative_risk_in_table_layout_gives_same_results_as_with_SAS"/>
  </testsuite>
  <testsuite name="remove_col_count" timestamp="2025-12-04T13:25:17Z" hostname="d31950739cb9" tests="1" skipped="0" failures="0" errors="0" time="0.091">
    <testcase time="0.0910000000000011" classname="remove_col_count" name="remove_col_count_works"/>
  </testsuite>
  <testsuite name="resp01_functions" timestamp="2025-12-04T13:25:17Z" hostname="d31950739cb9" tests="13" skipped="0" failures="0" errors="0" time="0.921">
    <testcase time="0.405999999999999" classname="resp01_functions" name="resp01_split_fun_fct_1_works_as_expected"/>
    <testcase time="0.340000000000003" classname="resp01_functions" name="resp01_split_fun_fct_2_works_as_expected"/>
    <testcase time="0.0120000000000005" classname="resp01_functions" name="resp01_counts_cfun_1_works_as_expected"/>
    <testcase time="0.00600000000000023" classname="resp01_functions" name="resp01_counts_cfun_2_works_as_expected"/>
    <testcase time="0.00600000000000023" classname="resp01_functions" name="resp01_counts_cfun_3_works_as_expected"/>
    <testcase time="0.0150000000000006" classname="resp01_functions" name="resp01_a_comp_stat_logical_or_cmh_works_as_expected"/>
    <testcase time="0.0169999999999959" classname="resp01_functions" name="resp01_a_comp_stat_logical_or_logistic_works_as_expected"/>
    <testcase time="0.0140000000000029" classname="resp01_functions" name="resp01_a_comp_stat_logical_rr_works_as_expected"/>
    <testcase time="0.0219999999999985" classname="resp01_functions" name="resp01_a_comp_stat_factor_or_cmh_works_as_expected"/>
    <testcase time="0.0259999999999962" classname="resp01_functions" name="resp01_a_comp_stat_factor_or_logistic_works_as_expected"/>
    <testcase time="0.0180000000000007" classname="resp01_functions" name="resp01_acfun_works_as_expected"/>
    <testcase time="0.0230000000000032" classname="resp01_functions" name="resp01_acfun_works_2_as_expected"/>
    <testcase time="0.0159999999999982" classname="resp01_functions" name="resp01_acfun_3_works_as_expected"/>
  </testsuite>
  <testsuite name="response_by_var" timestamp="2025-12-04T13:25:18Z" hostname="d31950739cb9" tests="9" skipped="0" failures="0" errors="0" time="0.659">
    <testcase time="0.100000000000001" classname="response_by_var" name="response_by_var_various_scenarios"/>
    <testcase time="0.0559999999999974" classname="response_by_var" name="response_by_var_various_scenarios"/>
    <testcase time="0.106999999999999" classname="response_by_var" name="response_by_var_various_scenarios"/>
    <testcase time="0.0720000000000027" classname="response_by_var" name="response_by_var_various_scenarios"/>
    <testcase time="0.0510000000000019" classname="response_by_var" name="response_by_var_various_scenarios"/>
    <testcase time="0.0910000000000011" classname="response_by_var" name="response_by_var_various_scenarios"/>
    <testcase time="0.0509999999999948" classname="response_by_var" name="response_by_var_various_scenarios"/>
    <testcase time="0.0770000000000053" classname="response_by_var" name="response_by_var_various_scenarios"/>
    <testcase time="0.0539999999999949" classname="response_by_var" name="response_by_var_various_scenarios"/>
  </testsuite>
  <testsuite name="sorting_functions" timestamp="2025-12-04T13:25:19Z" hostname="d31950739cb9" tests="7" skipped="0" failures="0" errors="0" time="7.774">
    <testcase time="0.545000000000002" classname="sorting_functions" name="jj_complex_scorefun_is_identical_to_standard_sorting_spanningheadercolvar_NA"/>
    <testcase time="0.225999999999999" classname="sorting_functions" name="jj_complex_scorefun_is_identical_to_standard_sorting_spanningheadercolvar_spanhead"/>
    <testcase time="0.225999999999999" classname="sorting_functions" name="jj_complex_scorefun_sorts_correctly_with_colpath"/>
    <testcase time="0.291000000000004" classname="sorting_functions" name="jj_complex_scorefun_places_specified_category_at_the_start_firstcat"/>
    <testcase time="0.295999999999999" classname="sorting_functions" name="jj_complex_scorefun_places_specified_category_at_the_end_lastcat"/>
    <testcase time="3.538" classname="sorting_functions" name="jj_complex_scorefun_uses_first_column_to_sort_usefirstcol"/>
    <testcase time="2.652" classname="sorting_functions" name="jj_complex_scorefun_uses_first_column_when_no_spanning_header_usefirstcol"/>
  </testsuite>
  <testsuite name="split_functions" timestamp="2025-12-04T13:25:27Z" hostname="d31950739cb9" tests="14" skipped="0" failures="0" errors="0" time="0.789">
    <testcase time="0.0739999999999981" classname="split_functions" name="cond_rm_facets_works"/>
    <testcase time="0.00500000000000256" classname="split_functions" name="cond_rm_facets_works"/>
    <testcase time="0.00399999999999778" classname="split_functions" name="cond_rm_facets_works"/>
    <testcase time="0.00500000000000256" classname="split_functions" name="cond_rm_facets_works"/>
    <testcase time="0.0940000000000012" classname="split_functions" name="rm_levels_works"/>
    <testcase time="0.130000000000003" classname="split_functions" name="real_add_overall_facet_works"/>
    <testcase time="0.0539999999999949" classname="split_functions" name="make_combo_splitfun_works"/>
    <testcase time="0.00400000000000489" classname="split_functions" name="make_combo_splitfun_works"/>
    <testcase time="0.131999999999998" classname="split_functions" name="combine_nonblank_works"/>
    <testcase time="0.0399999999999991" classname="split_functions" name="combine_nonblank_works"/>
    <testcase time="0.234999999999999" classname="split_functions" name="rm_blank_levels_works"/>
    <testcase time="0.00600000000000023" classname="split_functions" name="do_exclude_split_works"/>
    <testcase time="0.00300000000000011" classname="split_functions" name="do_exclude_split_works"/>
    <testcase time="0.00300000000000011" classname="split_functions" name="do_exclude_split_works"/>
  </testsuite>
  <testsuite name="string_to_title" timestamp="2025-12-04T13:25:27Z" hostname="d31950739cb9" tests="4" skipped="0" failures="0" errors="0" time="0.028">
    <testcase time="0.00999999999999801" classname="string_to_title" name="string_to_title_works_as_expected_for_string"/>
    <testcase time="0.00600000000000023" classname="string_to_title" name="string_to_title_works_as_expected_for_character_vector"/>
    <testcase time="0.00600000000000023" classname="string_to_title" name="string_to_title_works_as_expected_for_factors"/>
    <testcase time="0.00600000000000023" classname="string_to_title" name="string_to_title_works_as_expected_for_factors_missing_levels_"/>
  </testsuite>
  <testsuite name="summarize_ancova" timestamp="2025-12-04T13:25:27Z" hostname="d31950739cb9" tests="9" skipped="0" failures="0" errors="0" time="0.374">
    <testcase time="0.0230000000000032" classname="summarize_ancova" name="h_ancova_works_as_expected"/>
    <testcase time="0.000999999999997669" classname="summarize_ancova" name="h_ancova_works_as_expected"/>
    <testcase time="0.0200000000000031" classname="summarize_ancova" name="s_ancova_j_works_as_expected"/>
    <testcase time="0.000999999999997669" classname="summarize_ancova" name="s_ancova_j_works_as_expected"/>
    <testcase time="0.0150000000000006" classname="summarize_ancova" name="s_ancova_j_works_as_expected"/>
    <testcase time="0.00399999999999778" classname="summarize_ancova" name="s_ancova_j_works_as_expected"/>
    <testcase time="0.00100000000000477" classname="summarize_ancova" name="s_ancova_j_works_as_expected"/>
    <testcase time="0.0820000000000007" classname="summarize_ancova" name="s_summarize_ancova_works_as_expected"/>
    <testcase time="0.226999999999997" classname="summarize_ancova" name="a_summarize_ancova_j_works_as_expected_in_table_layout"/>
  </testsuite>
  <testsuite name="summarize_mmrm" timestamp="2025-12-04T13:25:28Z" hostname="d31950739cb9" tests="14" skipped="0" failures="0" errors="0" time="2.307">
    <testcase time="0.201000000000001" classname="summarize_mmrm" name="h_summarize_mmrm_works_with_healthy_input"/>
    <testcase time="0.036999999999999" classname="summarize_mmrm" name="h_summarize_mmrm_works_with_healthy_input"/>
    <testcase time="0.127000000000002" classname="summarize_mmrm" name="s_summarize_mmrm_works_with_healthy_input_in_non_ref_cell"/>
    <testcase time="0.0229999999999961" classname="summarize_mmrm" name="s_summarize_mmrm_works_with_healthy_input_in_non_ref_cell"/>
    <testcase time="0.0100000000000051" classname="summarize_mmrm" name="s_summarize_mmrm_works_with_healthy_input_in_ref_col_cell"/>
    <testcase time="0.0139999999999958" classname="summarize_mmrm" name="s_summarize_mmrm_works_with_healthy_input_in_ref_col_cell"/>
    <testcase time="0.00800000000000267" classname="summarize_mmrm" name="s_summarize_mmrm_works_with_healthy_input_in_ref_row_cell"/>
    <testcase time="0.0069999999999979" classname="summarize_mmrm" name="s_summarize_mmrm_works_with_healthy_input_in_ref_row_cell"/>
    <testcase time="0.369" classname="summarize_mmrm" name="a_summarize_mmrm_works_as_expected_in_table_layout"/>
    <testcase time="0.0970000000000013" classname="summarize_mmrm" name="a_summarize_mmrm_works_as_expected_in_table_layout"/>
    <testcase time="0.0910000000000011" classname="summarize_mmrm" name="a_summarize_mmrm_works_as_expected_in_table_layout"/>
    <testcase time="0.850000000000001" classname="summarize_mmrm" name="a_summarize_mmrm_works_as_expected_below_row_splits"/>
    <testcase time="0.247999999999998" classname="summarize_mmrm" name="a_summarize_mmrm_works_as_expected_below_row_splits"/>
    <testcase time="0.225000000000001" classname="summarize_mmrm" name="a_summarize_mmrm_works_as_expected_below_row_splits"/>
  </testsuite>
  <testsuite name="summarize_row_counts" timestamp="2025-12-04T13:25:30Z" hostname="d31950739cb9" tests="4" skipped="0" failures="0" errors="0" time="0.502">
    <testcase time="0.180999999999997" classname="summarize_row_counts" name="summarize_row_counts_works_as_expected_without_alt_counts"/>
    <testcase time="0.0710000000000051" classname="summarize_row_counts" name="summarize_row_counts_works_as_expected_without_alt_counts"/>
    <testcase time="0.168999999999997" classname="summarize_row_counts" name="summarize_row_counts_works_as_expected_with_alt_counts"/>
    <testcase time="0.0810000000000031" classname="summarize_row_counts" name="summarize_row_counts_works_as_expected_with_alt_counts"/>
  </testsuite>
  <testsuite name="tabulate_lsmeans" timestamp="2025-12-04T13:25:31Z" hostname="d31950739cb9" tests="11" skipped="0" failures="0" errors="0" time="1.508">
    <testcase time="0.106999999999999" classname="tabulate_lsmeans" name="s_lsmeans_works_as_expected_with_MMRM_fit_when_not_in_reference_column"/>
    <testcase time="0.00199999999999534" classname="tabulate_lsmeans" name="s_lsmeans_works_as_expected_with_MMRM_fit_when_not_in_reference_column"/>
    <testcase time="0.007000000000005" classname="tabulate_lsmeans" name="s_lsmeans_works_as_expected_with_MMRM_fit_when_not_in_reference_column"/>
    <testcase time="0.0069999999999979" classname="tabulate_lsmeans" name="s_lsmeans_works_as_expected_with_MMRM_fit_when_not_in_reference_column"/>
    <testcase time="0.00800000000000267" classname="tabulate_lsmeans" name="s_lsmeans_works_as_expected_with_MMRM_fit_when_not_in_reference_column"/>
    <testcase time="0.102999999999994" classname="tabulate_lsmeans" name="summarize_lsmeans_can_show_two_and_one_sided_p_values_correctly"/>
    <testcase time="0.410000000000004" classname="tabulate_lsmeans" name="summarize_lsmeans_can_show_two_and_one_sided_p_values_correctly"/>
    <testcase time="0.394999999999996" classname="tabulate_lsmeans" name="summarize_lsmeans_can_show_two_and_one_sided_p_values_correctly"/>
    <testcase time="0.396000000000001" classname="tabulate_lsmeans" name="summarize_lsmeans_can_show_two_and_one_sided_p_values_correctly"/>
    <testcase time="0.0720000000000027" classname="tabulate_lsmeans" name="s_lsmeans_works_as_expected_with_ANCOVA_fit_when_not_in_reference_column"/>
    <testcase time="0.000999999999997669" classname="tabulate_lsmeans" name="s_lsmeans_works_as_expected_with_ANCOVA_fit_when_not_in_reference_column"/>
  </testsuite>
  <testsuite name="tabulate_lsmeans_wide" timestamp="2025-12-04T13:25:32Z" hostname="d31950739cb9" tests="20" skipped="0" failures="0" errors="0" time="1.49">
    <testcase time="0.0200000000000031" classname="tabulate_lsmeans_wide" name="lsmeans_wide_cfun_works_as_expected"/>
    <testcase time="0.00799999999999557" classname="tabulate_lsmeans_wide" name="lsmeans_wide_cfun_works_as_expected"/>
    <testcase time="0.00800000000000267" classname="tabulate_lsmeans_wide" name="lsmeans_wide_cfun_works_as_expected"/>
    <testcase time="0.00800000000000267" classname="tabulate_lsmeans_wide" name="lsmeans_wide_cfun_works_as_expected"/>
    <testcase time="0.00799999999999557" classname="tabulate_lsmeans_wide" name="lsmeans_wide_cfun_works_as_expected"/>
    <testcase time="0.007000000000005" classname="tabulate_lsmeans_wide" name="lsmeans_wide_cfun_works_as_expected"/>
    <testcase time="0.0209999999999937" classname="tabulate_lsmeans_wide" name="lsmeans_wide_cfun_works_as_expected_with_more_than_one_treatment_group"/>
    <testcase time="0.00799999999999557" classname="tabulate_lsmeans_wide" name="lsmeans_wide_cfun_works_as_expected_with_more_than_one_treatment_group"/>
    <testcase time="0.00800000000000267" classname="tabulate_lsmeans_wide" name="lsmeans_wide_cfun_works_as_expected_with_more_than_one_treatment_group"/>
    <testcase time="0.0120000000000005" classname="tabulate_lsmeans_wide" name="lsmeans_wide_cfun_works_as_expected_with_more_than_one_treatment_group_for_MMRM_case"/>
    <testcase time="0.00800000000000267" classname="tabulate_lsmeans_wide" name="lsmeans_wide_cfun_works_as_expected_with_more_than_one_treatment_group_for_MMRM_case"/>
    <testcase time="0.00799999999999557" classname="tabulate_lsmeans_wide" name="lsmeans_wide_cfun_works_as_expected_with_more_than_one_treatment_group_for_MMRM_case"/>
    <testcase time="0.00800000000000267" classname="tabulate_lsmeans_wide" name="lsmeans_wide_cfun_works_as_expected_with_more_than_one_treatment_group_for_MMRM_case"/>
    <testcase time="0.315999999999995" classname="tabulate_lsmeans_wide" name="summarize_lsmeans_wide_works_as_expected"/>
    <testcase time="0.122" classname="tabulate_lsmeans_wide" name="summarize_lsmeans_wide_works_as_expected"/>
    <testcase time="0.106000000000002" classname="tabulate_lsmeans_wide" name="summarize_lsmeans_wide_works_as_expected_with_more_than_1_treatment_group"/>
    <testcase time="0.282000000000004" classname="tabulate_lsmeans_wide" name="summarize_lsmeans_wide_works_as_expected_with_more_than_1_treatment_group"/>
    <testcase time="0.155000000000001" classname="tabulate_lsmeans_wide" name="summarize_lsmeans_wide_works_as_expected_with_more_than_1_treatment_group"/>
    <testcase time="0.275999999999996" classname="tabulate_lsmeans_wide" name="summarize_lsmeans_wide_can_omit_variance_and_p_value_columns"/>
    <testcase time="0.100999999999999" classname="tabulate_lsmeans_wide" name="summarize_lsmeans_wide_can_omit_variance_and_p_value_columns"/>
  </testsuite>
  <testsuite name="tabulate_rbmi" timestamp="2025-12-04T13:25:34Z" hostname="d31950739cb9" tests="13" skipped="0" failures="0" errors="0" time="0.29">
    <testcase time="0.0200000000000031" classname="tabulate_rbmi" name="h_tidy_pool_is_produced_correctly_for_ANCOVA_case"/>
    <testcase time="0.00900000000000034" classname="tabulate_rbmi" name="h_tidy_pool_is_produced_correctly_for_MMRM_case"/>
    <testcase time="0.00199999999999534" classname="tabulate_rbmi" name="h_tidy_pool_is_produced_correctly_for_MMRM_case"/>
    <testcase time="0.00300000000000011" classname="tabulate_rbmi" name="h_tidy_pool_is_produced_correctly_for_MMRM_case"/>
    <testcase time="0.0180000000000007" classname="tabulate_rbmi" name="tidy.pool_is_produced_correctly_for_ANCOVA_case"/>
    <testcase time="0.00900000000000034" classname="tabulate_rbmi" name="tidy.pool_is_produced_correctly_for_MMRM_case"/>
    <testcase time="0.00200000000000244" classname="tabulate_rbmi" name="tidy.pool_is_produced_correctly_for_MMRM_case"/>
    <testcase time="0.00300000000000011" classname="tabulate_rbmi" name="tidy.pool_is_produced_correctly_for_MMRM_case"/>
    <testcase time="0.0159999999999982" classname="tabulate_rbmi" name="s_rbmi_lsmeans_works_with_as_expected_with_.in_ref_col_TRUE"/>
    <testcase time="0.0200000000000031" classname="tabulate_rbmi" name="s_rbmi_lsmeans_works_with_as_expected_with_.in_ref_col_FALSE"/>
    <testcase time="0.0279999999999987" classname="tabulate_rbmi" name="s_rbmi_lsmeans_also_works_with_show_relative_increase"/>
    <testcase time="0.0940000000000012" classname="tabulate_rbmi" name="a_rbmi_lsmeans_works_as_expected_in_table_layout"/>
    <testcase time="0.0659999999999954" classname="tabulate_rbmi" name="a_rbmi_lsmeans_works_as_expected_in_table_layout"/>
  </testsuite>
  <testsuite name="tern_utils_default_stats_formats_labels" timestamp="2025-12-04T13:25:34Z" hostname="d31950739cb9" tests="52" skipped="0" failures="0" errors="0" time="0.27">
    <testcase time="0.0110000000000028" classname="tern_utils_default_stats_formats_labels" name="tern_get_stats_works_as_expected_for_defaults"/>
    <testcase time="0.0069999999999979" classname="tern_utils_default_stats_formats_labels" name="tern_get_stats_works_as_expected_for_defaults"/>
    <testcase time="0.00200000000000244" classname="tern_utils_default_stats_formats_labels" name="tern_get_stats_works_as_expected_for_defaults"/>
    <testcase time="0.00600000000000023" classname="tern_utils_default_stats_formats_labels" name="tern_get_stats_works_as_expected_for_defaults"/>
    <testcase time="0.00200000000000244" classname="tern_utils_default_stats_formats_labels" name="tern_get_stats_works_as_expected_for_defaults"/>
    <testcase time="0.00600000000000023" classname="tern_utils_default_stats_formats_labels" name="tern_get_stats_works_as_expected_for_defaults"/>
    <testcase time="0.00199999999999534" classname="tern_utils_default_stats_formats_labels" name="tern_get_stats_works_as_expected_for_defaults"/>
    <testcase time="0.0069999999999979" classname="tern_utils_default_stats_formats_labels" name="tern_get_stats_works_as_expected_for_defaults"/>
    <testcase time="0.00400000000000489" classname="tern_utils_default_stats_formats_labels" name="tern_get_stats_works_as_expected_for_defaults"/>
    <testcase time="0.00300000000000011" classname="tern_utils_default_stats_formats_labels" name="tern_get_stats_works_as_expected_for_defaults"/>
    <testcase time="0.00300000000000011" classname="tern_utils_default_stats_formats_labels" name="tern_get_stats_works_as_expected_for_defaults"/>
    <testcase time="0.00600000000000023" classname="tern_utils_default_stats_formats_labels" name="tern_get_stats_works_well_with_pval"/>
    <testcase time="0.00300000000000011" classname="tern_utils_default_stats_formats_labels" name="tern_get_stats_works_well_with_pval"/>
    <testcase time="0.00300000000000011" classname="tern_utils_default_stats_formats_labels" name="tern_get_stats_works_well_with_pval"/>
    <testcase time="0.00499999999999545" classname="tern_utils_default_stats_formats_labels" name="tern_get_stats_works_well_with_pval"/>
    <testcase time="0.00400000000000489" classname="tern_utils_default_stats_formats_labels" name="tern_get_stats_works_well_with_pval"/>
    <testcase time="0.00499999999999545" classname="tern_utils_default_stats_formats_labels" name="tern_get_stats_works_well_with_pval"/>
    <testcase time="0.00500000000000256" classname="tern_utils_default_stats_formats_labels" name="tern_get_stats_works_as_expected_for_selection_of_stats"/>
    <testcase time="0.00300000000000011" classname="tern_utils_default_stats_formats_labels" name="tern_get_stats_works_as_expected_for_selection_of_stats"/>
    <testcase time="0.00399999999999778" classname="tern_utils_default_stats_formats_labels" name="tern_get_stats_works_as_expected_for_selection_of_stats"/>
    <testcase time="0.00500000000000256" classname="tern_utils_default_stats_formats_labels" name="tern_get_stats_works_as_expected_for_selection_of_stats"/>
    <testcase time="0.00499999999999545" classname="tern_utils_default_stats_formats_labels" name="tern_get_formats_from_stats_works_as_expected"/>
    <testcase time="0.00300000000000011" classname="tern_utils_default_stats_formats_labels" name="tern_get_formats_from_stats_works_as_expected"/>
    <testcase time="0.00300000000000011" classname="tern_utils_default_stats_formats_labels" name="tern_get_formats_from_stats_works_as_expected"/>
    <testcase time="0.00200000000000244" classname="tern_utils_default_stats_formats_labels" name="tern_get_formats_from_stats_works_as_expected"/>
    <testcase time="0.00300000000000011" classname="tern_utils_default_stats_formats_labels" name="tern_get_formats_from_stats_works_as_expected"/>
    <testcase time="0.00300000000000011" classname="tern_utils_default_stats_formats_labels" name="tern_get_formats_from_stats_works_as_expected"/>
    <testcase time="0.00300000000000011" classname="tern_utils_default_stats_formats_labels" name="tern_get_formats_from_stats_works_as_expected"/>
    <testcase time="0.00300000000000011" classname="tern_utils_default_stats_formats_labels" name="tern_get_formats_from_stats_works_as_expected"/>
    <testcase time="0.00500000000000256" classname="tern_utils_default_stats_formats_labels" name="tern_get_labels_from_stats_works_as_expected"/>
    <testcase time="0.0069999999999979" classname="tern_utils_default_stats_formats_labels" name="tern_get_labels_from_stats_works_as_expected"/>
    <testcase time="0.00300000000000011" classname="tern_utils_default_stats_formats_labels" name="tern_get_labels_from_stats_works_as_expected"/>
    <testcase time="0.00300000000000011" classname="tern_utils_default_stats_formats_labels" name="tern_get_labels_from_stats_works_as_expected"/>
    <testcase time="0.00200000000000244" classname="tern_utils_default_stats_formats_labels" name="tern_get_labels_from_stats_works_as_expected"/>
    <testcase time="0.00300000000000011" classname="tern_utils_default_stats_formats_labels" name="tern_get_labels_from_stats_works_as_expected"/>
    <testcase time="0.00300000000000011" classname="tern_utils_default_stats_formats_labels" name="tern_get_labels_from_stats_works_as_expected"/>
    <testcase time="0.0390000000000015" classname="tern_utils_default_stats_formats_labels" name="tern_get_labels_from_stats_with_labels_in_works_when_adding_levels_to_stats"/>
    <testcase time="0.00900000000000034" classname="tern_utils_default_stats_formats_labels" name="tern_get_labels_from_stats_works_fine_for_cases_with_levels"/>
    <testcase time="0.0069999999999979" classname="tern_utils_default_stats_formats_labels" name="tern_get_indents_from_stats_works_as_expected"/>
    <testcase time="0.00800000000000267" classname="tern_utils_default_stats_formats_labels" name="tern_get_indents_from_stats_works_as_expected"/>
    <testcase time="0.00300000000000011" classname="tern_utils_default_stats_formats_labels" name="tern_get_indents_from_stats_works_as_expected"/>
    <testcase time="0.00300000000000011" classname="tern_utils_default_stats_formats_labels" name="tern_get_indents_from_stats_works_as_expected"/>
    <testcase time="0.00300000000000011" classname="tern_utils_default_stats_formats_labels" name="tern_get_indents_from_stats_works_as_expected"/>
    <testcase time="0.0069999999999979" classname="tern_utils_default_stats_formats_labels" name="tern_get_labels_from_stats_correctly_combines_labels_in_and_label_attr_from_stats"/>
    <testcase time="0.00600000000000023" classname="tern_utils_default_stats_formats_labels" name=".unlist_keep_nulls_works_as_expected_non_recursively"/>
    <testcase time="0.00600000000000023" classname="tern_utils_default_stats_formats_labels" name=".unlist_keep_nulls_works_as_expected_non_recursively_with_NA"/>
    <testcase time="0.00600000000000023" classname="tern_utils_default_stats_formats_labels" name=".split_std_from_custom_stats_works_as_expected_with_a_list"/>
    <testcase time="0.00199999999999534" classname="tern_utils_default_stats_formats_labels" name=".split_std_from_custom_stats_works_as_expected_with_a_list"/>
    <testcase time="0.00200000000000244" classname="tern_utils_default_stats_formats_labels" name=".split_std_from_custom_stats_works_as_expected_with_a_list"/>
    <testcase time="0.0100000000000051" classname="tern_utils_default_stats_formats_labels" name=".split_std_from_custom_stats_works_as_expected_with_a_single_input"/>
    <testcase time="0.00600000000000023" classname="tern_utils_default_stats_formats_labels" name=".apply_stat_functions_works_as_expected_without_custom_stat_functions"/>
    <testcase time="0.00600000000000023" classname="tern_utils_default_stats_formats_labels" name=".apply_stat_functions_works_as_expected_with_custom_stat_functions"/>
  </testsuite>
  <testsuite name="test_proportion_diff" timestamp="2025-12-04T13:25:34Z" hostname="d31950739cb9" tests="32" skipped="0" failures="0" errors="0" time="0.23">
    <testcase time="0.0189999999999984" classname="test_proportion_diff" name="s_test_proportion_diff_works_as_expected"/>
    <testcase time="0.00799999999999557" classname="test_proportion_diff" name="s_test_proportion_diff_works_as_expected"/>
    <testcase time="0.00600000000000023" classname="test_proportion_diff" name="s_test_proportion_diff_works_as_expected"/>
    <testcase time="0.0360000000000014" classname="test_proportion_diff" name="a_test_proportion_diff_works_as_expected_in_table_layout"/>
    <testcase time="0.0290000000000035" classname="test_proportion_diff" name="a_test_proportion_diff_works_as_expected_in_table_layout"/>
    <testcase time="0.0069999999999979" classname="test_proportion_diff" name="prop_chisq_returns_right_result"/>
    <testcase time="0.00600000000000023" classname="test_proportion_diff" name="prop_chisq_returns_right_result"/>
    <testcase time="0.00200000000000244" classname="test_proportion_diff" name="prop_chisq_returns_right_result"/>
    <testcase time="0.00600000000000023" classname="test_proportion_diff" name="prop_chisq_returns_right_result"/>
    <testcase time="0.00199999999999534" classname="test_proportion_diff" name="prop_chisq_returns_right_result"/>
    <testcase time="0.007000000000005" classname="test_proportion_diff" name="prop_chisq_returns_right_result"/>
    <testcase time="0.00499999999999545" classname="test_proportion_diff" name="prop_cmh_returns_right_result"/>
    <testcase time="0.0069999999999979" classname="test_proportion_diff" name="prop_cmh_returns_right_result"/>
    <testcase time="0.00200000000000244" classname="test_proportion_diff" name="prop_cmh_returns_right_result"/>
    <testcase time="0.0069999999999979" classname="test_proportion_diff" name="prop_cmh_returns_right_result"/>
    <testcase time="0.00200000000000244" classname="test_proportion_diff" name="prop_cmh_returns_right_result"/>
    <testcase time="0.0069999999999979" classname="test_proportion_diff" name="prop_cmh_returns_right_result"/>
    <testcase time="0.00900000000000034" classname="test_proportion_diff" name="prop_cmh_also_works_when_there_are_strata_with_just_one_observation"/>
    <testcase time="0.00100000000000477" classname="test_proportion_diff" name="prop_cmh_also_works_when_there_are_strata_with_just_one_observation"/>
    <testcase time="0.0069999999999979" classname="test_proportion_diff" name="prop_cmh_also_works_when_there_are_strata_with_just_one_observation"/>
    <testcase time="0.00500000000000256" classname="test_proportion_diff" name="prop_cmh_also_works_when_there_are_strata_with_just_one_observation"/>
    <testcase time="0.00199999999999534" classname="test_proportion_diff" name="prop_cmh_also_works_when_there_are_strata_with_just_one_observation"/>
    <testcase time="0.00600000000000023" classname="test_proportion_diff" name="prop_cmh_also_works_when_there_are_strata_with_just_one_observation"/>
    <testcase time="0.00600000000000023" classname="test_proportion_diff" name="prop_cmh_also_works_when_there_are_strata_with_just_one_observation"/>
    <testcase time="0.00100000000000477" classname="test_proportion_diff" name="prop_cmh_also_works_when_there_are_strata_with_just_one_observation"/>
    <testcase time="0.00600000000000023" classname="test_proportion_diff" name="prop_cmh_also_works_when_there_are_strata_with_just_one_observation"/>
    <testcase time="0.00600000000000023" classname="test_proportion_diff" name="prop_fisher_returns_right_result"/>
    <testcase time="0.00600000000000023" classname="test_proportion_diff" name="prop_fisher_returns_right_result"/>
    <testcase time="0.00199999999999534" classname="test_proportion_diff" name="prop_fisher_returns_right_result"/>
    <testcase time="0.007000000000005" classname="test_proportion_diff" name="prop_fisher_returns_right_result"/>
    <testcase time="0.00199999999999534" classname="test_proportion_diff" name="prop_fisher_returns_right_result"/>
    <testcase time="0.00600000000000023" classname="test_proportion_diff" name="prop_fisher_returns_right_result"/>
  </testsuite>
  <testsuite name="titles_file" timestamp="2025-12-04T13:25:34Z" hostname="d31950739cb9" tests="6" skipped="0" failures="0" errors="0" time="0.053">
    <testcase time="0.0130000000000052" classname="titles_file" name="title_files_work"/>
    <testcase time="0.00499999999999545" classname="titles_file" name="title_files_work"/>
    <testcase time="0.0240000000000009" classname="titles_file" name="title_files_work"/>
    <testcase time="0.00300000000000011" classname="titles_file" name="title_files_work"/>
    <testcase time="0.00300000000000011" classname="titles_file" name="title_files_work"/>
    <testcase time="0.00500000000000256" classname="titles_file" name="title_files_work"/>
  </testsuite>
  <testsuite name="tt_to_tblfile" timestamp="2025-12-04T13:25:35Z" hostname="d31950739cb9" tests="53" skipped="0" failures="0" errors="0" time="30.405">
    <testcase time="5.203" classname="tt_to_tblfile" name="tt_to_tlgrtf_works_with_input_Table_and_fontspec_size_8"/>
    <testcase time="0.176000000000002" classname="tt_to_tblfile" name="tt_to_tlgrtf_works_with_an_empty_listing"/>
    <testcase time="0.00600000000000023" classname="tt_to_tblfile" name="tt_to_tlgrtf_works_with_an_empty_listing"/>
    <testcase time="0.0120000000000005" classname="tt_to_tblfile" name="get_ncol_works_as_expected"/>
    <testcase time="1.833" classname="tt_to_tblfile" name="get_ncol_works_as_expected"/>
    <testcase time="0.389000000000003" classname="tt_to_tblfile" name="get_ncol_works_as_expected"/>
    <testcase time="0.00300000000000011" classname="tt_to_tblfile" name="get_ncol_works_as_expected"/>
    <testcase time="0.00399999999999778" classname="tt_to_tblfile" name="get_ncol_works_as_expected"/>
    <testcase time="5.559" classname="tt_to_tblfile" name="tt_to_tlgrtf_works_with_wide_table"/>
    <testcase time="0.00100000000000477" classname="tt_to_tblfile" name="tt_to_tlgrtf_works_with_wide_table"/>
    <testcase time="0.00199999999999534" classname="tt_to_tblfile" name="tt_to_tlgrtf_works_with_wide_table"/>
    <testcase time="0.00200000000000955" classname="tt_to_tblfile" name="tt_to_tlgrtf_works_with_wide_table"/>
    <testcase time="0.000999999999990564" classname="tt_to_tblfile" name="tt_to_tlgrtf_works_with_wide_table"/>
    <testcase time="0.00200000000000955" classname="tt_to_tblfile" name="tt_to_tlgrtf_works_with_wide_table"/>
    <testcase time="0.000999999999990564" classname="tt_to_tblfile" name="tt_to_tlgrtf_works_with_wide_table"/>
    <testcase time="0.00200000000000955" classname="tt_to_tblfile" name="tt_to_tlgrtf_works_with_wide_table"/>
    <testcase time="0.000999999999990564" classname="tt_to_tblfile" name="tt_to_tlgrtf_works_with_wide_table"/>
    <testcase time="0.00200000000000955" classname="tt_to_tblfile" name="tt_to_tlgrtf_works_with_wide_table"/>
    <testcase time="0.00199999999999534" classname="tt_to_tblfile" name="tt_to_tlgrtf_works_with_wide_table"/>
    <testcase time="0.00100000000000477" classname="tt_to_tblfile" name="tt_to_tlgrtf_works_with_wide_table"/>
    <testcase time="0.00199999999999534" classname="tt_to_tblfile" name="tt_to_tlgrtf_works_with_wide_table"/>
    <testcase time="0.000999999999990564" classname="tt_to_tblfile" name="tt_to_tlgrtf_works_with_wide_table"/>
    <testcase time="0.00200000000000955" classname="tt_to_tblfile" name="tt_to_tlgrtf_works_with_wide_table"/>
    <testcase time="7.71599999999999" classname="tt_to_tblfile" name="tt_to_tlgrtf_works_with_argument_combined_rtf_TRUE"/>
    <testcase time="0.00200000000000955" classname="tt_to_tblfile" name="tt_to_tlgrtf_works_with_argument_combined_rtf_TRUE"/>
    <testcase time="3.372" classname="tt_to_tblfile" name="tt_to_tlgrtf_works_with_argument_combined_rtf_TRUE"/>
    <testcase time="0.00399999999999068" classname="tt_to_tblfile" name="tt_to_tlgrtf_works_with_argument_combined_rtf_TRUE"/>
    <testcase time="0.100999999999999" classname="tt_to_tblfile" name="tt_to_tlgrtf_works_with_argument_combined_rtf_TRUE"/>
    <testcase time="0.218000000000004" classname="tt_to_tblfile" name="tt_to_tlgrtf_converts_table_tree_to_tlg_without_error"/>
    <testcase time="0.156999999999996" classname="tt_to_tblfile" name="tt_to_tlgrtf_converts_table_tree_to_tlg_without_error"/>
    <testcase time="0.171000000000006" classname="tt_to_tblfile" name="tt_to_tlgrtf_converts_table_tree_to_tlg_without_error"/>
    <testcase time="0.00300000000000011" classname="tt_to_tblfile" name="tt_to_tlgrtf_converts_table_tree_to_tlg_without_error"/>
    <testcase time="0.338999999999999" classname="tt_to_tblfile" name="tt_to_tlgrtf_converts_table_tree_to_tlg_without_error"/>
    <testcase time="0.0600000000000023" classname="tt_to_tblfile" name="tt_to_tlgrtf_converts_table_tree_to_tlg_without_error"/>
    <testcase time="3.733" classname="tt_to_tblfile" name="tt_to_tlgrtf_converts_table_tree_to_tlg_without_error"/>
    <testcase time="0.000999999999990564" classname="tt_to_tblfile" name="tt_to_tlgrtf_converts_table_tree_to_tlg_without_error"/>
    <testcase time="0.00200000000000955" classname="tt_to_tblfile" name="tt_to_tlgrtf_converts_table_tree_to_tlg_without_error"/>
    <testcase time="0.00199999999999534" classname="tt_to_tblfile" name="tt_to_tlgrtf_converts_table_tree_to_tlg_without_error"/>
    <testcase time="0.000999999999990564" classname="tt_to_tblfile" name="tt_to_tlgrtf_converts_table_tree_to_tlg_without_error"/>
    <testcase time="0.00200000000000955" classname="tt_to_tblfile" name="tt_to_tlgrtf_converts_table_tree_to_tlg_without_error"/>
    <testcase time="0.00199999999999534" classname="tt_to_tblfile" name="tt_to_tlgrtf_converts_table_tree_to_tlg_without_error"/>
    <testcase time="0.00600000000000023" classname="tt_to_tblfile" name="cwidths_final_adj_calculates_adjusted_column_widths_correctly"/>
    <testcase time="0.00400000000000489" classname="tt_to_tblfile" name="cwidths_final_adj_calculates_adjusted_column_widths_correctly"/>
    <testcase time="0.00600000000000023" classname="tt_to_tblfile" name="make_bordmat_row_creates_border_matrix_row_correctly"/>
    <testcase time="0.000999999999990564" classname="tt_to_tblfile" name="make_bordmat_row_creates_border_matrix_row_correctly"/>
    <testcase time="0.00300000000000011" classname="tt_to_tblfile" name="make_bordmat_row_creates_border_matrix_row_correctly"/>
    <testcase time="0.221000000000004" classname="tt_to_tblfile" name="tt_to_tlgrtf_validates_table_structure_correctly"/>
    <testcase time="0.167000000000002" classname="tt_to_tblfile" name="tt_to_tlgrtf_validates_table_structure_correctly"/>
    <testcase time="0.162000000000006" classname="tt_to_tblfile" name="tt_to_tlgrtf_validates_table_structure_correctly"/>
    <testcase time="0.222999999999999" classname="tt_to_tblfile" name="tt_to_tlgrtf_does_not_warn_for_valid_table_structures"/>
    <testcase time="0.218999999999994" classname="tt_to_tblfile" name="tt_to_tlgrtf_respects_JUNCO_DISABLE_VALIDATION_environment_variable"/>
    <testcase time="0.296999999999997" classname="tt_to_tblfile" name="more_top_left_than_col_headers_works"/>
    <testcase time="0.00300000000000011" classname="tt_to_tblfile" name="more_top_left_than_col_headers_works"/>
  </testsuite>
  <testsuite name="varia" timestamp="2025-12-04T13:26:05Z" hostname="d31950739cb9" tests="16" skipped="0" failures="0" errors="0" time="2.575">
    <testcase time="0.0490000000000066" classname="varia" name="a_freq_j_works_old_count_unq_case_"/>
    <testcase time="0.0379999999999967" classname="varia" name="a_freq_j_works_old_count_unq_case_"/>
    <testcase time="0.152000000000001" classname="varia" name="a_freq_subcol_j_works_old_case_of_cpct_subcol_"/>
    <testcase time="0.540000000000006" classname="varia" name="a_freq_combos_j_old_cpct_filter_combos_case_works"/>
    <testcase time="0.634" classname="varia" name="_a_freq_j_works"/>
    <testcase time="0.220999999999989" classname="varia" name="a_freq_j_works_old_count_subject_case_"/>
    <testcase time="0.504000000000005" classname="varia" name="a_freq_j_works_old_count_subject_case_"/>
    <testcase time="0.00900000000000034" classname="varia" name="a_freq_j_works_old_count_subject_case_"/>
    <testcase time="0.00900000000000034" classname="varia" name="a_freq_j_works_old_count_subject_case_"/>
    <testcase time="0.0699999999999932" classname="varia" name="_a_freq_j_works"/>
    <testcase time="0.0960000000000036" classname="varia" name="a_freq_j_works_old_a_countpat_newlevels_case_"/>
    <testcase time="0.0120000000000005" classname="varia" name="a_freq_j_works_old_a_countpat_newlevels_case_"/>
    <testcase time="0.00300000000000011" classname="varia" name="a_freq_j_works_old_a_countpat_newlevels_case_"/>
    <testcase time="0.180999999999997" classname="varia" name="a_summarize_ex_j_works"/>
    <testcase time="0.0250000000000057" classname="varia" name="a_summarize_ex_j_works"/>
    <testcase time="0.0319999999999965" classname="varia" name="a_summarize_ex_j_works"/>
  </testsuite>
  <testsuite name="visit_levels" timestamp="2025-12-04T13:26:07Z" hostname="d31950739cb9" tests="8" skipped="0" failures="0" errors="0" time="0.048">
    <testcase time="0.0109999999999957" classname="visit_levels" name="get_visit_levels_returns_visit_levels_in_correct_order"/>
    <testcase time="0.00300000000000011" classname="visit_levels" name="get_visit_levels_returns_visit_levels_in_correct_order"/>
    <testcase time="0.00300000000000011" classname="visit_levels" name="get_visit_levels_returns_visit_levels_in_correct_order"/>
    <testcase time="0.00300000000000011" classname="visit_levels" name="get_visit_levels_returns_visit_levels_in_correct_order"/>
    <testcase time="0.00799999999999557" classname="visit_levels" name="get_visit_levels_validates_input_correctly"/>
    <testcase time="0.00500000000000966" classname="visit_levels" name="get_visit_levels_validates_input_correctly"/>
    <testcase time="0.00300000000000011" classname="visit_levels" name="get_visit_levels_validates_input_correctly"/>
    <testcase time="0.0120000000000005" classname="visit_levels" name="get_visit_levels_validates_input_correctly"/>
  </testsuite>
</testsuites>
