<?xml version="1.0" encoding="UTF-8"?>
<testsuites>
  <testsuite name="a_freq_resp_var_j" timestamp="2025-12-01T14:42:25Z" hostname="2cb315307213" tests="8" skipped="0" failures="0" errors="0" time="0.563">
    <testcase time="0.171" classname="a_freq_resp_var_j" name="a_freq_resp_var_j_works_as_expected_with_basic_usage"/>
    <testcase time="0.097" classname="a_freq_resp_var_j" name="a_freq_resp_var_j_works_as_expected_with_basic_usage"/>
    <testcase time="0.00900000000000034" classname="a_freq_resp_var_j" name="a_freq_resp_var_j_works_as_expected_with_basic_usage"/>
    <testcase time="0.0679999999999996" classname="a_freq_resp_var_j" name="a_freq_resp_var_j_works_with_factor_responses"/>
    <testcase time="0.0700000000000003" classname="a_freq_resp_var_j" name="a_freq_resp_var_j_handles_missing_values_correctly"/>
    <testcase time="0.044" classname="a_freq_resp_var_j" name="a_freq_resp_var_j_errors_on_invalid_responses"/>
    <testcase time="0.0449999999999999" classname="a_freq_resp_var_j" name="a_freq_resp_var_j_errors_when_resp_var_is_null"/>
    <testcase time="0.0589999999999997" classname="a_freq_resp_var_j" name="a_freq_resp_var_j_works_with_drop_levels_parameter"/>
  </testsuite>
  <testsuite name="a_summarize_aval_chg_diff" timestamp="2025-12-01T14:42:25Z" hostname="2cb315307213" tests="7" skipped="0" failures="0" errors="0" time="0.447">
    <testcase time="0.0310000000000001" classname="a_summarize_aval_chg_diff" name="a_summarize_aval_chg_diff_j_works_as_expected"/>
    <testcase time="0.183" classname="a_summarize_aval_chg_diff" name="a_summarize_aval_chg_diff_j_works_as_expected"/>
    <testcase time="0.00199999999999978" classname="a_summarize_aval_chg_diff" name="a_summarize_aval_chg_diff_j_works_as_expected"/>
    <testcase time="0.004" classname="a_summarize_aval_chg_diff" name="a_summarize_aval_chg_diff_j_works_as_expected"/>
    <testcase time="0.222" classname="a_summarize_aval_chg_diff" name="a_summarize_aval_chg_diff_j_works_with_ancova_TRUE"/>
    <testcase time="0.00099999999999989" classname="a_summarize_aval_chg_diff" name="a_summarize_aval_chg_diff_j_works_with_ancova_TRUE"/>
    <testcase time="0.004" classname="a_summarize_aval_chg_diff" name="a_summarize_aval_chg_diff_j_works_with_ancova_TRUE"/>
  </testsuite>
  <testsuite name="analyze_values" timestamp="2025-12-01T14:42:26Z" hostname="2cb315307213" tests="7" skipped="0" failures="0" errors="0" time="0.12">
    <testcase time="0.0270000000000001" classname="analyze_values" name="analyze_values_correctly_modifies_layout_with_proper_formats"/>
    <testcase time="0.0800000000000001" classname="analyze_values" name="analyze_values_correctly_modifies_layout_with_proper_formats"/>
    <testcase time="0.00300000000000011" classname="analyze_values" name="analyze_values_correctly_modifies_layout_with_proper_formats"/>
    <testcase time="0.00199999999999978" classname="analyze_values" name="analyze_values_correctly_modifies_layout_with_proper_formats"/>
    <testcase time="0.00300000000000011" classname="analyze_values" name="analyze_values_correctly_modifies_layout_with_proper_formats"/>
    <testcase time="0.00300000000000011" classname="analyze_values" name="analyze_values_correctly_modifies_layout_with_proper_formats"/>
    <testcase time="0.00199999999999978" classname="analyze_values" name="analyze_values_correctly_modifies_layout_with_proper_formats"/>
  </testsuite>
  <testsuite name="ancova" timestamp="2025-12-01T14:42:26Z" hostname="2cb315307213" tests="3" skipped="1" failures="0" errors="0" time="0.423">
    <testcase time="0.236" classname="ancova" name="fit_ancova_works_as_expected"/>
    <testcase time="0.00299999999999967" classname="ancova" name="fit_ancova_works_as_expected"/>
    <testcase time="0.184" classname="ancova" name="fit_ancova_works_as_expected">
      <skipped message="Reason: On CRAN ('test-ancova.R:4:1')"/>
    </testcase>
    <testcase time="0.0379999999999998" classname="character(0)" name="_unnamed_">
      <skipped message="Reason: requireNamespace(pkg, quietly = TRUE) is not TRUE ('test-ancova_rbmi.R:6:1')"/>
    </testcase>
  </testsuite>
  <testsuite name="blank_line" timestamp="2025-12-01T14:42:26Z" hostname="2cb315307213" tests="16" skipped="2" failures="0" errors="0" time="0.811">
    <testcase time="0.265" classname="blank_line" name="insert_blank_line_works_as_expected"/>
    <testcase time="0.135" classname="blank_line" name="insert_blank_line_works_as_expected">
      <skipped message="Reason: On CRAN ('test-blank_line.R:1:1')"/>
    </testcase>
    <testcase time="0.239" classname="blank_line" name="insert_blank_line_optionally_uses_custom_table_names"/>
    <testcase time="0.114" classname="blank_line" name="insert_blank_line_optionally_uses_custom_table_names"/>
    <testcase time="0.00300000000000011" classname="blank_line" name="insert_blank_line_optionally_uses_custom_table_names"/>
    <testcase time="0.00199999999999978" classname="blank_line" name="insert_blank_line_optionally_uses_custom_table_names"/>
    <testcase time="0.00300000000000011" classname="blank_line" name="insert_blank_line_optionally_uses_custom_table_names"/>
    <testcase time="0.00300000000000011" classname="blank_line" name="insert_blank_line_optionally_uses_custom_table_names"/>
    <testcase time="0.00199999999999978" classname="blank_line" name="insert_blank_line_optionally_uses_custom_table_names"/>
    <testcase time="0.00100000000000033" classname="blank_line" name="insert_blank_line_optionally_uses_custom_table_names"/>
    <testcase time="0.00199999999999978" classname="blank_line" name="insert_blank_line_optionally_uses_custom_table_names"/>
    <testcase time="0.00100000000000033" classname="blank_line" name="insert_blank_line_optionally_uses_custom_table_names"/>
    <testcase time="0.000999999999999446" classname="blank_line" name="insert_blank_line_optionally_uses_custom_table_names"/>
    <testcase time="0.00100000000000033" classname="blank_line" name="insert_blank_line_optionally_uses_custom_table_names"/>
    <testcase time="0.00100000000000033" classname="blank_line" name="insert_blank_line_optionally_uses_custom_table_names"/>
  </testsuite>
  <testsuite name="cmp_functions" timestamp="2025-12-01T14:42:27Z" hostname="2cb315307213" tests="4" skipped="4" failures="0" errors="0" time="0.262">
    <testcase time="0.197" classname="cmp_functions" name="cmp_split_fun_works_as_expected">
      <skipped message="Reason: On CRAN ('test-cmp_functions.R:1:1')"/>
    </testcase>
    <testcase time="0.0189999999999992" classname="cmp_functions" name="cmp_cfun_works_correctly_for_expected_column">
      <skipped message="Reason: On CRAN ('test-cmp_functions.R:8:1')"/>
    </testcase>
    <testcase time="0.0260000000000007" classname="cmp_functions" name="cmp_cfun_works_correctly_for_received_column">
      <skipped message="Reason: On CRAN ('test-cmp_functions.R:23:1')"/>
    </testcase>
    <testcase time="0.0199999999999996" classname="cmp_functions" name="cmp_cfun_works_correctly_for_missing_column">
      <skipped message="Reason: On CRAN ('test-cmp_functions.R:41:1')"/>
    </testcase>
  </testsuite>
  <testsuite name="column_stats" timestamp="2025-12-01T14:42:27Z" hostname="2cb315307213" tests="35" skipped="0" failures="0" errors="0" time="0.166">
    <testcase time="0.0200000000000005" classname="column_stats" name="column_stats_returns_correct_row_values_for_AVAL_mean"/>
    <testcase time="0.00299999999999923" classname="column_stats" name="column_stats_returns_correct_row_values_for_AVAL_mean"/>
    <testcase time="0.00300000000000011" classname="column_stats" name="column_stats_returns_correct_row_values_for_AVAL_mean"/>
    <testcase time="0.00100000000000033" classname="column_stats" name="column_stats_returns_correct_row_values_for_AVAL_mean"/>
    <testcase time="0.00199999999999978" classname="column_stats" name="column_stats_returns_correct_row_values_for_AVAL_mean"/>
    <testcase time="0.00100000000000033" classname="column_stats" name="column_stats_returns_correct_row_values_for_AVAL_mean"/>
    <testcase time="0.00600000000000023" classname="column_stats" name="column_stats_excludes_Baseline_for_CHG_stat_N"/>
    <testcase time="0.00199999999999978" classname="column_stats" name="column_stats_excludes_Baseline_for_CHG_stat_N"/>
    <testcase time="0.00300000000000011" classname="column_stats" name="column_stats_excludes_Baseline_for_CHG_stat_N"/>
    <testcase time="0.000999999999999446" classname="column_stats" name="column_stats_excludes_Baseline_for_CHG_stat_N"/>
    <testcase time="0.00300000000000011" classname="column_stats" name="column_stats_excludes_Baseline_for_CHG_stat_N"/>
    <testcase time="0.00700000000000056" classname="column_stats" name="column_stats_calculates_SD_statistic_correctly"/>
    <testcase time="0.00599999999999934" classname="column_stats" name="column_stats_calculates_SE_statistic_correctly"/>
    <testcase time="0.00700000000000056" classname="column_stats" name="column_stats_calculates_Med_Min_Max_correctly"/>
    <testcase time="0.00399999999999956" classname="column_stats" name="column_stats_calculates_Med_Min_Max_correctly"/>
    <testcase time="0.00300000000000011" classname="column_stats" name="column_stats_calculates_Med_Min_Max_correctly"/>
    <testcase time="0.00699999999999967" classname="column_stats" name="column_stats_handles_BASE_variable_correctly"/>
    <testcase time="0.00200000000000067" classname="column_stats" name="column_stats_handles_BASE_variable_correctly"/>
    <testcase time="0.00599999999999934" classname="column_stats" name="column_stats_handles_iec_roundmethod_correctly"/>
    <testcase time="0.00300000000000011" classname="column_stats" name="column_stats_handles_iec_roundmethod_correctly"/>
    <testcase time="0.00700000000000056" classname="column_stats" name="column_N_function_works_correctly"/>
    <testcase time="0.00199999999999978" classname="column_stats" name="column_N_function_works_correctly"/>
    <testcase time="0.00800000000000001" classname="column_stats" name="postfun_cog_works_correctly"/>
    <testcase time="0.00300000000000011" classname="column_stats" name="postfun_cog_works_correctly"/>
    <testcase time="0.00300000000000011" classname="column_stats" name="postfun_cog_works_correctly"/>
    <testcase time="0.00699999999999967" classname="column_stats" name="postfun_eq5d_works_correctly"/>
    <testcase time="0.00300000000000011" classname="column_stats" name="postfun_eq5d_works_correctly"/>
    <testcase time="0.00300000000000011" classname="column_stats" name="postfun_eq5d_works_correctly"/>
    <testcase time="0.00499999999999989" classname="column_stats" name="postfun_eq5d_works_correctly"/>
    <testcase time="0.00300000000000011" classname="column_stats" name="postfun_eq5d_works_correctly"/>
    <testcase time="0.00399999999999956" classname="column_stats" name="postfun_eq5d_works_correctly"/>
    <testcase time="0.00300000000000011" classname="column_stats" name="postfun_eq5d_works_correctly"/>
    <testcase time="0.00800000000000001" classname="column_stats" name="postfun_cog_and_postfun_eq5d_handle_error_cases"/>
    <testcase time="0.00499999999999989" classname="column_stats" name="postfun_cog_and_postfun_eq5d_handle_error_cases"/>
    <testcase time="0.0120000000000005" classname="column_stats" name="calc_N_returns_NULL_for_non_AVAL_variables"/>
  </testsuite>
  <testsuite name="count_pct" timestamp="2025-12-01T14:42:28Z" hostname="2cb315307213" tests="12" skipped="10" failures="0" errors="0" time="7.016">
    <testcase time="0.559" classname="count_pct" name="a_freq_j_with_val_NA_and_denom_option">
      <skipped message="Reason: On CRAN ('test-count_pct.R:10:1')"/>
    </testcase>
    <testcase time="0.315" classname="count_pct" name="a_freq_j_with_specific_val_CHN_and_denom_option">
      <skipped message="Reason: On CRAN ('test-count_pct.R:48:1')"/>
    </testcase>
    <testcase time="0.284" classname="count_pct" name="a_freq_j_with_N_only">
      <skipped message="Reason: On CRAN ('test-count_pct.R:89:1')"/>
    </testcase>
    <testcase time="0.343" classname="count_pct" name="a_freq_j_with_TotCol_only">
      <skipped message="Reason: On CRAN ('test-count_pct.R:112:1')"/>
    </testcase>
    <testcase time="2.01" classname="count_pct" name="a_freq_j_as_cfun">
      <skipped message="Reason: On CRAN ('test-count_pct.R:133:1')"/>
    </testcase>
    <testcase time="0.224" classname="count_pct" name="a_freq_j_with_label_map">
      <skipped message="Reason: On CRAN ('test-count_pct.R:185:1')"/>
    </testcase>
    <testcase time="0.497" classname="count_pct" name="a_freq_j_old_count_pats_case_">
      <skipped message="Reason: On CRAN ('test-count_pct.R:228:1')"/>
    </testcase>
    <testcase time="1.451" classname="count_pct" name="a_freq_j_with_N_subgroup_as_denom">
      <skipped message="Reason: On CRAN ('test-count_pct.R:267:1')"/>
    </testcase>
    <testcase time="1.205" classname="count_pct" name="a_freq_j_with_N_trt_as_denom_special_situation"/>
    <testcase time="0.00100000000000122" classname="count_pct" name="a_freq_j_with_N_trt_as_denom_special_situation">
      <skipped message="Reason: On CRAN ('test-count_pct.R:311:1')"/>
    </testcase>
    <testcase time="0.125999999999999" classname="count_pct" name="a_freq_j_with_keep_levels_CHN_NGA_"/>
    <testcase time="0.000999999999999446" classname="count_pct" name="a_freq_j_with_keep_levels_CHN_NGA_">
      <skipped message="Reason: On CRAN ('test-count_pct.R:453:1')"/>
    </testcase>
  </testsuite>
  <testsuite name="count_pct_relrisk" timestamp="2025-12-01T14:42:35Z" hostname="2cb315307213" tests="14" skipped="0" failures="0" errors="0" time="3.03">
    <testcase time="0.247" classname="count_pct_relrisk" name="a_freq_j_with_val_NA_and_denom_option"/>
    <testcase time="0.00300000000000011" classname="count_pct_relrisk" name="a_freq_j_with_val_NA_and_denom_option"/>
    <testcase time="0.212000000000002" classname="count_pct_relrisk" name="a_freq_j_with_val_NA_and_denom_option"/>
    <testcase time="0.0129999999999999" classname="count_pct_relrisk" name="a_freq_j_with_val_NA_and_denom_option"/>
    <testcase time="0.202999999999999" classname="count_pct_relrisk" name="a_freq_j_with_val_NA_and_denom_option"/>
    <testcase time="0.00300000000000011" classname="count_pct_relrisk" name="a_freq_j_with_val_NA_and_denom_option"/>
    <testcase time="0.211" classname="count_pct_relrisk" name="a_freq_j_with_risk_difference_method_cmh"/>
    <testcase time="0.00699999999999967" classname="count_pct_relrisk" name="a_freq_j_with_risk_difference_method_cmh"/>
    <testcase time="0.702999999999999" classname="count_pct_relrisk" name="a_freq_j_with_N_subgroup_as_denom"/>
    <testcase time="0.00200000000000067" classname="count_pct_relrisk" name="a_freq_j_with_N_subgroup_as_denom"/>
    <testcase time="0.722999999999999" classname="count_pct_relrisk" name="a_freq_j_with_N_subgroup_as_denom"/>
    <testcase time="0.00300000000000011" classname="count_pct_relrisk" name="a_freq_j_with_N_subgroup_as_denom"/>
    <testcase time="0.697000000000001" classname="count_pct_relrisk" name="a_freq_j_with_N_subgroup_as_denom"/>
    <testcase time="0.00300000000000011" classname="count_pct_relrisk" name="a_freq_j_with_N_subgroup_as_denom"/>
  </testsuite>
  <testsuite name="coxph_hr" timestamp="2025-12-01T14:42:38Z" hostname="2cb315307213" tests="8" skipped="3" failures="0" errors="0" time="0.489">
    <testcase time="0.0299999999999994" classname="coxph_hr" name="s_coxph_hr_works_with_default_arguments_and_no_stratification_factors"/>
    <testcase time="0.0129999999999999" classname="coxph_hr" name="s_coxph_hr_works_with_default_arguments_and_no_stratification_factors"/>
    <testcase time="0.216000000000001" classname="coxph_hr" name="s_coxph_hr_works_with_default_arguments_and_no_stratification_factors"/>
    <testcase time="0.00199999999999889" classname="coxph_hr" name="s_coxph_hr_works_with_default_arguments_and_no_stratification_factors">
      <skipped message="Reason: On CRAN ('test-coxph_hr.R:5:1')"/>
    </testcase>
    <testcase time="0.072000000000001" classname="coxph_hr" name="a_coxph_hr_works_with_custom_arguments_and_stratification_factors"/>
    <testcase time="0.0389999999999997" classname="coxph_hr" name="a_coxph_hr_works_with_custom_arguments_and_stratification_factors">
      <skipped message="Reason: On CRAN ('test-coxph_hr.R:48:1')"/>
    </testcase>
    <testcase time="0.0719999999999992" classname="coxph_hr" name="a_coxph_hr_works_with_stratification_factors_for_Log_Rank_test"/>
    <testcase time="0.0449999999999999" classname="coxph_hr" name="a_coxph_hr_works_with_stratification_factors_for_Log_Rank_test">
      <skipped message="Reason: On CRAN ('test-coxph_hr.R:79:1')"/>
    </testcase>
  </testsuite>
  <testsuite name="coxreg_multivar" timestamp="2025-12-01T14:42:38Z" hostname="2cb315307213" tests="13" skipped="6" failures="0" errors="0" time="1.456">
    <testcase time="0.0780000000000012" classname="coxreg_multivar" name="h_extract_coxreg_multivar_works_as_expected"/>
    <testcase time="0.173999999999999" classname="coxreg_multivar" name="tefos03_first_split_fun_works_as_expected"/>
    <testcase time="0.0299999999999994" classname="coxreg_multivar" name="tefos03_first_split_fun_works_as_expected">
      <skipped message="Reason: On CRAN ('test-coxreg_multivar.R:29:1')"/>
    </testcase>
    <testcase time="0.395000000000001" classname="coxreg_multivar" name="tefos03_second_split_fun_fct_works_as_expected"/>
    <testcase time="0.0459999999999994" classname="coxreg_multivar" name="tefos03_second_split_fun_fct_works_as_expected">
      <skipped message="Reason: On CRAN ('test-coxreg_multivar.R:37:1')"/>
    </testcase>
    <testcase time="0.0330000000000013" classname="coxreg_multivar" name="tefos03_afun_works_as_expected"/>
    <testcase time="0.0069999999999979" classname="coxreg_multivar" name="tefos03_afun_works_as_expected">
      <skipped message="Reason: On CRAN ('test-coxreg_multivar.R:47:1')"/>
    </testcase>
    <testcase time="0.140000000000001" classname="coxreg_multivar" name="summarize_coxreg_multivar_works_as_expected_with_defaults"/>
    <testcase time="0.0640000000000001" classname="coxreg_multivar" name="summarize_coxreg_multivar_works_as_expected_with_defaults">
      <skipped message="Reason: On CRAN ('test-coxreg_multivar.R:76:1')"/>
    </testcase>
    <testcase time="0.0949999999999989" classname="coxreg_multivar" name="summarize_coxreg_multivar_works_as_expected_with_custom_options"/>
    <testcase time="0.0650000000000013" classname="coxreg_multivar" name="summarize_coxreg_multivar_works_as_expected_with_custom_options">
      <skipped message="Reason: On CRAN ('test-coxreg_multivar.R:94:1')"/>
    </testcase>
    <testcase time="0.218999999999998" classname="coxreg_multivar" name="summarize_coxreg_multivar_works_with_row_splits"/>
    <testcase time="0.109999999999999" classname="coxreg_multivar" name="summarize_coxreg_multivar_works_with_row_splits">
      <skipped message="Reason: On CRAN ('test-coxreg_multivar.R:123:1')"/>
    </testcase>
  </testsuite>
  <testsuite name="estimate_proportion_diff" timestamp="2025-12-01T14:42:40Z" hostname="2cb315307213" tests="5" skipped="2" failures="0" errors="0" time="0.119">
    <testcase time="0.0200000000000031" classname="estimate_proportion_diff" name="s_proportion_diff_j_works_as_expected"/>
    <testcase time="0.0129999999999981" classname="estimate_proportion_diff" name="s_proportion_diff_j_works_as_expected"/>
    <testcase time="0.0150000000000006" classname="estimate_proportion_diff" name="s_proportion_diff_j_works_as_expected">
      <skipped message="Reason: On CRAN ('test-estimate_proportion_diff.R:1:1')"/>
    </testcase>
    <testcase time="0.0420000000000016" classname="estimate_proportion_diff" name="a_proportion_diff_j_works_as_expected_in_a_table_layout"/>
    <testcase time="0.0289999999999999" classname="estimate_proportion_diff" name="a_proportion_diff_j_works_as_expected_in_a_table_layout">
      <skipped message="Reason: On CRAN ('test-estimate_proportion_diff.R:36:1')"/>
    </testcase>
  </testsuite>
  <testsuite name="event_free" timestamp="2025-12-01T14:42:40Z" hostname="2cb315307213" tests="8" skipped="4" failures="0" errors="0" time="0.358">
    <testcase time="0.0269999999999975" classname="event_free" name="s_event_free_works_with_default_arguments"/>
    <testcase time="0.00500000000000256" classname="event_free" name="s_event_free_works_with_default_arguments">
      <skipped message="Reason: On CRAN ('test-event_free.R:1:1')"/>
    </testcase>
    <testcase time="0.0189999999999984" classname="event_free" name="s_event_free_works_with_percent_format"/>
    <testcase time="0.00499999999999901" classname="event_free" name="s_event_free_works_with_percent_format">
      <skipped message="Reason: On CRAN ('test-event_free.R:21:1')"/>
    </testcase>
    <testcase time="0.106999999999999" classname="event_free" name="a_event_free_works_with_default_arguments_in_a_table_layout"/>
    <testcase time="0.0440000000000005" classname="event_free" name="a_event_free_works_with_default_arguments_in_a_table_layout">
      <skipped message="Reason: On CRAN ('test-event_free.R:42:1')"/>
    </testcase>
    <testcase time="0.102" classname="event_free" name="a_event_free_works_with_customized_arguments_in_a_table_layout"/>
    <testcase time="0.0489999999999995" classname="event_free" name="a_event_free_works_with_customized_arguments_in_a_table_layout">
      <skipped message="Reason: On CRAN ('test-event_free.R:74:1')"/>
    </testcase>
  </testsuite>
  <testsuite name="get_ref_info" timestamp="2025-12-01T14:42:40Z" hostname="2cb315307213" tests="3" skipped="2" failures="0" errors="0" time="0.428">
    <testcase time="0.168000000000003" classname="get_ref_info" name="get_ref_info_works_with_a_df_analysis_function">
      <skipped message="Reason: On CRAN ('test-get_ref_info.R:6:1')"/>
    </testcase>
    <testcase time="0.259" classname="get_ref_info" name="get_ref_info_works_with_a_vector_analysis_function"/>
    <testcase time="0.000999999999997669" classname="get_ref_info" name="get_ref_info_works_with_a_vector_analysis_function">
      <skipped message="Reason: On CRAN ('test-get_ref_info.R:77:1')"/>
    </testcase>
  </testsuite>
  <testsuite name="h_freq_funs" timestamp="2025-12-01T14:42:41Z" hostname="2cb315307213" tests="18" skipped="0" failures="0" errors="0" time="0.091">
    <testcase time="0.0190000000000019" classname="h_freq_funs" name="h_update_factor_works_correctly"/>
    <testcase time="0.00300000000000011" classname="h_freq_funs" name="h_update_factor_works_correctly"/>
    <testcase time="0.00300000000000011" classname="h_freq_funs" name="h_update_factor_works_correctly"/>
    <testcase time="0.00600000000000023" classname="h_freq_funs" name="h_df_add_newlevels_works_correctly"/>
    <testcase time="0.00399999999999778" classname="h_freq_funs" name="h_df_add_newlevels_works_correctly"/>
    <testcase time="0.00300000000000011" classname="h_freq_funs" name="h_df_add_newlevels_works_correctly"/>
    <testcase time="0.00300000000000011" classname="h_freq_funs" name="h_df_add_newlevels_works_correctly"/>
    <testcase time="0.00300000000000011" classname="h_freq_funs" name="h_df_add_newlevels_works_correctly"/>
    <testcase time="0.00499999999999901" classname="h_freq_funs" name="h_colexpr_substr_works_correctly"/>
    <testcase time="0.00300000000000011" classname="h_freq_funs" name="h_colexpr_substr_works_correctly"/>
    <testcase time="0.00300000000000011" classname="h_freq_funs" name="h_colexpr_substr_works_correctly"/>
    <testcase time="0.00500000000000256" classname="h_freq_funs" name="h_get_label_map_works_correctly"/>
    <testcase time="0.00300000000000011" classname="h_freq_funs" name="h_get_label_map_works_correctly"/>
    <testcase time="0.00799999999999912" classname="h_freq_funs" name="h_subset_combo_works_correctly"/>
    <testcase time="0.00399999999999778" classname="h_freq_funs" name="h_subset_combo_works_correctly"/>
    <testcase time="0.00400000000000134" classname="h_freq_funs" name="h_subset_combo_works_correctly"/>
    <testcase time="0.00300000000000011" classname="h_freq_funs" name="h_subset_combo_works_correctly"/>
    <testcase time="0.00900000000000034" classname="h_freq_funs" name="h_subset_combo_works_correctly"/>
  </testsuite>
  <testsuite name="jjcs_num_formats" timestamp="2025-12-01T14:42:41Z" hostname="2cb315307213" tests="9" skipped="3" failures="0" errors="0" time="0.61">
    <testcase time="0.0350000000000001" classname="jjcs_num_formats" name="jjcs_num_formats_works"/>
    <testcase time="0.00499999999999901" classname="jjcs_num_formats" name="jjcs_num_formats_works"/>
    <testcase time="0.257999999999999" classname="jjcs_num_formats" name="jjcs_num_formats_works"/>
    <testcase time="0.00600000000000023" classname="jjcs_num_formats" name="jjcs_num_formats_works"/>
    <testcase time="0.0120000000000005" classname="jjcs_num_formats" name="jjcs_num_formats_works"/>
    <testcase time="0.0250000000000021" classname="jjcs_num_formats" name="jjcs_num_formats_works">
      <skipped message="Reason: On CRAN ('test-jjcs_num_formats.R:10:1')"/>
    </testcase>
    <testcase time="0.0330000000000013" classname="jjcs_num_formats" name="jjcsformats_NA_works"/>
    <testcase time="0.126999999999999" classname="jjcs_num_formats" name="jjcsformats_NA_works">
      <skipped message="Reason: On CRAN ('test-jjcs_num_formats.R:120:1')"/>
    </testcase>
    <testcase time="0.109000000000002" classname="jjcs_num_formats" name="jjcsformats_count_fraction_works">
      <skipped message="Reason: On CRAN ('test-jjcs_num_formats.R:204:1')"/>
    </testcase>
  </testsuite>
  <testsuite name="jjcsformats" timestamp="2025-12-01T14:42:41Z" hostname="2cb315307213" tests="14" skipped="3" failures="0" errors="0" time="0.411">
    <testcase time="0.262" classname="jjcsformats" name="jjjcs_formats_work">
      <skipped message="Reason: On CRAN ('test-jjcsformats.R:12:1')"/>
    </testcase>
    <testcase time="0.014999999999997" classname="jjcsformats" name="roundmethod_support_works"/>
    <testcase time="0.00300000000000011" classname="jjcsformats" name="roundmethod_support_works"/>
    <testcase time="0.00300000000000011" classname="jjcsformats" name="roundmethod_support_works"/>
    <testcase time="0.00300000000000011" classname="jjcsformats" name="roundmethod_support_works"/>
    <testcase time="0.00300000000000011" classname="jjcsformats" name="roundmethod_support_works"/>
    <testcase time="0.00300000000000011" classname="jjcsformats" name="roundmethod_support_works"/>
    <testcase time="0.00300000000000011" classname="jjcsformats" name="roundmethod_support_works"/>
    <testcase time="0.00300000000000011" classname="jjcsformats" name="roundmethod_support_works"/>
    <testcase time="0.00199999999999889" classname="jjcsformats" name="roundmethod_support_works"/>
    <testcase time="0.0300000000000011" classname="jjcsformats" name="jjcsformat_range_fct_is_formatting_ranges_as_expected">
      <skipped message="Reason: On CRAN ('test-jjcsformats.R:155:1')"/>
    </testcase>
    <testcase time="0.0609999999999999" classname="jjcsformats" name="jjcsformat_pval_fct_works">
      <skipped message="Reason: On CRAN ('test-jjcsformats.R:165:1')"/>
    </testcase>
    <testcase time="0.0139999999999993" classname="jjcsformats" name="jjcsformat_xx_works_also_for_empty_cells"/>
    <testcase time="0.00600000000000023" classname="jjcsformats" name="jjcsformat_xx_works_also_for_cells_with_0_length_vectors"/>
  </testsuite>
  <testsuite name="junco_utils_default_stats_formats_labels" timestamp="2025-12-01T14:42:42Z" hostname="2cb315307213" tests="6" skipped="5" failures="0" errors="0" time="0.082">
    <testcase time="0.0130000000000017" classname="junco_utils_default_stats_formats_labels" name="get_stats_works_as_expected">
      <skipped message="Reason: On CRAN ('test-junco_utils_default_stats_formats_labels.R:6:1')"/>
    </testcase>
    <testcase time="0.0169999999999995" classname="junco_utils_default_stats_formats_labels" name="get_formats_from_stats_works_as_expected">
      <skipped message="Reason: On CRAN ('test-junco_utils_default_stats_formats_labels.R:11:1')"/>
    </testcase>
    <testcase time="0.0169999999999995" classname="junco_utils_default_stats_formats_labels" name="get_labels_from_stats_works_as_expected">
      <skipped message="Reason: On CRAN ('test-junco_utils_default_stats_formats_labels.R:21:1')"/>
    </testcase>
    <testcase time="0.0130000000000017" classname="junco_utils_default_stats_formats_labels" name="get_label_attr_from_stats_works_as_expected"/>
    <testcase time="0.00499999999999901" classname="junco_utils_default_stats_formats_labels" name="get_label_attr_from_stats_works_as_expected">
      <skipped message="Reason: On CRAN ('test-junco_utils_default_stats_formats_labels.R:27:1')"/>
    </testcase>
    <testcase time="0.0169999999999995" classname="junco_utils_default_stats_formats_labels" name="get_indents_from_stats_works_as_expected">
      <skipped message="Reason: On CRAN ('test-junco_utils_default_stats_formats_labels.R:36:1')"/>
    </testcase>
  </testsuite>
  <testsuite name="kaplan_meier" timestamp="2025-12-01T14:42:42Z" hostname="2cb315307213" tests="14" skipped="6" failures="0" errors="0" time="0.38">
    <testcase time="0.0250000000000021" classname="kaplan_meier" name="s_kaplan_meier_works_with_default_arguments"/>
    <testcase time="0.00499999999999901" classname="kaplan_meier" name="s_kaplan_meier_works_with_default_arguments">
      <skipped message="Reason: On CRAN ('test-kaplan_meier.R:3:1')"/>
    </testcase>
    <testcase time="0.0429999999999993" classname="kaplan_meier" name="s_kaplan_meier_works_with_customized_arguments"/>
    <testcase time="0.00600000000000023" classname="kaplan_meier" name="s_kaplan_meier_works_with_customized_arguments">
      <skipped message="Reason: On CRAN ('test-kaplan_meier.R:20:1')"/>
    </testcase>
    <testcase time="0.0210000000000008" classname="kaplan_meier" name="a_kaplan_meier_works_with_default_arguments"/>
    <testcase time="0.00199999999999889" classname="kaplan_meier" name="a_kaplan_meier_works_with_default_arguments"/>
    <testcase time="0.0160000000000018" classname="kaplan_meier" name="a_kaplan_meier_works_with_default_arguments">
      <skipped message="Reason: On CRAN ('test-kaplan_meier.R:44:1')"/>
    </testcase>
    <testcase time="0.0199999999999996" classname="kaplan_meier" name="a_kaplan_meier_works_with_customized_arguments"/>
    <testcase time="0.00199999999999889" classname="kaplan_meier" name="a_kaplan_meier_works_with_customized_arguments"/>
    <testcase time="0.00700000000000145" classname="kaplan_meier" name="a_kaplan_meier_works_with_customized_arguments">
      <skipped message="Reason: On CRAN ('test-kaplan_meier.R:63:1')"/>
    </testcase>
    <testcase time="0.0679999999999978" classname="kaplan_meier" name="a_kaplan_meier_works_inside_analyze_in_table"/>
    <testcase time="0.0560000000000009" classname="kaplan_meier" name="a_kaplan_meier_works_inside_analyze_in_table">
      <skipped message="Reason: On CRAN ('test-kaplan_meier.R:87:1')"/>
    </testcase>
    <testcase time="0.0670000000000002" classname="kaplan_meier" name="a_kaplan_meier_works_inside_analyze_in_table_with_custom_arguments"/>
    <testcase time="0.041999999999998" classname="kaplan_meier" name="a_kaplan_meier_works_inside_analyze_in_table_with_custom_arguments">
      <skipped message="Reason: On CRAN ('test-kaplan_meier.R:117:1')"/>
    </testcase>
  </testsuite>
  <testsuite name="mmrm" timestamp="2025-12-01T14:42:42Z" hostname="2cb315307213" tests="5" skipped="2" failures="0" errors="0" time="0.238">
    <testcase time="0.113000000000003" classname="mmrm" name="get_mmrm_lsmeans_can_calculate_the_LS_mean_results_including_one_and_two_sided_p_values"/>
    <testcase time="0.00299999999999656" classname="mmrm" name="get_mmrm_lsmeans_can_calculate_the_LS_mean_results_including_one_and_two_sided_p_values"/>
    <testcase time="0.00300000000000011" classname="mmrm" name="get_mmrm_lsmeans_can_calculate_the_LS_mean_results_including_one_and_two_sided_p_values"/>
    <testcase time="0.00100000000000122" classname="mmrm" name="get_mmrm_lsmeans_can_calculate_the_LS_mean_results_including_one_and_two_sided_p_values">
      <skipped message="Reason: On CRAN ('test-mmrm.R:3:1')"/>
    </testcase>
    <testcase time="0.118000000000002" classname="mmrm" name="fit_mmrm_j_works_as_expected">
      <skipped message="Reason: On CRAN ('test-mmrm.R:42:1')"/>
    </testcase>
    <testcase time="0.0159999999999982" classname="character(0)" name="_unnamed_">
      <skipped message="Reason: requireNamespace(pkg, quietly = TRUE) is not TRUE ('test-mmrm_rbmi.R:3:1')"/>
    </testcase>
  </testsuite>
  <testsuite name="odds_ratio" timestamp="2025-12-01T14:42:42Z" hostname="2cb315307213" tests="19" skipped="3" failures="0" errors="0" time="0.313">
    <testcase time="0.0229999999999997" classname="odds_ratio" name="s_odds_ratio_j_returns_NA_when_one_group_has_no_responders_and_option_set"/>
    <testcase time="0.00499999999999901" classname="odds_ratio" name="s_odds_ratio_j_returns_NA_when_one_group_has_no_responders_and_option_set"/>
    <testcase time="0.0140000000000029" classname="odds_ratio" name="s_odds_ratio_j_returns_NA_when_one_group_has_no_responders_and_option_set_with_strata"/>
    <testcase time="0.00599999999999667" classname="odds_ratio" name="s_odds_ratio_j_returns_NA_when_one_group_has_no_responders_and_option_set_with_strata"/>
    <testcase time="0.00800000000000267" classname="odds_ratio" name="s_odds_ratio_j_does_not_fail_with_only_non_responders"/>
    <testcase time="0.00300000000000011" classname="odds_ratio" name="s_odds_ratio_j_does_not_fail_with_only_non_responders"/>
    <testcase time="0.00600000000000023" classname="odds_ratio" name="s_odds_ratio_j_does_not_fail_with_only_one_grp"/>
    <testcase time="0.00199999999999889" classname="odds_ratio" name="s_odds_ratio_j_does_not_fail_with_only_one_grp"/>
    <testcase time="0.00799999999999912" classname="odds_ratio" name="or_glm_j_does_not_fail_with_only_non_responders"/>
    <testcase time="0.00499999999999901" classname="odds_ratio" name="or_glm_j_does_not_fail_with_only_non_responders"/>
    <testcase time="0.0380000000000003" classname="odds_ratio" name="a_odds_ratio_j_works_in_a_table_layout_as_expected_for_unstratified_analysis"/>
    <testcase time="0.0659999999999989" classname="odds_ratio" name="a_odds_ratio_j_works_in_a_table_layout_as_expected_for_unstratified_analysis"/>
    <testcase time="0.00200000000000244" classname="odds_ratio" name="a_odds_ratio_j_works_in_a_table_layout_as_expected_for_unstratified_analysis"/>
    <testcase time="0.00199999999999889" classname="odds_ratio" name="a_odds_ratio_j_works_in_a_table_layout_as_expected_for_unstratified_analysis">
      <skipped message="Reason: On CRAN ('test-odds_ratio.R:115:1')"/>
    </testcase>
    <testcase time="0.0479999999999983" classname="odds_ratio" name="a_odds_ratio_j_works_in_a_table_layout_as_expected_for_CMH_analysis"/>
    <testcase time="0.0570000000000022" classname="odds_ratio" name="a_odds_ratio_j_works_in_a_table_layout_as_expected_for_CMH_analysis"/>
    <testcase time="0.00300000000000011" classname="odds_ratio" name="a_odds_ratio_j_works_in_a_table_layout_as_expected_for_CMH_analysis"/>
    <testcase time="0.00100000000000122" classname="odds_ratio" name="a_odds_ratio_j_works_in_a_table_layout_as_expected_for_CMH_analysis">
      <skipped message="Reason: On CRAN ('test-odds_ratio.R:154:1')"/>
    </testcase>
  </testsuite>
  <testsuite name="patyrs-eair100" timestamp="2025-12-01T14:42:43Z" hostname="2cb315307213" tests="4" skipped="0" failures="0" errors="0" time="1.321">
    <testcase time="0.230999999999998" classname="patyrs_eair100" name="Check_patient_years_numbers_are_giving_expected_result"/>
    <testcase time="0.367999999999999" classname="patyrs_eair100" name="Check_aeir100_numbers_are_giving_expected_result"/>
    <testcase time="0.365000000000002" classname="patyrs_eair100" name="Check_aeir100_numbers_are_giving_expected_result_when_fup_var_argument_is_changed"/>
    <testcase time="0.356999999999999" classname="patyrs_eair100" name="Check_aeir100_numbers_are_giving_expected_result_when_occ_dy_argument_is_changed"/>
    <testcase time="0.0130000000000017" classname="character(0)" name="_unnamed_">
      <skipped message="Reason: requireNamespace(pkg, quietly = TRUE) is not TRUE ('test-pool_rbmi.R:3:1')"/>
    </testcase>
  </testsuite>
  <testsuite name="proportions" timestamp="2025-12-01T14:42:44Z" hostname="2cb315307213" tests="18" skipped="12" failures="0" errors="0" time="0.518">
    <testcase time="0.0249999999999986" classname="proportions" name="s_proportion_factor_works_as_expected">
      <skipped message="Reason: On CRAN ('test-proportions.R:1:1')"/>
    </testcase>
    <testcase time="0.0189999999999984" classname="proportions" name="s_proportion_factor_shows_optional_total_row_on_top">
      <skipped message="Reason: On CRAN ('test-proportions.R:9:1')"/>
    </testcase>
    <testcase time="0.0200000000000031" classname="proportions" name="s_proportion_factor_shows_optional_total_row_in_bottom">
      <skipped message="Reason: On CRAN ('test-proportions.R:18:1')"/>
    </testcase>
    <testcase time="0.0189999999999984" classname="proportions" name="s_proportion_factor_optionally_uses_number_of_non_missing_levels_as_total">
      <skipped message="Reason: On CRAN ('test-proportions.R:28:1')"/>
    </testcase>
    <testcase time="0.0180000000000007" classname="proportions" name="s_proportion_logical_works_as_expected">
      <skipped message="Reason: On CRAN ('test-proportions.R:39:1')"/>
    </testcase>
    <testcase time="0.0189999999999984" classname="proportions" name="c_proportion_logical_works_as_expected">
      <skipped message="Reason: On CRAN ('test-proportions.R:47:1')"/>
    </testcase>
    <testcase time="0.0700000000000003" classname="proportions" name="h_get_design_mat_works_as_expected"/>
    <testcase time="0.00300000000000011" classname="proportions" name="h_get_design_mat_works_as_expected"/>
    <testcase time="0.00500000000000256" classname="proportions" name="a_proportion_ci_logical_works_as_expected"/>
    <testcase time="0.00599999999999667" classname="proportions" name="a_proportion_ci_logical_works_as_expected">
      <skipped message="Reason: On CRAN ('test-proportions.R:80:1')"/>
    </testcase>
    <testcase time="0.0300000000000011" classname="proportions" name="a_proportion_ci_factor_works_as_expected"/>
    <testcase time="0.00799999999999912" classname="proportions" name="a_proportion_ci_factor_works_as_expected">
      <skipped message="Reason: On CRAN ('test-proportions.R:92:1')"/>
    </testcase>
    <testcase time="0.191000000000003" classname="proportions" name="prop_split_fun_works_as_expected">
      <skipped message="Reason: On CRAN ('test-proportions.R:105:1')"/>
    </testcase>
    <testcase time="0.0350000000000001" classname="proportions" name="prop_table_afun_works_as_expected_with_total_row"/>
    <testcase time="0.000999999999997669" classname="proportions" name="prop_table_afun_works_as_expected_with_total_row">
      <skipped message="Reason: On CRAN ('test-proportions.R:112:1')"/>
    </testcase>
    <testcase time="0.0350000000000001" classname="proportions" name="prop_table_afun_works_as_expected_by_default_without_total_row"/>
    <testcase time="0.00100000000000122" classname="proportions" name="prop_table_afun_works_as_expected_by_default_without_total_row">
      <skipped message="Reason: On CRAN ('test-proportions.R:170:1')"/>
    </testcase>
  </testsuite>
  <testsuite name="pruning_functions" timestamp="2025-12-01T14:42:46Z" hostname="2cb315307213" tests="30" skipped="0" failures="0" errors="0" time="10.184">
    <testcase time="1.374" classname="pruning_functions" name="count_pruner_is_identical_to_standard_pruning_in_cases_where_we_have_all_0_s"/>
    <testcase time="3.231" classname="pruning_functions" name="count_pruner_is_identical_to_standard_pruning_in_cases_where_we_have_all_0_s"/>
    <testcase time="1.351" classname="pruning_functions" name="count_pruner_keeps_everything_if_0_condition_is_not_met"/>
    <testcase time="0.032" classname="pruning_functions" name="count_pruner_with_cat_include_removes_text_correctly"/>
    <testcase time="0.027000000000001" classname="pruning_functions" name="count_pruner_with_cat_include_does_nothing_if_text_is_supplied_and_it_is_not_text_that_is_in_the_table"/>
    <testcase time="0.0700000000000003" classname="pruning_functions" name="count_pruner_does_remove_if_text_is_supplied_and_all_columns_are_0"/>
    <testcase time="0.0390000000000015" classname="pruning_functions" name="remove_rows_does_remove_if_text_is_supplied_as_fixed_and_text_is_matched"/>
    <testcase time="0.0380000000000003" classname="pruning_functions" name="remove_rows_does_remove_if_text_is_supplied_as_fixed_and_text_is_matched"/>
    <testcase time="0.0719999999999992" classname="pruning_functions" name="remove_rows_does_remove_if_text_is_supplied_as_fixed_and_text_is_matched"/>
    <testcase time="0.00300000000000011" classname="pruning_functions" name="remove_rows_does_remove_if_text_is_supplied_as_fixed_and_text_is_matched"/>
    <testcase time="0.00199999999999889" classname="pruning_functions" name="remove_rows_does_remove_if_text_is_supplied_as_fixed_and_text_is_matched"/>
    <testcase time="0.00800000000000267" classname="pruning_functions" name="keep_non_null_rows_pruning_function_or_via_keep_rows"/>
    <testcase time="0.00199999999999889" classname="pruning_functions" name="keep_non_null_rows_pruning_function_or_via_keep_rows"/>
    <testcase time="0.213999999999999" classname="pruning_functions" name="test_keep_non_null_rows"/>
    <testcase time="0.00900000000000034" classname="pruning_functions" name="bspt_pruner_both_fraction_and_diff_from_control_are_NULL"/>
    <testcase time="0.00799999999999912" classname="pruning_functions" name="bspt_pruner_both_fraction_and_diff_from_control_are_NULL"/>
    <testcase time="0.229000000000003" classname="pruning_functions" name="bspt_pruner_with_fraction"/>
    <testcase time="0.343" classname="pruning_functions" name="bspt_pruner_with_fraction_and_diff_from_control"/>
    <testcase time="0.582999999999998" classname="pruning_functions" name="bspt_pruner_with_fraction_and_diff_from_control_and_keeprowtext"/>
    <testcase time="0.00300000000000011" classname="pruning_functions" name="bspt_pruner_with_fraction_and_diff_from_control_and_keeprowtext"/>
    <testcase time="0.187000000000001" classname="pruning_functions" name="count_pruner_in_small_groups"/>
    <testcase time="1.154" classname="pruning_functions" name="bspt_pruner_in_AE_like_tables"/>
    <testcase time="0.00300000000000011" classname="pruning_functions" name="bspt_pruner_in_AE_like_tables"/>
    <testcase time="0.00300000000000011" classname="pruning_functions" name="bspt_pruner_in_AE_like_tables"/>
    <testcase time="0.201999999999998" classname="pruning_functions" name="bspt_pruner_with_less_obvious_control_specifications"/>
    <testcase time="0.925000000000001" classname="pruning_functions" name="bspt_pruner_with_less_obvious_control_specifications"/>
    <testcase time="0.00300000000000011" classname="pruning_functions" name="bspt_pruner_with_less_obvious_control_specifications"/>
    <testcase time="0.0440000000000005" classname="pruning_functions" name="check_that_if_all_data_is_pruned_leaving_no_rows_the_outcome_is_the_message"/>
    <testcase time="0.0109999999999992" classname="pruning_functions" name="check_that_if_message_is_changed_this_is_reflected_in_the_final_table_tree"/>
    <testcase time="0.0139999999999993" classname="pruning_functions" name="check_that_when_spancols_TRUE_is_used_then_we_have_expected_behaviour"/>
    <testcase time="0.00700000000000145" classname="character(0)" name="_unnamed_">
      <skipped message="Reason: requireNamespace(pkg, quietly = TRUE) is not TRUE ('test-rbmi.R:8:1')"/>
    </testcase>
  </testsuite>
  <testsuite name="relative_risk" timestamp="2025-12-01T14:42:55Z" hostname="2cb315307213" tests="9" skipped="1" failures="0" errors="0" time="0.139">
    <testcase time="0.0199999999999996" classname="relative_risk" name="s_relative_risk_returns_NA_when_one_group_has_no_responders"/>
    <testcase time="0.00499999999999901" classname="relative_risk" name="s_relative_risk_returns_NA_when_one_group_has_no_responders"/>
    <testcase time="0.00600000000000023" classname="relative_risk" name="prop_ratio_cmh_works_as_expected"/>
    <testcase time="0.00600000000000023" classname="relative_risk" name="prop_ratio_cmh_works_as_expected"/>
    <testcase time="0.00600000000000023" classname="relative_risk" name="prop_ratio_cmh_works_also_with_a_single_stratum"/>
    <testcase time="0.0139999999999993" classname="relative_risk" name="prop_ratio_cmh_works_also_with_a_single_stratum"/>
    <testcase time="0.0700000000000003" classname="relative_risk" name="a_relative_risk_in_table_layout_gives_same_results_as_with_SAS"/>
    <testcase time="0.00500000000000256" classname="relative_risk" name="a_relative_risk_in_table_layout_gives_same_results_as_with_SAS"/>
  </testsuite>
  <testsuite name="remove_col_count" timestamp="2025-12-01T14:42:55Z" hostname="2cb315307213" tests="1" skipped="0" failures="0" errors="0" time="0.099">
    <testcase time="0.0989999999999966" classname="remove_col_count" name="remove_col_count_works"/>
  </testsuite>
  <testsuite name="resp01_functions" timestamp="2025-12-01T14:42:55Z" hostname="2cb315307213" tests="7" skipped="5" failures="0" errors="0" time="0.898">
    <testcase time="0.733000000000004" classname="resp01_functions" name="resp01_split_fun_fct_works_as_expected">
      <skipped message="Reason: On CRAN ('test-resp01_functions.R:3:1')"/>
    </testcase>
    <testcase time="0.019999999999996" classname="resp01_functions" name="resp01_counts_cfun_works_as_expected"/>
    <testcase time="0.00300000000000011" classname="resp01_functions" name="resp01_counts_cfun_works_as_expected"/>
    <testcase time="0.00100000000000477" classname="resp01_functions" name="resp01_counts_cfun_works_as_expected">
      <skipped message="Reason: On CRAN ('test-resp01_functions.R:25:1')"/>
    </testcase>
    <testcase time="0.0329999999999941" classname="resp01_functions" name="resp01_a_comp_stat_logical_works_as_expected">
      <skipped message="Reason: On CRAN ('test-resp01_functions.R:63:1')"/>
    </testcase>
    <testcase time="0.054000000000002" classname="resp01_functions" name="resp01_a_comp_stat_factor_works_as_expected">
      <skipped message="Reason: On CRAN ('test-resp01_functions.R:110:1')"/>
    </testcase>
    <testcase time="0.054000000000002" classname="resp01_functions" name="resp01_acfun_works_as_expected">
      <skipped message="Reason: On CRAN ('test-resp01_functions.R:151:1')"/>
    </testcase>
  </testsuite>
  <testsuite name="response_by_var" timestamp="2025-12-01T14:42:56Z" hostname="2cb315307213" tests="5" skipped="1" failures="0" errors="0" time="0.669">
    <testcase time="0.100999999999999" classname="response_by_var" name="response_by_var_various_scenarios"/>
    <testcase time="0.249000000000002" classname="response_by_var" name="response_by_var_various_scenarios"/>
    <testcase time="0.131" classname="response_by_var" name="response_by_var_various_scenarios"/>
    <testcase time="0.119" classname="response_by_var" name="response_by_var_various_scenarios"/>
    <testcase time="0.0689999999999955" classname="response_by_var" name="response_by_var_various_scenarios">
      <skipped message="Reason: On CRAN ('test-response_by_var.R:18:1')"/>
    </testcase>
  </testsuite>
  <testsuite name="sorting_functions" timestamp="2025-12-01T14:42:57Z" hostname="2cb315307213" tests="7" skipped="0" failures="0" errors="0" time="7.365">
    <testcase time="0.567" classname="sorting_functions" name="jj_complex_scorefun_is_identical_to_standard_sorting_spanningheadercolvar_NA"/>
    <testcase time="0.241" classname="sorting_functions" name="jj_complex_scorefun_is_identical_to_standard_sorting_spanningheadercolvar_spanhead"/>
    <testcase time="0.242000000000004" classname="sorting_functions" name="jj_complex_scorefun_sorts_correctly_with_colpath"/>
    <testcase time="0.302" classname="sorting_functions" name="jj_complex_scorefun_places_specified_category_at_the_start_firstcat"/>
    <testcase time="0.305999999999997" classname="sorting_functions" name="jj_complex_scorefun_places_specified_category_at_the_end_lastcat"/>
    <testcase time="3.329" classname="sorting_functions" name="jj_complex_scorefun_uses_first_column_to_sort_usefirstcol"/>
    <testcase time="2.378" classname="sorting_functions" name="jj_complex_scorefun_uses_first_column_when_no_spanning_header_usefirstcol"/>
  </testsuite>
  <testsuite name="split_functions" timestamp="2025-12-01T14:43:04Z" hostname="2cb315307213" tests="8" skipped="0" failures="0" errors="0" time="0.354">
    <testcase time="0.0640000000000001" classname="split_functions" name="cond_rm_facets_works"/>
    <testcase time="0.00400000000000489" classname="split_functions" name="cond_rm_facets_works"/>
    <testcase time="0.00499999999999545" classname="split_functions" name="cond_rm_facets_works"/>
    <testcase time="0.00500000000000256" classname="split_functions" name="cond_rm_facets_works"/>
    <testcase time="0.100000000000001" classname="split_functions" name="rm_levels_works"/>
    <testcase time="0.131" classname="split_functions" name="real_add_overall_facet_works"/>
    <testcase time="0.0419999999999945" classname="split_functions" name="make_combo_splitfun_works"/>
    <testcase time="0.00300000000000011" classname="split_functions" name="make_combo_splitfun_works"/>
  </testsuite>
  <testsuite name="string_to_title" timestamp="2025-12-01T14:43:04Z" hostname="2cb315307213" tests="2" skipped="0" failures="0" errors="0" time="0.015">
    <testcase time="0.00900000000000034" classname="string_to_title" name="string_to_title_works_as_expected_for_string"/>
    <testcase time="0.00600000000000023" classname="string_to_title" name="string_to_title_works_as_expected_for_character_vector"/>
  </testsuite>
  <testsuite name="summarize_ancova" timestamp="2025-12-01T14:43:04Z" hostname="2cb315307213" tests="7" skipped="2" failures="0" errors="0" time="0.467">
    <testcase time="0.0240000000000009" classname="summarize_ancova" name="h_ancova_works_as_expected"/>
    <testcase time="0.00200000000000244" classname="summarize_ancova" name="h_ancova_works_as_expected"/>
    <testcase time="0.0300000000000011" classname="summarize_ancova" name="s_ancova_j_works_as_expected"/>
    <testcase time="0.00300000000000011" classname="summarize_ancova" name="s_ancova_j_works_as_expected"/>
    <testcase time="0.0229999999999961" classname="summarize_ancova" name="s_ancova_j_works_as_expected"/>
    <testcase time="0.0900000000000034" classname="summarize_ancova" name="s_summarize_ancova_works_as_expected">
      <skipped message="Reason: On CRAN ('test-summarize_ancova.R:89:1')"/>
    </testcase>
    <testcase time="0.294999999999995" classname="summarize_ancova" name="a_summarize_ancova_j_works_as_expected_in_table_layout">
      <skipped message="Reason: On CRAN ('test-summarize_ancova.R:108:1')"/>
    </testcase>
  </testsuite>
  <testsuite name="summarize_mmrm" timestamp="2025-12-01T14:43:05Z" hostname="2cb315307213" tests="12" skipped="6" failures="0" errors="0" time="2.234">
    <testcase time="0.191000000000003" classname="summarize_mmrm" name="h_summarize_mmrm_works_with_healthy_input"/>
    <testcase time="0.0189999999999984" classname="summarize_mmrm" name="h_summarize_mmrm_works_with_healthy_input">
      <skipped message="Reason: On CRAN ('test-summarize_mmrm.R:15:1')"/>
    </testcase>
    <testcase time="0.114000000000004" classname="summarize_mmrm" name="s_summarize_mmrm_works_with_healthy_input_in_non_ref_cell"/>
    <testcase time="0.0129999999999981" classname="summarize_mmrm" name="s_summarize_mmrm_works_with_healthy_input_in_non_ref_cell">
      <skipped message="Reason: On CRAN ('test-summarize_mmrm.R:33:1')"/>
    </testcase>
    <testcase time="0.0200000000000031" classname="summarize_mmrm" name="s_summarize_mmrm_works_with_healthy_input_in_ref_col_cell"/>
    <testcase time="0.00399999999999778" classname="summarize_mmrm" name="s_summarize_mmrm_works_with_healthy_input_in_ref_col_cell">
      <skipped message="Reason: On CRAN ('test-summarize_mmrm.R:70:1')"/>
    </testcase>
    <testcase time="0.0249999999999986" classname="summarize_mmrm" name="s_summarize_mmrm_works_with_healthy_input_in_ref_row_cell"/>
    <testcase time="0.00500000000000256" classname="summarize_mmrm" name="s_summarize_mmrm_works_with_healthy_input_in_ref_row_cell">
      <skipped message="Reason: On CRAN ('test-summarize_mmrm.R:107:1')"/>
    </testcase>
    <testcase time="0.339999999999996" classname="summarize_mmrm" name="a_summarize_mmrm_works_as_expected_in_table_layout"/>
    <testcase time="0.202000000000005" classname="summarize_mmrm" name="a_summarize_mmrm_works_as_expected_in_table_layout">
      <skipped message="Reason: On CRAN ('test-summarize_mmrm.R:144:1')"/>
    </testcase>
    <testcase time="0.806999999999995" classname="summarize_mmrm" name="a_summarize_mmrm_works_as_expected_below_row_splits"/>
    <testcase time="0.494" classname="summarize_mmrm" name="a_summarize_mmrm_works_as_expected_below_row_splits">
      <skipped message="Reason: On CRAN ('test-summarize_mmrm.R:177:1')"/>
    </testcase>
  </testsuite>
  <testsuite name="summarize_row_counts" timestamp="2025-12-01T14:43:07Z" hostname="2cb315307213" tests="4" skipped="0" failures="0" errors="0" time="0.494">
    <testcase time="0.177" classname="summarize_row_counts" name="summarize_row_counts_works_as_expected_without_alt_counts"/>
    <testcase time="0.078000000000003" classname="summarize_row_counts" name="summarize_row_counts_works_as_expected_without_alt_counts"/>
    <testcase time="0.161999999999999" classname="summarize_row_counts" name="summarize_row_counts_works_as_expected_with_alt_counts"/>
    <testcase time="0.0769999999999982" classname="summarize_row_counts" name="summarize_row_counts_works_as_expected_with_alt_counts"/>
  </testsuite>
  <testsuite name="tabulate_lsmeans" timestamp="2025-12-01T14:43:07Z" hostname="2cb315307213" tests="7" skipped="2" failures="0" errors="0" time="1.571">
    <testcase time="0.0990000000000038" classname="tabulate_lsmeans" name="s_lsmeans_works_as_expected_with_MMRM_fit_when_not_in_reference_column"/>
    <testcase time="0.000999999999997669" classname="tabulate_lsmeans" name="s_lsmeans_works_as_expected_with_MMRM_fit_when_not_in_reference_column"/>
    <testcase time="0.0120000000000005" classname="tabulate_lsmeans" name="s_lsmeans_works_as_expected_with_MMRM_fit_when_not_in_reference_column">
      <skipped message="Reason: On CRAN ('test-tabulate_lsmeans.R:1:1')"/>
    </testcase>
    <testcase time="0.113" classname="tabulate_lsmeans" name="summarize_lsmeans_can_show_two_and_one_sided_p_values_correctly"/>
    <testcase time="1.229" classname="tabulate_lsmeans" name="summarize_lsmeans_can_show_two_and_one_sided_p_values_correctly">
      <skipped message="Reason: On CRAN ('test-tabulate_lsmeans.R:49:1')"/>
    </testcase>
    <testcase time="0.115000000000002" classname="tabulate_lsmeans" name="s_lsmeans_works_as_expected_with_ANCOVA_fit_when_not_in_reference_column"/>
    <testcase time="0.00200000000000244" classname="tabulate_lsmeans" name="s_lsmeans_works_as_expected_with_ANCOVA_fit_when_not_in_reference_column"/>
  </testsuite>
  <testsuite name="tabulate_lsmeans_wide" timestamp="2025-12-01T14:43:09Z" hostname="2cb315307213" tests="10" skipped="6" failures="0" errors="0" time="1.649">
    <testcase time="0.0579999999999998" classname="tabulate_lsmeans_wide" name="lsmeans_wide_cfun_works_as_expected">
      <skipped message="Reason: On CRAN ('test-tabulate_lsmeans_wide.R:3:1')"/>
    </testcase>
    <testcase time="0.0429999999999993" classname="tabulate_lsmeans_wide" name="lsmeans_wide_cfun_works_as_expected_with_more_than_one_treatment_group">
      <skipped message="Reason: On CRAN ('test-tabulate_lsmeans_wide.R:107:1')"/>
    </testcase>
    <testcase time="0.0409999999999968" classname="tabulate_lsmeans_wide" name="lsmeans_wide_cfun_works_as_expected_with_more_than_one_treatment_group_for_MMRM_case">
      <skipped message="Reason: On CRAN ('test-tabulate_lsmeans_wide.R:180:1')"/>
    </testcase>
    <testcase time="0.367000000000004" classname="tabulate_lsmeans_wide" name="summarize_lsmeans_wide_works_as_expected"/>
    <testcase time="0.122999999999998" classname="tabulate_lsmeans_wide" name="summarize_lsmeans_wide_works_as_expected">
      <skipped message="Reason: On CRAN ('test-tabulate_lsmeans_wide.R:267:1')"/>
    </testcase>
    <testcase time="0.170000000000002" classname="tabulate_lsmeans_wide" name="summarize_lsmeans_wide_works_as_expected_with_more_than_1_treatment_group"/>
    <testcase time="0.274999999999999" classname="tabulate_lsmeans_wide" name="summarize_lsmeans_wide_works_as_expected_with_more_than_1_treatment_group"/>
    <testcase time="0.154000000000003" classname="tabulate_lsmeans_wide" name="summarize_lsmeans_wide_works_as_expected_with_more_than_1_treatment_group">
      <skipped message="Reason: On CRAN ('test-tabulate_lsmeans_wide.R:296:1')"/>
    </testcase>
    <testcase time="0.321999999999996" classname="tabulate_lsmeans_wide" name="summarize_lsmeans_wide_can_omit_variance_and_p_value_columns"/>
    <testcase time="0.0960000000000036" classname="tabulate_lsmeans_wide" name="summarize_lsmeans_wide_can_omit_variance_and_p_value_columns">
      <skipped message="Reason: On CRAN ('test-tabulate_lsmeans_wide.R:341:1')"/>
    </testcase>
    <testcase time="0.0169999999999959" classname="character(0)" name="_unnamed_">
      <skipped message="Reason: requireNamespace(pkg, quietly = TRUE) is not TRUE ('test-tabulate_rbmi.R:5:1')"/>
    </testcase>
  </testsuite>
  <testsuite name="tern_utils_default_stats_formats_labels" timestamp="2025-12-01T14:43:11Z" hostname="2cb315307213" tests="50" skipped="5" failures="0" errors="0" time="0.302">
    <testcase time="0.017000000000003" classname="tern_utils_default_stats_formats_labels" name="tern_get_stats_works_as_expected_for_defaults"/>
    <testcase time="0.0069999999999979" classname="tern_utils_default_stats_formats_labels" name="tern_get_stats_works_as_expected_for_defaults"/>
    <testcase time="0.00600000000000023" classname="tern_utils_default_stats_formats_labels" name="tern_get_stats_works_as_expected_for_defaults"/>
    <testcase time="0.00600000000000023" classname="tern_utils_default_stats_formats_labels" name="tern_get_stats_works_as_expected_for_defaults"/>
    <testcase time="0.017000000000003" classname="tern_utils_default_stats_formats_labels" name="tern_get_stats_works_as_expected_for_defaults"/>
    <testcase time="0.00499999999999545" classname="tern_utils_default_stats_formats_labels" name="tern_get_stats_works_as_expected_for_defaults"/>
    <testcase time="0.00300000000000011" classname="tern_utils_default_stats_formats_labels" name="tern_get_stats_works_as_expected_for_defaults"/>
    <testcase time="0.00100000000000477" classname="tern_utils_default_stats_formats_labels" name="tern_get_stats_works_as_expected_for_defaults">
      <skipped message="Reason: On CRAN ('test-tern_utils_default_stats_formats_labels.R:15:1')"/>
    </testcase>
    <testcase time="0.0150000000000006" classname="tern_utils_default_stats_formats_labels" name="tern_get_stats_works_well_with_pval"/>
    <testcase time="0.00300000000000011" classname="tern_utils_default_stats_formats_labels" name="tern_get_stats_works_well_with_pval"/>
    <testcase time="0.00300000000000011" classname="tern_utils_default_stats_formats_labels" name="tern_get_stats_works_well_with_pval"/>
    <testcase time="0.00499999999999545" classname="tern_utils_default_stats_formats_labels" name="tern_get_stats_works_well_with_pval"/>
    <testcase time="0.00500000000000256" classname="tern_utils_default_stats_formats_labels" name="tern_get_stats_works_well_with_pval"/>
    <testcase time="0.00499999999999545" classname="tern_utils_default_stats_formats_labels" name="tern_get_stats_works_well_with_pval"/>
    <testcase time="0.00500000000000256" classname="tern_utils_default_stats_formats_labels" name="tern_get_stats_works_as_expected_for_selection_of_stats"/>
    <testcase time="0.00300000000000011" classname="tern_utils_default_stats_formats_labels" name="tern_get_stats_works_as_expected_for_selection_of_stats"/>
    <testcase time="0.00399999999999778" classname="tern_utils_default_stats_formats_labels" name="tern_get_stats_works_as_expected_for_selection_of_stats"/>
    <testcase time="0.00500000000000256" classname="tern_utils_default_stats_formats_labels" name="tern_get_stats_works_as_expected_for_selection_of_stats"/>
    <testcase time="0.00500000000000256" classname="tern_utils_default_stats_formats_labels" name="tern_get_formats_from_stats_works_as_expected"/>
    <testcase time="0.00300000000000011" classname="tern_utils_default_stats_formats_labels" name="tern_get_formats_from_stats_works_as_expected"/>
    <testcase time="0.00300000000000011" classname="tern_utils_default_stats_formats_labels" name="tern_get_formats_from_stats_works_as_expected"/>
    <testcase time="0.00199999999999534" classname="tern_utils_default_stats_formats_labels" name="tern_get_formats_from_stats_works_as_expected"/>
    <testcase time="0.00300000000000011" classname="tern_utils_default_stats_formats_labels" name="tern_get_formats_from_stats_works_as_expected"/>
    <testcase time="0.00300000000000011" classname="tern_utils_default_stats_formats_labels" name="tern_get_formats_from_stats_works_as_expected"/>
    <testcase time="0.00300000000000011" classname="tern_utils_default_stats_formats_labels" name="tern_get_formats_from_stats_works_as_expected"/>
    <testcase time="0.00300000000000011" classname="tern_utils_default_stats_formats_labels" name="tern_get_formats_from_stats_works_as_expected"/>
    <testcase time="0.00400000000000489" classname="tern_utils_default_stats_formats_labels" name="tern_get_labels_from_stats_works_as_expected"/>
    <testcase time="0.00799999999999557" classname="tern_utils_default_stats_formats_labels" name="tern_get_labels_from_stats_works_as_expected"/>
    <testcase time="0.00300000000000011" classname="tern_utils_default_stats_formats_labels" name="tern_get_labels_from_stats_works_as_expected"/>
    <testcase time="0.00300000000000011" classname="tern_utils_default_stats_formats_labels" name="tern_get_labels_from_stats_works_as_expected"/>
    <testcase time="0.00300000000000011" classname="tern_utils_default_stats_formats_labels" name="tern_get_labels_from_stats_works_as_expected"/>
    <testcase time="0.00300000000000011" classname="tern_utils_default_stats_formats_labels" name="tern_get_labels_from_stats_works_as_expected"/>
    <testcase time="0.000999999999997669" classname="tern_utils_default_stats_formats_labels" name="tern_get_labels_from_stats_works_as_expected">
      <skipped message="Reason: On CRAN ('test-tern_utils_default_stats_formats_labels.R:142:1')"/>
    </testcase>
    <testcase time="0.0150000000000006" classname="tern_utils_default_stats_formats_labels" name="tern_get_labels_from_stats_with_labels_in_works_when_adding_levels_to_stats"/>
    <testcase time="0.00600000000000023" classname="tern_utils_default_stats_formats_labels" name="tern_get_labels_from_stats_works_fine_for_cases_with_levels"/>
    <testcase time="0.00500000000000256" classname="tern_utils_default_stats_formats_labels" name="tern_get_indents_from_stats_works_as_expected"/>
    <testcase time="0.00800000000000267" classname="tern_utils_default_stats_formats_labels" name="tern_get_indents_from_stats_works_as_expected"/>
    <testcase time="0.00300000000000011" classname="tern_utils_default_stats_formats_labels" name="tern_get_indents_from_stats_works_as_expected"/>
    <testcase time="0.00300000000000011" classname="tern_utils_default_stats_formats_labels" name="tern_get_indents_from_stats_works_as_expected"/>
    <testcase time="0.000999999999997669" classname="tern_utils_default_stats_formats_labels" name="tern_get_indents_from_stats_works_as_expected">
      <skipped message="Reason: On CRAN ('test-tern_utils_default_stats_formats_labels.R:253:1')"/>
    </testcase>
    <testcase time="0.0159999999999982" classname="tern_utils_default_stats_formats_labels" name="tern_get_labels_from_stats_correctly_combines_labels_in_and_label_attr_from_stats"/>
    <testcase time="0.0120000000000005" classname="tern_utils_default_stats_formats_labels" name=".unlist_keep_nulls_works_as_expected_non_recursively"/>
    <testcase time="0.00800000000000267" classname="tern_utils_default_stats_formats_labels" name=".unlist_keep_nulls_works_as_expected_non_recursively_with_NA"/>
    <testcase time="0.00799999999999557" classname="tern_utils_default_stats_formats_labels" name=".split_std_from_custom_stats_works_as_expected_with_a_list"/>
    <testcase time="0.00100000000000477" classname="tern_utils_default_stats_formats_labels" name=".split_std_from_custom_stats_works_as_expected_with_a_list"/>
    <testcase time="0.00300000000000011" classname="tern_utils_default_stats_formats_labels" name=".split_std_from_custom_stats_works_as_expected_with_a_list"/>
    <testcase time="0.00900000000000034" classname="tern_utils_default_stats_formats_labels" name=".split_std_from_custom_stats_works_as_expected_with_a_single_input">
      <skipped message="Reason: On CRAN ('test-tern_utils_default_stats_formats_labels.R:315:1')"/>
    </testcase>
    <testcase time="0.0159999999999982" classname="tern_utils_default_stats_formats_labels" name=".apply_stat_functions_works_as_expected_without_custom_stat_functions"/>
    <testcase time="0.00600000000000023" classname="tern_utils_default_stats_formats_labels" name=".apply_stat_functions_works_as_expected_with_custom_stat_functions"/>
  </testsuite>
  <testsuite name="test_proportion_diff" timestamp="2025-12-01T14:43:11Z" hostname="2cb315307213" tests="22" skipped="6" failures="0" errors="0" time="0.269">
    <testcase time="0.027000000000001" classname="test_proportion_diff" name="s_test_proportion_diff_works_as_expected">
      <skipped message="Reason: On CRAN ('test-test_proportion_diff.R:1:1')"/>
    </testcase>
    <testcase time="0.0449999999999946" classname="test_proportion_diff" name="a_test_proportion_diff_works_as_expected_in_table_layout"/>
    <testcase time="0.0300000000000011" classname="test_proportion_diff" name="a_test_proportion_diff_works_as_expected_in_table_layout">
      <skipped message="Reason: On CRAN ('test-test_proportion_diff.R:40:1')"/>
    </testcase>
    <testcase time="0.0150000000000006" classname="test_proportion_diff" name="prop_chisq_returns_right_result"/>
    <testcase time="0.007000000000005" classname="test_proportion_diff" name="prop_chisq_returns_right_result"/>
    <testcase time="0.00599999999999312" classname="test_proportion_diff" name="prop_chisq_returns_right_result"/>
    <testcase time="0.0120000000000005" classname="test_proportion_diff" name="prop_chisq_returns_right_result">
      <skipped message="Reason: On CRAN ('test-test_proportion_diff.R:68:1')"/>
    </testcase>
    <testcase time="0.0200000000000031" classname="test_proportion_diff" name="prop_cmh_returns_right_result"/>
    <testcase time="0.0069999999999979" classname="test_proportion_diff" name="prop_cmh_returns_right_result"/>
    <testcase time="0.007000000000005" classname="test_proportion_diff" name="prop_cmh_returns_right_result"/>
    <testcase time="0.00499999999999545" classname="test_proportion_diff" name="prop_cmh_returns_right_result">
      <skipped message="Reason: On CRAN ('test-test_proportion_diff.R:91:1')"/>
    </testcase>
    <testcase time="0.0230000000000032" classname="test_proportion_diff" name="prop_cmh_also_works_when_there_are_strata_with_just_one_observation"/>
    <testcase time="0.00300000000000011" classname="test_proportion_diff" name="prop_cmh_also_works_when_there_are_strata_with_just_one_observation"/>
    <testcase time="0.00999999999999801" classname="test_proportion_diff" name="prop_cmh_also_works_when_there_are_strata_with_just_one_observation"/>
    <testcase time="0.00200000000000244" classname="test_proportion_diff" name="prop_cmh_also_works_when_there_are_strata_with_just_one_observation"/>
    <testcase time="0.00999999999999801" classname="test_proportion_diff" name="prop_cmh_also_works_when_there_are_strata_with_just_one_observation"/>
    <testcase time="0.00200000000000244" classname="test_proportion_diff" name="prop_cmh_also_works_when_there_are_strata_with_just_one_observation"/>
    <testcase time="0.00499999999999545" classname="test_proportion_diff" name="prop_cmh_also_works_when_there_are_strata_with_just_one_observation">
      <skipped message="Reason: On CRAN ('test-test_proportion_diff.R:112:1')"/>
    </testcase>
    <testcase time="0.0140000000000029" classname="test_proportion_diff" name="prop_fisher_returns_right_result"/>
    <testcase time="0.0069999999999979" classname="test_proportion_diff" name="prop_fisher_returns_right_result"/>
    <testcase time="0.00600000000000023" classname="test_proportion_diff" name="prop_fisher_returns_right_result"/>
    <testcase time="0.00600000000000023" classname="test_proportion_diff" name="prop_fisher_returns_right_result">
      <skipped message="Reason: On CRAN ('test-test_proportion_diff.R:171:1')"/>
    </testcase>
  </testsuite>
  <testsuite name="titles_file" timestamp="2025-12-01T14:43:11Z" hostname="2cb315307213" tests="6" skipped="0" failures="0" errors="0" time="0.067">
    <testcase time="0.0210000000000008" classname="titles_file" name="title_files_work"/>
    <testcase time="0.00500000000000256" classname="titles_file" name="title_files_work"/>
    <testcase time="0.0239999999999938" classname="titles_file" name="title_files_work"/>
    <testcase time="0.00300000000000011" classname="titles_file" name="title_files_work"/>
    <testcase time="0.00300000000000011" classname="titles_file" name="title_files_work"/>
    <testcase time="0.0110000000000028" classname="titles_file" name="title_files_work"/>
  </testsuite>
  <testsuite name="tt_to_tblfile" timestamp="2025-12-01T14:43:11Z" hostname="2cb315307213" tests="34" skipped="1" failures="0" errors="0" time="21.418">
    <testcase time="0.347000000000001" classname="tt_to_tblfile" name="tt_to_tlgrtf_converts_table_tree_to_tlg_without_error"/>
    <testcase time="0.216000000000001" classname="tt_to_tblfile" name="tt_to_tlgrtf_converts_table_tree_to_tlg_without_error"/>
    <testcase time="0.219000000000001" classname="tt_to_tblfile" name="tt_to_tlgrtf_converts_table_tree_to_tlg_without_error"/>
    <testcase time="0.00300000000000011" classname="tt_to_tblfile" name="tt_to_tlgrtf_converts_table_tree_to_tlg_without_error"/>
    <testcase time="6.23399999999999" classname="tt_to_tblfile" name="tt_to_tlgrtf_converts_table_tree_to_tlg_without_error"/>
    <testcase time="0.00200000000000244" classname="tt_to_tblfile" name="tt_to_tlgrtf_converts_table_tree_to_tlg_without_error"/>
    <testcase time="0.00200000000000244" classname="tt_to_tblfile" name="tt_to_tlgrtf_converts_table_tree_to_tlg_without_error"/>
    <testcase time="0.00199999999999534" classname="tt_to_tblfile" name="tt_to_tlgrtf_converts_table_tree_to_tlg_without_error"/>
    <testcase time="0.00200000000000244" classname="tt_to_tblfile" name="tt_to_tlgrtf_converts_table_tree_to_tlg_without_error"/>
    <testcase time="0.00200000000000244" classname="tt_to_tblfile" name="tt_to_tlgrtf_converts_table_tree_to_tlg_without_error"/>
    <testcase time="0.00199999999999534" classname="tt_to_tblfile" name="tt_to_tlgrtf_converts_table_tree_to_tlg_without_error"/>
    <testcase time="0.00100000000000477" classname="tt_to_tblfile" name="tt_to_tlgrtf_converts_table_tree_to_tlg_without_error"/>
    <testcase time="5.805" classname="tt_to_tblfile" name="tt_to_tlgrtf_converts_table_tree_to_tlg_without_error"/>
    <testcase time="0.000999999999997669" classname="tt_to_tblfile" name="tt_to_tlgrtf_converts_table_tree_to_tlg_without_error"/>
    <testcase time="3.90300000000001" classname="tt_to_tblfile" name="tt_to_tlgrtf_converts_table_tree_to_tlg_without_error"/>
    <testcase time="0.00399999999999068" classname="tt_to_tblfile" name="tt_to_tlgrtf_converts_table_tree_to_tlg_without_error"/>
    <testcase time="0.0900000000000034" classname="tt_to_tblfile" name="tt_to_tlgrtf_converts_table_tree_to_tlg_without_error"/>
    <testcase time="0.382000000000005" classname="tt_to_tblfile" name="tt_to_tlgrtf_converts_table_tree_to_tlg_without_error"/>
    <testcase time="0.0599999999999881" classname="tt_to_tblfile" name="tt_to_tlgrtf_converts_table_tree_to_tlg_without_error"/>
    <testcase time="0.147000000000006" classname="tt_to_tblfile" name="tt_to_tlgrtf_converts_table_tree_to_tlg_without_error"/>
    <testcase time="0.00600000000000023" classname="tt_to_tblfile" name="tt_to_tlgrtf_converts_table_tree_to_tlg_without_error"/>
    <testcase time="3.949" classname="tt_to_tblfile" name="tt_to_tlgrtf_converts_table_tree_to_tlg_without_error"/>
    <testcase time="0.00200000000000955" classname="tt_to_tblfile" name="tt_to_tlgrtf_converts_table_tree_to_tlg_without_error"/>
    <testcase time="0.000999999999990564" classname="tt_to_tblfile" name="tt_to_tlgrtf_converts_table_tree_to_tlg_without_error"/>
    <testcase time="0.00200000000000955" classname="tt_to_tblfile" name="tt_to_tlgrtf_converts_table_tree_to_tlg_without_error"/>
    <testcase time="0.000999999999990564" classname="tt_to_tblfile" name="tt_to_tlgrtf_converts_table_tree_to_tlg_without_error"/>
    <testcase time="0.00200000000000955" classname="tt_to_tblfile" name="tt_to_tlgrtf_converts_table_tree_to_tlg_without_error"/>
    <testcase time="0.000999999999990564" classname="tt_to_tblfile" name="tt_to_tlgrtf_converts_table_tree_to_tlg_without_error"/>
    <testcase time="0.00200000000000955" classname="tt_to_tblfile" name="tt_to_tlgrtf_converts_table_tree_to_tlg_without_error">
      <skipped message="Reason: On CRAN ('test-tt_to_tblfile.R:33:1')"/>
    </testcase>
    <testcase time="0.0149999999999864" classname="tt_to_tblfile" name="cwidths_final_adj_calculates_adjusted_column_widths_correctly"/>
    <testcase time="0.00300000000000011" classname="tt_to_tblfile" name="cwidths_final_adj_calculates_adjusted_column_widths_correctly"/>
    <testcase time="0.00600000000000023" classname="tt_to_tblfile" name="make_bordmat_row_creates_border_matrix_row_correctly"/>
    <testcase time="0.00200000000000955" classname="tt_to_tblfile" name="make_bordmat_row_creates_border_matrix_row_correctly"/>
    <testcase time="0.00199999999999534" classname="tt_to_tblfile" name="make_bordmat_row_creates_border_matrix_row_correctly"/>
  </testsuite>
  <testsuite name="unicodify" timestamp="2025-12-01T14:43:33Z" hostname="2cb315307213" tests="9" skipped="0" failures="0" errors="0" time="0.035">
    <testcase time="0.0109999999999957" classname="unicodify" name="unicodify_replaces_patterns_with_Unicode_characters"/>
    <testcase time="0.00200000000000955" classname="unicodify" name="unicodify_replaces_patterns_with_Unicode_characters"/>
    <testcase time="0.00300000000000011" classname="unicodify" name="unicodify_replaces_patterns_with_Unicode_characters"/>
    <testcase time="0.00300000000000011" classname="unicodify" name="unicodify_replaces_patterns_with_Unicode_characters"/>
    <testcase time="0.00300000000000011" classname="unicodify" name="unicodify_replaces_patterns_with_Unicode_characters"/>
    <testcase time="0.00499999999999545" classname="unicodify" name="unicodify_works_with_the_default_jj_uc_map"/>
    <testcase time="0.00300000000000011" classname="unicodify" name="unicodify_works_with_the_default_jj_uc_map"/>
    <testcase time="0.00300000000000011" classname="unicodify" name="unicodify_works_with_the_default_jj_uc_map"/>
    <testcase time="0.00199999999999534" classname="unicodify" name="unicodify_works_with_the_default_jj_uc_map"/>
  </testsuite>
  <testsuite name="varia" timestamp="2025-12-01T14:43:33Z" hostname="2cb315307213" tests="16" skipped="0" failures="0" errors="0" time="2.569">
    <testcase time="0.0570000000000022" classname="varia" name="a_freq_j_works_old_count_unq_case_"/>
    <testcase time="0.0370000000000061" classname="varia" name="a_freq_j_works_old_count_unq_case_"/>
    <testcase time="0.143999999999991" classname="varia" name="a_freq_subcol_j_works_old_case_of_cpct_subcol_"/>
    <testcase time="0.528000000000006" classname="varia" name="a_freq_combos_j_old_cpct_filter_combos_case_works"/>
    <testcase time="0.605000000000004" classname="varia" name="_a_freq_j_works"/>
    <testcase time="0.253" classname="varia" name="a_freq_j_works_old_count_subject_case_"/>
    <testcase time="0.49199999999999" classname="varia" name="a_freq_j_works_old_count_subject_case_"/>
    <testcase time="0.0100000000000051" classname="varia" name="a_freq_j_works_old_count_subject_case_"/>
    <testcase time="0.00900000000000034" classname="varia" name="a_freq_j_works_old_count_subject_case_"/>
    <testcase time="0.070999999999998" classname="varia" name="_a_freq_j_works"/>
    <testcase time="0.0859999999999985" classname="varia" name="a_freq_j_works_old_a_countpat_newlevels_case_"/>
    <testcase time="0.0130000000000052" classname="varia" name="a_freq_j_works_old_a_countpat_newlevels_case_"/>
    <testcase time="0.00400000000000489" classname="varia" name="a_freq_j_works_old_a_countpat_newlevels_case_"/>
    <testcase time="0.199999999999989" classname="varia" name="a_summarize_ex_j_works"/>
    <testcase time="0.0250000000000057" classname="varia" name="a_summarize_ex_j_works"/>
    <testcase time="0.0349999999999966" classname="varia" name="a_summarize_ex_j_works"/>
  </testsuite>
  <testsuite name="visit_levels" timestamp="2025-12-01T14:43:35Z" hostname="2cb315307213" tests="8" skipped="0" failures="0" errors="0" time="0.044">
    <testcase time="0.0109999999999957" classname="visit_levels" name="get_visit_levels_returns_visit_levels_in_correct_order"/>
    <testcase time="0.00300000000000011" classname="visit_levels" name="get_visit_levels_returns_visit_levels_in_correct_order"/>
    <testcase time="0.00300000000000011" classname="visit_levels" name="get_visit_levels_returns_visit_levels_in_correct_order"/>
    <testcase time="0.00400000000000489" classname="visit_levels" name="get_visit_levels_returns_visit_levels_in_correct_order"/>
    <testcase time="0.00799999999999557" classname="visit_levels" name="get_visit_levels_validates_input_correctly"/>
    <testcase time="0.00500000000000966" classname="visit_levels" name="get_visit_levels_validates_input_correctly"/>
    <testcase time="0.00399999999999068" classname="visit_levels" name="get_visit_levels_validates_input_correctly"/>
    <testcase time="0.00600000000000023" classname="visit_levels" name="get_visit_levels_validates_input_correctly"/>
  </testsuite>
  <testsuite name="markup_unicodify" timestamp="2025-12-01T14:43:35Z" hostname="2cb315307213" tests="1" skipped="1" failures="0" errors="0" time="0.014">
    <testcase time="0.01400000000001" classname="markup_unicodify" name="dps_markup_works_with_and_">
      <skipped message="Reason: On CRAN ('test_markup_unicodify.R:1:1')"/>
    </testcase>
  </testsuite>
</testsuites>
